2025-10-21 08:13:49.616 [info] [main] Log level: Info
2025-10-21 08:13:49.616 [info] [main] Validating found git in: "git"
2025-10-21 08:13:49.616 [info] [main] Using git "2.51.1" from "git"
2025-10-21 08:13:49.616 [info] [Model][doInitialScan] Initial repository scan started
2025-10-21 08:13:49.616 [info] [Model][doInitialScan] Initial repository scan completed - repositories (0), closed repositories (0), parent repositories (0), unsafe repositories (0)
2025-10-21 08:14:11.285 [info] [main] Log level: Info
2025-10-21 08:14:11.285 [info] [main] Validating found git in: "git"
2025-10-21 08:14:11.285 [info] [main] Using git "2.51.1" from "git"
2025-10-21 08:14:11.285 [info] [Model][doInitialScan] Initial repository scan started
2025-10-21 08:14:11.285 [info] > git rev-parse --show-toplevel [5ms]
2025-10-21 08:14:11.292 [info] > git rev-parse --git-dir --git-common-dir --show-superproject-working-tree [4ms]
2025-10-21 08:14:11.297 [info] [Model][openRepository] Opened repository (path): /home/usainzg/Projects/GLow
2025-10-21 08:14:11.297 [info] [Model][openRepository] Opened repository (real path): /home/usainzg/Projects/GLow
2025-10-21 08:14:11.297 [info] [Model][openRepository] Opened repository (kind): repository
2025-10-21 08:14:11.307 [info] > git rev-parse --show-toplevel [2ms]
2025-10-21 08:14:11.308 [info] > git config --get commit.template [6ms]
2025-10-21 08:14:11.316 [info] > git rev-parse --show-toplevel [5ms]
2025-10-21 08:14:11.320 [info] > git for-each-ref --format=%(refname)%00%(upstream:short)%00%(objectname)%00%(upstream:track)%00%(upstream:remotename)%00%(upstream:remoteref) refs/heads/master refs/remotes/master [5ms]
2025-10-21 08:14:11.321 [info] > git rev-parse --show-toplevel [1ms]
2025-10-21 08:14:11.330 [info] > git status -z -uall [3ms]
2025-10-21 08:14:11.330 [info] > git rev-parse --show-toplevel [6ms]
2025-10-21 08:14:11.334 [info] > git for-each-ref --sort -committerdate --format %(refname)%00%(objectname)%00%(*objectname) [4ms]
2025-10-21 08:14:11.347 [info] > git rev-parse --show-toplevel [13ms]
2025-10-21 08:14:11.348 [info] [Model][doInitialScan] Initial repository scan completed - repositories (1), closed repositories (0), parent repositories (0), unsafe repositories (0)
2025-10-21 08:14:11.349 [info] > git for-each-ref --format=%(refname)%00%(upstream:short)%00%(objectname)%00%(upstream:track)%00%(upstream:remotename)%00%(upstream:remoteref) refs/heads/master refs/remotes/master [3ms]
2025-10-21 08:14:11.356 [info] > git config --get --local branch.master.vscode-merge-base [4ms]
2025-10-21 08:14:11.356 [warning] [Git][config] git config failed: Failed to execute git
2025-10-21 08:14:11.361 [info] > git reflog master --grep-reflog=branch: Created from *. [1ms]
2025-10-21 08:14:11.365 [info] > git symbolic-ref --short refs/remotes/origin/HEAD [1ms]
2025-10-21 08:14:11.370 [info] > git for-each-ref --format=%(refname)%00%(upstream:short)%00%(objectname)%00%(upstream:track)%00%(upstream:remotename)%00%(upstream:remoteref) refs/heads/origin/master refs/remotes/origin/master [1ms]
2025-10-21 08:14:11.375 [info] > git config --add --local branch.master.vscode-merge-base origin/master [1ms]
2025-10-21 08:14:11.381 [info] > git config --get commit.template [3ms]
2025-10-21 08:14:11.382 [info] > git for-each-ref --format=%(refname)%00%(upstream:short)%00%(objectname)%00%(upstream:track)%00%(upstream:remotename)%00%(upstream:remoteref) refs/heads/master refs/remotes/master [1ms]
2025-10-21 08:14:11.388 [info] > git status -z -uall [3ms]
2025-10-21 08:14:11.389 [info] > git for-each-ref --sort -committerdate --format %(refname)%00%(objectname)%00%(*objectname) [1ms]
2025-10-21 08:14:11.397 [info] > git merge-base refs/heads/master refs/remotes/origin/master [4ms]
2025-10-21 08:14:11.401 [info] > git merge-base refs/heads/master refs/remotes/origin/master [5ms]
2025-10-21 08:14:11.405 [info] > git diff --name-status -z --diff-filter=ADMR ed23de1e3ab9a6edd493787a5efbe8edaaf33de4...refs/remotes/origin/master [5ms]
2025-10-21 08:14:11.406 [info] > git diff --name-status -z --diff-filter=ADMR ed23de1e3ab9a6edd493787a5efbe8edaaf33de4...refs/remotes/origin/master [1ms]
2025-10-21 08:14:11.740 [info] > git config --get commit.template [12ms]
2025-10-21 08:14:11.749 [info] > git for-each-ref --format=%(refname)%00%(upstream:short)%00%(objectname)%00%(upstream:track)%00%(upstream:remotename)%00%(upstream:remoteref) refs/heads/master refs/remotes/master [4ms]
2025-10-21 08:14:11.807 [info] > git status -z -uall [53ms]
2025-10-21 08:14:11.808 [info] > git for-each-ref --sort -committerdate --format %(refname)%00%(objectname)%00%(*objectname) [49ms]
2025-10-21 08:14:12.893 [info] > git check-ignore -v -z --stdin [1076ms]
2025-10-21 08:14:12.999 [info] > git config --get commit.template [97ms]
2025-10-21 08:14:13.115 [info] > git for-each-ref --format=%(refname)%00%(upstream:short)%00%(objectname)%00%(upstream:track)%00%(upstream:remotename)%00%(upstream:remoteref) refs/heads/master refs/remotes/master [94ms]
2025-10-21 08:14:13.313 [info] > git status -z -uall [9ms]
2025-10-21 08:14:13.313 [info] > git for-each-ref --sort -committerdate --format %(refname)%00%(objectname)%00%(*objectname) [3ms]
2025-10-21 08:14:13.853 [info] > git config --get commit.template [14ms]
2025-10-21 08:14:13.910 [info] > git for-each-ref --format=%(refname)%00%(upstream:short)%00%(objectname)%00%(upstream:track)%00%(upstream:remotename)%00%(upstream:remoteref) refs/heads/master refs/remotes/master [10ms]
2025-10-21 08:14:13.942 [info] > git status -z -uall [7ms]
2025-10-21 08:14:13.946 [info] > git for-each-ref --sort -committerdate --format %(refname)%00%(objectname)%00%(*objectname) [6ms]
2025-10-21 08:14:20.726 [info] [main] Log level: Info
2025-10-21 08:14:20.726 [info] [main] Validating found git in: "git"
2025-10-21 08:14:20.726 [info] [main] Using git "2.51.1" from "git"
2025-10-21 08:14:20.726 [info] [Model][doInitialScan] Initial repository scan started
2025-10-21 08:14:20.726 [info] > git rev-parse --show-toplevel [6ms]
2025-10-21 08:14:20.754 [info] > git rev-parse --git-dir --git-common-dir --show-superproject-working-tree [24ms]
2025-10-21 08:14:20.759 [info] [Model][openRepository] Opened repository (path): /home/usainzg/Projects/GLow
2025-10-21 08:14:20.759 [info] [Model][openRepository] Opened repository (real path): /home/usainzg/Projects/GLow
2025-10-21 08:14:20.759 [info] [Model][openRepository] Opened repository (kind): repository
2025-10-21 08:14:20.787 [info] > git config --get commit.template [19ms]
2025-10-21 08:14:20.792 [info] > git rev-parse --show-toplevel [16ms]
2025-10-21 08:14:20.815 [info] > git rev-parse --show-toplevel [13ms]
2025-10-21 08:14:20.816 [info] > git for-each-ref --format=%(refname)%00%(upstream:short)%00%(objectname)%00%(upstream:track)%00%(upstream:remotename)%00%(upstream:remoteref) refs/heads/master refs/remotes/master [18ms]
2025-10-21 08:14:20.824 [info] > git rev-parse --show-toplevel [3ms]
2025-10-21 08:14:20.842 [info] > git status -z -uall [4ms]
2025-10-21 08:14:20.842 [info] > git rev-parse --show-toplevel [9ms]
2025-10-21 08:14:20.847 [info] > git rev-parse --show-toplevel [1ms]
2025-10-21 08:14:20.848 [info] [Model][doInitialScan] Initial repository scan completed - repositories (1), closed repositories (0), parent repositories (0), unsafe repositories (0)
2025-10-21 08:14:20.849 [info] > git for-each-ref --sort -committerdate --format %(refname)%00%(objectname)%00%(*objectname) [7ms]
2025-10-21 08:14:20.864 [info] > git for-each-ref --format=%(refname)%00%(upstream:short)%00%(objectname)%00%(upstream:track)%00%(upstream:remotename)%00%(upstream:remoteref) refs/heads/master refs/remotes/master [2ms]
2025-10-21 08:14:20.888 [info] > git config --get --local branch.master.vscode-merge-base [20ms]
2025-10-21 08:14:20.892 [info] > git config --get commit.template [4ms]
2025-10-21 08:14:20.892 [info] > git for-each-ref --format=%(refname)%00%(upstream:short)%00%(objectname)%00%(upstream:track)%00%(upstream:remotename)%00%(upstream:remoteref) refs/heads/origin/master refs/remotes/origin/master [1ms]
2025-10-21 08:14:21.997 [info] > git for-each-ref --format=%(refname)%00%(upstream:short)%00%(objectname)%00%(upstream:track)%00%(upstream:remotename)%00%(upstream:remoteref) refs/heads/master refs/remotes/master [1095ms]
2025-10-21 08:14:21.997 [info] > git merge-base refs/heads/master refs/remotes/origin/master [1099ms]
2025-10-21 08:14:22.029 [info] > git check-ignore -v -z --stdin [21ms]
2025-10-21 08:14:22.029 [info] > git diff --name-status -z --diff-filter=ADMR ed23de1e3ab9a6edd493787a5efbe8edaaf33de4...refs/remotes/origin/master [28ms]
2025-10-21 08:14:22.203 [info] > git status -z -uall [143ms]
2025-10-21 08:14:22.203 [info] > git for-each-ref --sort -committerdate --format %(refname)%00%(objectname)%00%(*objectname) [139ms]
2025-10-21 08:14:22.929 [info] > git config --get commit.template [8ms]
2025-10-21 08:14:22.939 [info] > git for-each-ref --format=%(refname)%00%(upstream:short)%00%(objectname)%00%(upstream:track)%00%(upstream:remotename)%00%(upstream:remoteref) refs/heads/master refs/remotes/master [2ms]
2025-10-21 08:14:23.008 [info] > git status -z -uall [46ms]
2025-10-21 08:14:23.008 [info] > git for-each-ref --sort -committerdate --format %(refname)%00%(objectname)%00%(*objectname) [40ms]
2025-10-21 08:14:25.232 [info] > git show --textconv :FL_hydra_main.py [12ms]
2025-10-21 08:14:25.233 [info] > git ls-files --stage -- FL_hydra_main.py [3ms]
2025-10-21 08:14:25.242 [info] > git cat-file -s 4c8e4c1e176107ef3b3c7b67db4038d471c37be1 [1ms]
2025-10-21 08:14:47.262 [info] > git show --textconv :FL_hydra_main.py [8ms]
2025-10-21 08:14:47.262 [info] > git ls-files --stage -- FL_hydra_main.py [1ms]
2025-10-21 08:14:47.269 [info] > git cat-file -s 4c8e4c1e176107ef3b3c7b67db4038d471c37be1 [1ms]
2025-10-21 08:15:34.414 [info] > git show --textconv :hydra_main.py [8ms]
2025-10-21 08:15:34.414 [info] > git ls-files --stage -- hydra_main.py [1ms]
2025-10-21 08:15:34.422 [info] > git cat-file -s 307687cf54fa08d40ebb99ab1ca703c3c6712257 [1ms]
