2025-10-21 08:43:56.996 [info] [main] Log level: Info
2025-10-21 08:43:56.996 [info] [main] Validating found git in: "git"
2025-10-21 08:43:56.996 [info] [main] Using git "2.51.1" from "git"
2025-10-21 08:43:56.996 [info] [Model][doInitialScan] Initial repository scan started
2025-10-21 08:43:56.996 [info] > git rev-parse --show-toplevel [1ms]
2025-10-21 08:43:56.996 [info] > git rev-parse --git-dir --git-common-dir --show-superproject-working-tree [2ms]
2025-10-21 08:43:56.996 [info] [Model][openRepository] Opened repository (path): /home/usainzg/Projects/GLow
2025-10-21 08:43:56.996 [info] [Model][openRepository] Opened repository (real path): /home/usainzg/Projects/GLow
2025-10-21 08:43:56.996 [info] [Model][openRepository] Opened repository (kind): repository
2025-10-21 08:43:56.996 [info] > git rev-parse --show-toplevel [5ms]
2025-10-21 08:43:56.996 [info] > git config --get commit.template [7ms]
2025-10-21 08:43:56.997 [info] > git rev-parse --show-toplevel [133ms]
2025-10-21 08:43:56.997 [info] > git for-each-ref --format=%(refname)%00%(upstream:short)%00%(objectname)%00%(upstream:track)%00%(upstream:remotename)%00%(upstream:remoteref) refs/heads/master refs/remotes/master [8ms]
2025-10-21 08:43:56.997 [info] > git rev-parse --show-toplevel [1ms]
2025-10-21 08:43:56.997 [info] > git status -z -uall [38ms]
2025-10-21 08:43:56.997 [info] > git for-each-ref --sort -committerdate --format %(refname)%00%(objectname)%00%(*objectname) [37ms]
2025-10-21 08:43:56.997 [info] > git rev-parse --show-toplevel [62ms]
2025-10-21 08:43:57.006 [info] > git for-each-ref --format=%(refname)%00%(upstream:short)%00%(objectname)%00%(upstream:track)%00%(upstream:remotename)%00%(upstream:remoteref) refs/heads/master refs/remotes/master [36ms]
2025-10-21 08:43:57.037 [info] > git config --get --local branch.master.vscode-merge-base [23ms]
2025-10-21 08:43:57.042 [info] > git rev-parse --show-toplevel [39ms]
2025-10-21 08:43:57.044 [info] [Model][doInitialScan] Initial repository scan completed - repositories (1), closed repositories (0), parent repositories (0), unsafe repositories (0)
2025-10-21 08:43:57.044 [info] > git config --get commit.template [44ms]
2025-10-21 08:43:57.046 [info] > git for-each-ref --format=%(refname)%00%(upstream:short)%00%(objectname)%00%(upstream:track)%00%(upstream:remotename)%00%(upstream:remoteref) refs/heads/origin/master refs/remotes/origin/master [4ms]
2025-10-21 08:43:57.059 [info] > git merge-base refs/heads/master refs/remotes/origin/master [7ms]
2025-10-21 08:43:57.116 [info] > git diff --name-status -z --diff-filter=ADMR ed23de1e3ab9a6edd493787a5efbe8edaaf33de4...refs/remotes/origin/master [53ms]
2025-10-21 08:43:57.116 [info] > git for-each-ref --format=%(refname)%00%(upstream:short)%00%(objectname)%00%(upstream:track)%00%(upstream:remotename)%00%(upstream:remoteref) refs/heads/master refs/remotes/master [59ms]
2025-10-21 08:43:57.125 [info] > git status -z -uall [3ms]
2025-10-21 08:43:57.126 [info] > git for-each-ref --sort -committerdate --format %(refname)%00%(objectname)%00%(*objectname) [2ms]
2025-10-21 08:43:58.858 [info] > git check-ignore -v -z --stdin [74ms]
2025-10-21 08:44:00.647 [info] > git config --get commit.template [3ms]
2025-10-21 08:44:00.654 [info] > git for-each-ref --format=%(refname)%00%(upstream:short)%00%(objectname)%00%(upstream:track)%00%(upstream:remotename)%00%(upstream:remoteref) refs/heads/master refs/remotes/master [1ms]
2025-10-21 08:44:00.670 [info] > git status -z -uall [8ms]
2025-10-21 08:44:00.671 [info] > git for-each-ref --sort -committerdate --format %(refname)%00%(objectname)%00%(*objectname) [2ms]
2025-10-21 08:44:13.678 [info] [main] Log level: Info
2025-10-21 08:44:13.678 [info] [main] Validating found git in: "git"
2025-10-21 08:44:13.678 [info] [main] Using git "2.51.1" from "git"
2025-10-21 08:44:13.678 [info] [Model][doInitialScan] Initial repository scan started
2025-10-21 08:44:13.678 [info] > git rev-parse --show-toplevel [3ms]
2025-10-21 08:44:13.684 [info] > git rev-parse --git-dir --git-common-dir --show-superproject-working-tree [2ms]
2025-10-21 08:44:13.689 [info] [Model][openRepository] Opened repository (path): /home/usainzg/Projects/glowish
2025-10-21 08:44:13.689 [info] [Model][openRepository] Opened repository (real path): /home/usainzg/Projects/glowish
2025-10-21 08:44:13.689 [info] [Model][openRepository] Opened repository (kind): repository
2025-10-21 08:44:13.700 [info] > git rev-parse --show-toplevel [3ms]
2025-10-21 08:44:13.700 [info] > git config --get commit.template [7ms]
2025-10-21 08:44:13.711 [info] > git for-each-ref --format=%(refname)%00%(upstream:short)%00%(objectname)%00%(upstream:track)%00%(upstream:remotename)%00%(upstream:remoteref) refs/heads/main refs/remotes/main [2ms]
2025-10-21 08:44:13.711 [info] > git rev-parse --show-toplevel [6ms]
2025-10-21 08:44:13.721 [info] > git status -z -uall [4ms]
2025-10-21 08:44:13.721 [info] > git rev-parse --show-toplevel [7ms]
2025-10-21 08:44:13.725 [info] > git for-each-ref --sort -committerdate --format %(refname)%00%(objectname)%00%(*objectname) [5ms]
2025-10-21 08:44:13.738 [info] > git rev-parse --show-toplevel [13ms]
2025-10-21 08:44:13.742 [info] > git for-each-ref --format=%(refname)%00%(upstream:short)%00%(objectname)%00%(upstream:track)%00%(upstream:remotename)%00%(upstream:remoteref) refs/heads/main refs/remotes/main [5ms]
2025-10-21 08:44:13.747 [info] > git rev-parse --show-toplevel [5ms]
2025-10-21 08:44:13.748 [info] [Model][doInitialScan] Initial repository scan completed - repositories (1), closed repositories (0), parent repositories (0), unsafe repositories (0)
2025-10-21 08:44:13.749 [info] > git config --get --local branch.main.vscode-merge-base [3ms]
2025-10-21 08:44:13.749 [warning] [Git][config] git config failed: Failed to execute git
2025-10-21 08:44:13.754 [info] > git reflog main --grep-reflog=branch: Created from *. [1ms]
2025-10-21 08:44:13.761 [info] > git symbolic-ref --short refs/remotes/origin/HEAD [5ms]
2025-10-21 08:44:13.765 [info] > git for-each-ref --format=%(refname)%00%(upstream:short)%00%(objectname)%00%(upstream:track)%00%(upstream:remotename)%00%(upstream:remoteref) refs/heads/origin/main refs/remotes/origin/main [1ms]
2025-10-21 08:44:13.769 [info] > git config --add --local branch.main.vscode-merge-base origin/main [1ms]
2025-10-21 08:44:13.776 [info] > git config --get commit.template [3ms]
2025-10-21 08:44:13.777 [info] > git for-each-ref --format=%(refname)%00%(upstream:short)%00%(objectname)%00%(upstream:track)%00%(upstream:remotename)%00%(upstream:remoteref) refs/heads/main refs/remotes/main [1ms]
2025-10-21 08:44:13.787 [info] > git status -z -uall [6ms]
2025-10-21 08:44:13.787 [info] > git for-each-ref --sort -committerdate --format %(refname)%00%(objectname)%00%(*objectname) [1ms]
2025-10-21 08:44:13.799 [info] > git merge-base refs/heads/main refs/remotes/origin/main [7ms]
2025-10-21 08:44:13.803 [info] > git merge-base refs/heads/main refs/remotes/origin/main [7ms]
2025-10-21 08:44:13.806 [info] > git diff --name-status -z --diff-filter=ADMR 91f2e3d9220d85447d0c84933ad0c1b710e64ede...refs/remotes/origin/main [3ms]
2025-10-21 08:44:13.807 [info] > git diff --name-status -z --diff-filter=ADMR 91f2e3d9220d85447d0c84933ad0c1b710e64ede...refs/remotes/origin/main [1ms]
2025-10-21 08:44:15.034 [info] > git check-ignore -v -z --stdin [35ms]
2025-10-21 08:44:15.035 [info] > git config --get commit.template [25ms]
2025-10-21 08:44:15.295 [info] > git for-each-ref --format=%(refname)%00%(upstream:short)%00%(objectname)%00%(upstream:track)%00%(upstream:remotename)%00%(upstream:remoteref) refs/heads/main refs/remotes/main [133ms]
2025-10-21 08:44:15.624 [info] > git status -z -uall [10ms]
2025-10-21 08:44:15.624 [info] > git for-each-ref --sort -committerdate --format %(refname)%00%(objectname)%00%(*objectname) [3ms]
2025-10-21 08:44:15.637 [info] > git config --get commit.template [2ms]
2025-10-21 08:44:15.646 [info] > git for-each-ref --format=%(refname)%00%(upstream:short)%00%(objectname)%00%(upstream:track)%00%(upstream:remotename)%00%(upstream:remoteref) refs/heads/main refs/remotes/main [2ms]
2025-10-21 08:44:15.754 [info] > git status -z -uall [7ms]
2025-10-21 08:44:15.755 [info] > git for-each-ref --sort -committerdate --format %(refname)%00%(objectname)%00%(*objectname) [2ms]
2025-10-21 08:44:17.976 [info] > git check-ignore -v -z --stdin [1ms]
2025-10-21 08:44:20.889 [info] > git show --textconv :IMPLEMENTATION_SUMMARY.md [9ms]
2025-10-21 08:44:20.892 [info] > git ls-files --stage -- IMPLEMENTATION_SUMMARY.md [4ms]
2025-10-21 08:44:20.901 [info] > git cat-file -s a1cd9f56b324a0cbe5ac2c7541d226e7e6b32560 [2ms]
2025-10-21 08:45:54.660 [info] > git show --textconv :server.py [9ms]
2025-10-21 08:45:54.660 [info] > git ls-files --stage -- server.py [1ms]
2025-10-21 08:45:54.667 [info] > git cat-file -s 0fcb4e2b6d5ec3ee66fff61eb385bf8007f81638 [1ms]
2025-10-21 08:45:55.561 [info] > git show --textconv :SCHEDULING_POLICIES.md [9ms]
2025-10-21 08:45:55.562 [info] > git ls-files --stage -- SCHEDULING_POLICIES.md [1ms]
2025-10-21 08:45:55.571 [info] > git cat-file -s 4c77d6b746a894fe2b7d2be2f5353344c7483c94 [1ms]
2025-10-21 08:45:58.521 [info] > git blame --root --incremental 91f2e3d9220d85447d0c84933ad0c1b710e64ede -- SCHEDULING_POLICIES.md [1ms]
2025-10-21 08:46:45.423 [info] > git show --textconv :test_scheduling.py [9ms]
2025-10-21 08:46:45.424 [info] > git ls-files --stage -- test_scheduling.py [2ms]
2025-10-21 08:46:45.429 [info] > git cat-file -s accf3b2c3f4b689d2cc26f5484f674587a306d8c [0ms]
2025-10-21 08:46:56.006 [info] > git show --textconv :deps.req [7ms]
2025-10-21 08:46:56.006 [info] > git ls-files --stage -- deps.req [1ms]
2025-10-21 08:46:56.012 [info] > git cat-file -s f864498111f96522645148758179d299180b19c5 [1ms]
2025-10-21 08:46:57.362 [info] > git blame --root --incremental 91f2e3d9220d85447d0c84933ad0c1b710e64ede -- deps.req [2ms]
2025-10-21 08:49:23.668 [info] > git config --get commit.template [9ms]
2025-10-21 08:49:23.668 [info] > git for-each-ref --format=%(refname)%00%(upstream:short)%00%(objectname)%00%(upstream:track)%00%(upstream:remotename)%00%(upstream:remoteref) refs/heads/main refs/remotes/main [1ms]
2025-10-21 08:49:23.681 [info] > git status -z -uall [7ms]
2025-10-21 08:49:23.682 [info] > git for-each-ref --sort -committerdate --format %(refname)%00%(objectname)%00%(*objectname) [2ms]
2025-10-21 08:49:28.668 [info] > git check-ignore -v -z --stdin [2ms]
2025-10-21 08:49:35.939 [info] > git show --textconv :README.md [8ms]
2025-10-21 08:49:35.940 [info] > git ls-files --stage -- README.md [2ms]
2025-10-21 08:49:35.947 [info] > git cat-file -s 811f5effc80ee1b2f44c147aae8bae3c041fd472 [1ms]
2025-10-21 08:50:13.636 [info] > git show --textconv :deps.req [7ms]
2025-10-21 08:50:13.636 [info] > git ls-files --stage -- deps.req [1ms]
2025-10-21 08:50:13.643 [info] > git cat-file -s f864498111f96522645148758179d299180b19c5 [1ms]
2025-10-21 08:50:24.414 [info] > git config --get commit.template [7ms]
2025-10-21 08:50:24.414 [info] > git for-each-ref --format=%(refname)%00%(upstream:short)%00%(objectname)%00%(upstream:track)%00%(upstream:remotename)%00%(upstream:remoteref) refs/heads/main refs/remotes/main [1ms]
2025-10-21 08:50:24.425 [info] > git status -z -uall [6ms]
2025-10-21 08:50:24.426 [info] > git for-each-ref --sort -committerdate --format %(refname)%00%(objectname)%00%(*objectname) [1ms]
