2025-10-21 08:13:51.651 [info] [aebc6443-996d-45c2-90f0-388ff96faa56] Native Broker is only available on Windows and macOS
2025-10-21 08:13:51.652 [info] [getSessions] [all] starting
2025-10-21 08:13:51.652 [info] [getSessions] [all] returned 0 session(s)
2025-10-21 08:13:51.652 [info] [getSessions] [all] starting
2025-10-21 08:13:51.652 [info] [getSessions] [all] returned 0 session(s)
2025-10-21 08:13:51.652 [info] [getSessions] [all] starting
2025-10-21 08:13:51.652 [info] [getSessions] [all] returned 0 session(s)
2025-10-21 08:13:51.652 [info] [getSessions] [all] starting
2025-10-21 08:13:51.652 [info] [getSessions] [all] returned 0 session(s)
2025-10-21 08:13:51.653 [info] [getSessions] [499b84ac-1321-427f-aa17-267ca6975798/.default offline_access] starting
2025-10-21 08:13:51.653 [info] [aebc6443-996d-45c2-90f0-388ff96faa56] Native Broker is only available on Windows and macOS
2025-10-21 08:13:51.745 [info] [getSessions] [499b84ac-1321-427f-aa17-267ca6975798/.default offline_access] returned 0 session(s)
2025-10-21 08:13:52.463 [info] [getSessions] [499b84ac-1321-427f-aa17-267ca6975798/.default offline_access] starting
2025-10-21 08:13:52.463 [info] [getSessions] [499b84ac-1321-427f-aa17-267ca6975798/.default offline_access] returned 0 session(s)
2025-10-21 08:14:07.208 [info] [getSessions] [all] starting
2025-10-21 08:14:07.208 [info] [getSessions] [all] returned 0 session(s)
2025-10-21 08:14:11.251 [info] [aebc6443-996d-45c2-90f0-388ff96faa56] Native Broker is only available on Windows and macOS
2025-10-21 08:14:11.279 [info] [getSessions] [all] starting
2025-10-21 08:14:11.279 [info] [getSessions] [all] returned 0 session(s)
2025-10-21 08:14:11.279 [info] [getSessions] [all] starting
2025-10-21 08:14:11.279 [info] [getSessions] [all] returned 0 session(s)
2025-10-21 08:14:11.279 [info] [getSessions] [all] starting
2025-10-21 08:14:11.279 [info] [getSessions] [all] returned 0 session(s)
2025-10-21 08:14:11.279 [info] [getSessions] [all] starting
2025-10-21 08:14:11.279 [info] [getSessions] [all] returned 0 session(s)
2025-10-21 08:14:12.962 [info] [getSessions] [499b84ac-1321-427f-aa17-267ca6975798/.default offline_access] starting
2025-10-21 08:14:12.962 [info] [aebc6443-996d-45c2-90f0-388ff96faa56] Native Broker is only available on Windows and macOS
2025-10-21 08:14:13.016 [info] [getSessions] [499b84ac-1321-427f-aa17-267ca6975798/.default offline_access] returned 0 session(s)
2025-10-21 08:14:13.923 [info] [getSessions] [all] starting
2025-10-21 08:14:13.923 [info] [getSessions] [all] returned 0 session(s)
2025-10-21 08:14:15.385 [info] [getSessions] [all] starting
2025-10-21 08:14:15.385 [info] [getSessions] [all] returned 0 session(s)
2025-10-21 08:14:20.677 [info] [aebc6443-996d-45c2-90f0-388ff96faa56] Native Broker is only available on Windows and macOS
2025-10-21 08:14:20.761 [info] [getSessions] [all] starting
2025-10-21 08:14:20.761 [info] [getSessions] [all] returned 0 session(s)
2025-10-21 08:14:20.761 [info] [getSessions] [all] starting
2025-10-21 08:14:20.761 [info] [getSessions] [all] returned 0 session(s)
2025-10-21 08:14:20.761 [info] [getSessions] [all] starting
2025-10-21 08:14:20.761 [info] [getSessions] [all] returned 0 session(s)
2025-10-21 08:14:20.761 [info] [getSessions] [all] starting
2025-10-21 08:14:20.761 [info] [getSessions] [all] returned 0 session(s)
2025-10-21 08:14:22.147 [info] [getSessions] [499b84ac-1321-427f-aa17-267ca6975798/.default offline_access] starting
2025-10-21 08:14:22.147 [info] [aebc6443-996d-45c2-90f0-388ff96faa56] Native Broker is only available on Windows and macOS
2025-10-21 08:14:22.427 [info] [getSessions] [499b84ac-1321-427f-aa17-267ca6975798/.default offline_access] returned 0 session(s)
2025-10-21 08:14:23.053 [info] [getSessions] [all] starting
2025-10-21 08:14:23.053 [info] [getSessions] [all] returned 0 session(s)
2025-10-21 08:14:23.231 [info] [getSessions] [all] starting
2025-10-21 08:14:23.231 [info] [getSessions] [all] returned 0 session(s)
