2025-09-25 09:36:33.126 [info] [main] Log level: Info
2025-09-25 09:36:33.126 [info] [main] Validating found git in: "git"
2025-09-25 09:36:33.126 [info] [main] Using git "2.51.0" from "git"
2025-09-25 09:36:33.126 [info] [Model][doInitialScan] Initial repository scan started
2025-09-25 09:36:33.126 [info] > git rev-parse --show-toplevel [3ms]
2025-09-25 09:36:33.126 [info] > git rev-parse --git-dir --git-common-dir --show-superproject-working-tree [4ms]
2025-09-25 09:36:33.126 [info] [Model][openRepository] Opened repository (path): /home/usainzg/Projects/u-sdb
2025-09-25 09:36:33.126 [info] [Model][openRepository] Opened repository (real path): /home/usainzg/Projects/u-sdb
2025-09-25 09:36:33.126 [info] [Model][openRepository] Opened repository (kind): repository
2025-09-25 09:36:33.126 [info] > git rev-parse --show-toplevel [9ms]
2025-09-25 09:36:33.126 [info] > git config --get commit.template [13ms]
2025-09-25 09:36:33.126 [info] > git rev-parse --show-toplevel [6ms]
2025-09-25 09:36:33.126 [info] > git for-each-ref --format=%(refname)%00%(upstream:short)%00%(objectname)%00%(upstream:track)%00%(upstream:remotename)%00%(upstream:remoteref) refs/heads/chapter-1 refs/remotes/chapter-1 [8ms]
2025-09-25 09:36:33.127 [info] > git rev-parse --show-toplevel [5ms]
2025-09-25 09:36:33.140 [info] > git rev-parse --show-toplevel [9ms]
2025-09-25 09:36:33.262 [info] > git status -z -uall [117ms]
2025-09-25 09:36:33.263 [info] > git rev-parse --show-toplevel [108ms]
2025-09-25 09:36:33.263 [info] > git for-each-ref --sort -committerdate --format %(refname)%00%(objectname)%00%(*objectname) [112ms]
2025-09-25 09:36:33.370 [info] > git for-each-ref --format=%(refname)%00%(upstream:short)%00%(objectname)%00%(upstream:track)%00%(upstream:remotename)%00%(upstream:remoteref) refs/heads/chapter-1 refs/remotes/chapter-1 [95ms]
2025-09-25 09:36:33.441 [info] > git config --get --local branch.chapter-1.vscode-merge-base [67ms]
2025-09-25 09:36:33.446 [info] > git config --get commit.template [77ms]
2025-09-25 09:36:33.446 [info] > git rev-parse --show-toplevel [81ms]
2025-09-25 09:36:33.448 [info] [Model][doInitialScan] Initial repository scan completed - repositories (1), closed repositories (0), parent repositories (0), unsafe repositories (0)
2025-09-25 09:36:33.449 [info] > git for-each-ref --format=%(refname)%00%(upstream:short)%00%(objectname)%00%(upstream:track)%00%(upstream:remotename)%00%(upstream:remoteref) refs/heads/upstream/chapter-1 refs/remotes/upstream/chapter-1 [4ms]
2025-09-25 09:36:33.495 [info] > git for-each-ref --format=%(refname)%00%(upstream:short)%00%(objectname)%00%(upstream:track)%00%(upstream:remotename)%00%(upstream:remoteref) refs/heads/chapter-1 refs/remotes/chapter-1 [31ms]
2025-09-25 09:36:33.500 [info] > git merge-base refs/heads/chapter-1 refs/remotes/upstream/chapter-1 [47ms]
2025-09-25 09:36:33.512 [info] > git diff --name-status -z --diff-filter=ADMR 517b4e1642c5d8c76398f8d82079c15d1f7b4219...refs/remotes/upstream/chapter-1 [8ms]
2025-09-25 09:36:33.867 [info] > git status -z -uall [346ms]
2025-09-25 09:36:33.882 [info] > git for-each-ref --sort -committerdate --format %(refname)%00%(objectname)%00%(*objectname) [357ms]
2025-09-25 09:36:33.953 [info] > git check-ignore -v -z --stdin [58ms]
2025-09-25 09:36:33.954 [info] > git show --textconv :src/libsdb.cpp [19ms]
2025-09-25 09:36:33.954 [info] > git ls-files --stage -- src/libsdb.cpp [16ms]
2025-09-25 09:36:33.961 [info] > git cat-file -s 1ae07498844575b9edeb883da74b7f13ceaddd61 [3ms]
2025-09-25 09:36:37.653 [info] > git show --textconv :src/libsdb.cpp [7ms]
2025-09-25 09:36:37.654 [info] > git ls-files --stage -- src/libsdb.cpp [1ms]
2025-09-25 09:36:37.663 [info] > git cat-file -s 1ae07498844575b9edeb883da74b7f13ceaddd61 [2ms]
2025-09-25 09:36:37.678 [info] > git blame --root --incremental 517b4e1642c5d8c76398f8d82079c15d1f7b4219 -- src/libsdb.cpp [2ms]
2025-09-25 09:36:38.787 [info] > git for-each-ref --format=%(refname)%00%(upstream:short)%00%(objectname)%00%(upstream:track)%00%(upstream:remotename)%00%(upstream:remoteref) refs/heads/chapter-1 refs/remotes/chapter-1 [10ms]
2025-09-25 09:36:38.787 [info] > git config --get commit.template [18ms]
2025-09-25 09:36:38.803 [info] > git status -z -uall [8ms]
2025-09-25 09:36:38.803 [info] > git for-each-ref --sort -committerdate --format %(refname)%00%(objectname)%00%(*objectname) [1ms]
2025-09-25 09:36:52.969 [info] [main] Log level: Info
2025-09-25 09:36:52.969 [info] [main] Validating found git in: "git"
2025-09-25 09:36:52.969 [info] [main] Using git "2.51.0" from "git"
2025-09-25 09:36:52.969 [info] [Model][doInitialScan] Initial repository scan started
2025-09-25 09:36:52.969 [info] > git rev-parse --show-toplevel [10ms]
2025-09-25 09:36:53.019 [info] > git rev-parse --git-dir --git-common-dir --show-superproject-working-tree [46ms]
2025-09-25 09:36:53.026 [info] [Model][openRepository] Opened repository (path): /home/usainzg/Projects/u-sdb
2025-09-25 09:36:53.026 [info] [Model][openRepository] Opened repository (real path): /home/usainzg/Projects/u-sdb
2025-09-25 09:36:53.026 [info] [Model][openRepository] Opened repository (kind): repository
2025-09-25 09:36:53.067 [info] > git config --get commit.template [31ms]
2025-09-25 09:36:53.093 [info] > git rev-parse --show-toplevel [33ms]
2025-09-25 09:36:54.136 [info] > git rev-parse --show-toplevel [1032ms]
2025-09-25 09:36:54.137 [info] > git for-each-ref --format=%(refname)%00%(upstream:short)%00%(objectname)%00%(upstream:track)%00%(upstream:remotename)%00%(upstream:remoteref) refs/heads/chapter-1 refs/remotes/chapter-1 [1038ms]
2025-09-25 09:36:54.166 [info] > git rev-parse --show-toplevel [20ms]
2025-09-25 09:36:54.275 [info] > git status -z -uall [96ms]
2025-09-25 09:36:54.275 [info] > git rev-parse --show-toplevel [104ms]
2025-09-25 09:36:54.284 [info] > git for-each-ref --sort -committerdate --format %(refname)%00%(objectname)%00%(*objectname) [101ms]
2025-09-25 09:36:54.481 [info] > git for-each-ref --format=%(refname)%00%(upstream:short)%00%(objectname)%00%(upstream:track)%00%(upstream:remotename)%00%(upstream:remoteref) refs/heads/chapter-1 refs/remotes/chapter-1 [182ms]
2025-09-25 09:36:54.486 [info] > git rev-parse --show-toplevel [205ms]
2025-09-25 09:36:54.488 [info] [Model][doInitialScan] Initial repository scan completed - repositories (1), closed repositories (0), parent repositories (0), unsafe repositories (0)
2025-09-25 09:36:54.490 [info] > git config --get --local branch.chapter-1.vscode-merge-base [4ms]
2025-09-25 09:36:54.497 [info] > git config --get commit.template [16ms]
2025-09-25 09:36:54.510 [info] > git for-each-ref --format=%(refname)%00%(upstream:short)%00%(objectname)%00%(upstream:track)%00%(upstream:remotename)%00%(upstream:remoteref) refs/heads/upstream/chapter-1 refs/remotes/upstream/chapter-1 [14ms]
2025-09-25 09:36:54.533 [info] > git merge-base refs/heads/chapter-1 refs/remotes/upstream/chapter-1 [17ms]
2025-09-25 09:36:54.542 [info] > git diff --name-status -z --diff-filter=ADMR 517b4e1642c5d8c76398f8d82079c15d1f7b4219...refs/remotes/upstream/chapter-1 [2ms]
2025-09-25 09:36:54.542 [info] > git for-each-ref --format=%(refname)%00%(upstream:short)%00%(objectname)%00%(upstream:track)%00%(upstream:remotename)%00%(upstream:remoteref) refs/heads/chapter-1 refs/remotes/chapter-1 [17ms]
2025-09-25 09:36:54.640 [info] > git status -z -uall [71ms]
2025-09-25 09:36:54.665 [info] > git check-ignore -v -z --stdin [12ms]
2025-09-25 09:36:54.666 [info] > git for-each-ref --sort -committerdate --format %(refname)%00%(objectname)%00%(*objectname) [93ms]
2025-09-25 09:36:54.678 [info] > git config --get commit.template [3ms]
2025-09-25 09:36:54.689 [info] > git for-each-ref --format=%(refname)%00%(upstream:short)%00%(objectname)%00%(upstream:track)%00%(upstream:remotename)%00%(upstream:remoteref) refs/heads/chapter-1 refs/remotes/chapter-1 [5ms]
2025-09-25 09:36:54.708 [info] > git status -z -uall [10ms]
2025-09-25 09:36:54.709 [info] > git for-each-ref --sort -committerdate --format %(refname)%00%(objectname)%00%(*objectname) [5ms]
2025-09-25 09:36:56.108 [info] > git check-ignore -v -z --stdin [1ms]
2025-09-25 09:37:00.454 [info] [main] Log level: Info
2025-09-25 09:37:00.454 [info] [main] Validating found git in: "git"
2025-09-25 09:37:00.454 [info] [main] Using git "2.51.0" from "git"
2025-09-25 09:37:00.454 [info] [Model][doInitialScan] Initial repository scan started
2025-09-25 09:37:00.454 [info] [Model][doInitialScan] Initial repository scan completed - repositories (0), closed repositories (0), parent repositories (0), unsafe repositories (0)
