2025-08-27 10:50:38.486 [info] [main] Log level: Info
2025-08-27 10:50:38.486 [info] [main] Validating found git in: "git"
2025-08-27 10:50:38.486 [info] [main] Using git "2.51.0" from "git"
2025-08-27 10:50:38.486 [info] [Model][doInitialScan] Initial repository scan started
2025-08-27 10:50:38.486 [info] > git rev-parse --show-toplevel [11ms]
2025-08-27 10:50:38.486 [info] > git rev-parse --git-dir --git-common-dir --show-superproject-working-tree [3ms]
2025-08-27 10:50:38.486 [info] [Model][openRepository] Opened repository (path): /home/usainzg/Projects/u-sdb
2025-08-27 10:50:38.486 [info] [Model][openRepository] Opened repository (real path): /home/usainzg/Projects/u-sdb
2025-08-27 10:50:38.486 [info] [Model][openRepository] Opened repository (kind): repository
2025-08-27 10:50:38.486 [info] > git config --get commit.template [5ms]
2025-08-27 10:50:38.486 [info] > git rev-parse --show-toplevel [1ms]
2025-08-27 10:50:38.486 [info] > git for-each-ref --format=%(refname)%00%(upstream:short)%00%(objectname)%00%(upstream:track)%00%(upstream:remotename)%00%(upstream:remoteref) refs/heads/chapter-1 refs/remotes/chapter-1 [7ms]
2025-08-27 10:50:38.486 [info] > git rev-parse --show-toplevel [2ms]
2025-08-27 10:50:38.486 [info] > git rev-parse --show-toplevel [22ms]
2025-08-27 10:50:38.500 [info] > git status -z -uall [22ms]
2025-08-27 10:50:38.500 [info] > git rev-parse --show-toplevel [11ms]
2025-08-27 10:50:38.501 [info] > git for-each-ref --sort -committerdate --format %(refname)%00%(objectname)%00%(*objectname) [19ms]
2025-08-27 10:50:38.533 [info] > git for-each-ref --format=%(refname)%00%(upstream:short)%00%(objectname)%00%(upstream:track)%00%(upstream:remotename)%00%(upstream:remoteref) refs/heads/chapter-1 refs/remotes/chapter-1 [15ms]
2025-08-27 10:50:38.590 [info] > git config --get --local branch.chapter-1.vscode-merge-base [51ms]
2025-08-27 10:50:38.594 [info] > git config --get commit.template [62ms]
2025-08-27 10:50:38.595 [info] > git rev-parse --show-toplevel [66ms]
2025-08-27 10:50:38.598 [info] [Model][doInitialScan] Initial repository scan completed - repositories (1), closed repositories (0), parent repositories (0), unsafe repositories (0)
2025-08-27 10:50:38.609 [info] > git for-each-ref --format=%(refname)%00%(upstream:short)%00%(objectname)%00%(upstream:track)%00%(upstream:remotename)%00%(upstream:remoteref) refs/heads/upstream/chapter-1 refs/remotes/upstream/chapter-1 [15ms]
2025-08-27 10:50:38.622 [info] > git merge-base refs/heads/chapter-1 refs/remotes/upstream/chapter-1 [6ms]
2025-08-27 10:50:38.630 [info] > git for-each-ref --format=%(refname)%00%(upstream:short)%00%(objectname)%00%(upstream:track)%00%(upstream:remotename)%00%(upstream:remoteref) refs/heads/chapter-1 refs/remotes/chapter-1 [8ms]
2025-08-27 10:50:38.693 [info] > git diff --name-status -z --diff-filter=ADMR 517b4e1642c5d8c76398f8d82079c15d1f7b4219...refs/remotes/upstream/chapter-1 [66ms]
2025-08-27 10:50:38.723 [info] > git status -z -uall [6ms]
2025-08-27 10:50:38.724 [info] > git for-each-ref --sort -committerdate --format %(refname)%00%(objectname)%00%(*objectname) [2ms]
2025-08-27 10:50:40.937 [info] > git check-ignore -v -z --stdin [116ms]
2025-08-27 10:50:43.355 [info] > git check-ignore -v -z --stdin [118ms]
2025-08-27 10:50:43.518 [info] > git show --textconv :include/libsdb/libsdb.hpp [54ms]
2025-08-27 10:50:43.518 [info] > git ls-files --stage -- include/libsdb/libsdb.hpp [40ms]
2025-08-27 10:50:43.544 [info] > git cat-file -s 2e6bf89205856721d52713f84a852663266684b2 [17ms]
2025-08-27 10:50:43.643 [info] > git blame --root --incremental 517b4e1642c5d8c76398f8d82079c15d1f7b4219 -- include/libsdb/libsdb.hpp [4ms]
2025-08-27 10:50:43.786 [info] > git config --get commit.template [3ms]
2025-08-27 10:50:43.812 [info] > git for-each-ref --format=%(refname)%00%(upstream:short)%00%(objectname)%00%(upstream:track)%00%(upstream:remotename)%00%(upstream:remoteref) refs/heads/chapter-1 refs/remotes/chapter-1 [18ms]
2025-08-27 10:50:43.830 [info] > git status -z -uall [8ms]
2025-08-27 10:50:43.831 [info] > git for-each-ref --sort -committerdate --format %(refname)%00%(objectname)%00%(*objectname) [2ms]
2025-08-27 10:50:53.127 [info] > git log --format=%H%n%aN%n%aE%n%at%n%ct%n%P%n%D%n%B -z --shortstat --diff-merges=first-parent -n50 --skip=0 --topo-order --decorate=full --stdin [5ms]
2025-08-27 10:50:55.568 [info] > git log --format=%H%n%aN%n%aE%n%at%n%ct%n%P%n%D%n%B -z --shortstat --diff-merges=first-parent -n50 --skip=0 --topo-order --decorate=full --stdin [5ms]
2025-08-27 10:50:56.860 [info] > git show --textconv HEAD:CMakeLists.txt [13ms]
2025-08-27 10:50:56.867 [info] > git ls-tree -l HEAD -- CMakeLists.txt [8ms]
2025-08-27 10:50:56.948 [info] > git blame --root --incremental 517b4e1642c5d8c76398f8d82079c15d1f7b4219 -- CMakeLists.txt [4ms]
2025-08-27 10:51:11.256 [info] > git ls-tree -l HEAD -- CMakeLists.txt [3ms]
2025-08-27 10:51:12.574 [info] > git checkout -q -- CMakeLists.txt [13ms]
2025-08-27 10:51:12.587 [info] > git ls-tree -l HEAD -- CMakeLists.txt [17ms]
2025-08-27 10:51:12.589 [info] > git config --get commit.template [2ms]
2025-08-27 10:51:12.612 [info] > git for-each-ref --format=%(refname)%00%(upstream:short)%00%(objectname)%00%(upstream:track)%00%(upstream:remotename)%00%(upstream:remoteref) refs/heads/chapter-1 refs/remotes/chapter-1 [12ms]
2025-08-27 10:51:12.633 [info] > git status -z -uall [10ms]
2025-08-27 10:51:12.635 [info] > git for-each-ref --sort -committerdate --format %(refname)%00%(objectname)%00%(*objectname) [3ms]
2025-08-27 10:51:13.671 [info] > git config --get commit.template [11ms]
2025-08-27 10:51:13.672 [info] > git for-each-ref --format=%(refname)%00%(upstream:short)%00%(objectname)%00%(upstream:track)%00%(upstream:remotename)%00%(upstream:remoteref) refs/heads/chapter-1 refs/remotes/chapter-1 [2ms]
2025-08-27 10:51:13.692 [info] > git status -z -uall [10ms]
2025-08-27 10:51:13.693 [info] > git for-each-ref --sort -committerdate --format %(refname)%00%(objectname)%00%(*objectname) [2ms]
2025-08-27 10:51:13.766 [info] > git ls-tree -l HEAD -- CMakeLists.txt [1ms]
2025-08-27 10:51:13.780 [info] > git show --textconv HEAD:CMakeLists.txt [3ms]
2025-08-27 10:51:16.286 [info] > git show --textconv :include/libsdb/libsdb.hpp [12ms]
2025-08-27 10:51:16.287 [info] > git ls-files --stage -- include/libsdb/libsdb.hpp [2ms]
2025-08-27 10:51:16.298 [info] > git cat-file -s 2e6bf89205856721d52713f84a852663266684b2 [2ms]
2025-08-27 10:51:17.397 [info] > git check-ignore -v -z --stdin [2ms]
2025-08-27 10:51:18.225 [info] > git show --textconv :src/libsdb.cpp [10ms]
2025-08-27 10:51:18.226 [info] > git ls-files --stage -- src/libsdb.cpp [1ms]
2025-08-27 10:51:18.239 [info] > git cat-file -s 1ae07498844575b9edeb883da74b7f13ceaddd61 [3ms]
2025-08-27 10:51:18.259 [info] > git blame --root --incremental 517b4e1642c5d8c76398f8d82079c15d1f7b4219 -- src/libsdb.cpp [3ms]
2025-08-27 10:51:18.727 [info] > git config --get commit.template [14ms]
2025-08-27 10:51:18.728 [info] > git for-each-ref --format=%(refname)%00%(upstream:short)%00%(objectname)%00%(upstream:track)%00%(upstream:remotename)%00%(upstream:remoteref) refs/heads/chapter-1 refs/remotes/chapter-1 [2ms]
2025-08-27 10:51:18.752 [info] > git status -z -uall [14ms]
2025-08-27 10:51:18.753 [info] > git for-each-ref --sort -committerdate --format %(refname)%00%(objectname)%00%(*objectname) [2ms]
