2025-07-31 11:30:13 Loading main app package /opt/Obsidian/resources/obsidian.asar
2025-07-31 11:30:13 Checking for update using Github
2025-07-31 11:30:13 Success.
2025-07-31 11:30:13 Latest version is 1.8.10
2025-07-31 11:30:13 App is up to date.
2025-08-02 06:27:52 Loading main app package /opt/Obsidian/resources/obsidian.asar
2025-08-02 06:27:52 Checking for update using Github
2025-08-02 06:27:52 Success.
2025-08-02 06:27:52 Latest version is 1.8.10
2025-08-02 06:27:52 App is up to date.
2025-08-24 07:17:10 Loading main app package /opt/Obsidian/resources/obsidian.asar
2025-08-24 07:17:10 Checking for update using Github
2025-08-24 07:17:11 Success.
2025-08-24 07:17:11 Latest version is 1.9.10
2025-08-24 07:17:11 Downloading update from https://github.com/obsidianmd/obsidian-releases/releases/download/v1.9.10/obsidian-1.9.10.asar.gz
2025-08-24 07:17:15 Verifying hash & signature. Size= 9033422
2025-08-24 07:17:15 Saving file
2025-08-24 07:17:15 Update complete.
2025-08-24 07:31:59 Loading updated app package /home/usainzg/.config/obsidian/obsidian-1.9.10.asar
2025-08-24 07:31:59 Checking for update using Github
2025-08-24 07:32:00 Success.
2025-08-24 07:32:00 Latest version is 1.9.10
2025-08-24 07:32:00 App is up to date.
2025-08-24 19:17:13 Loading main app package /opt/Obsidian/resources/obsidian.asar
2025-08-24 19:17:13 Checking for update using Github
2025-08-24 19:17:13 Success.
2025-08-24 19:17:13 Latest version is 1.9.10
2025-08-24 19:17:13 App is up to date.
2025-09-10 05:34:04 Loading main app package /usr/lib/obsidian/obsidian.asar
2025-09-10 05:34:04 Checking for update using Github
2025-09-10 05:34:04 Success.
2025-09-10 05:34:04 Latest version is 1.9.12
2025-09-10 05:34:04 App is up to date.
2025-10-31 08:28:25 Loading main app package /usr/lib/obsidian/obsidian.asar
2025-10-31 08:28:25 Checking for update using Github
2025-10-31 08:28:25 Success.
2025-10-31 08:28:25 Latest version is 1.9.14
2025-10-31 08:28:25 App is up to date.
