I[09:29:58.909] clangd version 20.1.8
I[09:29:58.909] Features: linux
I[09:29:58.909] PID: 69440
I[09:29:58.909] Working directory: /home/usainzg/Projects/u-sdb
I[09:29:58.909] argv[0]: /usr/bin/clangd
I[09:29:58.909] Starting LSP over stdin/stdout
I[09:29:58.914] <-- initialize(0)
I[09:29:58.915] --> reply:initialize(0) 0 ms
I[09:29:58.928] <-- initialized
I[09:30:40.236] <-- $/setTrace
I[09:30:40.236] unhandled notification $/setTrace
I[09:30:40.420] <-- $/setTrace
I[09:30:40.420] unhandled notification $/setTrace
I[09:30:45.047] <-- textDocument/didOpen
I[09:30:45.047] Loaded compilation database from /home/usainzg/Projects/build/compile_commands.json
I[09:30:45.048] ASTWorker building file /home/usainzg/Projects/u-sdb/include/libsdb/libsdb.hpp version 1 with command inferred from /home/usainzg/Projects/u-sdb/src/libsdb.cpp
[/home/usainzg/Projects/build]
/usr/bin/clang++ --driver-mode=g++ -I/home/usainzg/Projects/u-sdb/include -I/home/usainzg/Projects/u-sdb/src/include -g -c -resource-dir=/usr/lib/clang/20 -- /home/usainzg/Projects/u-sdb/include/libsdb/libsdb.hpp
I[09:30:45.048] --> window/workDoneProgress/create(0)
I[09:30:45.048] Enqueueing 3 commands for indexing
I[09:30:45.049] <-- reply(0)
I[09:30:45.049] --> $/progress
I[09:30:45.049] --> $/progress
I[09:30:45.049] --> textDocument/clangd.fileStatus
I[09:30:45.057] Built preamble of size 259108 for file /home/usainzg/Projects/u-sdb/include/libsdb/libsdb.hpp version 1 in 0.01 seconds
I[09:30:45.057] --> workspace/semanticTokens/refresh(1)
I[09:30:45.059] Indexing c++17 standard library in the context of /home/usainzg/Projects/u-sdb/include/libsdb/libsdb.hpp
I[09:30:45.059] <-- textDocument/codeAction(1)
I[09:30:45.061] <-- reply(1)
I[09:30:45.064] --> textDocument/publishDiagnostics
I[09:30:45.064] --> textDocument/inactiveRegions
I[09:30:45.064] --> reply:textDocument/codeAction(1) 5 ms
I[09:30:45.064] --> textDocument/clangd.fileStatus
I[09:30:45.066] <-- textDocument/documentSymbol(2)
I[09:30:45.066] --> reply:textDocument/documentSymbol(2) 0 ms
I[09:30:45.066] --> textDocument/clangd.fileStatus
I[09:30:45.079] <-- textDocument/semanticTokens/full(3)
I[09:30:45.079] --> reply:textDocument/semanticTokens/full(3) 0 ms
I[09:30:45.079] --> textDocument/clangd.fileStatus
I[09:30:45.096] <-- textDocument/inlayHint(4)
I[09:30:45.096] --> reply:textDocument/inlayHint(4) 0 ms
I[09:30:45.096] --> textDocument/clangd.fileStatus
I[09:30:45.099] <-- textDocument/documentLink(5)
I[09:30:45.099] --> reply:textDocument/documentLink(5) 0 ms
I[09:30:45.099] --> textDocument/clangd.fileStatus
I[09:30:45.110] --> $/progress
I[09:30:45.110] --> $/progress
I[09:30:45.325] <-- textDocument/codeAction(6)
I[09:30:45.325] --> reply:textDocument/codeAction(6) 0 ms
I[09:30:45.325] --> textDocument/clangd.fileStatus
I[09:30:45.357] <-- textDocument/documentSymbol(7)
I[09:30:45.357] --> reply:textDocument/documentSymbol(7) 0 ms
I[09:30:45.357] --> textDocument/clangd.fileStatus
I[09:30:45.426] <-- textDocument/semanticTokens/full/delta(8)
I[09:30:45.426] --> reply:textDocument/semanticTokens/full/delta(8) 0 ms
I[09:30:45.426] --> textDocument/clangd.fileStatus
I[09:30:45.504] <-- textDocument/foldingRange(9)
I[09:30:45.504] --> reply:textDocument/foldingRange(9) 0 ms
I[09:30:47.079] Indexed c++17 standard library (incomplete due to errors): 14392 symbols, 11464 filtered
I[09:30:47.641] <-- textDocument/codeAction(10)
I[09:30:47.641] --> reply:textDocument/codeAction(10) 0 ms
I[09:30:47.641] --> textDocument/clangd.fileStatus
I[09:30:49.470] <-- textDocument/documentHighlight(11)
I[09:30:49.470] --> reply:textDocument/documentHighlight(11) 0 ms
I[09:30:49.470] --> textDocument/clangd.fileStatus
I[09:30:50.524] <-- $/setTrace
I[09:30:50.524] unhandled notification $/setTrace
I[09:30:50.790] <-- textDocument/didClose
I[09:30:50.790] --> textDocument/publishDiagnostics
I[09:30:50.856] <-- $/setTrace
I[09:30:50.856] unhandled notification $/setTrace
