2025-10-21 08:14:13.298 [info] Name: Ruff
2025-10-21 08:14:13.298 [info] Module: ruff
2025-10-21 08:14:13.298 [info] Python extension loading
2025-10-21 08:14:13.298 [info] Waiting for interpreter from python extension.
2025-10-21 08:14:13.497 [info] Python extension loaded
2025-10-21 08:14:13.504 [info] Using interpreter: /bin/python
2025-10-21 08:14:13.507 [info] Workspace settings for /home/usainzg/Projects/GLow: {
    "nativeServer": "auto",
    "cwd": "/home/usainzg/Projects/GLow",
    "workspace": "file:///home/usainzg/Projects/GLow",
    "path": [],
    "ignoreStandardLibrary": true,
    "interpreter": [
        "/bin/python"
    ],
    "configuration": null,
    "importStrategy": "fromEnvironment",
    "codeAction": {
        "fixViolation": {
            "enable": true
        },
        "disableRuleComment": {
            "enable": true
        }
    },
    "lint": {
        "enable": true,
        "run": "onType",
        "args": [],
        "preview": null,
        "select": null,
        "extendSelect": null,
        "ignore": null
    },
    "format": {
        "args": [],
        "preview": null,
        "backend": "internal"
    },
    "enable": true,
    "organizeImports": true,
    "fixAll": true,
    "showNotifications": "off",
    "exclude": null,
    "lineLength": null,
    "configurationPreference": "editorFirst",
    "showSyntaxErrors": true,
    "logLevel": null,
    "logFile": null
}
2025-10-21 08:14:13.513 [info] Global settings: {
    "nativeServer": "auto",
    "cwd": "/home/usainzg",
    "workspace": "/home/usainzg",
    "path": [],
    "ignoreStandardLibrary": true,
    "interpreter": [],
    "configuration": null,
    "importStrategy": "fromEnvironment",
    "codeAction": {
        "fixViolation": {
            "enable": true
        },
        "disableRuleComment": {
            "enable": true
        }
    },
    "lint": {
        "enable": true,
        "run": "onType",
        "args": []
    },
    "format": {
        "args": [],
        "backend": "internal"
    },
    "enable": true,
    "organizeImports": true,
    "fixAll": true,
    "showNotifications": "off",
    "configurationPreference": "editorFirst",
    "showSyntaxErrors": true
}
2025-10-21 08:14:13.803 [info] Falling back to bundled executable: /home/usainzg/.vscode/extensions/charliermarsh.ruff-2025.26.0-linux-x64/bundled/libs/bin/ruff
2025-10-21 08:14:13.840 [info] Resolved 'ruff.nativeServer: auto' to use the native server
2025-10-21 08:14:13.842 [info] Found Ruff 0.13.0 at /home/usainzg/.vscode/extensions/charliermarsh.ruff-2025.26.0-linux-x64/bundled/libs/bin/ruff
2025-10-21 08:14:13.842 [info] Server run command: /home/usainzg/.vscode/extensions/charliermarsh.ruff-2025.26.0-linux-x64/bundled/libs/bin/ruff server
2025-10-21 08:14:13.843 [info] Server: Start requested.
2025-10-21 08:14:20.807 [info] Name: Ruff
2025-10-21 08:14:20.807 [info] Module: ruff
2025-10-21 08:14:20.807 [info] Python extension loading
2025-10-21 08:14:20.807 [info] Waiting for interpreter from python extension.
2025-10-21 08:14:22.600 [info] Python extension loaded
2025-10-21 08:14:22.602 [info] Using interpreter: /bin/python
2025-10-21 08:14:22.604 [info] Workspace settings for /home/usainzg/Projects/GLow: {
    "nativeServer": "auto",
    "cwd": "/home/usainzg/Projects/GLow",
    "workspace": "file:///home/usainzg/Projects/GLow",
    "path": [],
    "ignoreStandardLibrary": true,
    "interpreter": [
        "/bin/python"
    ],
    "configuration": null,
    "importStrategy": "fromEnvironment",
    "codeAction": {
        "fixViolation": {
            "enable": true
        },
        "disableRuleComment": {
            "enable": true
        }
    },
    "lint": {
        "enable": true,
        "run": "onType",
        "args": [],
        "preview": null,
        "select": null,
        "extendSelect": null,
        "ignore": null
    },
    "format": {
        "args": [],
        "preview": null,
        "backend": "internal"
    },
    "enable": true,
    "organizeImports": true,
    "fixAll": true,
    "showNotifications": "off",
    "exclude": null,
    "lineLength": null,
    "configurationPreference": "editorFirst",
    "showSyntaxErrors": true,
    "logLevel": null,
    "logFile": null
}
2025-10-21 08:14:22.612 [info] Global settings: {
    "nativeServer": "auto",
    "cwd": "/home/usainzg",
    "workspace": "/home/usainzg",
    "path": [],
    "ignoreStandardLibrary": true,
    "interpreter": [],
    "configuration": null,
    "importStrategy": "fromEnvironment",
    "codeAction": {
        "fixViolation": {
            "enable": true
        },
        "disableRuleComment": {
            "enable": true
        }
    },
    "lint": {
        "enable": true,
        "run": "onType",
        "args": []
    },
    "format": {
        "args": [],
        "backend": "internal"
    },
    "enable": true,
    "organizeImports": true,
    "fixAll": true,
    "showNotifications": "off",
    "configurationPreference": "editorFirst",
    "showSyntaxErrors": true
}
2025-10-21 08:14:22.939 [info] Falling back to bundled executable: /home/usainzg/.vscode/extensions/charliermarsh.ruff-2025.28.0-linux-x64/bundled/libs/bin/ruff
2025-10-21 08:14:22.953 [info] Resolved 'ruff.nativeServer: auto' to use the native server
2025-10-21 08:14:22.956 [info] Found Ruff 0.14.0 at /home/usainzg/.vscode/extensions/charliermarsh.ruff-2025.28.0-linux-x64/bundled/libs/bin/ruff
2025-10-21 08:14:22.956 [info] Server run command: /home/usainzg/.vscode/extensions/charliermarsh.ruff-2025.28.0-linux-x64/bundled/libs/bin/ruff server
2025-10-21 08:14:22.956 [info] Server: Start requested.
