2025-10-21 08:14:11.749 [info] Starting Python Locator /home/usainzg/.vscode/extensions/ms-python.python-2025.14.0-linux-x64/python-env-tools/bin/pet server
2025-10-21 08:14:13.478 [info] Discovered env: /bin/python
2025-10-21 08:14:13.479 [info] Discovered env: /usr/bin/python
2025-10-21 08:14:13.479 [info] Env ("/usr/sbin/python") in Path resolved as ResolvedPythonEnv { executable: "/usr/sbin/python", prefix: "/usr", version: "3.13.7.final.0", is64_bit: true, symlinks: Some(["/usr/sbin/python"]) } and reported as Some(GlobalPaths)
2025-10-21 08:14:13.479 [info] Discovered env: /usr/sbin/python
2025-10-21 08:14:13.479 [info] Env ("/sbin/python") in Path resolved as ResolvedPythonEnv { executable: "/sbin/python", prefix: "/usr", version: "3.13.7.final.0", is64_bit: true, symlinks: Some(["/sbin/python"]) } and reported as Some(GlobalPaths)
2025-10-21 08:14:13.479 [info] Discovered env: /sbin/python
2025-10-21 08:14:13.480 [info] Env ("/usr/sbin/python3") in Path resolved as ResolvedPythonEnv { executable: "/usr/sbin/python3", prefix: "/usr", version: "3.13.7.final.0", is64_bit: true, symlinks: Some(["/usr/sbin/python3"]) } and reported as Some(GlobalPaths)
2025-10-21 08:14:13.480 [info] Discovered env: /usr/sbin/python3
2025-10-21 08:14:13.480 [info] Env ("/sbin/python3") in Path resolved as ResolvedPythonEnv { executable: "/sbin/python3", prefix: "/usr", version: "3.13.7.final.0", is64_bit: true, symlinks: Some(["/sbin/python3"]) } and reported as Some(GlobalPaths)
2025-10-21 08:14:13.480 [info] Discovered env: /sbin/python3
2025-10-21 08:14:13.480 [info] Env ("/usr/sbin/python3.13") in Path resolved as ResolvedPythonEnv { executable: "/usr/sbin/python3.13", prefix: "/usr", version: "3.13.7.final.0", is64_bit: true, symlinks: Some(["/usr/sbin/python3.13"]) } and reported as Some(GlobalPaths)
2025-10-21 08:14:13.480 [info] Discovered env: /usr/sbin/python3.13
2025-10-21 08:14:13.480 [info] Env ("/sbin/python3.13") in Path resolved as ResolvedPythonEnv { executable: "/sbin/python3.13", prefix: "/usr", version: "3.13.7.final.0", is64_bit: true, symlinks: Some(["/sbin/python3.13"]) } and reported as Some(GlobalPaths)
2025-10-21 08:14:13.480 [info] Discovered env: /sbin/python3.13
2025-10-21 08:14:13.481 [info] Locator Conda took 58.538388ms
2025-10-21 08:14:13.481 [info] Locator Homebrew took 293.332µs
2025-10-21 08:14:13.481 [info] Locator LinuxGlobal took 63.42031ms
2025-10-21 08:14:13.481 [info] Locator PipEnv took 109.421µs
2025-10-21 08:14:13.481 [info] Locator Pixi took 13.507µs
2025-10-21 08:14:13.481 [info] Locator Poetry took 994.174µs
2025-10-21 08:14:13.481 [info] Locator PyEnv took 475.499µs
2025-10-21 08:14:13.481 [info] Locator Venv took 232.599µs
2025-10-21 08:14:13.481 [info] Locator VirtualEnv took 132.938µs
2025-10-21 08:14:13.481 [info] Locator VirtualEnvWrapper took 190.534µs
2025-10-21 08:14:13.481 [info] Locator GlobalVirtualEnvs took 66.865µs
2025-10-21 08:14:13.481 [info] Locator Locators took 64.195292ms
2025-10-21 08:14:13.481 [info] Locator Path took 107.794712ms
2025-10-21 08:14:13.481 [info] Locator Workspaces took 1.843477ms
2025-10-21 08:14:13.481 [info] Refresh completed in 107ms
2025-10-21 08:14:13.496 [info] Resolved Python Environment /usr/bin/python
2025-10-21 08:14:13.502 [info] Resolved Python Environment /bin/python
2025-10-21 08:14:20.677 [info] Starting Python Locator /home/usainzg/.vscode/extensions/ms-python.python-2025.16.0-linux-x64/python-env-tools/bin/pet server
2025-10-21 08:14:22.529 [info] Discovered env: /bin/python
2025-10-21 08:14:22.530 [info] Discovered env: /usr/bin/python
2025-10-21 08:14:22.531 [info] Env ("/usr/sbin/python") in Path resolved as ResolvedPythonEnv { executable: "/usr/sbin/python", prefix: "/usr", version: "3.13.7.final.0", is64_bit: true, symlinks: Some(["/usr/sbin/python"]) } and reported as Some(GlobalPaths)
2025-10-21 08:14:22.531 [info] Discovered env: /usr/sbin/python
2025-10-21 08:14:22.531 [info] Env ("/sbin/python") in Path resolved as ResolvedPythonEnv { executable: "/sbin/python", prefix: "/usr", version: "3.13.7.final.0", is64_bit: true, symlinks: Some(["/sbin/python"]) } and reported as Some(GlobalPaths)
2025-10-21 08:14:22.532 [info] Discovered env: /sbin/python
2025-10-21 08:14:22.533 [info] Env ("/usr/sbin/python3") in Path resolved as ResolvedPythonEnv { executable: "/usr/sbin/python3", prefix: "/usr", version: "3.13.7.final.0", is64_bit: true, symlinks: Some(["/usr/sbin/python3"]) } and reported as Some(GlobalPaths)
2025-10-21 08:14:22.533 [info] Discovered env: /usr/sbin/python3
2025-10-21 08:14:22.538 [info] Env ("/sbin/python3") in Path resolved as ResolvedPythonEnv { executable: "/sbin/python3", prefix: "/usr", version: "3.13.7.final.0", is64_bit: true, symlinks: Some(["/sbin/python3"]) } and reported as Some(GlobalPaths)
2025-10-21 08:14:22.538 [info] Discovered env: /sbin/python3
2025-10-21 08:14:22.539 [info] Env ("/sbin/python3.13") in Path resolved as ResolvedPythonEnv { executable: "/sbin/python3.13", prefix: "/usr", version: "3.13.7.final.0", is64_bit: true, symlinks: Some(["/sbin/python3.13"]) } and reported as Some(GlobalPaths)
2025-10-21 08:14:22.539 [info] Discovered env: /sbin/python3.13
2025-10-21 08:14:22.539 [info] Env ("/usr/sbin/python3.13") in Path resolved as ResolvedPythonEnv { executable: "/usr/sbin/python3.13", prefix: "/usr", version: "3.13.7.final.0", is64_bit: true, symlinks: Some(["/usr/sbin/python3.13"]) } and reported as Some(GlobalPaths)
2025-10-21 08:14:22.539 [info] Discovered env: /usr/sbin/python3.13
2025-10-21 08:14:22.539 [info] Locator Conda took 53.724623ms
2025-10-21 08:14:22.540 [info] Locator Homebrew took 294.554µs
2025-10-21 08:14:22.540 [info] Locator LinuxGlobal took 66.959094ms
2025-10-21 08:14:22.540 [info] Locator PipEnv took 85.222µs
2025-10-21 08:14:22.540 [info] Locator Pixi took 118.699µs
2025-10-21 08:14:22.540 [info] Locator Poetry took 843.932µs
2025-10-21 08:14:22.540 [info] Locator PyEnv took 349.585µs
2025-10-21 08:14:22.540 [info] Locator Venv took 105.022µs
2025-10-21 08:14:22.540 [info] Locator VirtualEnv took 95.602µs
2025-10-21 08:14:22.540 [info] Locator VirtualEnvWrapper took 50.712µs
2025-10-21 08:14:22.540 [info] Locator GlobalVirtualEnvs took 63.287µs
2025-10-21 08:14:22.540 [info] Locator Locators took 67.97369ms
2025-10-21 08:14:22.540 [info] Locator Path took 129.110516ms
2025-10-21 08:14:22.540 [info] Locator Workspaces took 4.801039ms
2025-10-21 08:14:22.540 [info] Refresh completed in 129ms
2025-10-21 08:14:22.541 [info] Resolved Python Environment /bin/python
2025-10-21 08:15:13.533 [info] Resolved Python Environment /bin/python
