{"level":30,"time":"2025-10-20T15:18:05.721Z","msg":"[startup_config] Set Windows Application User Model ID (AUMID) {\"AUMID\":\"org.whispersystems.signal-desktop\"}"}
{"level":30,"time":"2025-10-20T15:18:05.738Z","msg":"[base_config] config/get: Successfully read user config file"}
{"level":30,"time":"2025-10-20T15:18:05.791Z","msg":"[base_config] config/get: Successfully read ephemeral config file"}
{"level":30,"time":"2025-10-20T15:18:05.830Z","msg":"[app/main] making app single instance"}
{"level":30,"time":"2025-10-20T15:18:06.023Z","msg":"[app/main] got fast localeOverride setting null"}
{"level":30,"time":"2025-10-20T15:18:06.023Z","msg":"[app/main] app.ready: hour cycle preference: UnknownPreference"}
{"level":30,"time":"2025-10-20T15:18:06.023Z","msg":"[app/main] app.ready: preferred system locales: [\"en-US\",\"en\"]"}
{"level":30,"time":"2025-10-20T15:18:06.024Z","msg":"[app/main] locale: Supported locales: af-ZA, ar, az-AZ, bg-BG, bn-BD, bs-BA, ca, cs, da, de, el, en, es, et-EE, eu, fa-IR, fi, fr, ga-IE, gl-ES, gu-IN, he, hi-IN, hr-HR, hu, id, it, ja, ka-GE, kk-KZ, km-KH, kn-IN, ko, ky-KG, lt-LT, lv-LV, mk-MK, ml-IN, mr-IN, ms, my, nb, nl, pa-IN, pl, pt-BR, pt-PT, ro-RO, ru, sk-SK, sl-SI, sq-AL, sr, sv, sw, ta-IN, te-IN, th, tl-PH, tr, ug, uk-UA, ur, vi, yue, zh-CN, zh-HK, zh-Hant"}
{"level":30,"time":"2025-10-20T15:18:06.024Z","msg":"[app/main] locale: Preferred locales: en-US, en"}
{"level":30,"time":"2025-10-20T15:18:06.024Z","msg":"[app/main] locale: Locale Override: null"}
{"level":30,"time":"2025-10-20T15:18:06.026Z","msg":"[app/main] locale: Matched locale: en"}
{"level":40,"time":"2025-10-20T15:18:06.045Z","msg":"[setupI18nMain] intl.onWarn [@formatjs/intl] \"defaultRichTextElements\" was specified but \"message\" was not pre-compiled. \nPlease consider using \"@formatjs/cli\" to pre-compile your messages for performance.\nFor more details see https://formatjs.github.io/docs/getting-started/message-distribution"}
{"level":30,"time":"2025-10-20T15:18:06.045Z","msg":"[app/main] locale: Text info direction for en: ltr"}
{"level":30,"time":"2025-10-20T15:18:06.046Z","msg":"[app/main] getSQLKey: using legacy key"}
{"level":30,"time":"2025-10-20T15:18:06.046Z","msg":"[SystemTraySettingCache] getSystemTraySetting got value DoNotUseSystemTray"}
{"level":30,"time":"2025-10-20T15:18:06.046Z","msg":"[SystemTraySettingCache] getSystemTraySetting returning DoNotUseSystemTray"}
{"level":30,"time":"2025-10-20T15:18:06.046Z","msg":"[app/main] app ready"}
{"level":30,"time":"2025-10-20T15:18:06.046Z","msg":"[app/main] starting version 7.75.1"}
{"level":30,"time":"2025-10-20T15:18:06.046Z","msg":"[app/main] media access status [object Undefined] [object Undefined] [object Undefined]"}
{"level":30,"time":"2025-10-20T15:18:06.048Z","msg":"[app/main] got fast theme-setting value system"}
{"level":30,"time":"2025-10-20T15:18:06.053Z","msg":"[app/main] got fast spellcheck setting true"}
{"level":30,"time":"2025-10-20T15:18:06.054Z","msg":"[app/main] got fast theme-setting value system"}
{"level":30,"time":"2025-10-20T15:18:06.054Z","msg":"[app/main] got fast spellcheck setting true"}
{"level":30,"time":"2025-10-20T15:18:06.054Z","msg":"[app/main] visibleOnAnyScreen(window): x=16, y=50, width=1692, height=1128"}
{"level":30,"time":"2025-10-20T15:18:06.054Z","msg":"[app/main] visibleOnAnyScreen(display #61): x=2176, y=1440, width=1692, height=1128"}
{"level":30,"time":"2025-10-20T15:18:06.054Z","msg":"[app/main] visibleOnAnyScreen: Location reset needed"}
{"level":30,"time":"2025-10-20T15:18:06.054Z","msg":"[app/main] Initializing BrowserWindow config: {\"show\":false,\"width\":1692,\"height\":1128,\"minWidth\":300,\"minHeight\":200,\"autoHideMenuBar\":false,\"titleBarStyle\":\"default\",\"backgroundColor\":\"#121212\",\"webPreferences\":{\"devTools\":false,\"spellcheck\":true,\"enablePreferredSizeMode\":true,\"nodeIntegration\":false,\"nodeIntegrationInWorker\":false,\"sandbox\":false,\"contextIsolation\":true,\"preload\":\"[REDACTED]/preload.wrapper.js\"},\"icon\":\"[REDACTED]/images/signal-logo-desktop-linux.png\"}"}
{"level":30,"time":"2025-10-20T15:18:06.076Z","msg":"[spell_check] spellcheck: user locales: [\"en-US\",\"en\"]"}
{"level":30,"time":"2025-10-20T15:18:06.076Z","msg":"[spell_check] spellcheck: available spellchecker languages: [\"af\",\"bg\",\"ca\",\"cs\",\"cy\",\"da\",\"de\",\"de-DE\",\"el\",\"en\",\"en-AU\",\"en-CA\",\"en-GB\",\"en-GB-oxendict\",\"en-US\",\"es\",\"es-419\",\"es-AR\",\"es-ES\",\"es-MX\",\"es-US\",\"et\",\"fa\",\"fo\",\"fr\",\"fr-FR\",\"he\",\"hi\",\"hr\",\"hu\",\"hy\",\"id\",\"it\",\"it-IT\",\"ko\",\"lt\",\"lv\",\"nb\",\"nl\",\"pl\",\"pt\",\"pt-BR\",\"pt-PT\",\"ro\",\"ru\",\"sh\",\"sk\",\"sl\",\"sq\",\"sr\",\"sv\",\"ta\",\"tg\",\"tr\",\"uk\",\"vi\"]"}
{"level":30,"time":"2025-10-20T15:18:06.076Z","msg":"[spell_check] spellcheck: setting languages to: [\"en-US\",\"en\"]"}
{"level":30,"time":"2025-10-20T15:18:06.186Z","msg":"[app/main] MainSQL: updateSchema:\n  Current user_version: 1450;\n  Most recent db schema: 1480;\n  SQLite version: 3.50.4;\n  SQLCipher version: 4.10.0 community;\n  (deprecated) schema_version: 569;\n"}
{"level":30,"time":"2025-10-20T15:18:06.187Z","msg":"[app/main] MainSQL: [updateSchema(1460)] success"}
{"level":30,"time":"2025-10-20T15:18:06.187Z","msg":"[app/main] MainSQL: [updateSchema(1470)] success"}
{"level":30,"time":"2025-10-20T15:18:06.188Z","msg":"[app/main] MainSQL: [updateSchema(1480)] Removed 0 duplicate all chats chat folders"}
{"level":30,"time":"2025-10-20T15:18:06.188Z","msg":"[app/main] MainSQL: [updateSchema(1480)] success"}
{"level":30,"time":"2025-10-20T15:18:06.192Z","msg":"[app/main] MainSQL: updateSchema: optimize took 2ms"}
{"level":30,"time":"2025-10-20T15:18:06.465Z","msg":"[app/main] got fast theme-setting value system"}
{"level":30,"time":"2025-10-20T15:18:06.926Z","msg":"[app/main] main window webContents did-finish-load"}
{"level":30,"time":"2025-10-20T15:18:06.927Z","msg":"[app/main] showing main window"}
{"level":30,"time":"2025-10-20T15:18:06.933Z","msg":"[SystemTrayService] System tray service: created"}
{"level":30,"time":"2025-10-20T15:18:06.933Z","msg":"[SystemTrayService] System tray service: updating main window. Previously, there was not a window, and now there is"}
{"level":30,"time":"2025-10-20T15:18:06.933Z","msg":"[SystemTrayService] System tray service: rendering no tray"}
{"level":30,"time":"2025-10-20T15:18:06.933Z","msg":"[app/main] Begin ensuring permissions"}
{"level":30,"time":"2025-10-20T15:18:06.935Z","msg":"[app/main] Ensuring file permissions for 4 files"}
{"level":30,"time":"2025-10-20T15:18:06.936Z","msg":"[app/main] Finish ensuring permissions in 3ms"}
{"level":30,"time":"2025-10-20T15:18:06.959Z","msg":"[attachments] deleteAllBadges: deleted 0 files"}
{"level":30,"time":"2025-10-20T15:18:06.964Z","msg":"[app/main] MainSQL: removeKnownStickers: About to iterate through 219 stickers"}
{"level":30,"time":"2025-10-20T15:18:06.966Z","msg":"[app/main] MainSQL: removeKnownStickers: Done processing 219 stickers"}
{"level":30,"time":"2025-10-20T15:18:06.967Z","msg":"[attachments] deleteAllStickers: deleted 0 files"}
{"level":30,"time":"2025-10-20T15:18:06.967Z","msg":"[app/main] MainSQL: removeKnownDraftAttachments: About to iterate through 25 conversations"}
{"level":30,"time":"2025-10-20T15:18:06.968Z","msg":"[app/main] MainSQL: removeKnownDraftAttachments: Done processing 25 conversations"}
{"level":30,"time":"2025-10-20T15:18:06.968Z","msg":"[attachments] deleteAllDraftAttachments: deleted 0 files"}
{"level":30,"time":"2025-10-20T15:18:06.969Z","msg":"[attachment_channel] cleanupOrphanedAttachments: found 6 attachments on disk"}
{"level":30,"time":"2025-10-20T15:18:06.970Z","msg":"[attachment_channel] cleanupOrphanedAttachments: found 0 downloads on disk"}
{"level":30,"time":"2025-10-20T15:18:06.970Z","msg":"[app/main] MainSQL: getKnownConversationAttachments: About to iterate through 25"}
{"level":30,"time":"2025-10-20T15:18:06.971Z","msg":"[app/main] MainSQL: getKnownConversationAttachments: Done processing"}
{"level":30,"time":"2025-10-20T15:18:06.971Z","msg":"[attachment_channel] cleanupOrphanedAttachments: Got 4 conversation attachments, 3 remain"}
{"level":40,"time":"2025-10-20T15:18:06.971Z","msg":"[attachment_channel] cleanupOrphanedAttachments: 1 conversation attachments were not found on disk"}
{"level":30,"time":"2025-10-20T15:18:06.971Z","msg":"[attachment_channel] cleanupOrphanedAttachments: found 0 known downloads, 0 remain"}
{"level":30,"time":"2025-10-20T15:18:06.971Z","msg":"[attachment_channel] cleanupOrphanedAttachments: took 13ms"}
{"level":30,"time":"2025-10-20T15:18:06.972Z","msg":"[app/main] MainSQL: pageMessages(2555b3d1b90c3b32): Starting iteration through 23 messages"}
{"level":30,"time":"2025-10-20T15:18:07.024Z","msg":"[app/main] MainSQL: slow query getAllKyberPreKeys duration=43ms"}
{"level":30,"time":"2025-10-20T15:18:07.028Z","msg":"[app/main] MainSQL: finishPageMessages(2555b3d1b90c3b32): reached the end after processing 23 messages"}
{"level":30,"time":"2025-10-20T15:18:07.028Z","msg":"[attachment_channel] cleanupOrphanedAttachments: 3 attachments and       0 downloads found on disk"}
{"level":30,"time":"2025-10-20T15:18:07.028Z","msg":"[attachments] deleteAll: deleted 0 files"}
{"level":30,"time":"2025-10-20T15:18:07.028Z","msg":"[attachments] deleteAllDownloads: deleted 0 files"}
{"level":30,"time":"2025-10-20T15:18:07.028Z","msg":"[attachment_channel] deleteOrphanedAttachments: took 57ms"}
{"level":30,"time":"2025-10-20T15:18:07.068Z","msg":"[PreventDisplaySleepService] Prevent display sleep service: allowing display sleep"}
{"level":40,"time":"2025-10-20T15:18:07.070Z","msg":"[OptionalResourceService] emoji-index-en.json is no longer valid on disk"}
{"level":30,"time":"2025-10-20T15:18:07.195Z","msg":"[createHTTPSAgent] createHTTPSAgent.createConnection(updates2.signal.org): connected to IPv6 addr after 48ms (attempts v4=0 v6=1)"}
{"level":30,"time":"2025-10-20T15:18:07.435Z","msg":"[app/main] Updating BrowserWindow config: {\"maximized\":true,\"autoHideMenuBar\":false,\"fullscreen\":false,\"width\":1668,\"height\":1078,\"x\":0,\"y\":0}"}
{"level":30,"time":"2025-10-20T15:18:07.436Z","msg":"[base_config] config/set: Saving ephemeral config to disk"}
{"level":30,"time":"2025-10-20T15:18:07.439Z","msg":"[base_config] config/set: Saved ephemeral config to disk"}
{"level":30,"time":"2025-10-20T15:18:07.688Z","msg":"[app/main] MainSQL: commitDecryptResult: Removed 1 kyberPreKeys"}
{"level":30,"time":"2025-10-20T15:18:07.689Z","msg":"[app/main] MainSQL: commitDecryptResult: Removed 1 preKeys"}
{"level":50,"time":"2025-10-20T15:18:08.021Z","msg":"[app/main] [updater] Error starting update checks: Error: ENOENT: no such file or directory, watch '/usr/lib/signal-desktop/.signal-postinst'\n    at FSWatcher.<computed> (node:internal/fs/watchers:254:19)\n    at watch (node:fs:2549:36)\n    at initLinux ([REDACTED]/ts/updater/linux.js:93:28)\n    at Object.start ([REDACTED]/ts/updater/index.js:65:32)\n    at IpcMainImpl.readyForUpdates ([REDACTED]/app/main.js:835:19)\n    at Object.onceWrapper (node:events:634:26)\n    at IpcMainImpl.emit (node:events:519:28)\n    at Session.<anonymous> (node:electron/js2c/browser_init:2:106453)\n    at Session.emit (node:events:519:28)"}
{"level":30,"time":"2025-10-20T15:18:08.022Z","msg":"[app/main] App loaded - time: 1976"}
{"level":30,"time":"2025-10-20T15:18:08.022Z","msg":"[app/main] SQL init - time: 151"}
{"level":30,"time":"2025-10-20T15:18:08.022Z","msg":"[app/main] Preload Compile - time: 125"}
{"level":30,"time":"2025-10-20T15:18:08.023Z","msg":"[app/main] Preload - time: 364"}
{"level":30,"time":"2025-10-20T15:18:08.023Z","msg":"[app/main] WebSocket connect - time: 554"}
{"level":30,"time":"2025-10-20T15:18:08.023Z","msg":"[app/main] Processed count: 13"}
{"level":30,"time":"2025-10-20T15:18:08.023Z","msg":"[app/main] Messages per second: 12.[REDACTED]"}
{"level":30,"time":"2025-10-20T15:18:08.023Z","msg":"[app/main] Top 10 queries by cumulative duration (ms) over last 1827ms during 'App Load': getAllKyberPreKeys: cumulative 42.76 | average: 42.76 | max: 42.76 | count: 1 ||| createOrUpdateItem: cumulative 18.36 | average: 0.68 | max: 2.36 | count: 27 ||| saveMessage: cumulative 4.37 | average: 2.19 | max: 2.24 | count: 2 ||| getKnownMessageAttachments: cumulative 4.04 | average: 4.04 | max: 4.04 | count: 1 ||| saveMessages: cumulative 3.6 | average: 3.6 | max: 3.6 | count: 1 ||| removeKnownStickers: cumulative 3.24 | average: 3.24 | max: 3.24 | count: 1 ||| getAllStoryDistributionsWithMembers: cumulative 2.53 | average: 1.27 | max: 1.59 | count: 2 ||| removeUnprocessed: cumulative 2.52 | average: 1.26 | max: 1.58 | count: 2 ||| commitDecryptResult: cumulative 2.39 | average: 2.39 | max: 2.39 | count: 1 ||| insertJob: cumulative 2.18 | average: 0.73 | max: 0.91 | count: 3; Total cumulative duration of all SQL queries during this epoch: 118.55ms"}
{"level":30,"time":"2025-10-20T15:18:10.533Z","msg":"[app/main] close event {\"readyForShutdown\":false,\"shouldQuit\":false}"}
{"level":30,"time":"2025-10-20T15:18:10.533Z","msg":"[app/main] maybeRequestCloseConfirmation: Checking to see if close confirmation is needed"}
{"level":30,"time":"2025-10-20T15:18:10.534Z","msg":"[app/main] maybeRequestCloseConfirmation: Response received"}
{"level":30,"time":"2025-10-20T15:18:10.534Z","msg":"[SystemTrayService] System tray service: rendering no tray"}
{"level":30,"time":"2025-10-20T15:18:10.534Z","msg":"[app/main] requestShutdown: Requesting close of mainWindow..."}
{"level":30,"time":"2025-10-20T15:18:10.542Z","msg":"[app/main] requestShutdown: Response received"}
{"level":30,"time":"2025-10-20T15:18:10.551Z","msg":"[app/main] before-quit event {\"readyForShutdown\":true,\"shouldQuit\":false,\"hasEventBeenPrevented\":false,\"windowCount\":1,\"mainWindowExists\":true,\"mainWindowIsFullScreen\":false}"}
{"level":30,"time":"2025-10-20T15:18:10.551Z","msg":"[SystemTrayService] System tray service: markShouldQuit"}
{"level":30,"time":"2025-10-20T15:18:10.551Z","msg":"[app/main] close event {\"readyForShutdown\":true,\"shouldQuit\":true}"}
{"level":30,"time":"2025-10-20T15:18:10.553Z","msg":"[app/main] main window closed event"}
{"level":30,"time":"2025-10-20T15:18:10.553Z","msg":"[SystemTrayService] System tray service: updating main window. Previously, there was a window, and now there is not"}
{"level":30,"time":"2025-10-20T15:18:10.554Z","msg":"[SystemTrayService] System tray service: rendering no tray"}
{"level":30,"time":"2025-10-20T15:18:10.554Z","msg":"[app/main] will-quit event {\"hasEventBeenPrevented\":false,\"windowCount\":0,\"mainWindowExists\":false}"}
{"level":30,"time":"2025-10-20T15:18:10.554Z","msg":"[app/main] quit event {\"hasEventBeenPrevented\":false,\"windowCount\":0,\"mainWindowExists\":false}"}
