2025-10-23 17:43:13.130 [info] Native locator: Refresh started
2025-10-23 17:43:13.130 [info] Native locator: Refresh started
2025-10-23 17:43:13.219 [info] > pyenv which python
2025-10-23 17:43:13.219 [info] cwd: .
2025-10-23 17:43:15.386 [info] Native locator: Refresh finished in 2561 ms
2025-10-23 17:43:15.387 [info] Python interpreter path: ./.venv/bin/python
2025-10-23 17:43:17.022 [info] Starting Pylance language server.
2025-10-23 17:44:33.660 [info] Send text to terminal: source /home/usainzg/Projects/glowish/.venv/bin/activate
2025-10-23 17:50:10.399 [info] Discover tests for workspace name: undefined - uri: /home/usainzg/.config/Code/User/settings.json
2025-10-23 17:50:50.562 [info] Discover tests for workspace name: undefined - uri: /home/usainzg/.config/Code/User/settings.json
2025-10-23 17:56:47.692 [info] Discover tests for workspace name: undefined - uri: /home/usainzg/.config/Code/User/settings.json
2025-10-23 17:57:00.258 [info] Discover tests for workspace name: undefined - uri: /home/usainzg/.config/Code/User/settings.json
2025-10-23 17:57:01.306 [info] Discover tests for workspace name: undefined - uri: /home/usainzg/.config/Code/User/settings.json
2025-10-23 17:57:02.152 [info] Discover tests for workspace name: undefined - uri: /home/usainzg/.config/Code/User/settings.json
2025-10-23 17:59:49.308 [info] Discover tests for workspace name: undefined - uri: /home/usainzg/.config/Code/User/settings.json
2025-10-23 17:59:59.286 [info] Discover tests for workspace name: undefined - uri: /home/usainzg/.config/Code/User/settings.json
2025-10-23 18:00:45.012 [info] Discover tests for workspace name: undefined - uri: /home/usainzg/.config/Code/User/settings.json
2025-10-23 18:00:47.118 [info] Discover tests for workspace name: undefined - uri: /home/usainzg/.config/Code/User/settings.json
2025-10-23 18:00:48.469 [info] Discover tests for workspace name: undefined - uri: /home/usainzg/.config/Code/User/settings.json
2025-10-23 18:01:08.927 [info] Discover tests for workspace name: undefined - uri: /home/usainzg/.config/Code/User/settings.json
2025-10-23 18:02:49.154 [info] Discover tests for workspace name: undefined - uri: /home/usainzg/.config/Code/User/settings.json
2025-10-23 18:02:56.599 [info] Discover tests for workspace name: undefined - uri: /home/usainzg/.config/Code/User/settings.json
2025-10-23 18:02:57.177 [info] Discover tests for workspace name: undefined - uri: /home/usainzg/.config/Code/User/settings.json
2025-10-23 18:06:05.154 [info] Discover tests for workspace name: undefined - uri: /home/usainzg/.config/Code/User/settings.json
2025-10-23 18:06:07.571 [info] Discover tests for workspace name: undefined - uri: /home/usainzg/.config/Code/User/settings.json
2025-10-23 18:06:13.605 [info] Discover tests for workspace name: undefined - uri: /home/usainzg/.config/Code/User/settings.json
2025-10-23 18:06:18.824 [info] Discover tests for workspace name: undefined - uri: /home/usainzg/.config/Code/User/settings.json
2025-10-23 18:06:19.536 [info] Discover tests for workspace name: undefined - uri: /home/usainzg/.config/Code/User/settings.json
2025-10-23 18:07:35.008 [info] Discover tests for workspace name: undefined - uri: /home/usainzg/.config/Code/User/settings.json
2025-10-23 18:07:37.018 [info] Discover tests for workspace name: undefined - uri: /home/usainzg/.config/Code/User/settings.json
2025-10-23 18:07:37.604 [info] Discover tests for workspace name: undefined - uri: /home/usainzg/.config/Code/User/settings.json
2025-10-23 18:07:38.066 [info] Discover tests for workspace name: undefined - uri: /home/usainzg/.config/Code/User/settings.json
2025-10-23 18:08:15.145 [info] Discover tests for workspace name: undefined - uri: /home/usainzg/.config/Code/User/settings.json
2025-10-23 18:08:25.600 [info] Discover tests for workspace name: undefined - uri: /home/usainzg/.config/Code/User/settings.json
2025-10-23 18:08:25.884 [info] Discover tests for workspace name: undefined - uri: /home/usainzg/.config/Code/User/settings.json
2025-10-23 18:08:58.901 [info] Discover tests for workspace name: undefined - uri: /home/usainzg/.config/Code/User/settings.json
2025-10-23 18:09:05.135 [info] Discover tests for workspace name: undefined - uri: /home/usainzg/.config/Code/User/settings.json
2025-10-23 18:09:07.154 [info] Discover tests for workspace name: undefined - uri: /home/usainzg/.config/Code/User/settings.json
2025-10-23 18:09:07.889 [info] Discover tests for workspace name: undefined - uri: /home/usainzg/.config/Code/User/settings.json
2025-10-23 18:09:31.388 [info] Discover tests for workspace name: undefined - uri: /home/usainzg/.config/Code/User/settings.json
2025-10-23 18:09:41.207 [info] Discover tests for workspace name: undefined - uri: /home/usainzg/.config/Code/User/settings.json
2025-10-23 18:09:59.927 [info] Discover tests for workspace name: undefined - uri: /home/usainzg/.config/Code/User/settings.json
2025-10-23 18:10:23.061 [info] Discover tests for workspace name: undefined - uri: /home/usainzg/.config/Code/User/settings.json
2025-10-23 18:10:34.722 [info] Discover tests for workspace name: glowish - uri: /home/usainzg/Projects/glowish/custom_strategies/GLow_strategy.py
2025-10-23 18:10:37.700 [info] Discover tests for workspace name: undefined - uri: /home/usainzg/.config/Code/User/settings.json
2025-10-23 18:10:49.446 [info] Discover tests for workspace name: glowish - uri: /home/usainzg/Projects/glowish/custom_strategies/GLow_strategy.py
2025-10-23 18:10:50.909 [info] Discover tests for workspace name: glowish - uri: /home/usainzg/Projects/glowish/custom_strategies/GLow_strategy.py
2025-10-23 18:10:52.919 [info] Discover tests for workspace name: glowish - uri: /home/usainzg/Projects/glowish/custom_strategies/GLow_strategy.py
2025-10-23 18:12:38.607 [info] Discover tests for workspace name: undefined - uri: /home/usainzg/.config/Code/User/settings.json
2025-10-23 18:12:43.710 [info] Discover tests for workspace name: undefined - uri: /home/usainzg/.config/Code/User/settings.json
2025-10-23 18:14:09.077 [info] Discover tests for workspace name: undefined - uri: /home/usainzg/.config/Code/User/settings.json
2025-10-23 18:14:12.494 [info] Discover tests for workspace name: glowish - uri: /home/usainzg/Projects/glowish/custom_strategies/GLow_strategy.py
2025-10-23 18:14:13.519 [info] Discover tests for workspace name: glowish - uri: /home/usainzg/Projects/glowish/custom_strategies/GLow_strategy.py
2025-10-23 18:14:16.422 [info] Discover tests for workspace name: undefined - uri: /home/usainzg/.config/Code/User/settings.json
2025-10-23 18:14:16.799 [info] Discover tests for workspace name: glowish - uri: /home/usainzg/Projects/glowish/custom_strategies/GLow_strategy.py
2025-10-23 18:14:17.289 [info] Native locator: Refresh started
2025-10-23 18:14:17.392 [info] Native locator: Refresh finished in 103 ms
2025-10-23 18:14:21.445 [info] Active interpreter [/home/usainzg/Projects/glowish]:  /home/usainzg/Projects/glowish/.venv/bin/python
2025-10-23 18:14:21.446 [info] Discover tests for workspace name: glowish - uri: /home/usainzg/Projects/glowish
2025-10-23 18:27:08.211 [info] Discover tests for workspace name: undefined - uri: /home/usainzg/.config/Code/User/settings.json
2025-10-23 18:27:11.774 [info] Discover tests for workspace name: undefined - uri: /home/usainzg/.config/Code/User/settings.json
2025-10-23 18:27:12.064 [info] Discover tests for workspace name: undefined - uri: /home/usainzg/.config/Code/User/settings.json
2025-10-23 18:27:12.491 [info] Discover tests for workspace name: undefined - uri: /home/usainzg/.config/Code/User/settings.json
2025-10-23 18:27:14.782 [info] Discover tests for workspace name: undefined - uri: /home/usainzg/.config/Code/User/settings.json
2025-10-23 18:27:16.759 [info] Discover tests for workspace name: undefined - uri: /home/usainzg/.config/Code/User/settings.json
2025-10-23 18:27:28.998 [info] Running installed packages checker:  {
  id: '/home/usainzg/Projects/glowish/.venv/bin/python',
  sysPrefix: '/home/usainzg/Projects/glowish/.venv',
  envType: 'Venv',
  envName: 'glowish',
  envPath: '/home/usainzg/Projects/glowish/.venv/bin/python',
  path: '/home/usainzg/Projects/glowish/.venv/bin/python',
  architecture: 3,
  sysVersion: '',
  version: {
    raw: '3.13.7',
    major: 3,
    minor: 13,
    patch: 7,
    build: [],
    prerelease: []
  },
  displayName: 'Python 3.13.7 (glowish)',
  detailedDisplayName: 'Python 3.13.7 (glowish)',
  type: 'Virtual'
} /home/usainzg/.vscode/extensions/ms-python.python-2025.16.0-linux-x64/python_files/installed_check.py /home/usainzg/Projects/glowish/requirements.txt
2025-10-23 18:27:28.999 [info] > ./.venv/bin/python ~/.vscode/extensions/ms-python.python-2025.16.0-linux-x64/python_files/installed_check.py ./requirements.txt
2025-10-23 18:27:32.123 [info] Running installed packages checker:  {
  id: '/home/usainzg/Projects/glowish/.venv/bin/python',
  sysPrefix: '/home/usainzg/Projects/glowish/.venv',
  envType: 'Venv',
  envName: 'glowish',
  envPath: '/home/usainzg/Projects/glowish/.venv/bin/python',
  path: '/home/usainzg/Projects/glowish/.venv/bin/python',
  architecture: 3,
  sysVersion: '',
  version: {
    raw: '3.13.7',
    major: 3,
    minor: 13,
    patch: 7,
    build: [],
    prerelease: []
  },
  displayName: 'Python 3.13.7 (glowish)',
  detailedDisplayName: 'Python 3.13.7 (glowish)',
  type: 'Virtual'
} /home/usainzg/.vscode/extensions/ms-python.python-2025.16.0-linux-x64/python_files/installed_check.py /home/usainzg/Projects/glowish/requirements.txt
2025-10-23 18:27:32.123 [info] > ./.venv/bin/python ~/.vscode/extensions/ms-python.python-2025.16.0-linux-x64/python_files/installed_check.py ./requirements.txt
2025-10-23 18:27:33.867 [info] Running installed packages checker:  {
  id: '/home/usainzg/Projects/glowish/.venv/bin/python',
  sysPrefix: '/home/usainzg/Projects/glowish/.venv',
  envType: 'Venv',
  envName: 'glowish',
  envPath: '/home/usainzg/Projects/glowish/.venv/bin/python',
  path: '/home/usainzg/Projects/glowish/.venv/bin/python',
  architecture: 3,
  sysVersion: '',
  version: {
    raw: '3.13.7',
    major: 3,
    minor: 13,
    patch: 7,
    build: [],
    prerelease: []
  },
  displayName: 'Python 3.13.7 (glowish)',
  detailedDisplayName: 'Python 3.13.7 (glowish)',
  type: 'Virtual'
} /home/usainzg/.vscode/extensions/ms-python.python-2025.16.0-linux-x64/python_files/installed_check.py /home/usainzg/Projects/glowish/requirements.txt
2025-10-23 18:27:33.867 [info] > ./.venv/bin/python ~/.vscode/extensions/ms-python.python-2025.16.0-linux-x64/python_files/installed_check.py ./requirements.txt
2025-10-23 18:27:33.983 [info] Discover tests for workspace name: undefined - uri: /home/usainzg/.config/Code/User/settings.json
2025-10-23 18:30:15.326 [info] Discover tests for workspace name: undefined - uri: /home/usainzg/.config/Code/User/settings.json
2025-10-23 18:30:18.612 [info] Discover tests for workspace name: glowish - uri: /home/usainzg/Projects/glowish/custom_strategies/GLow_strategy.py
2025-10-23 18:35:54.880 [info] Native locator: Refresh started
2025-10-23 18:35:54.983 [info] Native locator: Refresh finished in 103 ms
