2025-10-23 16:29:52.775 [info] Reading sessions from keychain...
2025-10-23 16:29:52.775 [info] Getting sessions for all scopes...
2025-10-23 16:29:52.775 [info] Got stored sessions!
2025-10-23 16:29:52.775 [info] Got 2 verified sessions.
2025-10-23 16:29:52.775 [info] Got 2 sessions for ...
2025-10-23 16:29:52.775 [info] Getting sessions for all scopes...
2025-10-23 16:29:52.775 [info] Got 2 sessions for ...
2025-10-23 16:29:52.775 [info] Getting sessions for all scopes...
2025-10-23 16:29:52.775 [info] Got 2 sessions for ...
2025-10-23 16:29:52.775 [info] Getting sessions for all scopes...
2025-10-23 16:29:52.775 [info] Got 2 sessions for ...
2025-10-23 16:29:52.775 [info] Getting sessions for all scopes...
2025-10-23 16:29:52.775 [info] Got 2 sessions for ...
2025-10-23 16:29:52.775 [info] Getting sessions for all scopes...
2025-10-23 16:29:52.775 [info] Got 2 sessions for ...
2025-10-23 16:29:52.775 [info] Getting sessions for all scopes...
2025-10-23 16:29:52.775 [info] Got 2 sessions for ...
2025-10-23 16:29:52.775 [info] Getting sessions for all scopes...
2025-10-23 16:29:52.775 [info] Got 2 sessions for ...
2025-10-23 16:29:52.775 [info] Getting sessions for all scopes...
2025-10-23 16:29:52.775 [info] Got 2 sessions for ...
2025-10-23 16:29:52.775 [info] Getting sessions for all scopes...
2025-10-23 16:29:52.775 [info] Got 2 sessions for ...
2025-10-23 16:29:52.775 [info] Getting sessions for all scopes...
2025-10-23 16:29:52.775 [info] Got 2 sessions for ...
2025-10-23 16:29:52.775 [info] Getting sessions for all scopes...
2025-10-23 16:29:52.775 [info] Got 2 sessions for ...
2025-10-23 16:29:52.775 [info] Getting sessions for all scopes...
2025-10-23 16:29:52.775 [info] Got 2 sessions for ...
2025-10-23 16:29:52.775 [info] Getting sessions for all scopes...
2025-10-23 16:29:52.775 [info] Got 2 sessions for ...
2025-10-23 16:29:52.952 [info] Getting sessions for all scopes...
2025-10-23 16:29:52.952 [info] Got 2 sessions for ...
2025-10-23 16:29:53.032 [info] Getting sessions for read:user,repo,user:email,workflow...
2025-10-23 16:29:53.032 [info] Got 1 sessions for read:user,repo,user:email,workflow...
2025-10-23 16:29:54.895 [info] Getting sessions for all scopes...
2025-10-23 16:29:54.895 [info] Got 2 sessions for ...
2025-10-23 16:29:54.895 [info] Getting sessions for all scopes...
2025-10-23 16:29:54.895 [info] Got 2 sessions for ...
2025-10-23 16:29:54.896 [info] Getting sessions for all scopes...
2025-10-23 16:29:54.896 [info] Got 2 sessions for ...
2025-10-23 16:29:55.230 [info] Getting sessions for all scopes...
2025-10-23 16:29:55.230 [info] Got 2 sessions for ...
2025-10-23 16:29:55.230 [info] Getting sessions for all scopes...
2025-10-23 16:29:55.230 [info] Got 2 sessions for ...
2025-10-23 16:29:55.367 [info] FetcherService: Electron fetch failed with status: 429 
2025-10-23 16:29:55.587 [info] Getting sessions for read:user,repo,user:email,workflow...
2025-10-23 16:29:55.587 [info] Got 1 sessions for read:user,repo,user:email,workflow...
2025-10-23 16:29:55.600 [info] Getting sessions for all scopes...
2025-10-23 16:29:55.600 [info] Got 2 sessions for ...
2025-10-23 16:29:55.603 [info] Getting sessions for all scopes...
2025-10-23 16:29:55.603 [info] Got 2 sessions for ...
2025-10-23 16:29:55.603 [info] Getting sessions for read:user,repo,user:email,workflow...
2025-10-23 16:29:55.603 [info] Got 1 sessions for read:user,repo,user:email,workflow...
2025-10-23 16:29:55.680 [info] Getting sessions for all scopes...
2025-10-23 16:29:55.680 [info] Got 2 sessions for ...
2025-10-23 16:29:55.769 [info] Getting sessions for all scopes...
2025-10-23 16:29:55.769 [info] Got 2 sessions for ...
2025-10-23 16:29:55.773 [info] Getting sessions for all scopes...
2025-10-23 16:29:55.773 [info] Got 2 sessions for ...
2025-10-23 16:29:55.776 [info] Getting sessions for all scopes...
2025-10-23 16:29:55.776 [info] Got 2 sessions for ...
2025-10-23 16:29:55.779 [info] Getting sessions for read:user,repo,user:email,workflow...
2025-10-23 16:29:55.779 [info] Got 1 sessions for read:user,repo,user:email,workflow...
2025-10-23 16:29:56.067 [info] FetcherService: Node fetch failed with status: 429 Too Many Requests
2025-10-23 16:29:56.207 [info] Getting sessions for all scopes...
2025-10-23 16:29:56.207 [info] Got 2 sessions for ...
2025-10-23 16:29:56.207 [info] Getting sessions for all scopes...
2025-10-23 16:29:56.207 [info] Got 2 sessions for ...
2025-10-23 16:29:56.225 [info] Getting sessions for read:user,repo,user:email,workflow...
2025-10-23 16:29:56.225 [info] Got 1 sessions for read:user,repo,user:email,workflow...
2025-10-23 16:29:56.263 [info] Getting sessions for all scopes...
2025-10-23 16:29:56.263 [info] Got 2 sessions for ...
2025-10-23 16:29:56.264 [info] Getting sessions for all scopes...
2025-10-23 16:29:56.264 [info] Got 2 sessions for ...
2025-10-23 16:29:56.264 [info] Getting sessions for all scopes...
2025-10-23 16:29:56.264 [info] Got 2 sessions for ...
2025-10-23 16:29:56.266 [info] Getting sessions for read:user,repo,user:email,workflow...
2025-10-23 16:29:56.266 [info] Got 1 sessions for read:user,repo,user:email,workflow...
2025-10-23 16:29:56.493 [info] FetcherService: Node http/s failed with status: 429 Too Many Requests
2025-10-23 16:29:56.954 [info] Getting sessions for all scopes...
2025-10-23 16:29:56.954 [info] Got 2 sessions for ...
