2025-08-27 10:50:38.520 [info] Configuration changed
2025-08-27 10:50:38.733 [info] Configuration changed
2025-08-27 10:50:39.770 [info] Configuration changed
2025-08-27 10:50:42.765 [info] Active editor: file:///home/usainzg/Projects/u-sdb/include/libsdb/libsdb.hpp
2025-08-27 10:50:42.943 [info] /home/usainzg/.config/Code/User/settings.json closed
2025-08-27 10:50:43.310 [info] Configuration changed
2025-08-27 10:50:43.326 [info] Configuration changed
2025-08-27 10:50:43.352 [info] Configuration changed
2025-08-27 10:50:43.359 [info] Configuration changed
2025-08-27 10:50:53.180 [info] Configuration changed
2025-08-27 10:50:56.831 [info] /home/usainzg/Projects/u-sdb/include/libsdb/libsdb.hpp closed
2025-08-27 10:50:56.894 [info] Active editor: file:///home/usainzg/Projects/u-sdb/CMakeLists.txt
2025-08-27 10:50:56.941 [info] /home/usainzg/Projects/u-sdb/include/libsdb/libsdb.hpp.git closed
2025-08-27 10:50:59.918 [info] Active editor: git:/home/usainzg/Projects/u-sdb/CMakeLists.txt?%7B%22path%22%3A%22%2Fhome%2Fusainzg%2FProjects%2Fu-sdb%2FCMakeLists.txt%22%2C%22ref%22%3A%22~%22%7D
2025-08-27 10:51:03.058 [info] Active editor: file:///home/usainzg/Projects/u-sdb/CMakeLists.txt
2025-08-27 10:51:16.028 [info] /home/usainzg/Projects/u-sdb/CMakeLists.txt closed
2025-08-27 10:51:16.029 [info] /home/usainzg/Projects/u-sdb/CMakeLists.txt closed
2025-08-27 10:51:16.060 [info] Active editor: file:///home/usainzg/Projects/u-sdb/include/libsdb/libsdb.hpp
2025-08-27 10:51:17.984 [info] /home/usainzg/Projects/u-sdb/include/libsdb/libsdb.hpp closed
2025-08-27 10:51:18.002 [info] Active editor: file:///home/usainzg/Projects/u-sdb/src/libsdb.cpp
2025-08-27 10:51:18.042 [info] /home/usainzg/Projects/u-sdb/include/libsdb/libsdb.hpp.git closed
