2025-10-21 08:13:49.481 [info] Reading sessions from keychain...
2025-10-21 08:13:49.481 [info] Getting sessions for all scopes...
2025-10-21 08:13:49.481 [info] Got stored sessions!
2025-10-21 08:13:49.481 [info] Got 2 verified sessions.
2025-10-21 08:13:49.481 [info] Got 2 sessions for ...
2025-10-21 08:13:49.481 [info] Getting sessions for all scopes...
2025-10-21 08:13:49.481 [info] Got 2 sessions for ...
2025-10-21 08:13:49.481 [info] Getting sessions for all scopes...
2025-10-21 08:13:49.481 [info] Got 2 sessions for ...
2025-10-21 08:13:49.481 [info] Getting sessions for all scopes...
2025-10-21 08:13:49.481 [info] Got 2 sessions for ...
2025-10-21 08:13:51.225 [info] Getting sessions for all scopes...
2025-10-21 08:13:51.225 [info] Got 2 sessions for ...
2025-10-21 08:13:51.225 [info] Getting sessions for all scopes...
2025-10-21 08:13:51.225 [info] Got 2 sessions for ...
2025-10-21 08:13:51.225 [info] Getting sessions for all scopes...
2025-10-21 08:13:51.225 [info] Got 2 sessions for ...
2025-10-21 08:13:51.225 [info] Getting sessions for all scopes...
2025-10-21 08:13:51.225 [info] Got 2 sessions for ...
2025-10-21 08:13:51.225 [info] Getting sessions for all scopes...
2025-10-21 08:13:51.225 [info] Got 2 sessions for ...
2025-10-21 08:13:51.238 [info] Getting sessions for all scopes...
2025-10-21 08:13:51.238 [info] Got 2 sessions for ...
2025-10-21 08:13:51.269 [info] Getting sessions for all scopes...
2025-10-21 08:13:51.269 [info] Got 2 sessions for ...
2025-10-21 08:13:51.269 [info] Getting sessions for all scopes...
2025-10-21 08:13:51.269 [info] Got 2 sessions for ...
2025-10-21 08:13:51.269 [info] Getting sessions for all scopes...
2025-10-21 08:13:51.269 [info] Got 2 sessions for ...
2025-10-21 08:13:51.269 [info] Getting sessions for all scopes...
2025-10-21 08:13:51.269 [info] Got 2 sessions for ...
2025-10-21 08:13:51.269 [info] Getting sessions for all scopes...
2025-10-21 08:13:51.269 [info] Got 2 sessions for ...
2025-10-21 08:13:51.323 [info] Getting sessions for all scopes...
2025-10-21 08:13:51.324 [info] Got 2 sessions for ...
2025-10-21 08:13:51.324 [info] Getting sessions for all scopes...
2025-10-21 08:13:51.324 [info] Got 2 sessions for ...
2025-10-21 08:13:51.465 [info] Getting sessions for read:user,repo,user:email,workflow...
2025-10-21 08:13:51.465 [info] Got 1 sessions for read:user,repo,user:email,workflow...
2025-10-21 08:13:51.641 [info] Getting sessions for all scopes...
2025-10-21 08:13:51.641 [info] Got 2 sessions for ...
2025-10-21 08:13:51.642 [info] Getting sessions for all scopes...
2025-10-21 08:13:51.642 [info] Got 2 sessions for ...
2025-10-21 08:13:51.643 [info] Getting sessions for all scopes...
2025-10-21 08:13:51.643 [info] Got 2 sessions for ...
2025-10-21 08:13:51.643 [info] Getting sessions for all scopes...
2025-10-21 08:13:51.643 [info] Got 2 sessions for ...
2025-10-21 08:13:51.646 [info] Getting sessions for all scopes...
2025-10-21 08:13:51.646 [info] Got 2 sessions for ...
2025-10-21 08:13:51.646 [info] Getting sessions for read:user,repo,user:email,workflow...
2025-10-21 08:13:51.646 [info] Got 1 sessions for read:user,repo,user:email,workflow...
2025-10-21 08:13:51.651 [info] Getting sessions for all scopes...
2025-10-21 08:13:51.651 [info] Got 2 sessions for ...
2025-10-21 08:13:51.746 [info] Getting sessions for all scopes...
2025-10-21 08:13:51.746 [info] Got 2 sessions for ...
2025-10-21 08:13:51.747 [info] Getting sessions for read:user,repo,user:email,workflow...
2025-10-21 08:13:51.747 [info] Got 1 sessions for read:user,repo,user:email,workflow...
2025-10-21 08:13:51.748 [info] Getting sessions for all scopes...
2025-10-21 08:13:51.748 [info] Got 2 sessions for ...
2025-10-21 08:13:51.748 [info] Getting sessions for read:user,repo,user:email,workflow...
2025-10-21 08:13:51.748 [info] Got 1 sessions for read:user,repo,user:email,workflow...
2025-10-21 08:13:52.164 [info] FetcherService: Electron fetch failed with status: 429 
2025-10-21 08:13:52.462 [info] Getting sessions for all scopes...
2025-10-21 08:13:52.462 [info] Got 2 sessions for ...
2025-10-21 08:13:52.462 [info] Getting sessions for all scopes...
2025-10-21 08:13:52.462 [info] Got 2 sessions for ...
2025-10-21 08:13:52.469 [info] Getting sessions for read:user,repo,user:email,workflow...
2025-10-21 08:13:52.469 [info] Got 1 sessions for read:user,repo,user:email,workflow...
2025-10-21 08:13:52.471 [info] Getting sessions for all scopes...
2025-10-21 08:13:52.471 [info] Got 2 sessions for ...
2025-10-21 08:13:52.471 [info] Getting sessions for read:user,repo,user:email,workflow...
2025-10-21 08:13:52.471 [info] Got 1 sessions for read:user,repo,user:email,workflow...
2025-10-21 08:13:52.794 [info] FetcherService: Node fetch failed with status: 429 Too Many Requests
2025-10-21 08:13:53.477 [info] FetcherService: Node http/s failed with status: 429 Too Many Requests
2025-10-21 08:14:00.401 [info] Getting sessions for all scopes...
2025-10-21 08:14:00.401 [info] Got 2 sessions for ...
2025-10-21 08:14:00.402 [info] Getting sessions for read:user,repo,user:email,workflow...
2025-10-21 08:14:00.402 [info] Got 1 sessions for read:user,repo,user:email,workflow...
2025-10-21 08:14:00.407 [info] Getting sessions for all scopes...
2025-10-21 08:14:00.407 [info] Got 2 sessions for ...
2025-10-21 08:14:00.407 [info] Getting sessions for read:user,repo,user:email,workflow...
2025-10-21 08:14:00.407 [info] Got 1 sessions for read:user,repo,user:email,workflow...
2025-10-21 08:14:00.972 [info] Getting sessions for all scopes...
2025-10-21 08:14:00.972 [info] Got 2 sessions for ...
2025-10-21 08:14:00.973 [info] Getting sessions for read:user,repo,user:email,workflow...
2025-10-21 08:14:00.973 [info] Got 1 sessions for read:user,repo,user:email,workflow...
2025-10-21 08:14:00.974 [info] Getting sessions for all scopes...
2025-10-21 08:14:00.974 [info] Got 2 sessions for ...
2025-10-21 08:14:00.974 [info] Getting sessions for read:user,repo,user:email,workflow...
2025-10-21 08:14:00.974 [info] Got 1 sessions for read:user,repo,user:email,workflow...
2025-10-21 08:14:00.975 [info] Getting sessions for all scopes...
2025-10-21 08:14:00.975 [info] Got 2 sessions for ...
2025-10-21 08:14:00.975 [info] Getting sessions for read:user,repo,user:email,workflow...
2025-10-21 08:14:00.975 [info] Got 1 sessions for read:user,repo,user:email,workflow...
2025-10-21 08:14:00.976 [info] Getting sessions for all scopes...
2025-10-21 08:14:00.976 [info] Got 2 sessions for ...
2025-10-21 08:14:00.977 [info] Getting sessions for read:user,repo,user:email,workflow...
2025-10-21 08:14:00.977 [info] Got 1 sessions for read:user,repo,user:email,workflow...
2025-10-21 08:14:06.688 [info] Getting sessions for all scopes...
2025-10-21 08:14:06.688 [info] Got 2 sessions for ...
2025-10-21 08:14:06.689 [info] Getting sessions for read:user,repo,user:email,workflow...
2025-10-21 08:14:06.689 [info] Got 1 sessions for read:user,repo,user:email,workflow...
2025-10-21 08:14:06.690 [info] Getting sessions for all scopes...
2025-10-21 08:14:06.690 [info] Got 2 sessions for ...
2025-10-21 08:14:06.690 [info] Getting sessions for read:user,repo,user:email,workflow...
2025-10-21 08:14:06.690 [info] Got 1 sessions for read:user,repo,user:email,workflow...
2025-10-21 08:14:07.208 [info] Getting sessions for all scopes...
2025-10-21 08:14:07.208 [info] Got 2 sessions for ...
2025-10-21 08:14:11.177 [info] Reading sessions from keychain...
2025-10-21 08:14:11.177 [info] Got stored sessions!
2025-10-21 08:14:11.177 [info] Got 2 verified sessions.
2025-10-21 08:14:11.177 [info] Getting sessions for all scopes...
2025-10-21 08:14:11.177 [info] Got 2 sessions for ...
2025-10-21 08:14:11.177 [info] Getting sessions for all scopes...
2025-10-21 08:14:11.177 [info] Got 2 sessions for ...
2025-10-21 08:14:11.177 [info] Getting sessions for all scopes...
2025-10-21 08:14:11.178 [info] Got 2 sessions for ...
2025-10-21 08:14:11.178 [info] Getting sessions for all scopes...
2025-10-21 08:14:11.178 [info] Got 2 sessions for ...
2025-10-21 08:14:11.178 [info] Getting sessions for all scopes...
2025-10-21 08:14:11.178 [info] Got 2 sessions for ...
2025-10-21 08:14:11.178 [info] Getting sessions for all scopes...
2025-10-21 08:14:11.178 [info] Got 2 sessions for ...
2025-10-21 08:14:11.178 [info] Getting sessions for all scopes...
2025-10-21 08:14:11.178 [info] Got 2 sessions for ...
2025-10-21 08:14:11.179 [info] Getting sessions for all scopes...
2025-10-21 08:14:11.179 [info] Got 2 sessions for ...
2025-10-21 08:14:11.179 [info] Getting sessions for all scopes...
2025-10-21 08:14:11.179 [info] Got 2 sessions for ...
2025-10-21 08:14:11.268 [info] Getting sessions for read:user,repo,user:email,workflow...
2025-10-21 08:14:11.268 [info] Got 1 sessions for read:user,repo,user:email,workflow...
2025-10-21 08:14:11.279 [info] Getting sessions for all scopes...
2025-10-21 08:14:11.279 [info] Got 2 sessions for ...
2025-10-21 08:14:11.291 [info] Getting sessions for all scopes...
2025-10-21 08:14:11.291 [info] Got 2 sessions for ...
2025-10-21 08:14:11.312 [info] Getting sessions for read:user,repo,user:email,workflow...
2025-10-21 08:14:11.312 [info] Got 1 sessions for read:user,repo,user:email,workflow...
2025-10-21 08:14:11.330 [info] Getting sessions for all scopes...
2025-10-21 08:14:11.330 [info] Got 2 sessions for ...
2025-10-21 08:14:11.353 [info] Getting sessions for read:user,repo,user:email,workflow...
2025-10-21 08:14:11.353 [info] Got 1 sessions for read:user,repo,user:email,workflow...
2025-10-21 08:14:12.896 [info] Getting sessions for all scopes...
2025-10-21 08:14:12.896 [info] Got 2 sessions for ...
2025-10-21 08:14:12.898 [info] Getting sessions for read:user,repo,user:email,workflow...
2025-10-21 08:14:12.898 [info] Got 1 sessions for read:user,repo,user:email,workflow...
2025-10-21 08:14:12.962 [info] Getting sessions for all scopes...
2025-10-21 08:14:12.962 [info] Got 2 sessions for ...
2025-10-21 08:14:13.113 [info] Getting sessions for read:user,repo,user:email,workflow...
2025-10-21 08:14:13.113 [info] Got 1 sessions for read:user,repo,user:email,workflow...
2025-10-21 08:14:13.298 [info] Getting sessions for read:user,repo,user:email,workflow...
2025-10-21 08:14:13.298 [info] Got 1 sessions for read:user,repo,user:email,workflow...
2025-10-21 08:14:13.298 [info] Getting sessions for all scopes...
2025-10-21 08:14:13.298 [info] Got 2 sessions for ...
2025-10-21 08:14:13.311 [info] FetcherService: Electron fetch failed with status: 429 
2025-10-21 08:14:13.331 [info] Getting sessions for read:user,repo,user:email,workflow...
2025-10-21 08:14:13.331 [info] Got 1 sessions for read:user,repo,user:email,workflow...
2025-10-21 08:14:13.373 [info] Getting sessions for all scopes...
2025-10-21 08:14:13.373 [info] Got 2 sessions for ...
2025-10-21 08:14:13.474 [info] Getting sessions for read:user,repo,user:email,workflow...
2025-10-21 08:14:13.474 [info] Got 1 sessions for read:user,repo,user:email,workflow...
2025-10-21 08:14:13.476 [info] Getting sessions for all scopes...
2025-10-21 08:14:13.476 [info] Got 2 sessions for ...
2025-10-21 08:14:13.477 [info] Getting sessions for all scopes...
2025-10-21 08:14:13.477 [info] Got 2 sessions for ...
2025-10-21 08:14:13.923 [info] Getting sessions for all scopes...
2025-10-21 08:14:13.923 [info] Got 2 sessions for ...
2025-10-21 08:14:13.929 [info] Getting sessions for all scopes...
2025-10-21 08:14:13.929 [info] Got 2 sessions for ...
2025-10-21 08:14:13.948 [info] Getting sessions for read:user,repo,user:email,workflow...
2025-10-21 08:14:13.948 [info] Got 1 sessions for read:user,repo,user:email,workflow...
2025-10-21 08:14:13.950 [info] Getting sessions for all scopes...
2025-10-21 08:14:13.950 [info] Got 2 sessions for ...
2025-10-21 08:14:13.950 [info] Getting sessions for all scopes...
2025-10-21 08:14:13.950 [info] Got 2 sessions for ...
2025-10-21 08:14:13.951 [info] Getting sessions for read:user,repo,user:email,workflow...
2025-10-21 08:14:13.951 [info] Got 1 sessions for read:user,repo,user:email,workflow...
2025-10-21 08:14:13.952 [info] Getting sessions for all scopes...
2025-10-21 08:14:13.952 [info] Got 2 sessions for ...
2025-10-21 08:14:13.952 [info] Getting sessions for read:user,repo,user:email,workflow...
2025-10-21 08:14:13.952 [info] Got 1 sessions for read:user,repo,user:email,workflow...
2025-10-21 08:14:13.953 [info] Getting sessions for all scopes...
2025-10-21 08:14:13.953 [info] Got 2 sessions for ...
2025-10-21 08:14:13.953 [info] Getting sessions for read:user,repo,user:email,workflow...
2025-10-21 08:14:13.953 [info] Got 1 sessions for read:user,repo,user:email,workflow...
2025-10-21 08:14:14.826 [info] Getting sessions for all scopes...
2025-10-21 08:14:14.826 [info] Got 2 sessions for ...
2025-10-21 08:14:14.827 [info] Getting sessions for read:user,repo,user:email,workflow...
2025-10-21 08:14:14.827 [info] Got 1 sessions for read:user,repo,user:email,workflow...
2025-10-21 08:14:14.828 [info] Getting sessions for all scopes...
2025-10-21 08:14:14.828 [info] Got 2 sessions for ...
2025-10-21 08:14:14.828 [info] Getting sessions for read:user,repo,user:email,workflow...
2025-10-21 08:14:14.828 [info] Got 1 sessions for read:user,repo,user:email,workflow...
2025-10-21 08:14:15.203 [info] FetcherService: Node fetch failed with status: 429 Too Many Requests
2025-10-21 08:14:15.384 [info] Getting sessions for all scopes...
2025-10-21 08:14:15.384 [info] Got 2 sessions for ...
2025-10-21 08:14:15.701 [info] FetcherService: Node http/s failed with status: 429 Too Many Requests
2025-10-21 08:14:20.660 [info] Reading sessions from keychain...
2025-10-21 08:14:20.660 [info] Got stored sessions!
2025-10-21 08:14:20.660 [info] Got 2 verified sessions.
2025-10-21 08:14:20.660 [info] Getting sessions for all scopes...
2025-10-21 08:14:20.660 [info] Got 2 sessions for ...
2025-10-21 08:14:20.660 [info] Getting sessions for all scopes...
2025-10-21 08:14:20.660 [info] Got 2 sessions for ...
2025-10-21 08:14:20.660 [info] Getting sessions for all scopes...
2025-10-21 08:14:20.660 [info] Got 2 sessions for ...
2025-10-21 08:14:20.660 [info] Getting sessions for all scopes...
2025-10-21 08:14:20.660 [info] Got 2 sessions for ...
2025-10-21 08:14:20.660 [info] Getting sessions for all scopes...
2025-10-21 08:14:20.660 [info] Got 2 sessions for ...
2025-10-21 08:14:20.660 [info] Getting sessions for all scopes...
2025-10-21 08:14:20.660 [info] Got 2 sessions for ...
2025-10-21 08:14:20.660 [info] Getting sessions for all scopes...
2025-10-21 08:14:20.660 [info] Got 2 sessions for ...
2025-10-21 08:14:20.660 [info] Getting sessions for all scopes...
2025-10-21 08:14:20.660 [info] Got 2 sessions for ...
2025-10-21 08:14:20.660 [info] Getting sessions for all scopes...
2025-10-21 08:14:20.660 [info] Got 2 sessions for ...
2025-10-21 08:14:20.695 [info] Getting sessions for read:user,repo,user:email,workflow...
2025-10-21 08:14:20.695 [info] Got 1 sessions for read:user,repo,user:email,workflow...
2025-10-21 08:14:20.761 [info] Getting sessions for all scopes...
2025-10-21 08:14:20.761 [info] Got 2 sessions for ...
2025-10-21 08:14:20.772 [info] Getting sessions for all scopes...
2025-10-21 08:14:20.772 [info] Got 2 sessions for ...
2025-10-21 08:14:20.816 [info] Getting sessions for read:user,repo,user:email,workflow...
2025-10-21 08:14:20.816 [info] Got 1 sessions for read:user,repo,user:email,workflow...
2025-10-21 08:14:22.147 [info] Getting sessions for all scopes...
2025-10-21 08:14:22.147 [info] Got 2 sessions for ...
2025-10-21 08:14:22.147 [info] Getting sessions for all scopes...
2025-10-21 08:14:22.147 [info] Got 2 sessions for ...
2025-10-21 08:14:22.424 [info] FetcherService: Electron fetch failed with status: 429 
2025-10-21 08:14:22.427 [info] Getting sessions for read:user,repo,user:email,workflow...
2025-10-21 08:14:22.427 [info] Got 1 sessions for read:user,repo,user:email,workflow...
2025-10-21 08:14:22.440 [info] Getting sessions for read:user,repo,user:email,workflow...
2025-10-21 08:14:22.440 [info] Got 1 sessions for read:user,repo,user:email,workflow...
2025-10-21 08:14:22.440 [info] Getting sessions for read:user,repo,user:email,workflow...
2025-10-21 08:14:22.440 [info] Got 1 sessions for read:user,repo,user:email,workflow...
2025-10-21 08:14:23.053 [info] Getting sessions for all scopes...
2025-10-21 08:14:23.053 [info] Got 2 sessions for ...
2025-10-21 08:14:23.053 [info] Getting sessions for all scopes...
2025-10-21 08:14:23.053 [info] Got 2 sessions for ...
2025-10-21 08:14:23.062 [info] Getting sessions for read:user,repo,user:email,workflow...
2025-10-21 08:14:23.062 [info] Got 1 sessions for read:user,repo,user:email,workflow...
2025-10-21 08:14:23.183 [info] FetcherService: Node fetch failed with status: 429 Too Many Requests
2025-10-21 08:14:23.231 [info] Getting sessions for all scopes...
2025-10-21 08:14:23.231 [info] Got 2 sessions for ...
2025-10-21 08:14:23.759 [info] FetcherService: Node http/s failed with status: 429 Too Many Requests
2025-10-21 08:14:31.175 [info] Getting sessions for all scopes...
2025-10-21 08:14:31.175 [info] Got 2 sessions for ...
2025-10-21 08:14:31.175 [info] Getting sessions for read:user,repo,user:email,workflow...
2025-10-21 08:14:31.175 [info] Got 1 sessions for read:user,repo,user:email,workflow...
