2025-09-25 09:36:32.774 [info] Reading sessions from keychain...
2025-09-25 09:36:32.775 [info] Getting sessions for all scopes...
2025-09-25 09:36:32.904 [info] Got stored sessions!
2025-09-25 09:36:32.904 [info] Got 2 verified sessions.
2025-09-25 09:36:32.904 [info] Got 2 sessions for ...
2025-09-25 09:36:32.904 [info] Getting sessions for all scopes...
2025-09-25 09:36:32.904 [info] Got 2 sessions for ...
2025-09-25 09:36:32.904 [info] Getting sessions for all scopes...
2025-09-25 09:36:32.904 [info] Got 2 sessions for ...
2025-09-25 09:36:32.904 [info] Getting sessions for all scopes...
2025-09-25 09:36:32.904 [info] Got 2 sessions for ...
2025-09-25 09:36:32.904 [info] Getting sessions for all scopes...
2025-09-25 09:36:32.904 [info] Got 2 sessions for ...
2025-09-25 09:36:32.904 [info] Getting sessions for all scopes...
2025-09-25 09:36:32.904 [info] Got 2 sessions for ...
2025-09-25 09:36:32.905 [info] Getting sessions for all scopes...
2025-09-25 09:36:32.905 [info] Got 2 sessions for ...
2025-09-25 09:36:32.963 [info] Getting sessions for all scopes...
2025-09-25 09:36:32.963 [info] Got 2 sessions for ...
2025-09-25 09:36:32.963 [info] Getting sessions for all scopes...
2025-09-25 09:36:32.963 [info] Got 2 sessions for ...
2025-09-25 09:36:32.963 [info] Getting sessions for all scopes...
2025-09-25 09:36:32.964 [info] Got 2 sessions for ...
2025-09-25 09:36:32.964 [info] Getting sessions for all scopes...
2025-09-25 09:36:32.964 [info] Got 2 sessions for ...
2025-09-25 09:36:32.964 [info] Getting sessions for all scopes...
2025-09-25 09:36:32.964 [info] Got 2 sessions for ...
2025-09-25 09:36:32.964 [info] Getting sessions for all scopes...
2025-09-25 09:36:32.964 [info] Got 2 sessions for ...
2025-09-25 09:36:33.377 [info] Getting sessions for all scopes...
2025-09-25 09:36:33.377 [info] Got 2 sessions for ...
2025-09-25 09:36:33.448 [info] Getting sessions for read:user,repo,user:email,workflow...
2025-09-25 09:36:33.448 [info] Got 1 sessions for read:user,repo,user:email,workflow...
2025-09-25 09:36:33.925 [info] Getting sessions for all scopes...
2025-09-25 09:36:33.925 [info] Got 2 sessions for ...
2025-09-25 09:36:35.389 [info] fetching: Electron fetch failed with status: 429 
2025-09-25 09:36:35.396 [info] Getting sessions for all scopes...
2025-09-25 09:36:35.396 [info] Got 2 sessions for ...
2025-09-25 09:36:35.396 [info] Getting sessions for all scopes...
2025-09-25 09:36:35.396 [info] Got 2 sessions for ...
2025-09-25 09:36:35.397 [info] Getting sessions for all scopes...
2025-09-25 09:36:35.397 [info] Got 2 sessions for ...
2025-09-25 09:36:35.692 [info] Getting sessions for all scopes...
2025-09-25 09:36:35.692 [info] Got 2 sessions for ...
2025-09-25 09:36:35.693 [info] Getting sessions for all scopes...
2025-09-25 09:36:35.693 [info] Got 2 sessions for ...
2025-09-25 09:36:35.693 [info] Getting sessions for read:user,repo,user:email,workflow...
2025-09-25 09:36:35.693 [info] Got 1 sessions for read:user,repo,user:email,workflow...
2025-09-25 09:36:35.810 [info] fetching: Node fetch failed with status: 429 Too Many Requests
2025-09-25 09:36:36.191 [info] fetching: Node http/s failed with status: 429 Too Many Requests
2025-09-25 09:36:38.338 [info] Getting sessions for all scopes...
2025-09-25 09:36:38.338 [info] Got 2 sessions for ...
2025-09-25 09:36:38.339 [info] Getting sessions for all scopes...
2025-09-25 09:36:38.339 [info] Got 2 sessions for ...
2025-09-25 09:36:38.398 [info] Getting sessions for read:user,repo,user:email,workflow...
2025-09-25 09:36:38.398 [info] Got 1 sessions for read:user,repo,user:email,workflow...
2025-09-25 09:36:38.405 [info] Getting sessions for all scopes...
2025-09-25 09:36:38.405 [info] Got 2 sessions for ...
2025-09-25 09:36:38.412 [info] Getting sessions for all scopes...
2025-09-25 09:36:38.412 [info] Got 2 sessions for ...
2025-09-25 09:36:38.412 [info] Getting sessions for read:user,repo,user:email,workflow...
2025-09-25 09:36:38.412 [info] Got 1 sessions for read:user,repo,user:email,workflow...
2025-09-25 09:36:38.413 [info] Getting sessions for all scopes...
2025-09-25 09:36:38.413 [info] Got 2 sessions for ...
2025-09-25 09:36:38.414 [info] Getting sessions for read:user,repo,user:email,workflow...
2025-09-25 09:36:38.414 [info] Got 1 sessions for read:user,repo,user:email,workflow...
2025-09-25 09:36:38.567 [info] Getting sessions for all scopes...
2025-09-25 09:36:38.567 [info] Got 2 sessions for ...
2025-09-25 09:36:38.570 [info] Getting sessions for read:user,repo,user:email,workflow...
2025-09-25 09:36:38.570 [info] Got 1 sessions for read:user,repo,user:email,workflow...
2025-09-25 09:36:38.802 [info] Getting sessions for all scopes...
2025-09-25 09:36:38.802 [info] Got 2 sessions for ...
2025-09-25 09:36:38.829 [info] Getting sessions for read:user,repo,user:email,workflow...
2025-09-25 09:36:38.829 [info] Got 1 sessions for read:user,repo,user:email,workflow...
2025-09-25 09:36:38.831 [info] Getting sessions for all scopes...
2025-09-25 09:36:38.831 [info] Got 2 sessions for ...
2025-09-25 09:36:38.838 [info] Getting sessions for all scopes...
2025-09-25 09:36:38.838 [info] Got 2 sessions for ...
2025-09-25 09:36:38.838 [info] Getting sessions for read:user,repo,user:email,workflow...
2025-09-25 09:36:38.838 [info] Got 1 sessions for read:user,repo,user:email,workflow...
2025-09-25 09:36:38.840 [info] Getting sessions for all scopes...
2025-09-25 09:36:38.840 [info] Got 2 sessions for ...
2025-09-25 09:36:38.841 [info] Getting sessions for read:user,repo,user:email,workflow...
2025-09-25 09:36:38.841 [info] Got 1 sessions for read:user,repo,user:email,workflow...
2025-09-25 09:36:38.892 [info] Getting sessions for all scopes...
2025-09-25 09:36:38.893 [info] Got 2 sessions for ...
2025-09-25 09:36:38.897 [info] Getting sessions for read:user,repo,user:email,workflow...
2025-09-25 09:36:38.897 [info] Got 1 sessions for read:user,repo,user:email,workflow...
2025-09-25 09:36:38.903 [info] Getting sessions for all scopes...
2025-09-25 09:36:38.903 [info] Got 2 sessions for ...
2025-09-25 09:36:38.905 [info] Getting sessions for all scopes...
2025-09-25 09:36:38.905 [info] Got 2 sessions for ...
2025-09-25 09:36:39.248 [info] Getting sessions for all scopes...
2025-09-25 09:36:39.248 [info] Got 2 sessions for ...
2025-09-25 09:36:39.250 [info] Getting sessions for read:user,repo,user:email,workflow...
2025-09-25 09:36:39.250 [info] Got 1 sessions for read:user,repo,user:email,workflow...
2025-09-25 09:36:39.251 [info] Getting sessions for all scopes...
2025-09-25 09:36:39.251 [info] Got 2 sessions for ...
2025-09-25 09:36:39.251 [info] Getting sessions for read:user,repo,user:email,workflow...
2025-09-25 09:36:39.251 [info] Got 1 sessions for read:user,repo,user:email,workflow...
2025-09-25 09:36:39.709 [info] Getting sessions for all scopes...
2025-09-25 09:36:39.709 [info] Got 2 sessions for ...
2025-09-25 09:36:44.255 [info] Getting sessions for all scopes...
2025-09-25 09:36:44.255 [info] Got 2 sessions for ...
2025-09-25 09:36:44.256 [info] Getting sessions for read:user,repo,user:email,workflow...
2025-09-25 09:36:44.256 [info] Got 1 sessions for read:user,repo,user:email,workflow...
2025-09-25 09:36:44.740 [info] Getting sessions for all scopes...
2025-09-25 09:36:44.740 [info] Got 2 sessions for ...
2025-09-25 09:36:44.741 [info] Getting sessions for read:user,repo,user:email,workflow...
2025-09-25 09:36:44.741 [info] Got 1 sessions for read:user,repo,user:email,workflow...
2025-09-25 09:36:45.223 [info] Getting sessions for all scopes...
2025-09-25 09:36:45.223 [info] Got 2 sessions for ...
2025-09-25 09:36:45.224 [info] Getting sessions for read:user,repo,user:email,workflow...
2025-09-25 09:36:45.224 [info] Got 1 sessions for read:user,repo,user:email,workflow...
2025-09-25 09:36:52.940 [info] Reading sessions from keychain...
2025-09-25 09:36:52.940 [info] Got stored sessions!
2025-09-25 09:36:52.940 [info] Got 2 verified sessions.
2025-09-25 09:36:52.940 [info] Getting sessions for all scopes...
2025-09-25 09:36:52.940 [info] Got 2 sessions for ...
2025-09-25 09:36:52.940 [info] Getting sessions for all scopes...
2025-09-25 09:36:52.940 [info] Got 2 sessions for ...
2025-09-25 09:36:52.940 [info] Getting sessions for all scopes...
2025-09-25 09:36:52.940 [info] Got 2 sessions for ...
2025-09-25 09:36:52.940 [info] Getting sessions for all scopes...
2025-09-25 09:36:52.940 [info] Got 2 sessions for ...
2025-09-25 09:36:52.940 [info] Getting sessions for all scopes...
2025-09-25 09:36:52.940 [info] Got 2 sessions for ...
2025-09-25 09:36:52.940 [info] Getting sessions for all scopes...
2025-09-25 09:36:52.940 [info] Got 2 sessions for ...
2025-09-25 09:36:52.940 [info] Getting sessions for all scopes...
2025-09-25 09:36:52.940 [info] Got 2 sessions for ...
2025-09-25 09:36:52.940 [info] Getting sessions for all scopes...
2025-09-25 09:36:52.940 [info] Got 2 sessions for ...
2025-09-25 09:36:52.940 [info] Getting sessions for all scopes...
2025-09-25 09:36:52.940 [info] Got 2 sessions for ...
2025-09-25 09:36:52.969 [info] Getting sessions for read:user,repo,user:email,workflow...
2025-09-25 09:36:52.969 [info] Got 1 sessions for read:user,repo,user:email,workflow...
2025-09-25 09:36:53.055 [info] Getting sessions for all scopes...
2025-09-25 09:36:53.055 [info] Got 2 sessions for ...
2025-09-25 09:36:53.068 [info] Getting sessions for all scopes...
2025-09-25 09:36:53.068 [info] Got 2 sessions for ...
2025-09-25 09:36:54.149 [info] Getting sessions for read:user,repo,user:email,workflow...
2025-09-25 09:36:54.149 [info] Got 1 sessions for read:user,repo,user:email,workflow...
2025-09-25 09:36:54.304 [info] fetching: Electron fetch failed with status: 429 
2025-09-25 09:36:54.488 [info] Getting sessions for all scopes...
2025-09-25 09:36:54.488 [info] Got 2 sessions for ...
2025-09-25 09:36:54.517 [info] Getting sessions for read:user,repo,user:email,workflow...
2025-09-25 09:36:54.517 [info] Got 1 sessions for read:user,repo,user:email,workflow...
2025-09-25 09:36:54.517 [info] Getting sessions for all scopes...
2025-09-25 09:36:54.517 [info] Got 2 sessions for ...
2025-09-25 09:36:54.549 [info] Getting sessions for read:user,repo,user:email,workflow...
2025-09-25 09:36:54.549 [info] Got 1 sessions for read:user,repo,user:email,workflow...
2025-09-25 09:36:54.678 [info] Getting sessions for all scopes...
2025-09-25 09:36:54.678 [info] Got 2 sessions for ...
2025-09-25 09:36:54.688 [info] Getting sessions for read:user,repo,user:email,workflow...
2025-09-25 09:36:54.688 [info] Got 1 sessions for read:user,repo,user:email,workflow...
2025-09-25 09:36:54.691 [info] Getting sessions for read:user,repo,user:email,workflow...
2025-09-25 09:36:54.691 [info] Got 1 sessions for read:user,repo,user:email,workflow...
2025-09-25 09:36:54.756 [info] Getting sessions for all scopes...
2025-09-25 09:36:54.756 [info] Got 2 sessions for ...
2025-09-25 09:36:54.763 [info] Getting sessions for read:user,repo,user:email,workflow...
2025-09-25 09:36:54.763 [info] Got 1 sessions for read:user,repo,user:email,workflow...
2025-09-25 09:36:54.898 [info] Getting sessions for all scopes...
2025-09-25 09:36:54.898 [info] Got 2 sessions for ...
2025-09-25 09:36:54.898 [info] Getting sessions for all scopes...
2025-09-25 09:36:54.898 [info] Got 2 sessions for ...
2025-09-25 09:36:54.905 [info] Getting sessions for read:user,repo,user:email,workflow...
2025-09-25 09:36:54.906 [info] Got 1 sessions for read:user,repo,user:email,workflow...
2025-09-25 09:36:54.907 [info] Getting sessions for all scopes...
2025-09-25 09:36:54.907 [info] Got 2 sessions for ...
2025-09-25 09:36:54.907 [info] Getting sessions for read:user,repo,user:email,workflow...
2025-09-25 09:36:54.907 [info] Got 1 sessions for read:user,repo,user:email,workflow...
2025-09-25 09:36:54.945 [info] Getting sessions for all scopes...
2025-09-25 09:36:54.945 [info] Got 2 sessions for ...
2025-09-25 09:36:54.946 [info] Getting sessions for read:user,repo,user:email,workflow...
2025-09-25 09:36:54.946 [info] Got 1 sessions for read:user,repo,user:email,workflow...
2025-09-25 09:36:54.967 [info] fetching: Node fetch failed with status: 429 Too Many Requests
2025-09-25 09:36:55.003 [info] Getting sessions for all scopes...
2025-09-25 09:36:55.003 [info] Got 2 sessions for ...
2025-09-25 09:36:55.003 [info] Getting sessions for read:user,repo,user:email,workflow...
2025-09-25 09:36:55.003 [info] Got 1 sessions for read:user,repo,user:email,workflow...
2025-09-25 09:36:55.004 [info] Getting sessions for all scopes...
2025-09-25 09:36:55.004 [info] Got 2 sessions for ...
2025-09-25 09:36:55.005 [info] Getting sessions for read:user,repo,user:email,workflow...
2025-09-25 09:36:55.005 [info] Got 1 sessions for read:user,repo,user:email,workflow...
2025-09-25 09:36:55.332 [info] fetching: Node http/s failed with status: 429 Too Many Requests
2025-09-25 09:36:55.467 [info] Getting sessions for all scopes...
2025-09-25 09:36:55.467 [info] Got 2 sessions for ...
2025-09-25 09:37:00.436 [info] Reading sessions from keychain...
2025-09-25 09:37:00.436 [info] Got stored sessions!
2025-09-25 09:37:00.436 [info] Got 2 verified sessions.
2025-09-25 09:37:00.436 [info] Getting sessions for all scopes...
2025-09-25 09:37:00.436 [info] Got 2 sessions for ...
2025-09-25 09:37:00.436 [info] Getting sessions for all scopes...
2025-09-25 09:37:00.436 [info] Got 2 sessions for ...
2025-09-25 09:37:00.436 [info] Getting sessions for all scopes...
2025-09-25 09:37:00.436 [info] Got 2 sessions for ...
2025-09-25 09:37:00.436 [info] Getting sessions for all scopes...
2025-09-25 09:37:00.436 [info] Got 2 sessions for ...
2025-09-25 09:37:00.436 [info] Getting sessions for all scopes...
2025-09-25 09:37:00.436 [info] Got 2 sessions for ...
2025-09-25 09:37:00.436 [info] Getting sessions for all scopes...
2025-09-25 09:37:00.436 [info] Got 2 sessions for ...
2025-09-25 09:37:00.436 [info] Getting sessions for all scopes...
2025-09-25 09:37:00.436 [info] Got 2 sessions for ...
2025-09-25 09:37:00.436 [info] Getting sessions for all scopes...
2025-09-25 09:37:00.436 [info] Got 2 sessions for ...
2025-09-25 09:37:00.436 [info] Getting sessions for all scopes...
2025-09-25 09:37:00.436 [info] Got 2 sessions for ...
2025-09-25 09:37:00.453 [info] Getting sessions for read:user,repo,user:email,workflow...
2025-09-25 09:37:00.453 [info] Got 1 sessions for read:user,repo,user:email,workflow...
2025-09-25 09:37:00.497 [info] Getting sessions for all scopes...
2025-09-25 09:37:00.498 [info] Got 2 sessions for ...
2025-09-25 09:37:00.498 [info] Getting sessions for all scopes...
2025-09-25 09:37:00.498 [info] Got 2 sessions for ...
2025-09-25 09:37:01.666 [info] Getting sessions for read:user,repo,user:email,workflow...
2025-09-25 09:37:01.666 [info] Got 1 sessions for read:user,repo,user:email,workflow...
2025-09-25 09:37:01.954 [info] Getting sessions for all scopes...
2025-09-25 09:37:01.954 [info] Got 2 sessions for ...
2025-09-25 09:37:01.954 [info] Getting sessions for all scopes...
2025-09-25 09:37:01.954 [info] Got 2 sessions for ...
2025-09-25 09:37:01.956 [info] fetching: Electron fetch failed with status: 429 
2025-09-25 09:37:01.968 [info] Getting sessions for read:user,repo,user:email,workflow...
2025-09-25 09:37:01.968 [info] Got 1 sessions for read:user,repo,user:email,workflow...
2025-09-25 09:37:01.970 [info] Getting sessions for read:user,repo,user:email,workflow...
2025-09-25 09:37:01.970 [info] Got 1 sessions for read:user,repo,user:email,workflow...
2025-09-25 09:37:02.162 [info] Getting sessions for all scopes...
2025-09-25 09:37:02.162 [info] Got 2 sessions for ...
2025-09-25 09:37:02.163 [info] Getting sessions for read:user,repo,user:email,workflow...
2025-09-25 09:37:02.163 [info] Got 1 sessions for read:user,repo,user:email,workflow...
2025-09-25 09:37:02.305 [info] fetching: Node fetch failed with status: 429 Too Many Requests
2025-09-25 09:37:02.383 [info] Getting sessions for all scopes...
2025-09-25 09:37:02.383 [info] Got 2 sessions for ...
2025-09-25 09:37:02.383 [info] Getting sessions for all scopes...
2025-09-25 09:37:02.383 [info] Got 2 sessions for ...
2025-09-25 09:37:02.404 [info] Getting sessions for read:user,repo,user:email,workflow...
2025-09-25 09:37:02.404 [info] Got 1 sessions for read:user,repo,user:email,workflow...
2025-09-25 09:37:02.405 [info] Getting sessions for all scopes...
2025-09-25 09:37:02.405 [info] Got 2 sessions for ...
2025-09-25 09:37:02.406 [info] Getting sessions for read:user,repo,user:email,workflow...
2025-09-25 09:37:02.406 [info] Got 1 sessions for read:user,repo,user:email,workflow...
2025-09-25 09:37:02.440 [info] Getting sessions for all scopes...
2025-09-25 09:37:02.440 [info] Got 2 sessions for ...
2025-09-25 09:37:02.441 [info] Getting sessions for read:user,repo,user:email,workflow...
2025-09-25 09:37:02.441 [info] Got 1 sessions for read:user,repo,user:email,workflow...
2025-09-25 09:37:02.504 [info] Getting sessions for all scopes...
2025-09-25 09:37:02.504 [info] Got 2 sessions for ...
2025-09-25 09:37:02.504 [info] Getting sessions for read:user,repo,user:email,workflow...
2025-09-25 09:37:02.504 [info] Got 1 sessions for read:user,repo,user:email,workflow...
2025-09-25 09:37:02.505 [info] Getting sessions for all scopes...
2025-09-25 09:37:02.505 [info] Got 2 sessions for ...
2025-09-25 09:37:02.506 [info] Getting sessions for read:user,repo,user:email,workflow...
2025-09-25 09:37:02.506 [info] Got 1 sessions for read:user,repo,user:email,workflow...
2025-09-25 09:37:02.676 [info] fetching: Node http/s failed with status: 429 Too Many Requests
2025-09-25 09:37:02.945 [info] Getting sessions for all scopes...
2025-09-25 09:37:02.945 [info] Got 2 sessions for ...
