2025-10-23 18:36:21.410 [info] /home/usainzg/.config/Code/User/settings.json closed
2025-10-23 18:36:21.557 [info] Configuration changed
2025-10-23 18:36:21.612 [info] Configuration changed
2025-10-23 18:36:21.718 [info] Configuration changed
2025-10-23 18:36:21.809 [info] Configuration changed
2025-10-23 18:36:21.841 [info] Configuration changed
2025-10-23 18:36:22.106 [info] Configuration changed
2025-10-23 18:36:22.775 [info] Configuration changed
2025-10-23 18:37:10.039 [info] Active editor: file:///home/usainzg/Projects/glowish/deps.req
2025-10-23 18:37:10.049 [info] /home/usainzg/Projects/glowish/custom_strategies/GLow_strategy.py.git closed
2025-10-23 18:37:14.624 [info] /home/usainzg/Projects/glowish/deps.req closed
2025-10-23 18:37:14.648 [info] Active editor: file:///home/usainzg/Projects/glowish/custom_strategies/GLow_strategy.py
2025-10-23 18:37:14.661 [info] /home/usainzg/Projects/glowish/deps.req.git closed
2025-10-23 18:37:19.100 [info] Active editor: file:///home/usainzg/Projects/glowish/requirements.txt
2025-10-23 18:37:19.104 [info] /home/usainzg/Projects/glowish/custom_strategies/GLow_strategy.py.git closed
2025-10-23 18:37:24.140 [info] /home/usainzg/.config/Code/User/settings.json closed
2025-10-23 18:37:24.162 [info] Configuration changed
2025-10-23 18:37:24.575 [info] Executing :w
2025-10-23 18:37:24.601 [info] /home/usainzg/.config/Code/User/settings.json closed
2025-10-23 18:37:24.620 [info] Configuration changed
2025-10-23 18:40:08.410 [info] /home/usainzg/Projects/glowish/requirements.txt closed
2025-10-23 18:40:08.415 [info] Active editor: file:///home/usainzg/Projects/glowish/custom_strategies/GLow_strategy.py
2025-10-23 18:40:09.764 [info] /home/usainzg/Projects/glowish/custom_strategies/GLow_strategy.py closed
2025-10-23 18:40:09.779 [info] Active editor: file:///home/usainzg/Projects/glowish/hydra_main.py
2025-10-23 18:40:09.795 [info] /home/usainzg/Projects/glowish/custom_strategies/GLow_strategy.py.git closed
2025-10-23 18:46:52.905 [info] /home/usainzg/Projects/glowish/hydra_main.py closed
2025-10-23 18:46:52.905 [info] /home/usainzg/Projects/glowish/hydra_main.py.git closed
2025-10-23 18:47:01.582 [info] Active editor: file:///home/usainzg/Projects/glowish/GAME_THEORY_IMPLEMENTATION_SUMMARY.md
2025-10-23 19:06:02.993 [info] /home/usainzg/Projects/glowish/GAME_THEORY_IMPLEMENTATION_SUMMARY.md closed
2025-10-23 19:06:03.020 [info] Active editor: file:///home/usainzg/Projects/glowish/demo_game_theory_scheduling.py
2025-10-23 19:06:03.032 [info] /home/usainzg/Projects/glowish/GAME_THEORY_IMPLEMENTATION_SUMMARY.md.git closed
2025-10-23 19:07:38.374 [info] /home/usainzg/Projects/glowish/topology_metrics.py closed
2025-10-23 19:07:38.817 [info] Active editor: file:///home/usainzg/Projects/glowish/topology_metrics.py
2025-10-23 19:07:38.836 [info] /home/usainzg/Projects/glowish/demo_game_theory_scheduling.py.git closed
2025-10-23 19:08:46.112 [info] /home/usainzg/Projects/glowish/topology_metrics.py closed
2025-10-23 19:08:46.125 [info] Active editor: file:///home/usainzg/Projects/glowish/test_topology_scheduling.py
2025-10-23 19:08:46.134 [info] /home/usainzg/Projects/glowish/topology_metrics.py.git closed
2025-10-23 19:08:49.430 [info] /home/usainzg/Projects/glowish/test_topology_scheduling.py closed
2025-10-23 19:08:49.443 [info] Active editor: file:///home/usainzg/Projects/glowish/demo_topology_metrics.py
2025-10-23 19:08:49.448 [info] /home/usainzg/Projects/glowish/test_topology_scheduling.py.git closed
2025-10-23 19:08:57.134 [info] /home/usainzg/Projects/glowish/topology_metrics.py closed
2025-10-23 19:08:57.539 [info] Active editor: file:///home/usainzg/Projects/glowish/topology_metrics.py
2025-10-23 19:08:57.551 [info] /home/usainzg/Projects/glowish/demo_topology_metrics.py.git closed
2025-10-23 19:09:19.428 [info] /home/usainzg/Projects/glowish/topology_metrics.py closed
2025-10-23 19:09:19.431 [info] Active editor: file:///home/usainzg/Projects/glowish/demo_topology_metrics.py
2025-10-23 19:09:19.444 [info] /home/usainzg/Projects/glowish/topology_metrics.py.git closed
2025-10-23 19:09:21.052 [info] /home/usainzg/Projects/glowish/demo_topology_metrics.py closed
2025-10-23 19:09:21.055 [info] Active editor: file:///home/usainzg/Projects/glowish/demo_game_theory_scheduling.py
2025-10-23 19:09:21.064 [info] /home/usainzg/Projects/glowish/demo_topology_metrics.py.git closed
2025-10-23 19:09:21.987 [info] /home/usainzg/Projects/glowish/demo_game_theory_scheduling.py closed
2025-10-23 19:09:21.987 [info] /home/usainzg/Projects/glowish/demo_game_theory_scheduling.py.git closed
2025-10-23 19:09:23.494 [info] Active editor: file:///home/usainzg/Projects/glowish/DECENTRALIZED_SCHEDULING_SUMMARY.md
2025-10-23 19:09:38.806 [info] /home/usainzg/Projects/glowish/DECENTRALIZED_SCHEDULING_SUMMARY.md closed
2025-10-23 19:09:38.819 [info] Active editor: file:///home/usainzg/Projects/glowish/generate_topology_cli.py
2025-10-23 19:09:38.828 [info] /home/usainzg/Projects/glowish/DECENTRALIZED_SCHEDULING_SUMMARY.md.git closed
2025-10-23 19:09:42.437 [info] /home/usainzg/Projects/glowish/generate_topology_cli.py closed
2025-10-23 19:09:42.450 [info] Active editor: file:///home/usainzg/Projects/glowish/example_topology_usage.py
2025-10-23 19:09:42.457 [info] /home/usainzg/Projects/glowish/generate_topology_cli.py.git closed
2025-10-23 19:10:38.331 [info] /home/usainzg/Projects/glowish/topology_generator.py closed
2025-10-23 19:10:39.702 [info] /home/usainzg/Projects/glowish/example_topology_usage.py closed
2025-10-23 19:10:39.703 [info] /home/usainzg/Projects/glowish/example_topology_usage.py.git closed
2025-10-23 19:10:45.126 [info] Active editor: file:///home/usainzg/Projects/glowish/GAME_THEORY_USAGE_EXAMPLES.md
2025-10-23 19:10:50.189 [info] /home/usainzg/Projects/glowish/GAME_THEORY_USAGE_EXAMPLES.md closed
2025-10-23 19:10:50.189 [info] /home/usainzg/Projects/glowish/GAME_THEORY_USAGE_EXAMPLES.md.git closed
2025-10-23 19:10:51.906 [info] Active editor: file:///home/usainzg/Projects/glowish/GAME_THEORY_HEAD_SELECTION.md
2025-10-23 19:11:19.052 [info] /home/usainzg/Projects/glowish/GAME_THEORY_HEAD_SELECTION.md closed
2025-10-23 19:11:19.053 [info] /home/usainzg/Projects/glowish/GAME_THEORY_HEAD_SELECTION.md.git closed
2025-10-23 19:11:25.985 [info] Active editor: file:///home/usainzg/Projects/glowish/test_scheduling.py
2025-10-23 19:11:41.449 [info] /home/usainzg/Projects/glowish/test_scheduling.py closed
2025-10-23 19:11:41.463 [info] Active editor: file:///home/usainzg/Projects/glowish/custom_strategies/GLow_strategy.py
2025-10-23 19:11:41.471 [info] /home/usainzg/Projects/glowish/test_scheduling.py.git closed
2025-10-23 19:11:56.765 [info] /home/usainzg/.config/Code/User/settings.json closed
2025-10-23 19:11:56.787 [info] Configuration changed
2025-10-23 19:12:00.738 [info] /home/usainzg/.config/Code/User/settings.json closed
2025-10-23 19:12:00.756 [info] Configuration changed
2025-10-23 19:13:24.656 [info] /home/usainzg/Projects/glowish/custom_strategies/GLow_strategy.py closed
2025-10-23 19:13:24.671 [info] Active editor: file:///home/usainzg/Projects/glowish/flwr_lib_modifications/aggregate.py
2025-10-23 19:13:24.679 [info] /home/usainzg/Projects/glowish/custom_strategies/GLow_strategy.py.git closed
2025-10-23 19:13:49.878 [info] /home/usainzg/Projects/glowish/flwr_lib_modifications/aggregate.py closed
2025-10-23 19:13:49.878 [info] /home/usainzg/Projects/glowish/flwr_lib_modifications/aggregate.py.git closed
2025-10-23 19:13:58.730 [info] Active editor: file:///home/usainzg/Projects/glowish/flwr_lib_modifications/aggregate.py
2025-10-23 19:14:40.981 [info] Active editor: file:///home/usainzg/Projects/glowish/.venv/lib/python3.11/site-packages/flwr/server/strategy/aggregate.py
2025-10-23 19:14:40.987 [info] /home/usainzg/Projects/glowish/flwr_lib_modifications/aggregate.py.git closed
2025-10-23 19:14:43.721 [info] /home/usainzg/Projects/glowish/.venv/lib/python3.11/site-packages/flwr/server/strategy/aggregate.py closed
2025-10-23 19:14:43.725 [info] Active editor: file:///home/usainzg/Projects/glowish/flwr_lib_modifications/aggregate.py
2025-10-23 19:14:45.219 [info] /home/usainzg/Projects/glowish/flwr_lib_modifications/aggregate.py closed
2025-10-23 19:14:45.219 [info] /home/usainzg/Projects/glowish/flwr_lib_modifications/aggregate.py.git closed
2025-10-23 19:21:03.811 [info] Active editor: file:///home/usainzg/Projects/glowish/test_topology_logic.py
2025-10-23 19:21:41.227 [info] /home/usainzg/Projects/glowish/test_topology_logic.py closed
2025-10-23 19:21:41.227 [info] /home/usainzg/Projects/glowish/test_topology_logic.py.git closed
2025-10-23 19:21:42.613 [info] Active editor: file:///home/usainzg/Projects/glowish/test_topology_generator.py
2025-10-23 19:22:48.862 [info] /home/usainzg/Projects/glowish/test_topology_generator.py closed
2025-10-23 19:22:48.875 [info] Active editor: file:///home/usainzg/Projects/glowish/SCHEDULING_POLICIES.md
2025-10-23 19:22:48.881 [info] /home/usainzg/Projects/glowish/test_topology_generator.py.git closed
2025-10-23 19:25:53.666 [info] /home/usainzg/Projects/glowish/SCHEDULING_POLICIES.md closed
2025-10-23 19:25:53.680 [info] Active editor: file:///home/usainzg/Projects/glowish/topology_generator.py
2025-10-23 19:25:53.686 [info] /home/usainzg/Projects/glowish/SCHEDULING_POLICIES.md.git closed
2025-10-23 19:26:21.926 [info] /home/usainzg/Projects/glowish/topology_generator.py closed
2025-10-23 19:26:21.940 [info] Active editor: file:///home/usainzg/Projects/glowish/requirements.txt
2025-10-23 19:26:21.945 [info] /home/usainzg/Projects/glowish/topology_generator.py.git closed
2025-10-23 19:26:25.900 [info] /home/usainzg/Projects/glowish/requirements.txt closed
2025-10-23 19:26:40.879 [info] Active editor: file:///home/usainzg/Projects/glowish/server.py
2025-10-23 19:26:47.734 [info] /home/usainzg/Projects/glowish/server.py closed
2025-10-23 19:26:47.745 [info] Active editor: file:///home/usainzg/Projects/glowish/QUICKSTART_TOPOLOGY.md
2025-10-23 19:26:47.751 [info] /home/usainzg/Projects/glowish/server.py.git closed
2025-10-23 19:27:09.626 [info] /home/usainzg/Projects/glowish/QUICKSTART_TOPOLOGY.md closed
2025-10-23 19:27:09.626 [info] /home/usainzg/Projects/glowish/QUICKSTART_TOPOLOGY.md.git closed
