2025-10-23 17:43:13.130 [info] [main] Log level: Info
2025-10-23 17:43:13.130 [info] [main] Validating found git in: "git"
2025-10-23 17:43:13.130 [info] [main] Using git "2.51.1" from "git"
2025-10-23 17:43:13.130 [info] [Model][doInitialScan] Initial repository scan started
2025-10-23 17:43:13.130 [info] > git rev-parse --show-toplevel [2ms]
2025-10-23 17:43:13.130 [info] > git rev-parse --git-dir --git-common-dir --show-superproject-working-tree [3ms]
2025-10-23 17:43:13.130 [info] [Model][openRepository] Opened repository (path): /home/usainzg/Projects/glowish
2025-10-23 17:43:13.130 [info] [Model][openRepository] Opened repository (real path): /home/usainzg/Projects/glowish
2025-10-23 17:43:13.130 [info] [Model][openRepository] Opened repository (kind): repository
2025-10-23 17:43:13.130 [info] > git config --get commit.template [7ms]
2025-10-23 17:43:13.130 [info] > git rev-parse --show-toplevel [1ms]
2025-10-23 17:43:13.130 [info] > git rev-parse --show-toplevel [19ms]
2025-10-23 17:43:13.130 [info] > git for-each-ref --format=%(refname)%00%(upstream:short)%00%(objectname)%00%(upstream:track)%00%(upstream:remotename)%00%(upstream:remoteref) refs/heads/main refs/remotes/main [23ms]
2025-10-23 17:43:13.130 [info] > git rev-parse --show-toplevel [33ms]
2025-10-23 17:43:13.146 [info] > git status -z -uall [5ms]
2025-10-23 17:43:13.146 [info] > git rev-parse --show-toplevel [12ms]
2025-10-23 17:43:13.150 [info] > git for-each-ref --sort -committerdate --format %(refname)%00%(objectname)%00%(*objectname) [5ms]
2025-10-23 17:43:13.168 [info] > git for-each-ref --format=%(refname)%00%(upstream:short)%00%(objectname)%00%(upstream:track)%00%(upstream:remotename)%00%(upstream:remoteref) refs/heads/main refs/remotes/main [5ms]
2025-10-23 17:43:13.171 [info] > git rev-parse --show-toplevel [21ms]
2025-10-23 17:43:13.198 [info] > git config --get --local branch.main.vscode-merge-base [27ms]
2025-10-23 17:43:13.202 [info] > git config --get commit.template [33ms]
2025-10-23 17:43:13.207 [info] > git for-each-ref --format=%(refname)%00%(upstream:short)%00%(objectname)%00%(upstream:track)%00%(upstream:remotename)%00%(upstream:remoteref) refs/heads/origin/main refs/remotes/origin/main [6ms]
2025-10-23 17:43:13.210 [info] > git rev-parse --show-toplevel [13ms]
2025-10-23 17:43:13.211 [info] [Model][doInitialScan] Initial repository scan completed - repositories (1), closed repositories (0), parent repositories (0), unsafe repositories (0)
2025-10-23 17:43:13.219 [info] > git merge-base refs/heads/main refs/remotes/origin/main [9ms]
2025-10-23 17:43:14.787 [info] > git diff --name-status -z --diff-filter=ADMR b97ad5169b889f88275326acbe82551b087ed357...refs/remotes/origin/main [1565ms]
2025-10-23 17:43:14.790 [info] > git for-each-ref --format=%(refname)%00%(upstream:short)%00%(objectname)%00%(upstream:track)%00%(upstream:remotename)%00%(upstream:remoteref) refs/heads/main refs/remotes/main [1576ms]
2025-10-23 17:43:14.898 [info] > git check-ignore -v -z --stdin [103ms]
2025-10-23 17:43:15.055 [info] > git status -z -uall [114ms]
2025-10-23 17:43:15.055 [info] > git for-each-ref --sort -committerdate --format %(refname)%00%(objectname)%00%(*objectname) [109ms]
2025-10-23 17:43:27.611 [info] > git show --textconv :hydra_main.py [10ms]
2025-10-23 17:43:27.612 [info] > git ls-files --stage -- hydra_main.py [3ms]
2025-10-23 17:43:27.625 [info] > git cat-file -s c037369f6648b79d4d0429325c3755b3e7ac1e1b [2ms]
2025-10-23 17:43:41.624 [info] > git blame --root --incremental b97ad5169b889f88275326acbe82551b087ed357 -- hydra_main.py [10ms]
2025-10-23 17:44:18.111 [info] > git show -s --decorate=full --shortstat --format=%H%n%aN%n%aE%n%at%n%ct%n%P%n%D%n%B -z c60f5d1844d38a30b22da952465da64956f56152 -- [5ms]
2025-10-23 17:44:56.570 [info] > git check-ignore -v -z --stdin [1ms]
2025-10-23 17:45:00.861 [info] > git check-ignore -v -z --stdin [2ms]
2025-10-23 17:45:00.976 [info] > git config --get commit.template [7ms]
2025-10-23 17:45:00.976 [info] > git for-each-ref --format=%(refname)%00%(upstream:short)%00%(objectname)%00%(upstream:track)%00%(upstream:remotename)%00%(upstream:remoteref) refs/heads/main refs/remotes/main [1ms]
2025-10-23 17:45:00.990 [info] > git status -z -uall [7ms]
2025-10-23 17:45:00.991 [info] > git for-each-ref --sort -committerdate --format %(refname)%00%(objectname)%00%(*objectname) [1ms]
2025-10-23 17:51:01.871 [info] > git show --textconv :hydra_main.py [9ms]
2025-10-23 17:51:01.872 [info] > git ls-files --stage -- hydra_main.py [2ms]
2025-10-23 17:51:01.879 [info] > git cat-file -s c037369f6648b79d4d0429325c3755b3e7ac1e1b [1ms]
2025-10-23 17:51:33.291 [info] > git show --textconv :generate_topology_cli.py [8ms]
2025-10-23 17:51:33.291 [info] > git ls-files --stage -- generate_topology_cli.py [1ms]
2025-10-23 17:51:33.300 [info] > git cat-file -s 04448e51e7b9f0adab5cee533d4f02af16cd437d [1ms]
2025-10-23 17:51:45.026 [info] > git check-ignore -v -z --stdin [1ms]
2025-10-23 17:51:48.651 [info] > git show --textconv :USAGE_EXAMPLES.md [12ms]
2025-10-23 17:51:48.658 [info] > git ls-files --stage -- USAGE_EXAMPLES.md [8ms]
2025-10-23 17:51:48.667 [info] > git cat-file -s 535e9adda421a6d5e58c9071e48556e7ef07c075 [1ms]
2025-10-23 17:53:58.692 [info] > git show --textconv :demo_topology_metrics.py [7ms]
2025-10-23 17:53:58.692 [info] > git ls-files --stage -- demo_topology_metrics.py [1ms]
2025-10-23 17:53:58.700 [info] > git cat-file -s 93de511fe9f74f83b36b46bf4046de4bd6563d7d [2ms]
2025-10-23 17:55:48.321 [info] > git show --textconv :QUICKSTART_TOPOLOGY.md [8ms]
2025-10-23 17:55:48.322 [info] > git ls-files --stage -- QUICKSTART_TOPOLOGY.md [1ms]
2025-10-23 17:55:48.328 [info] > git cat-file -s 700ceebaa7572ddcf722518c79aac29c941852f5 [1ms]
2025-10-23 17:55:58.463 [info] > git blame --root --incremental b97ad5169b889f88275326acbe82551b087ed357 -- QUICKSTART_TOPOLOGY.md [1ms]
2025-10-23 17:56:14.827 [info] > git check-ignore -v -z --stdin [2ms]
2025-10-23 17:56:16.284 [info] > git check-ignore -v -z --stdin [1ms]
2025-10-23 17:56:17.565 [info] > git show --textconv :conf/base.yaml [9ms]
2025-10-23 17:56:17.566 [info] > git ls-files --stage -- conf/base.yaml [2ms]
2025-10-23 17:56:17.572 [info] > git cat-file -s 450ce79e14e89e71487558c69c8fc974b3eec247 [1ms]
2025-10-23 17:56:35.529 [info] > git check-ignore -v -z --stdin [1ms]
2025-10-23 17:56:39.069 [info] > git show --textconv :conf/topologies/ring30+5.yaml [8ms]
2025-10-23 17:56:39.069 [info] > git ls-files --stage -- conf/topologies/ring30+5.yaml [1ms]
2025-10-23 17:56:39.075 [info] > git cat-file -s 1da20a7bdb45c7fa756b75b75d30ff1f2aaa81a5 [1ms]
2025-10-23 17:56:44.472 [info] > git show --textconv :conf/base.yaml [8ms]
2025-10-23 17:56:44.473 [info] > git ls-files --stage -- conf/base.yaml [1ms]
2025-10-23 17:56:44.479 [info] > git cat-file -s 450ce79e14e89e71487558c69c8fc974b3eec247 [1ms]
2025-10-23 17:56:45.935 [info] > git blame --root --incremental b97ad5169b889f88275326acbe82551b087ed357 -- conf/base.yaml [2ms]
2025-10-23 17:57:02.976 [info] > git config --get commit.template [1ms]
2025-10-23 17:57:02.983 [info] > git for-each-ref --format=%(refname)%00%(upstream:short)%00%(objectname)%00%(upstream:track)%00%(upstream:remotename)%00%(upstream:remoteref) refs/heads/main refs/remotes/main [1ms]
2025-10-23 17:57:02.997 [info] > git status -z -uall [7ms]
2025-10-23 17:57:02.998 [info] > git for-each-ref --sort -committerdate --format %(refname)%00%(objectname)%00%(*objectname) [1ms]
2025-10-23 17:57:22.255 [info] > git show --textconv :USAGE_EXAMPLES.md [11ms]
2025-10-23 17:57:22.256 [info] > git ls-files --stage -- USAGE_EXAMPLES.md [1ms]
2025-10-23 17:57:22.265 [info] > git cat-file -s 535e9adda421a6d5e58c9071e48556e7ef07c075 [1ms]
2025-10-23 17:58:05.178 [info] > git show --textconv :SCHEDULING_POLICIES.md [8ms]
2025-10-23 17:58:05.179 [info] > git ls-files --stage -- SCHEDULING_POLICIES.md [1ms]
2025-10-23 17:58:05.186 [info] > git cat-file -s 6c91081bd0c9e24f72796b7fcccabcc2261fe3d4 [1ms]
2025-10-23 17:58:05.207 [info] > git blame --root --incremental b97ad5169b889f88275326acbe82551b087ed357 -- SCHEDULING_POLICIES.md [2ms]
2025-10-23 17:58:28.016 [info] > git show --textconv :IMPLEMENTATION_SUMMARY.md [7ms]
2025-10-23 17:58:28.016 [info] > git ls-files --stage -- IMPLEMENTATION_SUMMARY.md [1ms]
2025-10-23 17:58:28.025 [info] > git cat-file -s a1cd9f56b324a0cbe5ac2c7541d226e7e6b32560 [1ms]
2025-10-23 17:58:42.704 [info] > git show --textconv :IMPLEMENTATION_SUMMARY_NEW.md [7ms]
2025-10-23 17:58:42.705 [info] > git ls-files --stage -- IMPLEMENTATION_SUMMARY_NEW.md [1ms]
2025-10-23 17:58:42.712 [info] > git cat-file -s 5295ec36860cfb00c16171fd5517b34b641e3258 [1ms]
2025-10-23 18:00:26.876 [info] > git show --textconv :.venv/lib/python3.13/site-packages/flwr/server/strategy/aggregate.py [10ms]
2025-10-23 18:00:26.884 [info] > git ls-files --stage -- .venv/lib/python3.13/site-packages/flwr/server/strategy/aggregate.py [9ms]
2025-10-23 18:00:26.892 [info] > git hash-object -t tree /dev/null [8ms]
2025-10-23 18:00:26.892 [warning] [GitFileSystemProvider][readFile] File not found - git:/home/usainzg/Projects/glowish/.venv/lib/python3.13/site-packages/flwr/server/strategy/aggregate.py.git?%7B%22path%22%3A%22%2Fhome%2Fusainzg%2FProjects%2Fglowish%2F.venv%2Flib%2Fpython3.13%2Fsite-packages%2Fflwr%2Fserver%2Fstrategy%2Faggregate.py%22%2C%22ref%22%3A%22%22%7D
2025-10-23 18:00:26.895 [info] > git hash-object -t tree /dev/null [4ms]
2025-10-23 18:00:26.895 [warning] [GitFileSystemProvider][stat] File not found - git:/home/usainzg/Projects/glowish/.venv/lib/python3.13/site-packages/flwr/server/strategy/aggregate.py.git?%7B%22path%22%3A%22%2Fhome%2Fusainzg%2FProjects%2Fglowish%2F.venv%2Flib%2Fpython3.13%2Fsite-packages%2Fflwr%2Fserver%2Fstrategy%2Faggregate.py%22%2C%22ref%22%3A%22%22%7D
2025-10-23 18:00:27.305 [info] > git check-ignore -v -z --stdin [1ms]
2025-10-23 18:00:43.286 [info] > git blame --root --incremental b97ad5169b889f88275326acbe82551b087ed357 -- .venv/lib/python3.13/site-packages/flwr/server/strategy/aggregate.py [1ms]
2025-10-23 18:00:43.286 [info] fatal: no such path .venv/lib/python3.13/site-packages/flwr/server/strategy/aggregate.py in b97ad5169b889f88275326acbe82551b087ed357
2025-10-23 18:01:08.796 [info] > git show --textconv :hydra_main.py [7ms]
2025-10-23 18:01:08.797 [info] > git ls-files --stage -- hydra_main.py [1ms]
2025-10-23 18:01:08.805 [info] > git cat-file -s c037369f6648b79d4d0429325c3755b3e7ac1e1b [1ms]
2025-10-23 18:01:31.310 [info] > git show --textconv :custom_strategies/GLow_strategy.py [9ms]
2025-10-23 18:01:31.310 [info] > git ls-files --stage -- custom_strategies/GLow_strategy.py [1ms]
2025-10-23 18:01:31.318 [info] > git cat-file -s 0801aee6677ff7eb6b08e307466907ef72436d8f [1ms]
2025-10-23 18:01:31.688 [info] > git check-ignore -v -z --stdin [1ms]
2025-10-23 18:02:29.979 [info] > git config --get commit.template [1ms]
2025-10-23 18:02:29.987 [info] > git for-each-ref --format=%(refname)%00%(upstream:short)%00%(objectname)%00%(upstream:track)%00%(upstream:remotename)%00%(upstream:remoteref) refs/heads/main refs/remotes/main [2ms]
2025-10-23 18:02:30.003 [info] > git status -z -uall [9ms]
2025-10-23 18:02:30.004 [info] > git for-each-ref --sort -committerdate --format %(refname)%00%(objectname)%00%(*objectname) [1ms]
2025-10-23 18:02:35.024 [info] > git config --get commit.template [6ms]
2025-10-23 18:02:35.024 [info] > git for-each-ref --format=%(refname)%00%(upstream:short)%00%(objectname)%00%(upstream:track)%00%(upstream:remotename)%00%(upstream:remoteref) refs/heads/main refs/remotes/main [1ms]
2025-10-23 18:02:35.037 [info] > git status -z -uall [6ms]
2025-10-23 18:02:35.037 [info] > git for-each-ref --sort -committerdate --format %(refname)%00%(objectname)%00%(*objectname) [1ms]
2025-10-23 18:02:40.056 [info] > git config --get commit.template [7ms]
2025-10-23 18:02:40.056 [info] > git for-each-ref --format=%(refname)%00%(upstream:short)%00%(objectname)%00%(upstream:track)%00%(upstream:remotename)%00%(upstream:remoteref) refs/heads/main refs/remotes/main [1ms]
2025-10-23 18:02:40.068 [info] > git status -z -uall [6ms]
2025-10-23 18:02:40.069 [info] > git for-each-ref --sort -committerdate --format %(refname)%00%(objectname)%00%(*objectname) [1ms]
2025-10-23 18:02:46.790 [info] > git show --textconv :deps.req [8ms]
2025-10-23 18:02:46.791 [info] > git ls-files --stage -- deps.req [1ms]
2025-10-23 18:02:46.797 [info] > git cat-file -s 8e04395d261d8bcec4c279a45f618cc5ad7aa7a8 [1ms]
2025-10-23 18:02:46.810 [info] > git blame --root --incremental b97ad5169b889f88275326acbe82551b087ed357 -- deps.req [2ms]
2025-10-23 18:02:57.653 [info] > git show --textconv :hydra_main.py [8ms]
2025-10-23 18:02:57.654 [info] > git ls-files --stage -- hydra_main.py [1ms]
2025-10-23 18:02:57.661 [info] > git cat-file -s c037369f6648b79d4d0429325c3755b3e7ac1e1b [0ms]
2025-10-23 18:02:58.507 [info] > git config --get commit.template [9ms]
2025-10-23 18:02:58.507 [info] > git for-each-ref --format=%(refname)%00%(upstream:short)%00%(objectname)%00%(upstream:track)%00%(upstream:remotename)%00%(upstream:remoteref) refs/heads/main refs/remotes/main [1ms]
2025-10-23 18:02:58.521 [info] > git status -z -uall [7ms]
2025-10-23 18:02:58.522 [info] > git for-each-ref --sort -committerdate --format %(refname)%00%(objectname)%00%(*objectname) [1ms]
2025-10-23 18:03:33.522 [info] > git show --textconv :deps.req [8ms]
2025-10-23 18:03:33.523 [info] > git ls-files --stage -- deps.req [1ms]
2025-10-23 18:03:33.529 [info] > git cat-file -s 8e04395d261d8bcec4c279a45f618cc5ad7aa7a8 [1ms]
2025-10-23 18:03:54.438 [info] > git show --textconv :hydra_main.py [8ms]
2025-10-23 18:03:54.439 [info] > git ls-files --stage -- hydra_main.py [2ms]
2025-10-23 18:03:54.445 [info] > git cat-file -s c037369f6648b79d4d0429325c3755b3e7ac1e1b [0ms]
2025-10-23 18:04:14.070 [info] > git show -s --decorate=full --shortstat --format=%H%n%aN%n%aE%n%at%n%ct%n%P%n%D%n%B -z 8a2421e8b9771fca61f14b2e84ed66fd5be0a13a -- [8ms]
2025-10-23 18:04:35.134 [info] > git config --get commit.template [1ms]
2025-10-23 18:04:35.140 [info] > git for-each-ref --format=%(refname)%00%(upstream:short)%00%(objectname)%00%(upstream:track)%00%(upstream:remotename)%00%(upstream:remoteref) refs/heads/main refs/remotes/main [1ms]
2025-10-23 18:04:35.152 [info] > git status -z -uall [7ms]
2025-10-23 18:04:35.152 [info] > git for-each-ref --sort -committerdate --format %(refname)%00%(objectname)%00%(*objectname) [1ms]
2025-10-23 18:05:48.742 [info] > git show --textconv :deps.req [7ms]
2025-10-23 18:05:48.743 [info] > git ls-files --stage -- deps.req [1ms]
2025-10-23 18:05:48.750 [info] > git cat-file -s 8e04395d261d8bcec4c279a45f618cc5ad7aa7a8 [0ms]
2025-10-23 18:06:20.268 [info] > git show --textconv :hydra_main.py [7ms]
2025-10-23 18:06:20.269 [info] > git ls-files --stage -- hydra_main.py [1ms]
2025-10-23 18:06:20.276 [info] > git cat-file -s c037369f6648b79d4d0429325c3755b3e7ac1e1b [1ms]
2025-10-23 18:06:21.120 [info] > git config --get commit.template [1ms]
2025-10-23 18:06:21.126 [info] > git for-each-ref --format=%(refname)%00%(upstream:short)%00%(objectname)%00%(upstream:track)%00%(upstream:remotename)%00%(upstream:remoteref) refs/heads/main refs/remotes/main [1ms]
2025-10-23 18:06:21.138 [info] > git status -z -uall [6ms]
2025-10-23 18:06:21.139 [info] > git for-each-ref --sort -committerdate --format %(refname)%00%(objectname)%00%(*objectname) [2ms]
2025-10-23 18:06:46.788 [info] > git config --get commit.template [6ms]
2025-10-23 18:06:46.788 [info] > git for-each-ref --format=%(refname)%00%(upstream:short)%00%(objectname)%00%(upstream:track)%00%(upstream:remotename)%00%(upstream:remoteref) refs/heads/main refs/remotes/main [1ms]
2025-10-23 18:06:46.800 [info] > git status -z -uall [6ms]
2025-10-23 18:06:46.801 [info] > git for-each-ref --sort -committerdate --format %(refname)%00%(objectname)%00%(*objectname) [1ms]
2025-10-23 18:07:32.683 [info] > git show --textconv :deps.req [7ms]
2025-10-23 18:07:32.684 [info] > git ls-files --stage -- deps.req [2ms]
2025-10-23 18:07:32.690 [info] > git cat-file -s 8e04395d261d8bcec4c279a45f618cc5ad7aa7a8 [1ms]
2025-10-23 18:07:38.902 [info] > git config --get commit.template [7ms]
2025-10-23 18:07:38.902 [info] > git for-each-ref --format=%(refname)%00%(upstream:short)%00%(objectname)%00%(upstream:track)%00%(upstream:remotename)%00%(upstream:remoteref) refs/heads/main refs/remotes/main [1ms]
2025-10-23 18:07:38.916 [info] > git status -z -uall [7ms]
2025-10-23 18:07:38.916 [info] > git for-each-ref --sort -committerdate --format %(refname)%00%(objectname)%00%(*objectname) [1ms]
2025-10-23 18:08:26.406 [info] > git show --textconv :hydra_main.py [8ms]
2025-10-23 18:08:26.407 [info] > git ls-files --stage -- hydra_main.py [2ms]
2025-10-23 18:08:26.414 [info] > git cat-file -s c037369f6648b79d4d0429325c3755b3e7ac1e1b [1ms]
2025-10-23 18:08:27.255 [info] > git config --get commit.template [6ms]
2025-10-23 18:08:27.255 [info] > git for-each-ref --format=%(refname)%00%(upstream:short)%00%(objectname)%00%(upstream:track)%00%(upstream:remotename)%00%(upstream:remoteref) refs/heads/main refs/remotes/main [1ms]
2025-10-23 18:08:27.268 [info] > git status -z -uall [7ms]
2025-10-23 18:08:27.268 [info] > git for-each-ref --sort -committerdate --format %(refname)%00%(objectname)%00%(*objectname) [1ms]
2025-10-23 18:08:58.758 [info] > git show --textconv :.venv/lib/python3.13/site-packages/flwr/server/strategy/aggregate.py [6ms]
2025-10-23 18:08:58.759 [warning] [GitFileSystemProvider][readFile] File not found - git:/home/usainzg/Projects/glowish/.venv/lib/python3.13/site-packages/flwr/server/strategy/aggregate.py.git?%7B%22path%22%3A%22%2Fhome%2Fusainzg%2FProjects%2Fglowish%2F.venv%2Flib%2Fpython3.13%2Fsite-packages%2Fflwr%2Fserver%2Fstrategy%2Faggregate.py%22%2C%22ref%22%3A%22%22%7D
2025-10-23 18:08:58.760 [info] > git ls-files --stage -- .venv/lib/python3.13/site-packages/flwr/server/strategy/aggregate.py [2ms]
2025-10-23 18:08:58.760 [warning] [GitFileSystemProvider][stat] File not found - git:/home/usainzg/Projects/glowish/.venv/lib/python3.13/site-packages/flwr/server/strategy/aggregate.py.git?%7B%22path%22%3A%22%2Fhome%2Fusainzg%2FProjects%2Fglowish%2F.venv%2Flib%2Fpython3.13%2Fsite-packages%2Fflwr%2Fserver%2Fstrategy%2Faggregate.py%22%2C%22ref%22%3A%22%22%7D
2025-10-23 18:08:59.153 [info] > git check-ignore -v -z --stdin [1ms]
2025-10-23 18:09:30.322 [info] > git show --textconv :main.py [6ms]
2025-10-23 18:09:30.323 [info] > git ls-files --stage -- main.py [1ms]
2025-10-23 18:09:30.332 [info] > git cat-file -s 0c41a25413363290f9c625fd5cbf88339efc8ab7 [2ms]
2025-10-23 18:09:35.014 [info] > git show --textconv :hydra_main.py [8ms]
2025-10-23 18:09:35.014 [info] > git ls-files --stage -- hydra_main.py [1ms]
2025-10-23 18:09:35.022 [info] > git cat-file -s c037369f6648b79d4d0429325c3755b3e7ac1e1b [1ms]
2025-10-23 18:09:37.796 [info] > git show --textconv :custom_strategies/GLow_strategy.py [8ms]
2025-10-23 18:09:37.797 [info] > git ls-files --stage -- custom_strategies/GLow_strategy.py [2ms]
2025-10-23 18:09:37.804 [info] > git cat-file -s 0801aee6677ff7eb6b08e307466907ef72436d8f [1ms]
2025-10-23 18:09:45.862 [info] > git blame --root --incremental b97ad5169b889f88275326acbe82551b087ed357 -- custom_strategies/GLow_strategy.py [9ms]
2025-10-23 18:10:35.556 [info] > git config --get commit.template [1ms]
2025-10-23 18:10:35.564 [info] > git for-each-ref --format=%(refname)%00%(upstream:short)%00%(objectname)%00%(upstream:track)%00%(upstream:remotename)%00%(upstream:remoteref) refs/heads/main refs/remotes/main [0ms]
2025-10-23 18:10:35.577 [info] > git status -z -uall [6ms]
2025-10-23 18:10:35.578 [info] > git for-each-ref --sort -committerdate --format %(refname)%00%(objectname)%00%(*objectname) [1ms]
2025-10-23 18:10:41.674 [info] > git config --get commit.template [6ms]
2025-10-23 18:10:41.675 [info] > git for-each-ref --format=%(refname)%00%(upstream:short)%00%(objectname)%00%(upstream:track)%00%(upstream:remotename)%00%(upstream:remoteref) refs/heads/main refs/remotes/main [1ms]
2025-10-23 18:10:41.687 [info] > git status -z -uall [5ms]
2025-10-23 18:10:41.687 [info] > git for-each-ref --sort -committerdate --format %(refname)%00%(objectname)%00%(*objectname) [1ms]
2025-10-23 18:10:50.274 [info] > git config --get commit.template [2ms]
2025-10-23 18:10:50.280 [info] > git for-each-ref --format=%(refname)%00%(upstream:short)%00%(objectname)%00%(upstream:track)%00%(upstream:remotename)%00%(upstream:remoteref) refs/heads/main refs/remotes/main [1ms]
2025-10-23 18:10:50.292 [info] > git status -z -uall [7ms]
2025-10-23 18:10:50.293 [info] > git for-each-ref --sort -committerdate --format %(refname)%00%(objectname)%00%(*objectname) [1ms]
2025-10-23 18:10:55.314 [info] > git config --get commit.template [10ms]
2025-10-23 18:10:55.315 [info] > git for-each-ref --format=%(refname)%00%(upstream:short)%00%(objectname)%00%(upstream:track)%00%(upstream:remotename)%00%(upstream:remoteref) refs/heads/main refs/remotes/main [2ms]
2025-10-23 18:10:55.327 [info] > git status -z -uall [6ms]
2025-10-23 18:10:55.328 [info] > git for-each-ref --sort -committerdate --format %(refname)%00%(objectname)%00%(*objectname) [1ms]
2025-10-23 18:14:13.332 [info] > git config --get commit.template [9ms]
2025-10-23 18:14:13.332 [info] > git for-each-ref --format=%(refname)%00%(upstream:short)%00%(objectname)%00%(upstream:track)%00%(upstream:remotename)%00%(upstream:remoteref) refs/heads/main refs/remotes/main [1ms]
2025-10-23 18:14:13.346 [info] > git status -z -uall [7ms]
2025-10-23 18:14:13.347 [info] > git for-each-ref --sort -committerdate --format %(refname)%00%(objectname)%00%(*objectname) [1ms]
2025-10-23 18:14:18.366 [info] > git config --get commit.template [7ms]
2025-10-23 18:14:18.366 [info] > git for-each-ref --format=%(refname)%00%(upstream:short)%00%(objectname)%00%(upstream:track)%00%(upstream:remotename)%00%(upstream:remoteref) refs/heads/main refs/remotes/main [1ms]
2025-10-23 18:14:18.381 [info] > git status -z -uall [7ms]
2025-10-23 18:14:18.381 [info] > git for-each-ref --sort -committerdate --format %(refname)%00%(objectname)%00%(*objectname) [1ms]
2025-10-23 18:14:31.096 [info] > git check-ignore -v -z --stdin [2ms]
2025-10-23 18:14:34.632 [info] > git check-ignore -v -z --stdin [2ms]
2025-10-23 18:14:36.266 [info] > git check-ignore -v -z --stdin [2ms]
2025-10-23 18:14:40.518 [info] > git check-ignore -v -z --stdin [1ms]
2025-10-23 18:14:41.620 [info] > git check-ignore -v -z --stdin [1ms]
2025-10-23 18:14:45.291 [info] > git check-ignore -v -z --stdin [2ms]
2025-10-23 18:14:46.706 [info] > git check-ignore -v -z --stdin [0ms]
2025-10-23 18:14:50.434 [info] > git check-ignore -v -z --stdin [1ms]
2025-10-23 18:14:51.622 [info] > git check-ignore -v -z --stdin [1ms]
2025-10-23 18:24:47.207 [info] > git config --get commit.template [8ms]
2025-10-23 18:24:47.207 [info] > git for-each-ref --format=%(refname)%00%(upstream:short)%00%(objectname)%00%(upstream:track)%00%(upstream:remotename)%00%(upstream:remoteref) refs/heads/main refs/remotes/main [1ms]
2025-10-23 18:24:47.220 [info] > git status -z -uall [6ms]
2025-10-23 18:24:47.221 [info] > git for-each-ref --sort -committerdate --format %(refname)%00%(objectname)%00%(*objectname) [1ms]
2025-10-23 18:26:53.579 [info] > git config --get commit.template [9ms]
2025-10-23 18:26:53.579 [info] > git for-each-ref --format=%(refname)%00%(upstream:short)%00%(objectname)%00%(upstream:track)%00%(upstream:remotename)%00%(upstream:remoteref) refs/heads/main refs/remotes/main [1ms]
2025-10-23 18:26:53.593 [info] > git status -z -uall [6ms]
2025-10-23 18:26:53.594 [info] > git for-each-ref --sort -committerdate --format %(refname)%00%(objectname)%00%(*objectname) [1ms]
2025-10-23 18:27:05.586 [info] > git show --textconv :deps.req [8ms]
2025-10-23 18:27:05.587 [info] > git ls-files --stage -- deps.req [1ms]
2025-10-23 18:27:05.594 [info] > git cat-file -s 8e04395d261d8bcec4c279a45f618cc5ad7aa7a8 [1ms]
2025-10-23 18:27:13.106 [info] > git config --get commit.template [1ms]
2025-10-23 18:27:13.112 [info] > git for-each-ref --format=%(refname)%00%(upstream:short)%00%(objectname)%00%(upstream:track)%00%(upstream:remotename)%00%(upstream:remoteref) refs/heads/main refs/remotes/main [1ms]
2025-10-23 18:27:13.124 [info] > git status -z -uall [6ms]
2025-10-23 18:27:13.124 [info] > git for-each-ref --sort -committerdate --format %(refname)%00%(objectname)%00%(*objectname) [1ms]
2025-10-23 18:27:29.207 [info] > git show --textconv :requirements.txt [9ms]
2025-10-23 18:27:29.208 [warning] [GitFileSystemProvider][readFile] File not found - git:/home/usainzg/Projects/glowish/requirements.txt.git?%7B%22path%22%3A%22%2Fhome%2Fusainzg%2FProjects%2Fglowish%2Frequirements.txt%22%2C%22ref%22%3A%22%22%7D
2025-10-23 18:27:29.208 [info] > git ls-files --stage -- requirements.txt [1ms]
2025-10-23 18:27:29.208 [warning] [GitFileSystemProvider][stat] File not found - git:/home/usainzg/Projects/glowish/requirements.txt.git?%7B%22path%22%3A%22%2Fhome%2Fusainzg%2FProjects%2Fglowish%2Frequirements.txt%22%2C%22ref%22%3A%22%22%7D
2025-10-23 18:27:29.494 [info] > git check-ignore -v -z --stdin [1ms]
2025-10-23 18:27:30.065 [info] > git config --get commit.template [9ms]
2025-10-23 18:27:30.066 [info] > git for-each-ref --format=%(refname)%00%(upstream:short)%00%(objectname)%00%(upstream:track)%00%(upstream:remotename)%00%(upstream:remoteref) refs/heads/main refs/remotes/main [2ms]
2025-10-23 18:27:30.084 [info] > git status -z -uall [7ms]
2025-10-23 18:27:30.085 [info] > git for-each-ref --sort -committerdate --format %(refname)%00%(objectname)%00%(*objectname) [1ms]
2025-10-23 18:27:34.461 [info] > git show --textconv :deps.req [7ms]
2025-10-23 18:27:34.462 [info] > git ls-files --stage -- deps.req [1ms]
2025-10-23 18:27:34.468 [info] > git cat-file -s 8e04395d261d8bcec4c279a45f618cc5ad7aa7a8 [2ms]
2025-10-23 18:27:35.105 [info] > git config --get commit.template [7ms]
2025-10-23 18:27:35.105 [info] > git for-each-ref --format=%(refname)%00%(upstream:short)%00%(objectname)%00%(upstream:track)%00%(upstream:remotename)%00%(upstream:remoteref) refs/heads/main refs/remotes/main [1ms]
2025-10-23 18:27:35.118 [info] > git status -z -uall [7ms]
2025-10-23 18:27:35.119 [info] > git for-each-ref --sort -committerdate --format %(refname)%00%(objectname)%00%(*objectname) [1ms]
2025-10-23 18:27:43.068 [info] > git config --get commit.template [7ms]
2025-10-23 18:27:43.068 [info] > git for-each-ref --format=%(refname)%00%(upstream:short)%00%(objectname)%00%(upstream:track)%00%(upstream:remotename)%00%(upstream:remoteref) refs/heads/main refs/remotes/main [1ms]
2025-10-23 18:27:43.081 [info] > git status -z -uall [8ms]
2025-10-23 18:27:43.081 [info] > git for-each-ref --sort -committerdate --format %(refname)%00%(objectname)%00%(*objectname) [1ms]
2025-10-23 18:29:20.389 [info] > git config --get commit.template [6ms]
2025-10-23 18:29:20.390 [info] > git for-each-ref --format=%(refname)%00%(upstream:short)%00%(objectname)%00%(upstream:track)%00%(upstream:remotename)%00%(upstream:remoteref) refs/heads/main refs/remotes/main [1ms]
2025-10-23 18:29:20.403 [info] > git status -z -uall [7ms]
2025-10-23 18:29:20.403 [info] > git for-each-ref --sort -committerdate --format %(refname)%00%(objectname)%00%(*objectname) [1ms]
2025-10-23 18:30:15.216 [info] > git show --textconv :custom_strategies/GLow_strategy.py [7ms]
2025-10-23 18:30:15.217 [info] > git ls-files --stage -- custom_strategies/GLow_strategy.py [2ms]
2025-10-23 18:30:15.227 [info] > git cat-file -s 0801aee6677ff7eb6b08e307466907ef72436d8f [1ms]
2025-10-23 18:30:19.447 [info] > git config --get commit.template [2ms]
2025-10-23 18:30:19.453 [info] > git for-each-ref --format=%(refname)%00%(upstream:short)%00%(objectname)%00%(upstream:track)%00%(upstream:remotename)%00%(upstream:remoteref) refs/heads/main refs/remotes/main [1ms]
2025-10-23 18:30:19.467 [info] > git status -z -uall [7ms]
2025-10-23 18:30:19.467 [info] > git for-each-ref --sort -committerdate --format %(refname)%00%(objectname)%00%(*objectname) [1ms]
2025-10-23 18:31:01.882 [info] > git config --get commit.template [1ms]
2025-10-23 18:31:01.889 [info] > git for-each-ref --format=%(refname)%00%(upstream:short)%00%(objectname)%00%(upstream:track)%00%(upstream:remotename)%00%(upstream:remoteref) refs/heads/main refs/remotes/main [1ms]
2025-10-23 18:31:01.902 [info] > git status -z -uall [7ms]
2025-10-23 18:31:01.903 [info] > git for-each-ref --sort -committerdate --format %(refname)%00%(objectname)%00%(*objectname) [2ms]
2025-10-23 18:31:06.923 [info] > git config --get commit.template [7ms]
2025-10-23 18:31:06.924 [info] > git for-each-ref --format=%(refname)%00%(upstream:short)%00%(objectname)%00%(upstream:track)%00%(upstream:remotename)%00%(upstream:remoteref) refs/heads/main refs/remotes/main [1ms]
2025-10-23 18:31:06.938 [info] > git status -z -uall [7ms]
2025-10-23 18:31:06.939 [info] > git for-each-ref --sort -committerdate --format %(refname)%00%(objectname)%00%(*objectname) [1ms]
2025-10-23 18:32:46.975 [info] > git check-ignore -v -z --stdin [1ms]
2025-10-23 18:32:48.835 [info] > git show --textconv :flwr_lib_modifications/aggregate.py [7ms]
2025-10-23 18:32:48.836 [info] > git ls-files --stage -- flwr_lib_modifications/aggregate.py [1ms]
2025-10-23 18:32:48.845 [info] > git cat-file -s efe2d3f68a2d25bb01e565b3ac539dfc767ba59e [1ms]
2025-10-23 18:32:55.199 [info] > git show --textconv :custom_strategies/GLow_strategy.py [8ms]
2025-10-23 18:32:55.200 [info] > git ls-files --stage -- custom_strategies/GLow_strategy.py [1ms]
2025-10-23 18:32:55.206 [info] > git cat-file -s 0801aee6677ff7eb6b08e307466907ef72436d8f [1ms]
