2025-10-23 18:36:21.824 [info] Reading sessions from keychain...
2025-10-23 18:36:21.824 [info] Getting sessions for all scopes...
2025-10-23 18:36:21.824 [info] Got stored sessions!
2025-10-23 18:36:21.824 [info] Got 2 verified sessions.
2025-10-23 18:36:21.824 [info] Got 2 sessions for ...
2025-10-23 18:36:21.824 [info] Getting sessions for all scopes...
2025-10-23 18:36:21.824 [info] Got 2 sessions for ...
2025-10-23 18:36:21.824 [info] Getting sessions for all scopes...
2025-10-23 18:36:21.824 [info] Got 2 sessions for ...
2025-10-23 18:36:21.824 [info] Getting sessions for all scopes...
2025-10-23 18:36:21.824 [info] Got 2 sessions for ...
2025-10-23 18:36:21.824 [info] Getting sessions for all scopes...
2025-10-23 18:36:21.824 [info] Got 2 sessions for ...
2025-10-23 18:36:21.824 [info] Getting sessions for all scopes...
2025-10-23 18:36:21.824 [info] Got 2 sessions for ...
2025-10-23 18:36:21.824 [info] Getting sessions for all scopes...
2025-10-23 18:36:21.824 [info] Got 2 sessions for ...
2025-10-23 18:36:21.824 [info] Getting sessions for all scopes...
2025-10-23 18:36:21.824 [info] Got 2 sessions for ...
2025-10-23 18:36:21.824 [info] Getting sessions for all scopes...
2025-10-23 18:36:21.824 [info] Got 2 sessions for ...
2025-10-23 18:36:21.824 [info] Getting sessions for all scopes...
2025-10-23 18:36:21.824 [info] Got 2 sessions for ...
2025-10-23 18:36:21.824 [info] Getting sessions for all scopes...
2025-10-23 18:36:21.824 [info] Got 2 sessions for ...
2025-10-23 18:36:21.824 [info] Getting sessions for all scopes...
2025-10-23 18:36:21.824 [info] Got 2 sessions for ...
2025-10-23 18:36:21.824 [info] Getting sessions for all scopes...
2025-10-23 18:36:21.824 [info] Got 2 sessions for ...
2025-10-23 18:36:21.824 [info] Getting sessions for all scopes...
2025-10-23 18:36:21.824 [info] Got 2 sessions for ...
2025-10-23 18:36:21.826 [info] Getting sessions for all scopes...
2025-10-23 18:36:21.826 [info] Got 2 sessions for ...
2025-10-23 18:36:23.721 [info] Getting sessions for all scopes...
2025-10-23 18:36:23.721 [info] Got 2 sessions for ...
2025-10-23 18:36:23.722 [info] Getting sessions for all scopes...
2025-10-23 18:36:23.722 [info] Got 2 sessions for ...
2025-10-23 18:36:23.722 [info] Getting sessions for all scopes...
2025-10-23 18:36:23.722 [info] Got 2 sessions for ...
2025-10-23 18:36:23.781 [info] Getting sessions for all scopes...
2025-10-23 18:36:23.781 [info] Got 2 sessions for ...
2025-10-23 18:36:23.781 [info] Getting sessions for all scopes...
2025-10-23 18:36:23.781 [info] Got 2 sessions for ...
2025-10-23 18:36:23.960 [info] Getting sessions for read:user,repo,user:email,workflow...
2025-10-23 18:36:23.960 [info] Got 1 sessions for read:user,repo,user:email,workflow...
2025-10-23 18:36:24.154 [info] Getting sessions for all scopes...
2025-10-23 18:36:24.154 [info] Got 2 sessions for ...
2025-10-23 18:36:24.156 [info] FetcherService: Electron fetch failed with status: 429 
2025-10-23 18:36:24.167 [info] Getting sessions for all scopes...
2025-10-23 18:36:24.167 [info] Got 2 sessions for ...
2025-10-23 18:36:24.208 [info] Getting sessions for all scopes...
2025-10-23 18:36:24.208 [info] Got 2 sessions for ...
2025-10-23 18:36:24.208 [info] Getting sessions for read:user,repo,user:email,workflow...
2025-10-23 18:36:24.208 [info] Got 1 sessions for read:user,repo,user:email,workflow...
2025-10-23 18:36:24.232 [info] Getting sessions for read:user,repo,user:email,workflow...
2025-10-23 18:36:24.232 [info] Got 1 sessions for read:user,repo,user:email,workflow...
2025-10-23 18:36:24.258 [info] Getting sessions for all scopes...
2025-10-23 18:36:24.258 [info] Got 2 sessions for ...
2025-10-23 18:36:24.339 [info] Getting sessions for read:user,repo,user:email,workflow...
2025-10-23 18:36:24.339 [info] Got 1 sessions for read:user,repo,user:email,workflow...
2025-10-23 18:36:24.489 [info] Getting sessions for all scopes...
2025-10-23 18:36:24.489 [info] Got 2 sessions for ...
2025-10-23 18:36:24.629 [info] Getting sessions for all scopes...
2025-10-23 18:36:24.630 [info] Got 2 sessions for ...
2025-10-23 18:36:24.630 [info] Getting sessions for all scopes...
2025-10-23 18:36:24.630 [info] Got 2 sessions for ...
2025-10-23 18:36:24.637 [info] Getting sessions for read:user,repo,user:email,workflow...
2025-10-23 18:36:24.637 [info] Got 1 sessions for read:user,repo,user:email,workflow...
2025-10-23 18:36:24.681 [info] FetcherService: Node fetch failed with status: 429 Too Many Requests
2025-10-23 18:36:24.697 [info] Getting sessions for all scopes...
2025-10-23 18:36:24.697 [info] Got 2 sessions for ...
2025-10-23 18:36:24.702 [info] Getting sessions for all scopes...
2025-10-23 18:36:24.702 [info] Got 2 sessions for ...
2025-10-23 18:36:24.703 [info] Getting sessions for all scopes...
2025-10-23 18:36:24.704 [info] Got 2 sessions for ...
2025-10-23 18:36:24.719 [info] Getting sessions for read:user,repo,user:email,workflow...
2025-10-23 18:36:24.720 [info] Got 1 sessions for read:user,repo,user:email,workflow...
2025-10-23 18:36:25.056 [info] FetcherService: Node http/s failed with status: 429 Too Many Requests
2025-10-23 18:36:25.393 [info] Getting sessions for all scopes...
2025-10-23 18:36:25.393 [info] Got 2 sessions for ...
2025-10-23 18:36:39.488 [info] Getting sessions for all scopes...
2025-10-23 18:36:39.488 [info] Got 2 sessions for ...
2025-10-23 18:36:39.496 [info] Getting sessions for all scopes...
2025-10-23 18:36:39.496 [info] Got 2 sessions for ...
2025-10-23 18:36:40.933 [info] Getting sessions for all scopes...
2025-10-23 18:36:40.933 [info] Got 2 sessions for ...
2025-10-23 18:36:40.938 [info] Getting sessions for all scopes...
2025-10-23 18:36:40.938 [info] Got 2 sessions for ...
