2025-08-30 08:44:28.190 [info] [main] Log level: Info
2025-08-30 08:44:28.190 [info] [main] Validating found git in: "git"
2025-08-30 08:44:28.190 [info] [main] Using git "2.51.0" from "git"
2025-08-30 08:44:28.190 [info] [Model][doInitialScan] Initial repository scan started
2025-08-30 08:44:28.190 [info] > git rev-parse --show-toplevel [182ms]
2025-08-30 08:44:28.190 [info] > git rev-parse --git-dir --git-common-dir --show-superproject-working-tree [8ms]
2025-08-30 08:44:28.190 [info] [Model][openRepository] Opened repository (path): /home/usainzg/Projects/u-sdb
2025-08-30 08:44:28.190 [info] [Model][openRepository] Opened repository (real path): /home/usainzg/Projects/u-sdb
2025-08-30 08:44:28.190 [info] [Model][openRepository] Opened repository (kind): repository
2025-08-30 08:44:28.216 [info] > git rev-parse --show-toplevel [16ms]
2025-08-30 08:44:28.216 [info] > git config --get commit.template [21ms]
2025-08-30 08:44:28.261 [info] > git rev-parse --show-toplevel [39ms]
2025-08-30 08:44:28.281 [info] > git rev-parse --show-toplevel [4ms]
2025-08-30 08:44:28.282 [info] > git for-each-ref --format=%(refname)%00%(upstream:short)%00%(objectname)%00%(upstream:track)%00%(upstream:remotename)%00%(upstream:remoteref) refs/heads/chapter-1 refs/remotes/chapter-1 [23ms]
2025-08-30 08:44:28.299 [info] > git rev-parse --show-toplevel [9ms]
2025-08-30 08:44:28.344 [info] > git status -z -uall [30ms]
2025-08-30 08:44:28.345 [info] > git rev-parse --show-toplevel [10ms]
2025-08-30 08:44:28.345 [info] > git for-each-ref --sort -committerdate --format %(refname)%00%(objectname)%00%(*objectname) [21ms]
2025-08-30 08:44:28.383 [info] > git for-each-ref --format=%(refname)%00%(upstream:short)%00%(objectname)%00%(upstream:track)%00%(upstream:remotename)%00%(upstream:remoteref) refs/heads/chapter-1 refs/remotes/chapter-1 [25ms]
2025-08-30 08:44:28.432 [info] > git config --get --local branch.chapter-1.vscode-merge-base [39ms]
2025-08-30 08:44:28.436 [info] > git config --get commit.template [56ms]
2025-08-30 08:44:28.437 [info] > git rev-parse --show-toplevel [67ms]
2025-08-30 08:44:28.439 [info] [Model][doInitialScan] Initial repository scan completed - repositories (1), closed repositories (0), parent repositories (0), unsafe repositories (0)
2025-08-30 08:44:28.447 [info] > git for-each-ref --format=%(refname)%00%(upstream:short)%00%(objectname)%00%(upstream:track)%00%(upstream:remotename)%00%(upstream:remoteref) refs/heads/upstream/chapter-1 refs/remotes/upstream/chapter-1 [11ms]
2025-08-30 08:44:28.471 [info] > git merge-base refs/heads/chapter-1 refs/remotes/upstream/chapter-1 [20ms]
2025-08-30 08:44:28.478 [info] > git for-each-ref --format=%(refname)%00%(upstream:short)%00%(objectname)%00%(upstream:track)%00%(upstream:remotename)%00%(upstream:remoteref) refs/heads/chapter-1 refs/remotes/chapter-1 [8ms]
2025-08-30 08:44:28.480 [info] > git diff --name-status -z --diff-filter=ADMR 517b4e1642c5d8c76398f8d82079c15d1f7b4219...refs/remotes/upstream/chapter-1 [5ms]
2025-08-30 08:44:28.498 [info] > git status -z -uall [6ms]
2025-08-30 08:44:28.520 [info] > git for-each-ref --sort -committerdate --format %(refname)%00%(objectname)%00%(*objectname) [23ms]
2025-08-30 08:44:28.693 [info] > git show --textconv :src/libsdb.cpp [15ms]
2025-08-30 08:44:28.693 [info] > git ls-files --stage -- src/libsdb.cpp [1ms]
2025-08-30 08:44:28.699 [info] > git cat-file -s 1ae07498844575b9edeb883da74b7f13ceaddd61 [1ms]
2025-08-30 08:44:30.420 [info] > git check-ignore -v -z --stdin [115ms]
2025-08-30 08:44:30.793 [info] > git blame --root --incremental 517b4e1642c5d8c76398f8d82079c15d1f7b4219 -- src/libsdb.cpp [269ms]
2025-08-30 08:44:31.222 [info] > git config --get commit.template [10ms]
2025-08-30 08:44:31.240 [info] > git for-each-ref --format=%(refname)%00%(upstream:short)%00%(objectname)%00%(upstream:track)%00%(upstream:remotename)%00%(upstream:remoteref) refs/heads/chapter-1 refs/remotes/chapter-1 [19ms]
2025-08-30 08:44:31.257 [info] > git status -z -uall [8ms]
2025-08-30 08:44:31.259 [info] > git for-each-ref --sort -committerdate --format %(refname)%00%(objectname)%00%(*objectname) [2ms]
2025-08-30 08:45:21.495 [info] [main] Log level: Info
2025-08-30 08:45:21.495 [info] [main] Validating found git in: "git"
2025-08-30 08:45:21.495 [info] [main] Using git "2.51.0" from "git"
2025-08-30 08:45:21.495 [info] [Model][doInitialScan] Initial repository scan started
2025-08-30 08:45:21.495 [info] > git rev-parse --show-toplevel [7ms]
2025-08-30 08:45:21.501 [info] > git rev-parse --git-dir --git-common-dir --show-superproject-working-tree [2ms]
2025-08-30 08:45:21.508 [info] [Model][openRepository] Opened repository (path): /home/usainzg/Projects/u-sdb
2025-08-30 08:45:21.508 [info] [Model][openRepository] Opened repository (real path): /home/usainzg/Projects/u-sdb
2025-08-30 08:45:21.508 [info] [Model][openRepository] Opened repository (kind): repository
2025-08-30 08:45:21.519 [info] > git rev-parse --show-toplevel [3ms]
2025-08-30 08:45:21.519 [info] > git config --get commit.template [6ms]
2025-08-30 08:45:21.528 [info] > git rev-parse --show-toplevel [5ms]
2025-08-30 08:45:21.532 [info] > git for-each-ref --format=%(refname)%00%(upstream:short)%00%(objectname)%00%(upstream:track)%00%(upstream:remotename)%00%(upstream:remoteref) refs/heads/chapter-1 refs/remotes/chapter-1 [5ms]
2025-08-30 08:45:21.533 [info] > git rev-parse --show-toplevel [2ms]
2025-08-30 08:45:21.544 [info] > git status -z -uall [5ms]
2025-08-30 08:45:21.545 [info] > git rev-parse --show-toplevel [8ms]
2025-08-30 08:45:21.548 [info] > git for-each-ref --sort -committerdate --format %(refname)%00%(objectname)%00%(*objectname) [5ms]
2025-08-30 08:45:21.564 [info] > git rev-parse --show-toplevel [16ms]
2025-08-30 08:45:21.566 [info] [Model][doInitialScan] Initial repository scan completed - repositories (1), closed repositories (0), parent repositories (0), unsafe repositories (0)
2025-08-30 08:45:21.567 [info] > git for-each-ref --format=%(refname)%00%(upstream:short)%00%(objectname)%00%(upstream:track)%00%(upstream:remotename)%00%(upstream:remoteref) refs/heads/chapter-1 refs/remotes/chapter-1 [5ms]
2025-08-30 08:45:21.573 [info] > git config --get --local branch.chapter-1.vscode-merge-base [2ms]
2025-08-30 08:45:21.578 [info] > git for-each-ref --format=%(refname)%00%(upstream:short)%00%(objectname)%00%(upstream:track)%00%(upstream:remotename)%00%(upstream:remoteref) refs/heads/upstream/chapter-1 refs/remotes/upstream/chapter-1 [1ms]
2025-08-30 08:45:21.595 [info] > git merge-base refs/heads/chapter-1 refs/remotes/upstream/chapter-1 [13ms]
2025-08-30 08:45:21.605 [info] > git diff --name-status -z --diff-filter=ADMR 517b4e1642c5d8c76398f8d82079c15d1f7b4219...refs/remotes/upstream/chapter-1 [6ms]
2025-08-30 08:45:21.809 [info] > git config --get commit.template [3ms]
2025-08-30 08:45:21.815 [info] > git for-each-ref --format=%(refname)%00%(upstream:short)%00%(objectname)%00%(upstream:track)%00%(upstream:remotename)%00%(upstream:remoteref) refs/heads/chapter-1 refs/remotes/chapter-1 [2ms]
2025-08-30 08:45:21.827 [info] > git status -z -uall [8ms]
2025-08-30 08:45:21.828 [info] > git for-each-ref --sort -committerdate --format %(refname)%00%(objectname)%00%(*objectname) [5ms]
2025-08-30 08:45:24.105 [info] > git check-ignore -v -z --stdin [4ms]
2025-08-30 08:45:24.408 [info] > git config --get commit.template [9ms]
2025-08-30 08:45:24.424 [info] > git for-each-ref --format=%(refname)%00%(upstream:short)%00%(objectname)%00%(upstream:track)%00%(upstream:remotename)%00%(upstream:remoteref) refs/heads/chapter-1 refs/remotes/chapter-1 [5ms]
2025-08-30 08:45:24.440 [info] > git status -z -uall [8ms]
2025-08-30 08:45:24.457 [info] > git for-each-ref --sort -committerdate --format %(refname)%00%(objectname)%00%(*objectname) [17ms]
2025-08-30 08:45:25.196 [info] > git show --textconv :src/libsdb.cpp [20ms]
2025-08-30 08:45:25.196 [info] > git ls-files --stage -- src/libsdb.cpp [4ms]
2025-08-30 08:45:25.215 [info] > git cat-file -s 1ae07498844575b9edeb883da74b7f13ceaddd61 [9ms]
2025-08-30 08:45:25.324 [info] > git blame --root --incremental 517b4e1642c5d8c76398f8d82079c15d1f7b4219 -- src/libsdb.cpp [4ms]
2025-08-30 08:45:31.436 [info] > git config --get commit.template [16ms]
2025-08-30 08:45:31.438 [info] > git for-each-ref --format=%(refname)%00%(upstream:short)%00%(objectname)%00%(upstream:track)%00%(upstream:remotename)%00%(upstream:remoteref) refs/heads/chapter-1 refs/remotes/chapter-1 [3ms]
2025-08-30 08:45:31.462 [info] > git status -z -uall [14ms]
2025-08-30 08:45:31.465 [info] > git for-each-ref --sort -committerdate --format %(refname)%00%(objectname)%00%(*objectname) [3ms]
