2025-08-23 09:29:43.004 [info] [main] Log level: Info
2025-08-23 09:29:43.004 [info] [main] Validating found git in: "git"
2025-08-23 09:29:43.004 [info] [main] Using git "2.50.1" from "git"
2025-08-23 09:29:43.004 [info] [Model][doInitialScan] Initial repository scan started
2025-08-23 09:29:43.004 [info] > git rev-parse --show-toplevel [49ms]
2025-08-23 09:29:43.004 [info] > git rev-parse --git-dir --git-common-dir --show-superproject-working-tree [146ms]
2025-08-23 09:29:43.004 [info] [Model][openRepository] Opened repository (path): /home/usainzg/Projects/u-sdb
2025-08-23 09:29:43.004 [info] [Model][openRepository] Opened repository (real path): /home/usainzg/Projects/u-sdb
2025-08-23 09:29:43.004 [info] [Model][openRepository] Opened repository (kind): repository
2025-08-23 09:29:43.004 [info] > git rev-parse --show-toplevel [2ms]
2025-08-23 09:29:43.004 [info] > git config --get commit.template [6ms]
2025-08-23 09:29:43.025 [info] > git rev-parse --show-toplevel [16ms]
2025-08-23 09:29:43.047 [info] > git for-each-ref --format=%(refname)%00%(upstream:short)%00%(objectname)%00%(upstream:track)%00%(upstream:remotename)%00%(upstream:remoteref) refs/heads/chapter-1 refs/remotes/chapter-1 [23ms]
2025-08-23 09:29:43.052 [info] > git rev-parse --show-toplevel [18ms]
2025-08-23 09:29:43.074 [info] > git status -z -uall [7ms]
2025-08-23 09:29:43.074 [info] > git rev-parse --show-toplevel [19ms]
2025-08-23 09:29:43.082 [info] > git for-each-ref --sort -committerdate --format %(refname)%00%(objectname)%00%(*objectname) [10ms]
2025-08-23 09:29:43.102 [info] > git for-each-ref --format=%(refname)%00%(upstream:short)%00%(objectname)%00%(upstream:track)%00%(upstream:remotename)%00%(upstream:remoteref) refs/heads/chapter-1 refs/remotes/chapter-1 [10ms]
2025-08-23 09:29:43.106 [info] > git rev-parse --show-toplevel [27ms]
2025-08-23 09:29:43.112 [info] > git config --get --local branch.chapter-1.vscode-merge-base [6ms]
2025-08-23 09:29:43.116 [info] > git config --get commit.template [15ms]
2025-08-23 09:29:43.117 [info] > git rev-parse --show-toplevel [5ms]
2025-08-23 09:29:43.119 [info] [Model][doInitialScan] Initial repository scan completed - repositories (1), closed repositories (0), parent repositories (0), unsafe repositories (0)
2025-08-23 09:29:43.124 [info] > git for-each-ref --format=%(refname)%00%(upstream:short)%00%(objectname)%00%(upstream:track)%00%(upstream:remotename)%00%(upstream:remoteref) refs/heads/upstream/chapter-1 refs/remotes/upstream/chapter-1 [8ms]
2025-08-23 09:29:43.143 [info] > git for-each-ref --format=%(refname)%00%(upstream:short)%00%(objectname)%00%(upstream:track)%00%(upstream:remotename)%00%(upstream:remoteref) refs/heads/chapter-1 refs/remotes/chapter-1 [20ms]
2025-08-23 09:29:43.144 [info] > git merge-base refs/heads/chapter-1 refs/remotes/upstream/chapter-1 [16ms]
2025-08-23 09:29:43.168 [info] > git diff --name-status -z --diff-filter=ADMR 517b4e1642c5d8c76398f8d82079c15d1f7b4219...refs/remotes/upstream/chapter-1 [19ms]
2025-08-23 09:29:43.191 [info] > git status -z -uall [5ms]
2025-08-23 09:29:43.204 [info] > git for-each-ref --sort -committerdate --format %(refname)%00%(objectname)%00%(*objectname) [14ms]
2025-08-23 09:29:45.090 [info] > git check-ignore -v -z --stdin [84ms]
2025-08-23 09:29:45.103 [info] > git show --textconv :include/libsdb/libsdb.hpp [5ms]
2025-08-23 09:29:45.209 [info] > git ls-files --stage -- include/libsdb/libsdb.hpp [107ms]
2025-08-23 09:29:45.435 [info] > git cat-file -s 2e6bf89205856721d52713f84a852663266684b2 [220ms]
2025-08-23 09:29:45.576 [info] > git blame --root --incremental 517b4e1642c5d8c76398f8d82079c15d1f7b4219 -- include/libsdb/libsdb.hpp [14ms]
2025-08-23 09:29:45.952 [info] > git config --get commit.template [5ms]
2025-08-23 09:29:45.986 [info] > git for-each-ref --format=%(refname)%00%(upstream:short)%00%(objectname)%00%(upstream:track)%00%(upstream:remotename)%00%(upstream:remoteref) refs/heads/chapter-1 refs/remotes/chapter-1 [24ms]
2025-08-23 09:29:46.012 [info] > git status -z -uall [16ms]
2025-08-23 09:29:46.013 [info] > git for-each-ref --sort -committerdate --format %(refname)%00%(objectname)%00%(*objectname) [9ms]
2025-08-23 09:29:47.720 [info] > git log --format=%H%n%aN%n%aE%n%at%n%ct%n%P%n%D%n%B -z --shortstat --diff-merges=first-parent -n50 --skip=0 --topo-order --decorate=full --stdin [3ms]
2025-08-23 09:29:49.643 [info] > git show --textconv HEAD:CMakeLists.txt [12ms]
2025-08-23 09:29:49.647 [info] > git ls-tree -l HEAD -- CMakeLists.txt [5ms]
2025-08-23 09:29:49.720 [info] > git blame --root --incremental 517b4e1642c5d8c76398f8d82079c15d1f7b4219 -- CMakeLists.txt [6ms]
2025-08-23 09:29:58.923 [info] [main] Log level: Info
2025-08-23 09:29:58.923 [info] [main] Validating found git in: "git"
2025-08-23 09:29:58.923 [info] [main] Using git "2.50.1" from "git"
2025-08-23 09:29:58.923 [info] [Model][doInitialScan] Initial repository scan started
2025-08-23 09:29:58.923 [info] > git rev-parse --show-toplevel [7ms]
2025-08-23 09:29:58.936 [info] > git rev-parse --git-dir --git-common-dir --show-superproject-working-tree [9ms]
2025-08-23 09:29:58.942 [info] [Model][openRepository] Opened repository (path): /home/usainzg/Projects/u-sdb
2025-08-23 09:29:58.942 [info] [Model][openRepository] Opened repository (real path): /home/usainzg/Projects/u-sdb
2025-08-23 09:29:58.942 [info] [Model][openRepository] Opened repository (kind): repository
2025-08-23 09:29:58.954 [info] > git config --get commit.template [5ms]
2025-08-23 09:29:58.955 [info] > git rev-parse --show-toplevel [2ms]
2025-08-23 09:29:58.966 [info] > git for-each-ref --format=%(refname)%00%(upstream:short)%00%(objectname)%00%(upstream:track)%00%(upstream:remotename)%00%(upstream:remoteref) refs/heads/chapter-1 refs/remotes/chapter-1 [5ms]
2025-08-23 09:29:58.967 [info] > git rev-parse --show-toplevel [1ms]
2025-08-23 09:29:58.984 [info] > git status -z -uall [10ms]
2025-08-23 09:29:58.985 [info] > git for-each-ref --sort -committerdate --format %(refname)%00%(objectname)%00%(*objectname) [5ms]
2025-08-23 09:29:59.000 [info] > git rev-parse --show-toplevel [29ms]
2025-08-23 09:29:59.006 [info] > git rev-parse --show-toplevel [2ms]
2025-08-23 09:29:59.007 [info] > git for-each-ref --format=%(refname)%00%(upstream:short)%00%(objectname)%00%(upstream:track)%00%(upstream:remotename)%00%(upstream:remoteref) refs/heads/chapter-1 refs/remotes/chapter-1 [7ms]
2025-08-23 09:29:59.021 [info] > git config --get --local branch.chapter-1.vscode-merge-base [11ms]
2025-08-23 09:29:59.037 [info] > git rev-parse --show-toplevel [17ms]
2025-08-23 09:29:59.039 [info] [Model][doInitialScan] Initial repository scan completed - repositories (1), closed repositories (0), parent repositories (0), unsafe repositories (0)
2025-08-23 09:29:59.051 [info] > git ls-tree -l HEAD -- CMakeLists.txt [9ms]
2025-08-23 09:29:59.052 [info] > git blame --root --incremental 517b4e1642c5d8c76398f8d82079c15d1f7b4219 -- CMakeLists.txt [22ms]
2025-08-23 09:29:59.053 [info] > git for-each-ref --format=%(refname)%00%(upstream:short)%00%(objectname)%00%(upstream:track)%00%(upstream:remotename)%00%(upstream:remoteref) refs/heads/upstream/chapter-1 refs/remotes/upstream/chapter-1 [28ms]
2025-08-23 09:29:59.066 [info] > git merge-base refs/heads/chapter-1 refs/remotes/upstream/chapter-1 [9ms]
2025-08-23 09:29:59.074 [info] > git show --textconv HEAD:CMakeLists.txt [9ms]
2025-08-23 09:29:59.079 [info] > git diff --name-status -z --diff-filter=ADMR 517b4e1642c5d8c76398f8d82079c15d1f7b4219...refs/remotes/upstream/chapter-1 [10ms]
2025-08-23 09:30:00.591 [info] > git config --get commit.template [1286ms]
2025-08-23 09:30:00.905 [info] > git check-ignore -v -z --stdin [306ms]
2025-08-23 09:30:00.914 [info] > git for-each-ref --format=%(refname)%00%(upstream:short)%00%(objectname)%00%(upstream:track)%00%(upstream:remotename)%00%(upstream:remoteref) refs/heads/chapter-1 refs/remotes/chapter-1 [28ms]
2025-08-23 09:30:01.252 [info] > git status -z -uall [9ms]
2025-08-23 09:30:01.253 [info] > git for-each-ref --sort -committerdate --format %(refname)%00%(objectname)%00%(*objectname) [3ms]
2025-08-23 09:30:01.701 [info] > git config --get commit.template [2ms]
2025-08-23 09:30:01.733 [info] > git for-each-ref --format=%(refname)%00%(upstream:short)%00%(objectname)%00%(upstream:track)%00%(upstream:remotename)%00%(upstream:remoteref) refs/heads/chapter-1 refs/remotes/chapter-1 [10ms]
2025-08-23 09:30:01.800 [info] > git status -z -uall [15ms]
2025-08-23 09:30:01.801 [info] > git for-each-ref --sort -committerdate --format %(refname)%00%(objectname)%00%(*objectname) [8ms]
2025-08-23 09:30:32.649 [info] > git ls-tree -l HEAD -- CMakeLists.txt [1ms]
2025-08-23 09:30:32.738 [info] > git ls-tree -l HEAD -- CMakeLists.txt [1ms]
2025-08-23 09:30:36.647 [info] > git ls-tree -l HEAD -- CMakeLists.txt [2ms]
2025-08-23 09:30:44.209 [info] > git check-ignore -v -z --stdin [3ms]
2025-08-23 09:30:45.289 [info] > git show --textconv :include/libsdb/libsdb.hpp [14ms]
2025-08-23 09:30:45.290 [info] > git ls-files --stage -- include/libsdb/libsdb.hpp [2ms]
2025-08-23 09:30:45.305 [info] > git cat-file -s 2e6bf89205856721d52713f84a852663266684b2 [2ms]
2025-08-23 09:30:45.325 [info] > git blame --root --incremental 517b4e1642c5d8c76398f8d82079c15d1f7b4219 -- include/libsdb/libsdb.hpp [4ms]
2025-08-23 09:30:45.547 [info] > git check-ignore -v -z --stdin [1ms]
