2025-10-23 18:36:21.848 [info] Starting Python Locator /home/usainzg/.vscode/extensions/ms-python.python-2025.16.0-linux-x64/python-env-tools/bin/pet server
2025-10-23 18:36:24.383 [info] Discovered env: /home/usainzg/Projects/glowish/.venv/bin/python
2025-10-23 18:36:24.385 [info] Discovered env: /bin/python
2025-10-23 18:36:24.385 [info] Discovered env: /usr/bin/python
2025-10-23 18:36:24.385 [info] Env ("/sbin/python") in Path resolved as ResolvedPythonEnv { executable: "/sbin/python", prefix: "/usr", version: "3.13.7.final.0", is64_bit: true, symlinks: Some(["/sbin/python"]) } and reported as Some(GlobalPaths)
2025-10-23 18:36:24.385 [info] Discovered env: /sbin/python
2025-10-23 18:36:24.386 [info] Env ("/usr/sbin/python") in Path resolved as ResolvedPythonEnv { executable: "/usr/sbin/python", prefix: "/usr", version: "3.13.7.final.0", is64_bit: true, symlinks: Some(["/usr/sbin/python"]) } and reported as Some(GlobalPaths)
2025-10-23 18:36:24.386 [info] Discovered env: /usr/sbin/python
2025-10-23 18:36:24.386 [info] Env ("/sbin/python3") in Path resolved as ResolvedPythonEnv { executable: "/sbin/python3", prefix: "/usr", version: "3.13.7.final.0", is64_bit: true, symlinks: Some(["/sbin/python3"]) } and reported as Some(GlobalPaths)
2025-10-23 18:36:24.386 [info] Discovered env: /sbin/python3
2025-10-23 18:36:24.386 [info] Env ("/usr/sbin/python3") in Path resolved as ResolvedPythonEnv { executable: "/usr/sbin/python3", prefix: "/usr", version: "3.13.7.final.0", is64_bit: true, symlinks: Some(["/usr/sbin/python3"]) } and reported as Some(GlobalPaths)
2025-10-23 18:36:24.386 [info] Discovered env: /usr/sbin/python3
2025-10-23 18:36:24.387 [info] Env ("/sbin/python3.13") in Path resolved as ResolvedPythonEnv { executable: "/sbin/python3.13", prefix: "/usr", version: "3.13.7.final.0", is64_bit: true, symlinks: Some(["/sbin/python3.13"]) } and reported as Some(GlobalPaths)
2025-10-23 18:36:24.387 [info] Discovered env: /sbin/python3.13
2025-10-23 18:36:24.387 [info] Env ("/usr/sbin/python3.13") in Path resolved as ResolvedPythonEnv { executable: "/usr/sbin/python3.13", prefix: "/usr", version: "3.13.7.final.0", is64_bit: true, symlinks: Some(["/usr/sbin/python3.13"]) } and reported as Some(GlobalPaths)
2025-10-23 18:36:24.387 [info] Discovered env: /usr/sbin/python3.13
2025-10-23 18:36:24.387 [info] Locator Conda took 66.410531ms
2025-10-23 18:36:24.387 [info] Locator Homebrew took 154.8µs
2025-10-23 18:36:24.387 [info] Locator LinuxGlobal took 97.350713ms
2025-10-23 18:36:24.387 [info] Locator PipEnv took 28.644µs
2025-10-23 18:36:24.387 [info] Locator Pixi took 67.235µs
2025-10-23 18:36:24.387 [info] Locator Poetry took 1.384013ms
2025-10-23 18:36:24.387 [info] Locator PyEnv took 371.175µs
2025-10-23 18:36:24.387 [info] Locator Venv took 36.188µs
2025-10-23 18:36:24.387 [info] Locator VirtualEnv took 60.533µs
2025-10-23 18:36:24.387 [info] Locator VirtualEnvWrapper took 1.399271ms
2025-10-23 18:36:24.387 [info] Locator GlobalVirtualEnvs took 399.729µs
2025-10-23 18:36:24.387 [info] Locator Locators took 99.499629ms
2025-10-23 18:36:24.387 [info] Locator Path took 238.684342ms
2025-10-23 18:36:24.387 [info] Locator Workspaces took 21.089549ms
2025-10-23 18:36:24.387 [info] Refresh completed in 238ms
2025-10-23 18:36:24.388 [warning] Inaccurate Python Environment Info for => 
Environment (Venv)
   Name        : glowish
   Executable  : /home/usainzg/Projects/glowish/.venv/bin/python
   Version     : 3.11.13
   Prefix      : /home/usainzg/Projects/glowish/.venv
   Symlinks    : "/home/usainzg/Projects/glowish/.venv/bin/python"
               : "/home/usainzg/Projects/glowish/.venv/bin/python3"
               : "/home/usainzg/Projects/glowish/.venv/bin/python3.11"
.
Resolved as => 
Environment (Venv)
   Name        : glowish
   Executable  : /home/usainzg/Projects/glowish/.venv/bin/python
   Version     : 3.13.7.final.0
   Prefix      : /home/usainzg/Projects/glowish/.venv
   Architecture: x64
   Symlinks    : "/home/usainzg/Projects/glowish/.venv/bin/python"
               : "/home/usainzg/Projects/glowish/.venv/bin/python3"
               : "/home/usainzg/Projects/glowish/.venv/bin/python3.11"
               : "/home/usainzg/Projects/glowish/.venv/bin/python3.13"

Incorrect information => 
Environment Some(Venv) incorrectly identified
   Version is incorrect

2025-10-23 18:36:24.388 [info] Resolved Python Environment /home/usainzg/Projects/glowish/.venv/bin/python
2025-10-23 18:36:42.229 [info] Discovered env: /home/usainzg/Projects/glowish/.venv/bin/python
2025-10-23 18:36:42.282 [info] Discovered env: /bin/python
2025-10-23 18:36:42.285 [info] Discovered env: /usr/bin/python
2025-10-23 18:36:42.286 [info] Env ("/usr/sbin/python") in Path resolved as ResolvedPythonEnv { executable: "/usr/sbin/python", prefix: "/usr", version: "3.13.7.final.0", is64_bit: true, symlinks: Some(["/usr/sbin/python"]) } and reported as Some(GlobalPaths)
2025-10-23 18:36:42.287 [info] Discovered env: /usr/sbin/python
2025-10-23 18:36:42.296 [info] Env ("/sbin/python") in Path resolved as ResolvedPythonEnv { executable: "/sbin/python", prefix: "/usr", version: "3.13.7.final.0", is64_bit: true, symlinks: Some(["/sbin/python"]) } and reported as Some(GlobalPaths)
2025-10-23 18:36:42.297 [info] Discovered env: /sbin/python
2025-10-23 18:36:42.302 [info] Env ("/usr/sbin/python3") in Path resolved as ResolvedPythonEnv { executable: "/usr/sbin/python3", prefix: "/usr", version: "3.13.7.final.0", is64_bit: true, symlinks: Some(["/usr/sbin/python3"]) } and reported as Some(GlobalPaths)
2025-10-23 18:36:42.302 [info] Discovered env: /usr/sbin/python3
2025-10-23 18:36:42.311 [info] Env ("/sbin/python3") in Path resolved as ResolvedPythonEnv { executable: "/sbin/python3", prefix: "/usr", version: "3.13.7.final.0", is64_bit: true, symlinks: Some(["/sbin/python3"]) } and reported as Some(GlobalPaths)
2025-10-23 18:36:42.311 [info] Discovered env: /sbin/python3
2025-10-23 18:36:42.320 [info] Env ("/usr/sbin/python3.13") in Path resolved as ResolvedPythonEnv { executable: "/usr/sbin/python3.13", prefix: "/usr", version: "3.13.7.final.0", is64_bit: true, symlinks: Some(["/usr/sbin/python3.13"]) } and reported as Some(GlobalPaths)
2025-10-23 18:36:42.320 [info] Discovered env: /usr/sbin/python3.13
2025-10-23 18:36:42.325 [info] Env ("/sbin/python3.13") in Path resolved as ResolvedPythonEnv { executable: "/sbin/python3.13", prefix: "/usr", version: "3.13.7.final.0", is64_bit: true, symlinks: Some(["/sbin/python3.13"]) } and reported as Some(GlobalPaths)
2025-10-23 18:36:42.325 [info] Discovered env: /sbin/python3.13
2025-10-23 18:36:42.327 [info] Locator Conda took 56.285722ms
2025-10-23 18:36:42.327 [info] Locator Homebrew took 112.321µs
2025-10-23 18:36:42.327 [info] Locator LinuxGlobal took 59.713984ms
2025-10-23 18:36:42.327 [info] Locator PipEnv took 61.785µs
2025-10-23 18:36:42.327 [info] Locator Pixi took 43.561µs
2025-10-23 18:36:42.327 [info] Locator Poetry took 264.025µs
2025-10-23 18:36:42.327 [info] Locator PyEnv took 198.893µs
2025-10-23 18:36:42.327 [info] Locator Venv took 112.16µs
2025-10-23 18:36:42.327 [info] Locator VirtualEnv took 103.564µs
2025-10-23 18:36:42.327 [info] Locator VirtualEnvWrapper took 106.499µs
2025-10-23 18:36:42.327 [info] Locator GlobalVirtualEnvs took 180.178µs
2025-10-23 18:36:42.327 [info] Locator Locators took 60.871343ms
2025-10-23 18:36:42.327 [info] Locator Path took 102.581818ms
2025-10-23 18:36:42.327 [info] Locator Workspaces took 8.502189ms
2025-10-23 18:36:42.327 [info] Refresh completed in 102ms
2025-10-23 18:37:00.895 [info] Env ("/home/usainzg/Projects/glowish/.venv/bin/python") in Path resolved as ResolvedPythonEnv { executable: "/home/usainzg/Projects/glowish/.venv/bin/python", prefix: "/home/usainzg/Projects/glowish/.venv", version: "3.13.7.final.0", is64_bit: true, symlinks: Some(["/home/usainzg/Projects/glowish/.venv/bin/python", "/home/usainzg/Projects/glowish/.venv/bin/python3", "/home/usainzg/Projects/glowish/.venv/bin/python3.11", "/home/usainzg/Projects/glowish/.venv/bin/python3.13"]) } and reported as None
2025-10-23 18:37:00.895 [info] Resolved Python Environment /home/usainzg/Projects/glowish/.venv/bin/python
2025-10-23 18:40:08.422 [info] Env ("/home/usainzg/Projects/glowish/.venv/bin/python") in Path resolved as ResolvedPythonEnv { executable: "/home/usainzg/Projects/glowish/.venv/bin/python", prefix: "/home/usainzg/Projects/glowish/.venv", version: "3.13.7.final.0", is64_bit: true, symlinks: Some(["/home/usainzg/Projects/glowish/.venv/bin/python", "/home/usainzg/Projects/glowish/.venv/bin/python3", "/home/usainzg/Projects/glowish/.venv/bin/python3.11", "/home/usainzg/Projects/glowish/.venv/bin/python3.13"]) } and reported as None
2025-10-23 18:40:08.422 [info] Resolved Python Environment /home/usainzg/Projects/glowish/.venv/bin/python
2025-10-23 18:46:49.069 [info] Env ("/home/usainzg/Projects/glowish/.venv/bin/python") in Path resolved as ResolvedPythonEnv { executable: "/home/usainzg/Projects/glowish/.venv/bin/python", prefix: "/home/usainzg/Projects/glowish/.venv", version: "3.13.7.final.0", is64_bit: true, symlinks: Some(["/home/usainzg/Projects/glowish/.venv/bin/python", "/home/usainzg/Projects/glowish/.venv/bin/python3", "/home/usainzg/Projects/glowish/.venv/bin/python3.11", "/home/usainzg/Projects/glowish/.venv/bin/python3.13"]) } and reported as None
2025-10-23 18:46:49.069 [info] Resolved Python Environment /home/usainzg/Projects/glowish/.venv/bin/python
2025-10-23 19:06:03.028 [info] Env ("/home/usainzg/Projects/glowish/.venv/bin/python") in Path resolved as ResolvedPythonEnv { executable: "/home/usainzg/Projects/glowish/.venv/bin/python", prefix: "/home/usainzg/Projects/glowish/.venv", version: "3.13.7.final.0", is64_bit: true, symlinks: Some(["/home/usainzg/Projects/glowish/.venv/bin/python", "/home/usainzg/Projects/glowish/.venv/bin/python3", "/home/usainzg/Projects/glowish/.venv/bin/python3.11", "/home/usainzg/Projects/glowish/.venv/bin/python3.13"]) } and reported as None
2025-10-23 19:06:03.028 [info] Resolved Python Environment /home/usainzg/Projects/glowish/.venv/bin/python
2025-10-23 19:06:38.486 [warning] Inaccurate Python Environment Info for => 
Environment (Venv)
   Name        : glowish
   Executable  : /home/usainzg/Projects/glowish/.venv/bin/python
   Version     : 3.11.13
   Prefix      : /home/usainzg/Projects/glowish/.venv
   Symlinks    : "/home/usainzg/Projects/glowish/.venv/bin/python"
               : "/home/usainzg/Projects/glowish/.venv/bin/python3"
               : "/home/usainzg/Projects/glowish/.venv/bin/python3.11"
.
Resolved as => 
Environment (Venv)
   Name        : glowish
   Executable  : /home/usainzg/Projects/glowish/.venv/bin/python
   Version     : 3.13.7.final.0
   Prefix      : /home/usainzg/Projects/glowish/.venv
   Architecture: x64
   Symlinks    : "/home/usainzg/Projects/glowish/.venv/bin/python"
               : "/home/usainzg/Projects/glowish/.venv/bin/python3"
               : "/home/usainzg/Projects/glowish/.venv/bin/python3.11"
               : "/home/usainzg/Projects/glowish/.venv/bin/python3.13"

Incorrect information => 
Environment Some(Venv) incorrectly identified
   Version is incorrect

2025-10-23 19:06:38.486 [info] Resolved Python Environment /home/usainzg/Projects/glowish/.venv/bin/python
2025-10-23 19:07:38.821 [warning] Inaccurate Python Environment Info for => 
Environment (Venv)
   Name        : glowish
   Executable  : /home/usainzg/Projects/glowish/.venv/bin/python
   Version     : 3.11.13
   Prefix      : /home/usainzg/Projects/glowish/.venv
   Symlinks    : "/home/usainzg/Projects/glowish/.venv/bin/python"
               : "/home/usainzg/Projects/glowish/.venv/bin/python3"
               : "/home/usainzg/Projects/glowish/.venv/bin/python3.11"
.
Resolved as => 
Environment (Venv)
   Name        : glowish
   Executable  : /home/usainzg/Projects/glowish/.venv/bin/python
   Version     : 3.13.7.final.0
   Prefix      : /home/usainzg/Projects/glowish/.venv
   Architecture: x64
   Symlinks    : "/home/usainzg/Projects/glowish/.venv/bin/python"
               : "/home/usainzg/Projects/glowish/.venv/bin/python3"
               : "/home/usainzg/Projects/glowish/.venv/bin/python3.11"
               : "/home/usainzg/Projects/glowish/.venv/bin/python3.13"

Incorrect information => 
Environment Some(Venv) incorrectly identified
   Version is incorrect

2025-10-23 19:07:38.821 [info] Resolved Python Environment /home/usainzg/Projects/glowish/.venv/bin/python
2025-10-23 19:08:46.128 [warning] Inaccurate Python Environment Info for => 
Environment (Venv)
   Name        : glowish
   Executable  : /home/usainzg/Projects/glowish/.venv/bin/python
   Version     : 3.11.13
   Prefix      : /home/usainzg/Projects/glowish/.venv
   Symlinks    : "/home/usainzg/Projects/glowish/.venv/bin/python"
               : "/home/usainzg/Projects/glowish/.venv/bin/python3"
               : "/home/usainzg/Projects/glowish/.venv/bin/python3.11"
.
Resolved as => 
Environment (Venv)
   Name        : glowish
   Executable  : /home/usainzg/Projects/glowish/.venv/bin/python
   Version     : 3.13.7.final.0
   Prefix      : /home/usainzg/Projects/glowish/.venv
   Architecture: x64
   Symlinks    : "/home/usainzg/Projects/glowish/.venv/bin/python"
               : "/home/usainzg/Projects/glowish/.venv/bin/python3"
               : "/home/usainzg/Projects/glowish/.venv/bin/python3.11"
               : "/home/usainzg/Projects/glowish/.venv/bin/python3.13"

Incorrect information => 
Environment Some(Venv) incorrectly identified
   Version is incorrect

2025-10-23 19:08:46.128 [info] Resolved Python Environment /home/usainzg/Projects/glowish/.venv/bin/python
2025-10-23 19:09:19.434 [warning] Inaccurate Python Environment Info for => 
Environment (Venv)
   Name        : glowish
   Executable  : /home/usainzg/Projects/glowish/.venv/bin/python
   Version     : 3.11.13
   Prefix      : /home/usainzg/Projects/glowish/.venv
   Symlinks    : "/home/usainzg/Projects/glowish/.venv/bin/python"
               : "/home/usainzg/Projects/glowish/.venv/bin/python3"
               : "/home/usainzg/Projects/glowish/.venv/bin/python3.11"
.
Resolved as => 
Environment (Venv)
   Name        : glowish
   Executable  : /home/usainzg/Projects/glowish/.venv/bin/python
   Version     : 3.13.7.final.0
   Prefix      : /home/usainzg/Projects/glowish/.venv
   Architecture: x64
   Symlinks    : "/home/usainzg/Projects/glowish/.venv/bin/python"
               : "/home/usainzg/Projects/glowish/.venv/bin/python3"
               : "/home/usainzg/Projects/glowish/.venv/bin/python3.11"
               : "/home/usainzg/Projects/glowish/.venv/bin/python3.13"

Incorrect information => 
Environment Some(Venv) incorrectly identified
   Version is incorrect

2025-10-23 19:09:19.434 [info] Resolved Python Environment /home/usainzg/Projects/glowish/.venv/bin/python
2025-10-23 19:10:09.985 [warning] Inaccurate Python Environment Info for => 
Environment (Venv)
   Name        : glowish
   Executable  : /home/usainzg/Projects/glowish/.venv/bin/python
   Version     : 3.11.13
   Prefix      : /home/usainzg/Projects/glowish/.venv
   Symlinks    : "/home/usainzg/Projects/glowish/.venv/bin/python"
               : "/home/usainzg/Projects/glowish/.venv/bin/python3"
               : "/home/usainzg/Projects/glowish/.venv/bin/python3.11"
.
Resolved as => 
Environment (Venv)
   Name        : glowish
   Executable  : /home/usainzg/Projects/glowish/.venv/bin/python
   Version     : 3.13.7.final.0
   Prefix      : /home/usainzg/Projects/glowish/.venv
   Architecture: x64
   Symlinks    : "/home/usainzg/Projects/glowish/.venv/bin/python"
               : "/home/usainzg/Projects/glowish/.venv/bin/python3"
               : "/home/usainzg/Projects/glowish/.venv/bin/python3.11"
               : "/home/usainzg/Projects/glowish/.venv/bin/python3.13"

Incorrect information => 
Environment Some(Venv) incorrectly identified
   Version is incorrect

2025-10-23 19:10:09.985 [info] Resolved Python Environment /home/usainzg/Projects/glowish/.venv/bin/python
2025-10-23 19:10:45.130 [warning] Inaccurate Python Environment Info for => 
Environment (Venv)
   Name        : glowish
   Executable  : /home/usainzg/Projects/glowish/.venv/bin/python
   Version     : 3.11.13
   Prefix      : /home/usainzg/Projects/glowish/.venv
   Symlinks    : "/home/usainzg/Projects/glowish/.venv/bin/python"
               : "/home/usainzg/Projects/glowish/.venv/bin/python3"
               : "/home/usainzg/Projects/glowish/.venv/bin/python3.11"
.
Resolved as => 
Environment (Venv)
   Name        : glowish
   Executable  : /home/usainzg/Projects/glowish/.venv/bin/python
   Version     : 3.13.7.final.0
   Prefix      : /home/usainzg/Projects/glowish/.venv
   Architecture: x64
   Symlinks    : "/home/usainzg/Projects/glowish/.venv/bin/python"
               : "/home/usainzg/Projects/glowish/.venv/bin/python3"
               : "/home/usainzg/Projects/glowish/.venv/bin/python3.11"
               : "/home/usainzg/Projects/glowish/.venv/bin/python3.13"

Incorrect information => 
Environment Some(Venv) incorrectly identified
   Version is incorrect

2025-10-23 19:10:45.131 [info] Resolved Python Environment /home/usainzg/Projects/glowish/.venv/bin/python
2025-10-23 19:11:25.991 [warning] Inaccurate Python Environment Info for => 
Environment (Venv)
   Name        : glowish
   Executable  : /home/usainzg/Projects/glowish/.venv/bin/python
   Version     : 3.11.13
   Prefix      : /home/usainzg/Projects/glowish/.venv
   Symlinks    : "/home/usainzg/Projects/glowish/.venv/bin/python"
               : "/home/usainzg/Projects/glowish/.venv/bin/python3"
               : "/home/usainzg/Projects/glowish/.venv/bin/python3.11"
.
Resolved as => 
Environment (Venv)
   Name        : glowish
   Executable  : /home/usainzg/Projects/glowish/.venv/bin/python
   Version     : 3.13.7.final.0
   Prefix      : /home/usainzg/Projects/glowish/.venv
   Architecture: x64
   Symlinks    : "/home/usainzg/Projects/glowish/.venv/bin/python"
               : "/home/usainzg/Projects/glowish/.venv/bin/python3"
               : "/home/usainzg/Projects/glowish/.venv/bin/python3.11"
               : "/home/usainzg/Projects/glowish/.venv/bin/python3.13"

Incorrect information => 
Environment Some(Venv) incorrectly identified
   Version is incorrect

2025-10-23 19:11:25.991 [info] Resolved Python Environment /home/usainzg/Projects/glowish/.venv/bin/python
2025-10-23 19:13:24.674 [warning] Inaccurate Python Environment Info for => 
Environment (Venv)
   Name        : glowish
   Executable  : /home/usainzg/Projects/glowish/.venv/bin/python
   Version     : 3.11.13
   Prefix      : /home/usainzg/Projects/glowish/.venv
   Symlinks    : "/home/usainzg/Projects/glowish/.venv/bin/python"
               : "/home/usainzg/Projects/glowish/.venv/bin/python3"
               : "/home/usainzg/Projects/glowish/.venv/bin/python3.11"
.
Resolved as => 
Environment (Venv)
   Name        : glowish
   Executable  : /home/usainzg/Projects/glowish/.venv/bin/python
   Version     : 3.13.7.final.0
   Prefix      : /home/usainzg/Projects/glowish/.venv
   Architecture: x64
   Symlinks    : "/home/usainzg/Projects/glowish/.venv/bin/python"
               : "/home/usainzg/Projects/glowish/.venv/bin/python3"
               : "/home/usainzg/Projects/glowish/.venv/bin/python3.11"
               : "/home/usainzg/Projects/glowish/.venv/bin/python3.13"

Incorrect information => 
Environment Some(Venv) incorrectly identified
   Version is incorrect

2025-10-23 19:13:24.675 [info] Resolved Python Environment /home/usainzg/Projects/glowish/.venv/bin/python
2025-10-23 19:13:58.733 [warning] Inaccurate Python Environment Info for => 
Environment (Venv)
   Name        : glowish
   Executable  : /home/usainzg/Projects/glowish/.venv/bin/python
   Version     : 3.11.13
   Prefix      : /home/usainzg/Projects/glowish/.venv
   Symlinks    : "/home/usainzg/Projects/glowish/.venv/bin/python"
               : "/home/usainzg/Projects/glowish/.venv/bin/python3"
               : "/home/usainzg/Projects/glowish/.venv/bin/python3.11"
.
Resolved as => 
Environment (Venv)
   Name        : glowish
   Executable  : /home/usainzg/Projects/glowish/.venv/bin/python
   Version     : 3.13.7.final.0
   Prefix      : /home/usainzg/Projects/glowish/.venv
   Architecture: x64
   Symlinks    : "/home/usainzg/Projects/glowish/.venv/bin/python"
               : "/home/usainzg/Projects/glowish/.venv/bin/python3"
               : "/home/usainzg/Projects/glowish/.venv/bin/python3.11"
               : "/home/usainzg/Projects/glowish/.venv/bin/python3.13"

Incorrect information => 
Environment Some(Venv) incorrectly identified
   Version is incorrect

2025-10-23 19:13:58.733 [info] Resolved Python Environment /home/usainzg/Projects/glowish/.venv/bin/python
2025-10-23 19:14:40.983 [warning] Inaccurate Python Environment Info for => 
Environment (Venv)
   Name        : glowish
   Executable  : /home/usainzg/Projects/glowish/.venv/bin/python
   Version     : 3.11.13
   Prefix      : /home/usainzg/Projects/glowish/.venv
   Symlinks    : "/home/usainzg/Projects/glowish/.venv/bin/python"
               : "/home/usainzg/Projects/glowish/.venv/bin/python3"
               : "/home/usainzg/Projects/glowish/.venv/bin/python3.11"
.
Resolved as => 
Environment (Venv)
   Name        : glowish
   Executable  : /home/usainzg/Projects/glowish/.venv/bin/python
   Version     : 3.13.7.final.0
   Prefix      : /home/usainzg/Projects/glowish/.venv
   Architecture: x64
   Symlinks    : "/home/usainzg/Projects/glowish/.venv/bin/python"
               : "/home/usainzg/Projects/glowish/.venv/bin/python3"
               : "/home/usainzg/Projects/glowish/.venv/bin/python3.11"
               : "/home/usainzg/Projects/glowish/.venv/bin/python3.13"

Incorrect information => 
Environment Some(Venv) incorrectly identified
   Version is incorrect

2025-10-23 19:14:40.984 [info] Resolved Python Environment /home/usainzg/Projects/glowish/.venv/bin/python
2025-10-23 19:20:49.955 [warning] Inaccurate Python Environment Info for => 
Environment (Venv)
   Name        : glowish
   Executable  : /home/usainzg/Projects/glowish/.venv/bin/python
   Version     : 3.11.13
   Prefix      : /home/usainzg/Projects/glowish/.venv
   Symlinks    : "/home/usainzg/Projects/glowish/.venv/bin/python"
               : "/home/usainzg/Projects/glowish/.venv/bin/python3"
               : "/home/usainzg/Projects/glowish/.venv/bin/python3.11"
.
Resolved as => 
Environment (Venv)
   Name        : glowish
   Executable  : /home/usainzg/Projects/glowish/.venv/bin/python
   Version     : 3.13.7.final.0
   Prefix      : /home/usainzg/Projects/glowish/.venv
   Architecture: x64
   Symlinks    : "/home/usainzg/Projects/glowish/.venv/bin/python"
               : "/home/usainzg/Projects/glowish/.venv/bin/python3"
               : "/home/usainzg/Projects/glowish/.venv/bin/python3.11"
               : "/home/usainzg/Projects/glowish/.venv/bin/python3.13"

Incorrect information => 
Environment Some(Venv) incorrectly identified
   Version is incorrect

2025-10-23 19:20:49.955 [info] Resolved Python Environment /home/usainzg/Projects/glowish/.venv/bin/python
2025-10-23 19:21:42.616 [warning] Inaccurate Python Environment Info for => 
Environment (Venv)
   Name        : glowish
   Executable  : /home/usainzg/Projects/glowish/.venv/bin/python
   Version     : 3.11.13
   Prefix      : /home/usainzg/Projects/glowish/.venv
   Symlinks    : "/home/usainzg/Projects/glowish/.venv/bin/python"
               : "/home/usainzg/Projects/glowish/.venv/bin/python3"
               : "/home/usainzg/Projects/glowish/.venv/bin/python3.11"
.
Resolved as => 
Environment (Venv)
   Name        : glowish
   Executable  : /home/usainzg/Projects/glowish/.venv/bin/python
   Version     : 3.13.7.final.0
   Prefix      : /home/usainzg/Projects/glowish/.venv
   Architecture: x64
   Symlinks    : "/home/usainzg/Projects/glowish/.venv/bin/python"
               : "/home/usainzg/Projects/glowish/.venv/bin/python3"
               : "/home/usainzg/Projects/glowish/.venv/bin/python3.11"
               : "/home/usainzg/Projects/glowish/.venv/bin/python3.13"

Incorrect information => 
Environment Some(Venv) incorrectly identified
   Version is incorrect

2025-10-23 19:21:42.617 [info] Resolved Python Environment /home/usainzg/Projects/glowish/.venv/bin/python
2025-10-23 19:22:48.883 [warning] Inaccurate Python Environment Info for => 
Environment (Venv)
   Name        : glowish
   Executable  : /home/usainzg/Projects/glowish/.venv/bin/python
   Version     : 3.11.13
   Prefix      : /home/usainzg/Projects/glowish/.venv
   Symlinks    : "/home/usainzg/Projects/glowish/.venv/bin/python"
               : "/home/usainzg/Projects/glowish/.venv/bin/python3"
               : "/home/usainzg/Projects/glowish/.venv/bin/python3.11"
.
Resolved as => 
Environment (Venv)
   Name        : glowish
   Executable  : /home/usainzg/Projects/glowish/.venv/bin/python
   Version     : 3.13.7.final.0
   Prefix      : /home/usainzg/Projects/glowish/.venv
   Architecture: x64
   Symlinks    : "/home/usainzg/Projects/glowish/.venv/bin/python"
               : "/home/usainzg/Projects/glowish/.venv/bin/python3"
               : "/home/usainzg/Projects/glowish/.venv/bin/python3.11"
               : "/home/usainzg/Projects/glowish/.venv/bin/python3.13"

Incorrect information => 
Environment Some(Venv) incorrectly identified
   Version is incorrect

2025-10-23 19:22:48.883 [info] Resolved Python Environment /home/usainzg/Projects/glowish/.venv/bin/python
2025-10-23 19:25:53.682 [warning] Inaccurate Python Environment Info for => 
Environment (Venv)
   Name        : glowish
   Executable  : /home/usainzg/Projects/glowish/.venv/bin/python
   Version     : 3.11.13
   Prefix      : /home/usainzg/Projects/glowish/.venv
   Symlinks    : "/home/usainzg/Projects/glowish/.venv/bin/python"
               : "/home/usainzg/Projects/glowish/.venv/bin/python3"
               : "/home/usainzg/Projects/glowish/.venv/bin/python3.11"
.
Resolved as => 
Environment (Venv)
   Name        : glowish
   Executable  : /home/usainzg/Projects/glowish/.venv/bin/python
   Version     : 3.13.7.final.0
   Prefix      : /home/usainzg/Projects/glowish/.venv
   Architecture: x64
   Symlinks    : "/home/usainzg/Projects/glowish/.venv/bin/python"
               : "/home/usainzg/Projects/glowish/.venv/bin/python3"
               : "/home/usainzg/Projects/glowish/.venv/bin/python3.11"
               : "/home/usainzg/Projects/glowish/.venv/bin/python3.13"

Incorrect information => 
Environment Some(Venv) incorrectly identified
   Version is incorrect

2025-10-23 19:25:53.682 [info] Resolved Python Environment /home/usainzg/Projects/glowish/.venv/bin/python
2025-10-23 19:26:33.800 [warning] Inaccurate Python Environment Info for => 
Environment (Venv)
   Name        : glowish
   Executable  : /home/usainzg/Projects/glowish/.venv/bin/python
   Version     : 3.11.13
   Prefix      : /home/usainzg/Projects/glowish/.venv
   Symlinks    : "/home/usainzg/Projects/glowish/.venv/bin/python"
               : "/home/usainzg/Projects/glowish/.venv/bin/python3"
               : "/home/usainzg/Projects/glowish/.venv/bin/python3.11"
.
Resolved as => 
Environment (Venv)
   Name        : glowish
   Executable  : /home/usainzg/Projects/glowish/.venv/bin/python
   Version     : 3.13.7.final.0
   Prefix      : /home/usainzg/Projects/glowish/.venv
   Architecture: x64
   Symlinks    : "/home/usainzg/Projects/glowish/.venv/bin/python"
               : "/home/usainzg/Projects/glowish/.venv/bin/python3"
               : "/home/usainzg/Projects/glowish/.venv/bin/python3.11"
               : "/home/usainzg/Projects/glowish/.venv/bin/python3.13"

Incorrect information => 
Environment Some(Venv) incorrectly identified
   Version is incorrect

2025-10-23 19:26:33.800 [info] Resolved Python Environment /home/usainzg/Projects/glowish/.venv/bin/python
