2025-10-21 08:43:59.178 [info] [aebc6443-996d-45c2-90f0-388ff96faa56] Native Broker is only available on Windows and macOS
2025-10-21 08:43:59.257 [info] [getSessions] [all] starting
2025-10-21 08:43:59.257 [info] [getSessions] [all] returned 0 session(s)
2025-10-21 08:43:59.257 [info] [getSessions] [all] starting
2025-10-21 08:43:59.257 [info] [getSessions] [all] returned 0 session(s)
2025-10-21 08:43:59.257 [info] [getSessions] [all] starting
2025-10-21 08:43:59.257 [info] [getSessions] [all] returned 0 session(s)
2025-10-21 08:43:59.257 [info] [getSessions] [all] starting
2025-10-21 08:43:59.257 [info] [getSessions] [all] returned 0 session(s)
2025-10-21 08:43:59.258 [info] [getSessions] [499b84ac-1321-427f-aa17-267ca6975798/.default offline_access] starting
2025-10-21 08:43:59.258 [info] [aebc6443-996d-45c2-90f0-388ff96faa56] Native Broker is only available on Windows and macOS
2025-10-21 08:43:59.260 [info] [getSessions] [499b84ac-1321-427f-aa17-267ca6975798/.default offline_access] returned 0 session(s)
2025-10-21 08:43:59.694 [info] [getSessions] [all] starting
2025-10-21 08:43:59.694 [info] [getSessions] [all] returned 0 session(s)
2025-10-21 08:43:59.959 [info] [getSessions] [499b84ac-1321-427f-aa17-267ca6975798/.default offline_access] starting
2025-10-21 08:43:59.959 [info] [getSessions] [499b84ac-1321-427f-aa17-267ca6975798/.default offline_access] returned 0 session(s)
2025-10-21 08:44:01.385 [info] [getSessions] [all] starting
2025-10-21 08:44:01.385 [info] [getSessions] [all] returned 0 session(s)
2025-10-21 08:44:13.683 [info] [aebc6443-996d-45c2-90f0-388ff96faa56] Native Broker is only available on Windows and macOS
2025-10-21 08:44:13.710 [info] [getSessions] [all] starting
2025-10-21 08:44:13.710 [info] [getSessions] [all] returned 0 session(s)
2025-10-21 08:44:13.710 [info] [getSessions] [all] starting
2025-10-21 08:44:13.710 [info] [getSessions] [all] returned 0 session(s)
2025-10-21 08:44:13.710 [info] [getSessions] [all] starting
2025-10-21 08:44:13.710 [info] [getSessions] [all] returned 0 session(s)
2025-10-21 08:44:13.711 [info] [getSessions] [499b84ac-1321-427f-aa17-267ca6975798/.default offline_access] starting
2025-10-21 08:44:13.711 [info] [aebc6443-996d-45c2-90f0-388ff96faa56] Native Broker is only available on Windows and macOS
2025-10-21 08:44:13.721 [info] [getSessions] [499b84ac-1321-427f-aa17-267ca6975798/.default offline_access] returned 0 session(s)
2025-10-21 08:44:15.158 [info] [getSessions] [499b84ac-1321-427f-aa17-267ca6975798/.default offline_access] starting
2025-10-21 08:44:15.158 [info] [getSessions] [499b84ac-1321-427f-aa17-267ca6975798/.default offline_access] returned 0 session(s)
2025-10-21 08:44:15.285 [info] [getSessions] [all] starting
2025-10-21 08:44:15.285 [info] [getSessions] [all] returned 0 session(s)
2025-10-21 08:44:15.286 [info] [getSessions] [all] starting
2025-10-21 08:44:15.286 [info] [getSessions] [all] returned 0 session(s)
2025-10-21 08:44:15.286 [info] [getSessions] [all] starting
2025-10-21 08:44:15.286 [info] [getSessions] [all] returned 0 session(s)
2025-10-21 08:44:15.958 [info] [getSessions] [all] starting
2025-10-21 08:44:15.958 [info] [getSessions] [all] returned 0 session(s)
2025-10-21 08:44:16.419 [info] [getSessions] [all] starting
2025-10-21 08:44:16.419 [info] [getSessions] [all] returned 0 session(s)
