2025-10-23 17:43:13.136 [info] Configuration changed
2025-10-23 17:43:14.423 [info] Configuration changed
2025-10-23 17:43:14.946 [info] Configuration changed
2025-10-23 17:43:27.242 [info] Active editor: file:///home/usainzg/Projects/glowish/hydra_main.py
2025-10-23 17:43:27.428 [info] /home/usainzg/.config/Code/User/settings.json closed
2025-10-23 17:45:33.083 [info] /home/usainzg/Projects/glowish/hydra_main.py closed
2025-10-23 17:45:33.084 [info] /home/usainzg/Projects/glowish/hydra_main.py.git closed
2025-10-23 17:50:10.147 [info] /home/usainzg/.config/Code/User/settings.json closed
2025-10-23 17:50:10.156 [info] Configuration changed
2025-10-23 17:50:50.312 [info] /home/usainzg/.config/Code/User/settings.json closed
2025-10-23 17:50:50.323 [info] Configuration changed
2025-10-23 17:51:01.651 [info] Active editor: file:///home/usainzg/Projects/glowish/hydra_main.py
2025-10-23 17:51:33.062 [info] /home/usainzg/Projects/glowish/hydra_main.py closed
2025-10-23 17:51:33.075 [info] Active editor: file:///home/usainzg/Projects/glowish/generate_topology_cli.py
2025-10-23 17:51:33.084 [info] /home/usainzg/Projects/glowish/hydra_main.py.git closed
2025-10-23 17:51:48.408 [info] /home/usainzg/Projects/glowish/generate_topology_cli.py closed
2025-10-23 17:51:48.423 [info] Active editor: file:///home/usainzg/Projects/glowish/USAGE_EXAMPLES.md
2025-10-23 17:51:48.427 [info] /home/usainzg/Projects/glowish/generate_topology_cli.py.git closed
2025-10-23 17:53:58.457 [info] /home/usainzg/Projects/glowish/USAGE_EXAMPLES.md closed
2025-10-23 17:53:58.474 [info] Active editor: file:///home/usainzg/Projects/glowish/demo_topology_metrics.py
2025-10-23 17:53:58.488 [info] /home/usainzg/Projects/glowish/USAGE_EXAMPLES.md.git closed
2025-10-23 17:55:48.087 [info] /home/usainzg/Projects/glowish/demo_topology_metrics.py closed
2025-10-23 17:55:48.101 [info] Active editor: file:///home/usainzg/Projects/glowish/QUICKSTART_TOPOLOGY.md
2025-10-23 17:55:48.108 [info] /home/usainzg/Projects/glowish/demo_topology_metrics.py.git closed
2025-10-23 17:56:17.332 [info] /home/usainzg/Projects/glowish/QUICKSTART_TOPOLOGY.md closed
2025-10-23 17:56:17.346 [info] Active editor: file:///home/usainzg/Projects/glowish/conf/base.yaml
2025-10-23 17:56:17.350 [info] /home/usainzg/Projects/glowish/QUICKSTART_TOPOLOGY.md.git closed
2025-10-23 17:56:38.838 [info] /home/usainzg/Projects/glowish/conf/base.yaml closed
2025-10-23 17:56:38.849 [info] Active editor: file:///home/usainzg/Projects/glowish/conf/topologies/ring30%2B5.yaml
2025-10-23 17:56:38.858 [info] /home/usainzg/Projects/glowish/conf/base.yaml.git closed
2025-10-23 17:56:40.721 [info] /home/usainzg/Projects/glowish/conf/topologies/ring30+5.yaml closed
2025-10-23 17:56:40.722 [info] /home/usainzg/Projects/glowish/conf/topologies/ring30+5.yaml.git closed
2025-10-23 17:56:44.252 [info] Active editor: file:///home/usainzg/Projects/glowish/conf/base.yaml
2025-10-23 17:56:47.441 [info] /home/usainzg/.config/Code/User/settings.json closed
2025-10-23 17:56:47.464 [info] Configuration changed
2025-10-23 17:57:00.007 [info] /home/usainzg/.config/Code/User/settings.json closed
2025-10-23 17:57:00.028 [info] Configuration changed
2025-10-23 17:57:01.056 [info] /home/usainzg/.config/Code/User/settings.json closed
2025-10-23 17:57:01.073 [info] Configuration changed
2025-10-23 17:57:01.873 [info] Executing :w
2025-10-23 17:57:01.901 [info] /home/usainzg/.config/Code/User/settings.json closed
2025-10-23 17:57:01.918 [info] Configuration changed
2025-10-23 17:57:14.052 [info] /home/usainzg/Projects/glowish/conf/base.yaml closed
2025-10-23 17:57:14.052 [info] /home/usainzg/Projects/glowish/conf/base.yaml.git closed
2025-10-23 17:57:22.032 [info] Active editor: file:///home/usainzg/Projects/glowish/USAGE_EXAMPLES.md
2025-10-23 17:58:04.946 [info] /home/usainzg/Projects/glowish/USAGE_EXAMPLES.md closed
2025-10-23 17:58:04.956 [info] Active editor: file:///home/usainzg/Projects/glowish/SCHEDULING_POLICIES.md
2025-10-23 17:58:04.963 [info] /home/usainzg/Projects/glowish/USAGE_EXAMPLES.md.git closed
2025-10-23 17:58:14.549 [info] /home/usainzg/Projects/glowish/SCHEDULING_POLICIES.md closed
2025-10-23 17:58:14.549 [info] /home/usainzg/Projects/glowish/SCHEDULING_POLICIES.md.git closed
2025-10-23 17:58:27.796 [info] Active editor: file:///home/usainzg/Projects/glowish/IMPLEMENTATION_SUMMARY.md
2025-10-23 17:58:42.471 [info] /home/usainzg/Projects/glowish/IMPLEMENTATION_SUMMARY.md closed
2025-10-23 17:58:42.482 [info] Active editor: file:///home/usainzg/Projects/glowish/IMPLEMENTATION_SUMMARY_NEW.md
2025-10-23 17:58:42.488 [info] /home/usainzg/Projects/glowish/IMPLEMENTATION_SUMMARY.md.git closed
2025-10-23 17:59:06.454 [info] /home/usainzg/Projects/glowish/IMPLEMENTATION_SUMMARY_NEW.md closed
2025-10-23 17:59:06.454 [info] /home/usainzg/Projects/glowish/IMPLEMENTATION_SUMMARY_NEW.md.git closed
2025-10-23 17:59:49.057 [info] /home/usainzg/.config/Code/User/settings.json closed
2025-10-23 17:59:49.066 [info] Configuration changed
2025-10-23 17:59:59.035 [info] /home/usainzg/.config/Code/User/settings.json closed
2025-10-23 17:59:59.045 [info] Configuration changed
2025-10-23 18:00:26.658 [info] Active editor: file:///home/usainzg/Projects/glowish/.venv/lib/python3.13/site-packages/flwr/server/strategy/aggregate.py
2025-10-23 18:00:44.762 [info] /home/usainzg/.config/Code/User/settings.json closed
2025-10-23 18:00:44.787 [info] Configuration changed
2025-10-23 18:00:46.867 [info] /home/usainzg/.config/Code/User/settings.json closed
2025-10-23 18:00:46.883 [info] Configuration changed
2025-10-23 18:00:48.218 [info] /home/usainzg/.config/Code/User/settings.json closed
2025-10-23 18:00:48.236 [info] Configuration changed
2025-10-23 18:00:54.188 [info] Searching for aggregate_score
2025-10-23 18:01:08.579 [info] Active editor: file:///home/usainzg/Projects/glowish/hydra_main.py
2025-10-23 18:01:08.676 [info] /home/usainzg/.config/Code/User/settings.json closed
2025-10-23 18:01:08.694 [info] Configuration changed
2025-10-23 18:01:30.682 [info] /home/usainzg/Projects/glowish/custom_strategies/GLow_strategy.py closed
2025-10-23 18:01:31.092 [info] Active editor: file:///home/usainzg/Projects/glowish/custom_strategies/GLow_strategy.py
2025-10-23 18:01:31.103 [info] /home/usainzg/Projects/glowish/hydra_main.py.git closed
2025-10-23 18:02:46.558 [info] /home/usainzg/Projects/glowish/custom_strategies/GLow_strategy.py closed
2025-10-23 18:02:46.571 [info] Active editor: file:///home/usainzg/Projects/glowish/deps.req
2025-10-23 18:02:46.576 [info] /home/usainzg/Projects/glowish/custom_strategies/GLow_strategy.py.git closed
2025-10-23 18:02:48.903 [info] /home/usainzg/.config/Code/User/settings.json closed
2025-10-23 18:02:48.922 [info] Configuration changed
2025-10-23 18:02:56.348 [info] /home/usainzg/.config/Code/User/settings.json closed
2025-10-23 18:02:56.369 [info] Configuration changed
2025-10-23 18:02:56.925 [info] /home/usainzg/.config/Code/User/settings.json closed
2025-10-23 18:02:56.942 [info] Configuration changed
2025-10-23 18:02:57.404 [info] Executing :wq
2025-10-23 18:02:57.431 [info] /home/usainzg/Projects/glowish/deps.req closed
2025-10-23 18:02:57.432 [warning] getLineLength() called with out-of-bounds line 2
2025-10-23 18:02:57.432 [warning] getLineLength() called with out-of-bounds line 2
2025-10-23 18:02:57.434 [info] Active editor: file:///home/usainzg/Projects/glowish/hydra_main.py
2025-10-23 18:02:57.445 [info] /home/usainzg/Projects/glowish/deps.req.git closed
2025-10-23 18:03:33.303 [info] Active editor: file:///home/usainzg/Projects/glowish/deps.req
2025-10-23 18:03:33.307 [info] /home/usainzg/Projects/glowish/hydra_main.py.git closed
2025-10-23 18:03:54.198 [info] Executing :wq
2025-10-23 18:03:54.216 [info] /home/usainzg/Projects/glowish/deps.req closed
2025-10-23 18:03:54.217 [warning] getLineLength() called with out-of-bounds line 9
2025-10-23 18:03:54.217 [warning] getLineLength() called with out-of-bounds line 9
2025-10-23 18:03:54.218 [info] Active editor: file:///home/usainzg/Projects/glowish/hydra_main.py
2025-10-23 18:03:54.228 [info] /home/usainzg/Projects/glowish/deps.req.git closed
2025-10-23 18:05:48.525 [info] Active editor: file:///home/usainzg/Projects/glowish/deps.req
2025-10-23 18:05:48.530 [info] /home/usainzg/Projects/glowish/hydra_main.py.git closed
2025-10-23 18:06:04.904 [info] /home/usainzg/.config/Code/User/settings.json closed
2025-10-23 18:06:04.923 [info] Configuration changed
2025-10-23 18:06:07.321 [info] /home/usainzg/.config/Code/User/settings.json closed
2025-10-23 18:06:07.343 [info] Configuration changed
2025-10-23 18:06:13.354 [info] /home/usainzg/.config/Code/User/settings.json closed
2025-10-23 18:06:13.371 [info] Configuration changed
2025-10-23 18:06:18.573 [info] /home/usainzg/.config/Code/User/settings.json closed
2025-10-23 18:06:18.590 [info] Configuration changed
2025-10-23 18:06:19.285 [info] /home/usainzg/.config/Code/User/settings.json closed
2025-10-23 18:06:19.305 [info] Configuration changed
2025-10-23 18:06:20.018 [info] Executing :wq
2025-10-23 18:06:20.045 [info] /home/usainzg/Projects/glowish/deps.req closed
2025-10-23 18:06:20.046 [warning] getLineLength() called with out-of-bounds line 1
2025-10-23 18:06:20.046 [warning] invalid cursor position. [[1, 10] | [1, 10]].
2025-10-23 18:06:20.050 [info] Active editor: file:///home/usainzg/Projects/glowish/hydra_main.py
2025-10-23 18:06:20.063 [info] /home/usainzg/Projects/glowish/deps.req.git closed
2025-10-23 18:07:32.466 [info] Active editor: file:///home/usainzg/Projects/glowish/deps.req
2025-10-23 18:07:32.473 [info] /home/usainzg/Projects/glowish/hydra_main.py.git closed
2025-10-23 18:07:34.758 [info] /home/usainzg/.config/Code/User/settings.json closed
2025-10-23 18:07:34.778 [info] Configuration changed
2025-10-23 18:07:36.758 [info] /home/usainzg/.config/Code/User/settings.json closed
2025-10-23 18:07:36.777 [info] Configuration changed
2025-10-23 18:07:37.352 [info] /home/usainzg/.config/Code/User/settings.json closed
2025-10-23 18:07:37.369 [info] Configuration changed
2025-10-23 18:07:37.791 [info] Executing :w
2025-10-23 18:07:37.815 [info] /home/usainzg/.config/Code/User/settings.json closed
2025-10-23 18:07:37.830 [info] Configuration changed
2025-10-23 18:08:14.895 [info] /home/usainzg/.config/Code/User/settings.json closed
2025-10-23 18:08:14.913 [info] Configuration changed
2025-10-23 18:08:25.350 [info] /home/usainzg/.config/Code/User/settings.json closed
2025-10-23 18:08:25.369 [info] Configuration changed
2025-10-23 18:08:25.633 [info] /home/usainzg/.config/Code/User/settings.json closed
2025-10-23 18:08:25.650 [info] Configuration changed
2025-10-23 18:08:26.158 [info] Executing :wq
2025-10-23 18:08:26.182 [info] /home/usainzg/Projects/glowish/deps.req closed
2025-10-23 18:08:26.183 [warning] getLineLength() called with out-of-bounds line 3
2025-10-23 18:08:26.183 [warning] invalid cursor position. [[3, 15] | [3, 15]].
2025-10-23 18:08:26.187 [info] Active editor: file:///home/usainzg/Projects/glowish/hydra_main.py
2025-10-23 18:08:26.201 [info] /home/usainzg/Projects/glowish/deps.req.git closed
2025-10-23 18:08:58.538 [info] /home/usainzg/Projects/glowish/hydra_main.py closed
2025-10-23 18:08:58.540 [info] Active editor: file:///home/usainzg/Projects/glowish/.venv/lib/python3.13/site-packages/flwr/server/strategy/aggregate.py
2025-10-23 18:08:58.551 [info] /home/usainzg/Projects/glowish/hydra_main.py.git closed
2025-10-23 18:08:58.650 [info] /home/usainzg/.config/Code/User/settings.json closed
2025-10-23 18:08:58.669 [info] Configuration changed
2025-10-23 18:09:04.885 [info] /home/usainzg/.config/Code/User/settings.json closed
2025-10-23 18:09:04.903 [info] Configuration changed
2025-10-23 18:09:06.904 [info] /home/usainzg/.config/Code/User/settings.json closed
2025-10-23 18:09:06.923 [info] Configuration changed
2025-10-23 18:09:07.639 [info] /home/usainzg/.config/Code/User/settings.json closed
2025-10-23 18:09:07.656 [info] Configuration changed
2025-10-23 18:09:09.510 [info] Searching for aggregate_score
2025-10-23 18:09:17.848 [info] /home/usainzg/Projects/glowish/.venv/lib/python3.13/site-packages/flwr/server/strategy/aggregate.py closed
2025-10-23 18:09:30.108 [info] Active editor: file:///home/usainzg/Projects/glowish/main.py
2025-10-23 18:09:31.137 [info] /home/usainzg/.config/Code/User/settings.json closed
2025-10-23 18:09:31.158 [info] Configuration changed
2025-10-23 18:09:33.620 [info] /home/usainzg/Projects/glowish/main.py closed
2025-10-23 18:09:33.621 [info] /home/usainzg/Projects/glowish/main.py.git closed
2025-10-23 18:09:34.797 [info] Active editor: file:///home/usainzg/Projects/glowish/hydra_main.py
2025-10-23 18:09:36.808 [info] /home/usainzg/Projects/glowish/custom_strategies/GLow_strategy.py closed
2025-10-23 18:09:37.000 [info] /home/usainzg/Projects/glowish/custom_strategies/GLow_strategy.py closed
2025-10-23 18:09:37.580 [info] Active editor: file:///home/usainzg/Projects/glowish/custom_strategies/GLow_strategy.py
2025-10-23 18:09:37.591 [info] /home/usainzg/Projects/glowish/hydra_main.py.git closed
2025-10-23 18:09:40.956 [info] /home/usainzg/.config/Code/User/settings.json closed
2025-10-23 18:09:40.977 [info] Configuration changed
2025-10-23 18:09:45.844 [info] Searching for aggregate_score
2025-10-23 18:09:59.676 [info] /home/usainzg/.config/Code/User/settings.json closed
2025-10-23 18:09:59.698 [info] Configuration changed
2025-10-23 18:10:22.811 [info] /home/usainzg/.config/Code/User/settings.json closed
2025-10-23 18:10:22.832 [info] Configuration changed
2025-10-23 18:10:34.221 [info] /home/usainzg/.config/Code/User/settings.json closed
2025-10-23 18:10:34.241 [info] Configuration changed
2025-10-23 18:10:37.449 [info] /home/usainzg/.config/Code/User/settings.json closed
2025-10-23 18:10:37.460 [info] Configuration changed
2025-10-23 18:12:38.356 [info] /home/usainzg/.config/Code/User/settings.json closed
2025-10-23 18:12:38.374 [info] Configuration changed
2025-10-23 18:12:41.921 [info] Searching for aggregate
2025-10-23 18:12:43.459 [info] /home/usainzg/.config/Code/User/settings.json closed
2025-10-23 18:12:43.478 [info] Configuration changed
2025-10-23 18:14:08.826 [info] /home/usainzg/.config/Code/User/settings.json closed
2025-10-23 18:14:08.846 [info] Configuration changed
2025-10-23 18:14:16.171 [info] /home/usainzg/.config/Code/User/settings.json closed
2025-10-23 18:14:16.187 [info] Configuration changed
2025-10-23 18:27:05.368 [info] Active editor: file:///home/usainzg/Projects/glowish/deps.req
2025-10-23 18:27:05.374 [info] /home/usainzg/Projects/glowish/custom_strategies/GLow_strategy.py.git closed
2025-10-23 18:27:07.960 [info] /home/usainzg/.config/Code/User/settings.json closed
2025-10-23 18:27:07.977 [info] Configuration changed
2025-10-23 18:27:11.523 [info] /home/usainzg/.config/Code/User/settings.json closed
2025-10-23 18:27:11.541 [info] Configuration changed
2025-10-23 18:27:11.813 [info] /home/usainzg/.config/Code/User/settings.json closed
2025-10-23 18:27:11.831 [info] Configuration changed
2025-10-23 18:27:12.202 [info] Executing :w
2025-10-23 18:27:12.240 [info] /home/usainzg/.config/Code/User/settings.json closed
2025-10-23 18:27:12.255 [info] Configuration changed
2025-10-23 18:27:14.532 [info] /home/usainzg/.config/Code/User/settings.json closed
2025-10-23 18:27:14.553 [info] Configuration changed
2025-10-23 18:27:16.508 [info] /home/usainzg/.config/Code/User/settings.json closed
2025-10-23 18:27:16.524 [info] Configuration changed
2025-10-23 18:27:28.990 [info] Active editor: file:///home/usainzg/Projects/glowish/requirements.txt
2025-10-23 18:27:29.002 [info] /home/usainzg/Projects/glowish/deps.req.git closed
2025-10-23 18:27:33.732 [info] /home/usainzg/.config/Code/User/settings.json closed
2025-10-23 18:27:33.750 [info] Configuration changed
2025-10-23 18:27:34.226 [info] Executing :wq
2025-10-23 18:27:34.240 [info] /home/usainzg/Projects/glowish/requirements.txt closed
2025-10-23 18:27:34.241 [warning] getLineLength() called with out-of-bounds line 0
2025-10-23 18:27:34.241 [warning] getLineLength() called with out-of-bounds line 0
2025-10-23 18:27:34.243 [info] Active editor: file:///home/usainzg/Projects/glowish/deps.req
2025-10-23 18:30:14.997 [info] Active editor: file:///home/usainzg/Projects/glowish/custom_strategies/GLow_strategy.py
2025-10-23 18:30:15.009 [info] /home/usainzg/Projects/glowish/deps.req.git closed
2025-10-23 18:30:15.075 [info] /home/usainzg/.config/Code/User/settings.json closed
2025-10-23 18:30:15.106 [info] Configuration changed
2025-10-23 18:32:48.619 [info] Active editor: file:///home/usainzg/Projects/glowish/flwr_lib_modifications/aggregate.py
2025-10-23 18:32:48.626 [info] /home/usainzg/Projects/glowish/custom_strategies/GLow_strategy.py.git closed
2025-10-23 18:32:54.975 [info] /home/usainzg/Projects/glowish/flwr_lib_modifications/aggregate.py closed
2025-10-23 18:32:54.979 [info] Active editor: file:///home/usainzg/Projects/glowish/custom_strategies/GLow_strategy.py
2025-10-23 18:32:54.990 [info] /home/usainzg/Projects/glowish/flwr_lib_modifications/aggregate.py.git closed
