2025-09-25 09:36:38.405 [info] [getSessions] [all] starting
2025-09-25 09:36:38.405 [info] [getSessions] [all] returned 0 session(s)
2025-09-25 09:36:38.405 [info] [getSessions] [all] starting
2025-09-25 09:36:38.405 [info] [getSessions] [all] returned 0 session(s)
2025-09-25 09:36:38.405 [info] [getSessions] [all] starting
2025-09-25 09:36:38.405 [info] [getSessions] [all] returned 0 session(s)
2025-09-25 09:36:38.405 [info] [getSessions] [all] starting
2025-09-25 09:36:38.405 [info] [getSessions] [all] returned 0 session(s)
2025-09-25 09:36:38.407 [info] [getSessions] [499b84ac-1321-427f-aa17-267ca6975798/.default offline_access] starting
2025-09-25 09:36:38.407 [info] [aebc6443-996d-45c2-90f0-388ff96faa56] Native Broker is only available on Windows
2025-09-25 09:36:38.411 [info] [getSessions] [499b84ac-1321-427f-aa17-267ca6975798/.default offline_access] returned 0 session(s)
2025-09-25 09:36:38.832 [info] [getSessions] [499b84ac-1321-427f-aa17-267ca6975798/.default offline_access] starting
2025-09-25 09:36:38.832 [info] [getSessions] [499b84ac-1321-427f-aa17-267ca6975798/.default offline_access] returned 0 session(s)
2025-09-25 09:36:39.709 [info] [getSessions] [all] starting
2025-09-25 09:36:39.709 [info] [getSessions] [all] returned 0 session(s)
2025-09-25 09:36:52.960 [info] [aebc6443-996d-45c2-90f0-388ff96faa56] Native Broker is only available on Windows
2025-09-25 09:36:53.056 [info] [getSessions] [all] starting
2025-09-25 09:36:53.056 [info] [getSessions] [all] returned 0 session(s)
2025-09-25 09:36:53.056 [info] [getSessions] [all] starting
2025-09-25 09:36:53.056 [info] [getSessions] [all] returned 0 session(s)
2025-09-25 09:36:53.056 [info] [getSessions] [all] starting
2025-09-25 09:36:53.056 [info] [getSessions] [all] returned 0 session(s)
2025-09-25 09:36:53.056 [info] [getSessions] [all] starting
2025-09-25 09:36:53.056 [info] [getSessions] [all] returned 0 session(s)
2025-09-25 09:36:54.899 [info] [getSessions] [499b84ac-1321-427f-aa17-267ca6975798/.default offline_access] starting
2025-09-25 09:36:54.899 [info] [aebc6443-996d-45c2-90f0-388ff96faa56] Native Broker is only available on Windows
2025-09-25 09:36:54.906 [info] [getSessions] [499b84ac-1321-427f-aa17-267ca6975798/.default offline_access] returned 0 session(s)
2025-09-25 09:36:55.467 [info] [getSessions] [all] starting
2025-09-25 09:36:55.467 [info] [getSessions] [all] returned 0 session(s)
2025-09-25 09:37:00.446 [info] [aebc6443-996d-45c2-90f0-388ff96faa56] Native Broker is only available on Windows
2025-09-25 09:37:00.498 [info] [getSessions] [all] starting
2025-09-25 09:37:00.498 [info] [getSessions] [all] returned 0 session(s)
2025-09-25 09:37:00.498 [info] [getSessions] [all] starting
2025-09-25 09:37:00.498 [info] [getSessions] [all] returned 0 session(s)
2025-09-25 09:37:00.498 [info] [getSessions] [all] starting
2025-09-25 09:37:00.498 [info] [getSessions] [all] returned 0 session(s)
2025-09-25 09:37:00.498 [info] [getSessions] [all] starting
2025-09-25 09:37:00.498 [info] [getSessions] [all] returned 0 session(s)
2025-09-25 09:37:02.383 [info] [getSessions] [499b84ac-1321-427f-aa17-267ca6975798/.default offline_access] starting
2025-09-25 09:37:02.383 [info] [aebc6443-996d-45c2-90f0-388ff96faa56] Native Broker is only available on Windows
2025-09-25 09:37:02.404 [info] [getSessions] [499b84ac-1321-427f-aa17-267ca6975798/.default offline_access] returned 0 session(s)
2025-09-25 09:37:02.945 [info] [getSessions] [all] starting
2025-09-25 09:37:02.945 [info] [getSessions] [all] returned 0 session(s)
