2025-08-23 09:29:42.295 [info] Reading sessions from keychain...
2025-08-23 09:29:42.295 [info] Getting sessions for all scopes...
2025-08-23 09:29:42.448 [info] Got stored sessions!
2025-08-23 09:29:42.449 [info] Got 2 verified sessions.
2025-08-23 09:29:42.449 [info] Got 2 sessions for ...
2025-08-23 09:29:42.449 [info] Getting sessions for all scopes...
2025-08-23 09:29:42.449 [info] Got 2 sessions for ...
2025-08-23 09:29:42.449 [info] Getting sessions for all scopes...
2025-08-23 09:29:42.449 [info] Got 2 sessions for ...
2025-08-23 09:29:42.449 [info] Getting sessions for all scopes...
2025-08-23 09:29:42.449 [info] Got 2 sessions for ...
2025-08-23 09:29:42.449 [info] Getting sessions for all scopes...
2025-08-23 09:29:42.449 [info] Got 2 sessions for ...
2025-08-23 09:29:42.449 [info] Getting sessions for all scopes...
2025-08-23 09:29:42.449 [info] Got 2 sessions for ...
2025-08-23 09:29:42.449 [info] Getting sessions for all scopes...
2025-08-23 09:29:42.449 [info] Got 2 sessions for ...
2025-08-23 09:29:42.536 [info] Getting sessions for all scopes...
2025-08-23 09:29:42.536 [info] Got 2 sessions for ...
2025-08-23 09:29:42.536 [info] Getting sessions for all scopes...
2025-08-23 09:29:42.536 [info] Got 2 sessions for ...
2025-08-23 09:29:42.536 [info] Getting sessions for all scopes...
2025-08-23 09:29:42.536 [info] Got 2 sessions for ...
2025-08-23 09:29:42.536 [info] Getting sessions for all scopes...
2025-08-23 09:29:42.536 [info] Got 2 sessions for ...
2025-08-23 09:29:42.536 [info] Getting sessions for all scopes...
2025-08-23 09:29:42.536 [info] Got 2 sessions for ...
2025-08-23 09:29:42.536 [info] Getting sessions for all scopes...
2025-08-23 09:29:42.536 [info] Got 2 sessions for ...
2025-08-23 09:29:42.872 [info] Getting sessions for all scopes...
2025-08-23 09:29:42.872 [info] Got 2 sessions for ...
2025-08-23 09:29:42.986 [info] Getting sessions for all scopes...
2025-08-23 09:29:42.986 [info] Got 2 sessions for ...
2025-08-23 09:29:43.119 [info] Getting sessions for read:user,repo,user:email,workflow...
2025-08-23 09:29:43.120 [info] Got 1 sessions for read:user,repo,user:email,workflow...
2025-08-23 09:29:45.014 [info] Getting sessions for all scopes...
2025-08-23 09:29:45.014 [info] Got 2 sessions for ...
2025-08-23 09:29:45.014 [info] Getting sessions for all scopes...
2025-08-23 09:29:45.014 [info] Got 2 sessions for ...
2025-08-23 09:29:45.015 [info] Getting sessions for all scopes...
2025-08-23 09:29:45.015 [info] Got 2 sessions for ...
2025-08-23 09:29:45.102 [info] Getting sessions for all scopes...
2025-08-23 09:29:45.102 [info] Got 2 sessions for ...
2025-08-23 09:29:45.102 [info] Getting sessions for all scopes...
2025-08-23 09:29:45.102 [info] Got 2 sessions for ...
2025-08-23 09:29:45.439 [info] Getting sessions for all scopes...
2025-08-23 09:29:45.439 [info] Got 2 sessions for ...
2025-08-23 09:29:45.441 [info] Getting sessions for read:user,repo,user:email,workflow...
2025-08-23 09:29:45.441 [info] Got 1 sessions for read:user,repo,user:email,workflow...
2025-08-23 09:29:45.441 [info] Getting sessions for all scopes...
2025-08-23 09:29:45.441 [info] Got 2 sessions for ...
2025-08-23 09:29:45.441 [info] Getting sessions for read:user,repo,user:email,workflow...
2025-08-23 09:29:45.441 [info] Got 1 sessions for read:user,repo,user:email,workflow...
2025-08-23 09:29:45.450 [info] Getting sessions for all scopes...
2025-08-23 09:29:45.450 [info] Got 2 sessions for ...
2025-08-23 09:29:45.452 [info] Getting sessions for read:user,repo,user:email,workflow...
2025-08-23 09:29:45.452 [info] Got 1 sessions for read:user,repo,user:email,workflow...
2025-08-23 09:29:45.578 [info] Getting sessions for all scopes...
2025-08-23 09:29:45.578 [info] Got 2 sessions for ...
2025-08-23 09:29:45.579 [info] Getting sessions for read:user,repo,user:email,workflow...
2025-08-23 09:29:45.579 [info] Got 1 sessions for read:user,repo,user:email,workflow...
2025-08-23 09:29:45.620 [info] Getting sessions for all scopes...
2025-08-23 09:29:45.620 [info] Got 2 sessions for ...
2025-08-23 09:29:45.621 [info] Getting sessions for read:user,repo,user:email,workflow...
2025-08-23 09:29:45.621 [info] Got 1 sessions for read:user,repo,user:email,workflow...
2025-08-23 09:29:46.011 [info] Getting sessions for all scopes...
2025-08-23 09:29:46.011 [info] Got 2 sessions for ...
2025-08-23 09:29:46.043 [info] Getting sessions for all scopes...
2025-08-23 09:29:46.043 [info] Got 2 sessions for ...
2025-08-23 09:29:46.043 [info] Getting sessions for read:user,repo,user:email,workflow...
2025-08-23 09:29:46.043 [info] Got 1 sessions for read:user,repo,user:email,workflow...
2025-08-23 09:29:46.492 [info] Getting sessions for all scopes...
2025-08-23 09:29:46.492 [info] Got 2 sessions for ...
2025-08-23 09:29:46.492 [info] Getting sessions for all scopes...
2025-08-23 09:29:46.492 [info] Got 2 sessions for ...
2025-08-23 09:29:46.502 [info] Getting sessions for read:user,repo,user:email,workflow...
2025-08-23 09:29:46.502 [info] Got 1 sessions for read:user,repo,user:email,workflow...
2025-08-23 09:29:46.503 [info] Getting sessions for all scopes...
2025-08-23 09:29:46.503 [info] Got 2 sessions for ...
2025-08-23 09:29:46.504 [info] Getting sessions for read:user,repo,user:email,workflow...
2025-08-23 09:29:46.504 [info] Got 1 sessions for read:user,repo,user:email,workflow...
2025-08-23 09:29:46.574 [info] Getting sessions for all scopes...
2025-08-23 09:29:46.574 [info] Got 2 sessions for ...
2025-08-23 09:29:46.575 [info] Getting sessions for all scopes...
2025-08-23 09:29:46.575 [info] Got 2 sessions for ...
2025-08-23 09:29:46.582 [info] Getting sessions for read:user,repo,user:email,workflow...
2025-08-23 09:29:46.583 [info] Got 1 sessions for read:user,repo,user:email,workflow...
2025-08-23 09:29:46.586 [info] Getting sessions for all scopes...
2025-08-23 09:29:46.586 [info] Got 2 sessions for ...
2025-08-23 09:29:46.587 [info] Getting sessions for all scopes...
2025-08-23 09:29:46.587 [info] Got 2 sessions for ...
2025-08-23 09:29:47.608 [info] Getting sessions for all scopes...
2025-08-23 09:29:47.608 [info] Got 2 sessions for ...
2025-08-23 09:29:52.077 [info] Getting sessions for all scopes...
2025-08-23 09:29:52.077 [info] Got 2 sessions for ...
2025-08-23 09:29:52.083 [info] Getting sessions for read:user,repo,user:email,workflow...
2025-08-23 09:29:52.084 [info] Got 1 sessions for read:user,repo,user:email,workflow...
2025-08-23 09:29:52.625 [info] Getting sessions for all scopes...
2025-08-23 09:29:52.625 [info] Got 2 sessions for ...
2025-08-23 09:29:52.627 [info] Getting sessions for read:user,repo,user:email,workflow...
2025-08-23 09:29:52.627 [info] Got 1 sessions for read:user,repo,user:email,workflow...
2025-08-23 09:29:53.083 [info] Getting sessions for all scopes...
2025-08-23 09:29:53.083 [info] Got 2 sessions for ...
2025-08-23 09:29:53.084 [info] Getting sessions for read:user,repo,user:email,workflow...
2025-08-23 09:29:53.084 [info] Got 1 sessions for read:user,repo,user:email,workflow...
2025-08-23 09:29:58.908 [info] Reading sessions from keychain...
2025-08-23 09:29:58.908 [info] Got stored sessions!
2025-08-23 09:29:58.908 [info] Got 2 verified sessions.
2025-08-23 09:29:58.908 [info] Getting sessions for all scopes...
2025-08-23 09:29:58.908 [info] Got 2 sessions for ...
2025-08-23 09:29:58.908 [info] Getting sessions for all scopes...
2025-08-23 09:29:58.908 [info] Got 2 sessions for ...
2025-08-23 09:29:58.908 [info] Getting sessions for all scopes...
2025-08-23 09:29:58.908 [info] Got 2 sessions for ...
2025-08-23 09:29:58.908 [info] Getting sessions for all scopes...
2025-08-23 09:29:58.908 [info] Got 2 sessions for ...
2025-08-23 09:29:58.908 [info] Getting sessions for all scopes...
2025-08-23 09:29:58.908 [info] Got 2 sessions for ...
2025-08-23 09:29:58.908 [info] Getting sessions for all scopes...
2025-08-23 09:29:58.908 [info] Got 2 sessions for ...
2025-08-23 09:29:58.908 [info] Getting sessions for all scopes...
2025-08-23 09:29:58.908 [info] Got 2 sessions for ...
2025-08-23 09:30:00.914 [info] Getting sessions for all scopes...
2025-08-23 09:30:00.914 [info] Got 2 sessions for ...
2025-08-23 09:30:00.914 [info] Getting sessions for all scopes...
2025-08-23 09:30:00.914 [info] Got 2 sessions for ...
2025-08-23 09:30:01.253 [info] Getting sessions for read:user,repo,user:email,workflow...
2025-08-23 09:30:01.253 [info] Got 1 sessions for read:user,repo,user:email,workflow...
2025-08-23 09:30:01.256 [info] Getting sessions for read:user,repo,user:email,workflow...
2025-08-23 09:30:01.256 [info] Got 1 sessions for read:user,repo,user:email,workflow...
2025-08-23 09:30:01.259 [info] Getting sessions for read:user,repo,user:email,workflow...
2025-08-23 09:30:01.260 [info] Got 1 sessions for read:user,repo,user:email,workflow...
2025-08-23 09:30:01.260 [info] Getting sessions for all scopes...
2025-08-23 09:30:01.260 [info] Got 2 sessions for ...
2025-08-23 09:30:01.262 [info] Getting sessions for read:user,repo,user:email,workflow...
2025-08-23 09:30:01.262 [info] Got 1 sessions for read:user,repo,user:email,workflow...
2025-08-23 09:30:01.383 [info] Getting sessions for all scopes...
2025-08-23 09:30:01.383 [info] Got 2 sessions for ...
2025-08-23 09:30:01.384 [info] Getting sessions for read:user,repo,user:email,workflow...
2025-08-23 09:30:01.384 [info] Got 1 sessions for read:user,repo,user:email,workflow...
2025-08-23 09:30:01.502 [info] Getting sessions for all scopes...
2025-08-23 09:30:01.502 [info] Got 2 sessions for ...
2025-08-23 09:30:01.503 [info] Getting sessions for read:user,repo,user:email,workflow...
2025-08-23 09:30:01.503 [info] Got 1 sessions for read:user,repo,user:email,workflow...
2025-08-23 09:30:01.795 [info] Getting sessions for all scopes...
2025-08-23 09:30:01.795 [info] Got 2 sessions for ...
2025-08-23 09:30:01.807 [info] Getting sessions for all scopes...
2025-08-23 09:30:01.807 [info] Got 2 sessions for ...
2025-08-23 09:30:01.807 [info] Getting sessions for read:user,repo,user:email,workflow...
2025-08-23 09:30:01.807 [info] Got 1 sessions for read:user,repo,user:email,workflow...
2025-08-23 09:30:02.224 [info] Getting sessions for all scopes...
2025-08-23 09:30:02.224 [info] Got 2 sessions for ...
2025-08-23 09:30:02.224 [info] Getting sessions for all scopes...
2025-08-23 09:30:02.224 [info] Got 2 sessions for ...
2025-08-23 09:30:02.236 [info] Getting sessions for read:user,repo,user:email,workflow...
2025-08-23 09:30:02.236 [info] Got 1 sessions for read:user,repo,user:email,workflow...
2025-08-23 09:30:02.237 [info] Getting sessions for all scopes...
2025-08-23 09:30:02.237 [info] Got 2 sessions for ...
2025-08-23 09:30:02.238 [info] Getting sessions for read:user,repo,user:email,workflow...
2025-08-23 09:30:02.238 [info] Got 1 sessions for read:user,repo,user:email,workflow...
2025-08-23 09:30:02.304 [info] Getting sessions for all scopes...
2025-08-23 09:30:02.304 [info] Got 2 sessions for ...
2025-08-23 09:30:02.304 [info] Getting sessions for all scopes...
2025-08-23 09:30:02.304 [info] Got 2 sessions for ...
2025-08-23 09:30:02.307 [info] Getting sessions for read:user,repo,user:email,workflow...
2025-08-23 09:30:02.307 [info] Got 1 sessions for read:user,repo,user:email,workflow...
2025-08-23 09:30:02.873 [info] Getting sessions for all scopes...
2025-08-23 09:30:02.873 [info] Got 2 sessions for ...
