2025-08-27 10:50:37.998 [info] Reading sessions from keychain...
2025-08-27 10:50:37.998 [info] Got stored sessions!
2025-08-27 10:50:37.998 [info] Got 2 verified sessions.
2025-08-27 10:50:37.998 [info] Getting sessions for all scopes...
2025-08-27 10:50:37.998 [info] Got 2 sessions for ...
2025-08-27 10:50:37.998 [info] Getting sessions for all scopes...
2025-08-27 10:50:37.998 [info] Got 2 sessions for ...
2025-08-27 10:50:37.998 [info] Getting sessions for all scopes...
2025-08-27 10:50:37.998 [info] Got 2 sessions for ...
2025-08-27 10:50:38.138 [info] Getting sessions for all scopes...
2025-08-27 10:50:38.138 [info] Got 2 sessions for ...
2025-08-27 10:50:38.236 [info] Getting sessions for all scopes...
2025-08-27 10:50:38.236 [info] Got 2 sessions for ...
2025-08-27 10:50:38.236 [info] Getting sessions for all scopes...
2025-08-27 10:50:38.236 [info] Got 2 sessions for ...
2025-08-27 10:50:38.236 [info] Getting sessions for all scopes...
2025-08-27 10:50:38.236 [info] Got 2 sessions for ...
2025-08-27 10:50:38.237 [info] Getting sessions for all scopes...
2025-08-27 10:50:38.237 [info] Got 2 sessions for ...
2025-08-27 10:50:38.237 [info] Getting sessions for all scopes...
2025-08-27 10:50:38.237 [info] Got 2 sessions for ...
2025-08-27 10:50:38.292 [info] Getting sessions for all scopes...
2025-08-27 10:50:38.292 [info] Got 2 sessions for ...
2025-08-27 10:50:38.293 [info] Getting sessions for all scopes...
2025-08-27 10:50:38.293 [info] Got 2 sessions for ...
2025-08-27 10:50:38.293 [info] Getting sessions for all scopes...
2025-08-27 10:50:38.293 [info] Got 2 sessions for ...
2025-08-27 10:50:38.293 [info] Getting sessions for all scopes...
2025-08-27 10:50:38.293 [info] Got 2 sessions for ...
2025-08-27 10:50:38.293 [info] Getting sessions for all scopes...
2025-08-27 10:50:38.293 [info] Got 2 sessions for ...
2025-08-27 10:50:38.523 [info] Getting sessions for all scopes...
2025-08-27 10:50:38.523 [info] Got 2 sessions for ...
2025-08-27 10:50:38.810 [info] Getting sessions for read:user,repo,user:email,workflow...
2025-08-27 10:50:38.810 [info] Got 1 sessions for read:user,repo,user:email,workflow...
2025-08-27 10:50:40.848 [info] Getting sessions for all scopes...
2025-08-27 10:50:40.848 [info] Got 2 sessions for ...
2025-08-27 10:50:40.849 [info] Getting sessions for all scopes...
2025-08-27 10:50:40.849 [info] Got 2 sessions for ...
2025-08-27 10:50:40.849 [info] Getting sessions for all scopes...
2025-08-27 10:50:40.849 [info] Got 2 sessions for ...
2025-08-27 10:50:40.938 [info] Getting sessions for all scopes...
2025-08-27 10:50:40.938 [info] Got 2 sessions for ...
2025-08-27 10:50:40.938 [info] Getting sessions for all scopes...
2025-08-27 10:50:40.938 [info] Got 2 sessions for ...
2025-08-27 10:50:41.265 [info] Getting sessions for all scopes...
2025-08-27 10:50:41.265 [info] Got 2 sessions for ...
2025-08-27 10:50:41.266 [info] Getting sessions for read:user,repo,user:email,workflow...
2025-08-27 10:50:41.266 [info] Got 1 sessions for read:user,repo,user:email,workflow...
2025-08-27 10:50:41.267 [info] Getting sessions for all scopes...
2025-08-27 10:50:41.267 [info] Got 2 sessions for ...
2025-08-27 10:50:41.267 [info] Getting sessions for read:user,repo,user:email,workflow...
2025-08-27 10:50:41.267 [info] Got 1 sessions for read:user,repo,user:email,workflow...
2025-08-27 10:50:41.362 [info] Getting sessions for all scopes...
2025-08-27 10:50:41.362 [info] Got 2 sessions for ...
2025-08-27 10:50:41.363 [info] Getting sessions for read:user,repo,user:email,workflow...
2025-08-27 10:50:41.363 [info] Got 1 sessions for read:user,repo,user:email,workflow...
2025-08-27 10:50:41.364 [info] Getting sessions for all scopes...
2025-08-27 10:50:41.364 [info] Got 2 sessions for ...
2025-08-27 10:50:41.365 [info] Getting sessions for read:user,repo,user:email,workflow...
2025-08-27 10:50:41.365 [info] Got 1 sessions for read:user,repo,user:email,workflow...
2025-08-27 10:50:42.580 [info] Getting sessions for all scopes...
2025-08-27 10:50:42.580 [info] Got 2 sessions for ...
2025-08-27 10:50:42.580 [info] Getting sessions for all scopes...
2025-08-27 10:50:42.580 [info] Got 2 sessions for ...
2025-08-27 10:50:42.689 [info] Getting sessions for read:user,repo,user:email,workflow...
2025-08-27 10:50:42.689 [info] Got 1 sessions for read:user,repo,user:email,workflow...
2025-08-27 10:50:43.241 [info] Getting sessions for all scopes...
2025-08-27 10:50:43.241 [info] Got 2 sessions for ...
2025-08-27 10:50:43.528 [info] Getting sessions for read:user,repo,user:email,workflow...
2025-08-27 10:50:43.528 [info] Got 1 sessions for read:user,repo,user:email,workflow...
2025-08-27 10:50:43.641 [info] Getting sessions for all scopes...
2025-08-27 10:50:43.641 [info] Got 2 sessions for ...
2025-08-27 10:50:43.661 [info] Getting sessions for read:user,repo,user:email,workflow...
2025-08-27 10:50:43.661 [info] Got 1 sessions for read:user,repo,user:email,workflow...
2025-08-27 10:50:43.664 [info] Getting sessions for all scopes...
2025-08-27 10:50:43.664 [info] Got 2 sessions for ...
2025-08-27 10:50:43.665 [info] Getting sessions for all scopes...
2025-08-27 10:50:43.665 [info] Got 2 sessions for ...
2025-08-27 10:50:43.830 [info] Getting sessions for all scopes...
2025-08-27 10:50:43.830 [info] Got 2 sessions for ...
2025-08-27 10:50:43.836 [info] Getting sessions for read:user,repo,user:email,workflow...
2025-08-27 10:50:43.836 [info] Got 1 sessions for read:user,repo,user:email,workflow...
2025-08-27 10:50:43.836 [info] Getting sessions for all scopes...
2025-08-27 10:50:43.836 [info] Got 2 sessions for ...
2025-08-27 10:50:43.837 [info] Getting sessions for all scopes...
2025-08-27 10:50:43.837 [info] Got 2 sessions for ...
2025-08-27 10:50:43.839 [info] Getting sessions for read:user,repo,user:email,workflow...
2025-08-27 10:50:43.839 [info] Got 1 sessions for read:user,repo,user:email,workflow...
2025-08-27 10:50:43.841 [info] Getting sessions for all scopes...
2025-08-27 10:50:43.841 [info] Got 2 sessions for ...
2025-08-27 10:50:43.842 [info] Getting sessions for read:user,repo,user:email,workflow...
2025-08-27 10:50:43.842 [info] Got 1 sessions for read:user,repo,user:email,workflow...
2025-08-27 10:50:43.843 [info] Getting sessions for all scopes...
2025-08-27 10:50:43.843 [info] Got 2 sessions for ...
2025-08-27 10:50:43.844 [info] Getting sessions for read:user,repo,user:email,workflow...
2025-08-27 10:50:43.844 [info] Got 1 sessions for read:user,repo,user:email,workflow...
2025-08-27 10:50:44.713 [info] Getting sessions for all scopes...
2025-08-27 10:50:44.713 [info] Got 2 sessions for ...
2025-08-27 10:50:49.289 [info] Getting sessions for all scopes...
2025-08-27 10:50:49.289 [info] Got 2 sessions for ...
2025-08-27 10:50:49.291 [info] Getting sessions for read:user,repo,user:email,workflow...
2025-08-27 10:50:49.291 [info] Got 1 sessions for read:user,repo,user:email,workflow...
2025-08-27 10:50:49.818 [info] Getting sessions for all scopes...
2025-08-27 10:50:49.818 [info] Got 2 sessions for ...
2025-08-27 10:50:49.820 [info] Getting sessions for read:user,repo,user:email,workflow...
2025-08-27 10:50:49.820 [info] Got 1 sessions for read:user,repo,user:email,workflow...
2025-08-27 10:50:50.417 [info] Getting sessions for all scopes...
2025-08-27 10:50:50.417 [info] Got 2 sessions for ...
2025-08-27 10:50:50.418 [info] Getting sessions for read:user,repo,user:email,workflow...
2025-08-27 10:50:50.418 [info] Got 1 sessions for read:user,repo,user:email,workflow...
