2025-10-21 08:43:56.515 [info] Reading sessions from keychain...
2025-10-21 08:43:56.516 [info] Getting sessions for all scopes...
2025-10-21 08:43:56.516 [info] Got stored sessions!
2025-10-21 08:43:56.516 [info] Got 2 verified sessions.
2025-10-21 08:43:56.516 [info] Got 2 sessions for ...
2025-10-21 08:43:56.516 [info] Getting sessions for all scopes...
2025-10-21 08:43:56.516 [info] Got 2 sessions for ...
2025-10-21 08:43:56.516 [info] Getting sessions for all scopes...
2025-10-21 08:43:56.516 [info] Got 2 sessions for ...
2025-10-21 08:43:56.516 [info] Getting sessions for all scopes...
2025-10-21 08:43:56.516 [info] Got 2 sessions for ...
2025-10-21 08:43:56.600 [info] Getting sessions for all scopes...
2025-10-21 08:43:56.600 [info] Got 2 sessions for ...
2025-10-21 08:43:56.612 [info] Getting sessions for all scopes...
2025-10-21 08:43:56.612 [info] Got 2 sessions for ...
2025-10-21 08:43:56.612 [info] Getting sessions for all scopes...
2025-10-21 08:43:56.612 [info] Got 2 sessions for ...
2025-10-21 08:43:56.612 [info] Getting sessions for all scopes...
2025-10-21 08:43:56.612 [info] Got 2 sessions for ...
2025-10-21 08:43:56.612 [info] Getting sessions for all scopes...
2025-10-21 08:43:56.612 [info] Got 2 sessions for ...
2025-10-21 08:43:56.613 [info] Getting sessions for all scopes...
2025-10-21 08:43:56.613 [info] Got 2 sessions for ...
2025-10-21 08:43:56.636 [info] Getting sessions for all scopes...
2025-10-21 08:43:56.636 [info] Got 2 sessions for ...
2025-10-21 08:43:56.636 [info] Getting sessions for all scopes...
2025-10-21 08:43:56.636 [info] Got 2 sessions for ...
2025-10-21 08:43:56.636 [info] Getting sessions for all scopes...
2025-10-21 08:43:56.636 [info] Got 2 sessions for ...
2025-10-21 08:43:56.637 [info] Getting sessions for all scopes...
2025-10-21 08:43:56.637 [info] Got 2 sessions for ...
2025-10-21 08:43:56.637 [info] Getting sessions for all scopes...
2025-10-21 08:43:56.637 [info] Got 2 sessions for ...
2025-10-21 08:43:57.118 [info] Getting sessions for all scopes...
2025-10-21 08:43:57.118 [info] Got 2 sessions for ...
2025-10-21 08:43:57.191 [info] Getting sessions for read:user,repo,user:email,workflow...
2025-10-21 08:43:57.191 [info] Got 1 sessions for read:user,repo,user:email,workflow...
2025-10-21 08:43:58.836 [info] Getting sessions for all scopes...
2025-10-21 08:43:58.836 [info] Got 2 sessions for ...
2025-10-21 08:43:58.836 [info] Getting sessions for all scopes...
2025-10-21 08:43:58.836 [info] Got 2 sessions for ...
2025-10-21 08:43:58.836 [info] Getting sessions for all scopes...
2025-10-21 08:43:58.836 [info] Got 2 sessions for ...
2025-10-21 08:43:58.859 [info] Getting sessions for all scopes...
2025-10-21 08:43:58.859 [info] Got 2 sessions for ...
2025-10-21 08:43:58.859 [info] Getting sessions for all scopes...
2025-10-21 08:43:58.859 [info] Got 2 sessions for ...
2025-10-21 08:43:59.170 [info] Getting sessions for read:user,repo,user:email,workflow...
2025-10-21 08:43:59.170 [info] Got 1 sessions for read:user,repo,user:email,workflow...
2025-10-21 08:43:59.173 [info] Getting sessions for all scopes...
2025-10-21 08:43:59.173 [info] Got 2 sessions for ...
2025-10-21 08:43:59.174 [info] Getting sessions for all scopes...
2025-10-21 08:43:59.174 [info] Got 2 sessions for ...
2025-10-21 08:43:59.176 [info] Getting sessions for read:user,repo,user:email,workflow...
2025-10-21 08:43:59.176 [info] Got 1 sessions for read:user,repo,user:email,workflow...
2025-10-21 08:43:59.182 [info] Getting sessions for all scopes...
2025-10-21 08:43:59.182 [info] Got 2 sessions for ...
2025-10-21 08:43:59.261 [info] Getting sessions for all scopes...
2025-10-21 08:43:59.261 [info] Got 2 sessions for ...
2025-10-21 08:43:59.261 [info] Getting sessions for read:user,repo,user:email,workflow...
2025-10-21 08:43:59.261 [info] Got 1 sessions for read:user,repo,user:email,workflow...
2025-10-21 08:43:59.604 [info] FetcherService: Electron fetch failed with status: 429 
2025-10-21 08:43:59.693 [info] Getting sessions for all scopes...
2025-10-21 08:43:59.694 [info] Got 2 sessions for ...
2025-10-21 08:43:59.959 [info] Getting sessions for all scopes...
2025-10-21 08:43:59.959 [info] Got 2 sessions for ...
2025-10-21 08:43:59.959 [info] Getting sessions for all scopes...
2025-10-21 08:43:59.959 [info] Got 2 sessions for ...
2025-10-21 08:43:59.965 [info] Getting sessions for read:user,repo,user:email,workflow...
2025-10-21 08:43:59.965 [info] Got 1 sessions for read:user,repo,user:email,workflow...
2025-10-21 08:44:00.078 [info] FetcherService: Node fetch failed with status: 429 Too Many Requests
2025-10-21 08:44:00.180 [info] Getting sessions for all scopes...
2025-10-21 08:44:00.180 [info] Got 2 sessions for ...
2025-10-21 08:44:00.221 [info] Getting sessions for read:user,repo,user:email,workflow...
2025-10-21 08:44:00.221 [info] Got 1 sessions for read:user,repo,user:email,workflow...
2025-10-21 08:44:00.624 [info] FetcherService: Node http/s failed with status: 429 Too Many Requests
2025-10-21 08:44:00.673 [info] Getting sessions for all scopes...
2025-10-21 08:44:00.673 [info] Got 2 sessions for ...
2025-10-21 08:44:00.674 [info] Getting sessions for read:user,repo,user:email,workflow...
2025-10-21 08:44:00.674 [info] Got 1 sessions for read:user,repo,user:email,workflow...
2025-10-21 08:44:01.385 [info] Getting sessions for all scopes...
2025-10-21 08:44:01.385 [info] Got 2 sessions for ...
2025-10-21 08:44:13.657 [info] Reading sessions from keychain...
2025-10-21 08:44:13.657 [info] Got stored sessions!
2025-10-21 08:44:13.657 [info] Got 2 verified sessions.
2025-10-21 08:44:13.657 [info] Getting sessions for all scopes...
2025-10-21 08:44:13.657 [info] Got 2 sessions for ...
2025-10-21 08:44:13.657 [info] Getting sessions for all scopes...
2025-10-21 08:44:13.657 [info] Got 2 sessions for ...
2025-10-21 08:44:13.657 [info] Getting sessions for all scopes...
2025-10-21 08:44:13.657 [info] Got 2 sessions for ...
2025-10-21 08:44:13.657 [info] Getting sessions for all scopes...
2025-10-21 08:44:13.657 [info] Got 2 sessions for ...
2025-10-21 08:44:13.657 [info] Getting sessions for all scopes...
2025-10-21 08:44:13.657 [info] Got 2 sessions for ...
2025-10-21 08:44:13.657 [info] Getting sessions for all scopes...
2025-10-21 08:44:13.657 [info] Got 2 sessions for ...
2025-10-21 08:44:13.657 [info] Getting sessions for all scopes...
2025-10-21 08:44:13.657 [info] Got 2 sessions for ...
2025-10-21 08:44:13.657 [info] Getting sessions for all scopes...
2025-10-21 08:44:13.657 [info] Got 2 sessions for ...
2025-10-21 08:44:13.657 [info] Getting sessions for all scopes...
2025-10-21 08:44:13.657 [info] Got 2 sessions for ...
2025-10-21 08:44:13.657 [info] Getting sessions for all scopes...
2025-10-21 08:44:13.657 [info] Got 2 sessions for ...
2025-10-21 08:44:13.657 [info] Getting sessions for all scopes...
2025-10-21 08:44:13.657 [info] Got 2 sessions for ...
2025-10-21 08:44:13.657 [info] Getting sessions for all scopes...
2025-10-21 08:44:13.657 [info] Got 2 sessions for ...
2025-10-21 08:44:13.657 [info] Getting sessions for all scopes...
2025-10-21 08:44:13.657 [info] Got 2 sessions for ...
2025-10-21 08:44:13.657 [info] Getting sessions for all scopes...
2025-10-21 08:44:13.657 [info] Got 2 sessions for ...
2025-10-21 08:44:13.657 [info] Getting sessions for all scopes...
2025-10-21 08:44:13.657 [info] Got 2 sessions for ...
2025-10-21 08:44:13.657 [info] Getting sessions for all scopes...
2025-10-21 08:44:13.657 [info] Got 2 sessions for ...
2025-10-21 08:44:13.657 [info] Getting sessions for all scopes...
2025-10-21 08:44:13.657 [info] Got 2 sessions for ...
2025-10-21 08:44:13.657 [info] Getting sessions for all scopes...
2025-10-21 08:44:13.657 [info] Got 2 sessions for ...
2025-10-21 08:44:13.670 [info] Getting sessions for read:user,repo,user:email,workflow...
2025-10-21 08:44:13.670 [info] Got 1 sessions for read:user,repo,user:email,workflow...
2025-10-21 08:44:13.753 [info] Getting sessions for all scopes...
2025-10-21 08:44:13.753 [info] Got 2 sessions for ...
2025-10-21 08:44:13.754 [info] Getting sessions for read:user,repo,user:email,workflow...
2025-10-21 08:44:13.754 [info] Got 1 sessions for read:user,repo,user:email,workflow...
2025-10-21 08:44:15.002 [info] Getting sessions for all scopes...
2025-10-21 08:44:15.002 [info] Got 2 sessions for ...
2025-10-21 08:44:15.157 [info] Getting sessions for all scopes...
2025-10-21 08:44:15.157 [info] Got 2 sessions for ...
2025-10-21 08:44:15.250 [info] Getting sessions for read:user,repo,user:email,workflow...
2025-10-21 08:44:15.250 [info] Got 1 sessions for read:user,repo,user:email,workflow...
2025-10-21 08:44:15.285 [info] Getting sessions for all scopes...
2025-10-21 08:44:15.285 [info] Got 2 sessions for ...
2025-10-21 08:44:15.285 [info] Getting sessions for all scopes...
2025-10-21 08:44:15.285 [info] Got 2 sessions for ...
2025-10-21 08:44:15.286 [info] Getting sessions for all scopes...
2025-10-21 08:44:15.286 [info] Got 2 sessions for ...
2025-10-21 08:44:15.296 [info] FetcherService: Electron fetch failed with status: 429 
2025-10-21 08:44:15.600 [info] Getting sessions for all scopes...
2025-10-21 08:44:15.600 [info] Got 2 sessions for ...
2025-10-21 08:44:15.601 [info] Getting sessions for all scopes...
2025-10-21 08:44:15.601 [info] Got 2 sessions for ...
2025-10-21 08:44:15.602 [info] Getting sessions for all scopes...
2025-10-21 08:44:15.602 [info] Got 2 sessions for ...
2025-10-21 08:44:15.605 [info] Getting sessions for all scopes...
2025-10-21 08:44:15.605 [info] Got 2 sessions for ...
2025-10-21 08:44:15.605 [info] Getting sessions for all scopes...
2025-10-21 08:44:15.605 [info] Got 2 sessions for ...
2025-10-21 08:44:15.605 [info] Getting sessions for read:user,repo,user:email,workflow...
2025-10-21 08:44:15.605 [info] Got 1 sessions for read:user,repo,user:email,workflow...
2025-10-21 08:44:15.637 [info] Getting sessions for read:user,repo,user:email,workflow...
2025-10-21 08:44:15.637 [info] Got 1 sessions for read:user,repo,user:email,workflow...
2025-10-21 08:44:15.842 [info] Getting sessions for read:user,repo,user:email,workflow...
2025-10-21 08:44:15.842 [info] Got 1 sessions for read:user,repo,user:email,workflow...
2025-10-21 08:44:15.957 [info] Getting sessions for all scopes...
2025-10-21 08:44:15.957 [info] Got 2 sessions for ...
2025-10-21 08:44:16.418 [info] Getting sessions for all scopes...
2025-10-21 08:44:16.419 [info] Got 2 sessions for ...
2025-10-21 08:44:16.505 [info] FetcherService: Node fetch failed with status: 429 Too Many Requests
2025-10-21 08:44:16.955 [info] FetcherService: Node http/s failed with status: 429 Too Many Requests
