2025-10-23 16:29:52.634 [info] Configuration changed
2025-10-23 16:29:52.719 [info] Configuration changed
2025-10-23 16:29:52.971 [info] Configuration changed
2025-10-23 16:29:53.070 [info] Configuration changed
2025-10-23 16:29:54.161 [info] Configuration changed
2025-10-23 16:30:01.816 [info] Active editor: file:///home/usainzg/Projects/glowish/GAME_THEORY_HEAD_SELECTION.md
2025-10-23 16:30:01.913 [info] /home/usainzg/.config/Code/User/settings.json closed
2025-10-23 16:30:19.888 [info] /home/usainzg/Projects/glowish/GAME_THEORY_HEAD_SELECTION.md closed
2025-10-23 16:30:19.901 [info] Active editor: file:///home/usainzg/Projects/glowish/IMPLEMENTATION_SUMMARY_NEW.md
2025-10-23 16:30:19.908 [info] /home/usainzg/Projects/glowish/GAME_THEORY_HEAD_SELECTION.md.git closed
2025-10-23 16:30:21.411 [info] /home/usainzg/Projects/glowish/IMPLEMENTATION_SUMMARY_NEW.md closed
2025-10-23 16:30:21.423 [info] Active editor: file:///home/usainzg/Projects/glowish/IMPLEMENTATION_SUMMARY.md
2025-10-23 16:30:21.429 [info] /home/usainzg/Projects/glowish/IMPLEMENTATION_SUMMARY_NEW.md.git closed
2025-10-23 16:30:23.010 [info] /home/usainzg/Projects/glowish/IMPLEMENTATION_SUMMARY.md closed
2025-10-23 16:30:23.022 [info] Active editor: file:///home/usainzg/Projects/glowish/IMPLEMENTATION_SUMMARY_NEW.md
2025-10-23 16:30:23.029 [info] /home/usainzg/Projects/glowish/IMPLEMENTATION_SUMMARY.md.git closed
2025-10-23 16:30:34.946 [info] /home/usainzg/Projects/glowish/IMPLEMENTATION_SUMMARY_NEW.md closed
2025-10-23 16:30:34.957 [info] Active editor: file:///home/usainzg/Projects/glowish/IMPLEMENTATION_SUMMARY.md
2025-10-23 16:30:34.963 [info] /home/usainzg/Projects/glowish/IMPLEMENTATION_SUMMARY_NEW.md.git closed
2025-10-23 16:30:36.294 [info] /home/usainzg/Projects/glowish/IMPLEMENTATION_SUMMARY.md closed
2025-10-23 16:30:36.304 [info] Active editor: file:///home/usainzg/Projects/glowish/IMPLEMENTATION_SUMMARY_NEW.md
2025-10-23 16:30:36.315 [info] /home/usainzg/Projects/glowish/IMPLEMENTATION_SUMMARY.md.git closed
2025-10-23 16:30:54.006 [info] /home/usainzg/Projects/glowish/IMPLEMENTATION_SUMMARY_NEW.md closed
2025-10-23 16:30:54.006 [info] /home/usainzg/Projects/glowish/IMPLEMENTATION_SUMMARY_NEW.md.git closed
