2025-10-23 16:29:52.893 [info] [main] Log level: Info
2025-10-23 16:29:52.893 [info] [main] Validating found git in: "git"
2025-10-23 16:29:52.893 [info] [main] Using git "2.51.1" from "git"
2025-10-23 16:29:52.893 [info] [Model][doInitialScan] Initial repository scan started
2025-10-23 16:29:52.893 [info] > git rev-parse --show-toplevel [3ms]
2025-10-23 16:29:52.893 [info] > git rev-parse --git-dir --git-common-dir --show-superproject-working-tree [3ms]
2025-10-23 16:29:52.893 [info] [Model][openRepository] Opened repository (path): /home/usainzg/Projects/glowish
2025-10-23 16:29:52.893 [info] [Model][openRepository] Opened repository (real path): /home/usainzg/Projects/glowish
2025-10-23 16:29:52.893 [info] [Model][openRepository] Opened repository (kind): repository
2025-10-23 16:29:52.893 [info] > git config --get commit.template [4ms]
2025-10-23 16:29:52.893 [info] > git rev-parse --show-toplevel [2ms]
2025-10-23 16:29:52.893 [info] > git for-each-ref --format=%(refname)%00%(upstream:short)%00%(objectname)%00%(upstream:track)%00%(upstream:remotename)%00%(upstream:remoteref) refs/heads/main refs/remotes/main [5ms]
2025-10-23 16:29:52.893 [info] > git rev-parse --show-toplevel [1ms]
2025-10-23 16:29:52.893 [info] > git status -z -uall [27ms]
2025-10-23 16:29:52.893 [info] > git for-each-ref --sort -committerdate --format %(refname)%00%(objectname)%00%(*objectname) [22ms]
2025-10-23 16:29:52.893 [info] > git rev-parse --show-toplevel [50ms]
2025-10-23 16:29:52.893 [info] > git for-each-ref --format=%(refname)%00%(upstream:short)%00%(objectname)%00%(upstream:track)%00%(upstream:remotename)%00%(upstream:remoteref) refs/heads/main refs/remotes/main [13ms]
2025-10-23 16:29:52.894 [info] > git config --get --local branch.main.vscode-merge-base [6ms]
2025-10-23 16:29:52.899 [info] > git rev-parse --show-toplevel [14ms]
2025-10-23 16:29:52.899 [info] > git config --get commit.template [18ms]
2025-10-23 16:29:52.907 [info] > git for-each-ref --format=%(refname)%00%(upstream:short)%00%(objectname)%00%(upstream:track)%00%(upstream:remotename)%00%(upstream:remoteref) refs/heads/origin/main refs/remotes/origin/main [9ms]
2025-10-23 16:29:52.915 [info] > git rev-parse --show-toplevel [12ms]
2025-10-23 16:29:52.921 [info] > git for-each-ref --format=%(refname)%00%(upstream:short)%00%(objectname)%00%(upstream:track)%00%(upstream:remotename)%00%(upstream:remoteref) refs/heads/main refs/remotes/main [7ms]
2025-10-23 16:29:52.922 [info] > git merge-base refs/heads/main refs/remotes/origin/main [12ms]
2025-10-23 16:29:52.926 [info] > git rev-parse --show-toplevel [6ms]
2025-10-23 16:29:52.928 [info] [Model][doInitialScan] Initial repository scan completed - repositories (1), closed repositories (0), parent repositories (0), unsafe repositories (0)
2025-10-23 16:29:52.942 [info] > git diff --name-status -z --diff-filter=ADMR b97ad5169b889f88275326acbe82551b087ed357...refs/remotes/origin/main [16ms]
2025-10-23 16:29:52.951 [info] > git status -z -uall [4ms]
2025-10-23 16:29:52.953 [info] > git for-each-ref --sort -committerdate --format %(refname)%00%(objectname)%00%(*objectname) [3ms]
2025-10-23 16:29:54.960 [info] > git check-ignore -v -z --stdin [83ms]
2025-10-23 16:30:02.244 [info] > git show --textconv :GAME_THEORY_HEAD_SELECTION.md [8ms]
2025-10-23 16:30:02.265 [info] > git ls-files --stage -- GAME_THEORY_HEAD_SELECTION.md [22ms]
2025-10-23 16:30:02.293 [info] > git cat-file -s b3d824a4b15902160669aaac91ebdef39c0813af [21ms]
2025-10-23 16:30:10.834 [info] > git blame --root --incremental b97ad5169b889f88275326acbe82551b087ed357 -- GAME_THEORY_HEAD_SELECTION.md [2ms]
2025-10-23 16:30:20.124 [info] > git show --textconv :IMPLEMENTATION_SUMMARY_NEW.md [8ms]
2025-10-23 16:30:20.125 [info] > git ls-files --stage -- IMPLEMENTATION_SUMMARY_NEW.md [2ms]
2025-10-23 16:30:20.131 [info] > git cat-file -s 5295ec36860cfb00c16171fd5517b34b641e3258 [1ms]
2025-10-23 16:30:21.643 [info] > git show --textconv :IMPLEMENTATION_SUMMARY.md [6ms]
2025-10-23 16:30:21.644 [info] > git ls-files --stage -- IMPLEMENTATION_SUMMARY.md [1ms]
2025-10-23 16:30:21.650 [info] > git cat-file -s a1cd9f56b324a0cbe5ac2c7541d226e7e6b32560 [1ms]
2025-10-23 16:30:23.243 [info] > git show --textconv :IMPLEMENTATION_SUMMARY_NEW.md [6ms]
2025-10-23 16:30:23.243 [info] > git ls-files --stage -- IMPLEMENTATION_SUMMARY_NEW.md [1ms]
2025-10-23 16:30:23.250 [info] > git cat-file -s 5295ec36860cfb00c16171fd5517b34b641e3258 [1ms]
2025-10-23 16:30:35.177 [info] > git show --textconv :IMPLEMENTATION_SUMMARY.md [6ms]
2025-10-23 16:30:35.177 [info] > git ls-files --stage -- IMPLEMENTATION_SUMMARY.md [1ms]
2025-10-23 16:30:35.184 [info] > git cat-file -s a1cd9f56b324a0cbe5ac2c7541d226e7e6b32560 [1ms]
2025-10-23 16:30:36.526 [info] > git show --textconv :IMPLEMENTATION_SUMMARY_NEW.md [7ms]
2025-10-23 16:30:36.526 [info] > git ls-files --stage -- IMPLEMENTATION_SUMMARY_NEW.md [1ms]
2025-10-23 16:30:36.533 [info] > git cat-file -s 5295ec36860cfb00c16171fd5517b34b641e3258 [2ms]
