2025-10-23 17:43:12.626 [info] Reading sessions from keychain...
2025-10-23 17:43:12.626 [info] Getting sessions for all scopes...
2025-10-23 17:43:12.836 [info] Got stored sessions!
2025-10-23 17:43:12.836 [info] Got 2 verified sessions.
2025-10-23 17:43:12.836 [info] Got 2 sessions for ...
2025-10-23 17:43:12.836 [info] Getting sessions for all scopes...
2025-10-23 17:43:12.836 [info] Got 2 sessions for ...
2025-10-23 17:43:12.836 [info] Getting sessions for all scopes...
2025-10-23 17:43:12.836 [info] Got 2 sessions for ...
2025-10-23 17:43:12.836 [info] Getting sessions for all scopes...
2025-10-23 17:43:12.836 [info] Got 2 sessions for ...
2025-10-23 17:43:12.836 [info] Getting sessions for all scopes...
2025-10-23 17:43:12.836 [info] Got 2 sessions for ...
2025-10-23 17:43:12.836 [info] Getting sessions for all scopes...
2025-10-23 17:43:12.836 [info] Got 2 sessions for ...
2025-10-23 17:43:12.836 [info] Getting sessions for all scopes...
2025-10-23 17:43:12.836 [info] Got 2 sessions for ...
2025-10-23 17:43:12.837 [info] Getting sessions for all scopes...
2025-10-23 17:43:12.837 [info] Got 2 sessions for ...
2025-10-23 17:43:12.902 [info] Getting sessions for all scopes...
2025-10-23 17:43:12.902 [info] Got 2 sessions for ...
2025-10-23 17:43:12.911 [info] Getting sessions for all scopes...
2025-10-23 17:43:12.911 [info] Got 2 sessions for ...
2025-10-23 17:43:12.911 [info] Getting sessions for all scopes...
2025-10-23 17:43:12.911 [info] Got 2 sessions for ...
2025-10-23 17:43:12.911 [info] Getting sessions for all scopes...
2025-10-23 17:43:12.912 [info] Got 2 sessions for ...
2025-10-23 17:43:12.912 [info] Getting sessions for all scopes...
2025-10-23 17:43:12.912 [info] Got 2 sessions for ...
2025-10-23 17:43:12.912 [info] Getting sessions for all scopes...
2025-10-23 17:43:12.912 [info] Got 2 sessions for ...
2025-10-23 17:43:12.912 [info] Getting sessions for all scopes...
2025-10-23 17:43:12.912 [info] Got 2 sessions for ...
2025-10-23 17:43:14.839 [info] Getting sessions for all scopes...
2025-10-23 17:43:14.839 [info] Got 2 sessions for ...
2025-10-23 17:43:14.839 [info] Getting sessions for all scopes...
2025-10-23 17:43:14.839 [info] Got 2 sessions for ...
2025-10-23 17:43:14.839 [info] Getting sessions for all scopes...
2025-10-23 17:43:14.839 [info] Got 2 sessions for ...
2025-10-23 17:43:14.899 [info] Getting sessions for all scopes...
2025-10-23 17:43:14.899 [info] Got 2 sessions for ...
2025-10-23 17:43:14.899 [info] Getting sessions for all scopes...
2025-10-23 17:43:14.899 [info] Got 2 sessions for ...
2025-10-23 17:43:15.253 [info] Getting sessions for read:user,repo,user:email,workflow...
2025-10-23 17:43:15.253 [info] Got 1 sessions for read:user,repo,user:email,workflow...
2025-10-23 17:43:15.255 [info] FetcherService: Electron fetch failed with status: 429 
2025-10-23 17:43:15.258 [info] Getting sessions for all scopes...
2025-10-23 17:43:15.258 [info] Got 2 sessions for ...
2025-10-23 17:43:15.270 [info] Getting sessions for read:user,repo,user:email,workflow...
2025-10-23 17:43:15.270 [info] Got 1 sessions for read:user,repo,user:email,workflow...
2025-10-23 17:43:15.270 [info] Getting sessions for all scopes...
2025-10-23 17:43:15.270 [info] Got 2 sessions for ...
2025-10-23 17:43:15.270 [info] Getting sessions for read:user,repo,user:email,workflow...
2025-10-23 17:43:15.270 [info] Got 1 sessions for read:user,repo,user:email,workflow...
2025-10-23 17:43:15.290 [info] Getting sessions for all scopes...
2025-10-23 17:43:15.290 [info] Got 2 sessions for ...
2025-10-23 17:43:15.379 [info] Getting sessions for all scopes...
2025-10-23 17:43:15.379 [info] Got 2 sessions for ...
2025-10-23 17:43:15.379 [info] Getting sessions for all scopes...
2025-10-23 17:43:15.379 [info] Got 2 sessions for ...
2025-10-23 17:43:15.381 [info] Getting sessions for read:user,repo,user:email,workflow...
2025-10-23 17:43:15.381 [info] Got 1 sessions for read:user,repo,user:email,workflow...
2025-10-23 17:43:15.820 [info] Getting sessions for all scopes...
2025-10-23 17:43:15.820 [info] Got 2 sessions for ...
2025-10-23 17:43:15.870 [info] FetcherService: Node fetch failed with status: 429 Too Many Requests
2025-10-23 17:43:15.907 [info] Getting sessions for all scopes...
2025-10-23 17:43:15.907 [info] Got 2 sessions for ...
2025-10-23 17:43:15.907 [info] Getting sessions for all scopes...
2025-10-23 17:43:15.907 [info] Got 2 sessions for ...
2025-10-23 17:43:15.913 [info] Getting sessions for read:user,repo,user:email,workflow...
2025-10-23 17:43:15.913 [info] Got 1 sessions for read:user,repo,user:email,workflow...
2025-10-23 17:43:15.953 [info] Getting sessions for all scopes...
2025-10-23 17:43:15.954 [info] Got 2 sessions for ...
2025-10-23 17:43:15.954 [info] Getting sessions for all scopes...
2025-10-23 17:43:15.954 [info] Got 2 sessions for ...
2025-10-23 17:43:15.955 [info] Getting sessions for all scopes...
2025-10-23 17:43:15.955 [info] Got 2 sessions for ...
2025-10-23 17:43:15.957 [info] Getting sessions for read:user,repo,user:email,workflow...
2025-10-23 17:43:15.957 [info] Got 1 sessions for read:user,repo,user:email,workflow...
2025-10-23 17:43:16.229 [info] FetcherService: Node http/s failed with status: 429 Too Many Requests
2025-10-23 17:43:16.655 [info] Getting sessions for all scopes...
2025-10-23 17:43:16.655 [info] Got 2 sessions for ...
2025-10-23 17:50:25.678 [info] Getting sessions for all scopes...
2025-10-23 17:50:25.678 [info] Got 2 sessions for ...
2025-10-23 17:50:25.679 [info] Getting sessions for read:user,repo,user:email,workflow...
2025-10-23 17:50:25.679 [info] Got 1 sessions for read:user,repo,user:email,workflow...
2025-10-23 17:59:19.662 [info] Getting sessions for all scopes...
2025-10-23 17:59:19.662 [info] Got 2 sessions for ...
2025-10-23 17:59:19.663 [info] Getting sessions for read:user,repo,user:email,workflow...
2025-10-23 17:59:19.663 [info] Got 1 sessions for read:user,repo,user:email,workflow...
2025-10-23 17:59:19.909 [info] Getting sessions for all scopes...
2025-10-23 17:59:19.909 [info] Got 2 sessions for ...
2025-10-23 17:59:19.913 [info] Getting sessions for read:user,repo,user:email,workflow...
2025-10-23 17:59:19.913 [info] Got 1 sessions for read:user,repo,user:email,workflow...
2025-10-23 18:08:16.217 [info] Getting sessions for read:user,repo,user:email,workflow...
2025-10-23 18:08:16.217 [info] Got 1 sessions for read:user,repo,user:email,workflow...
2025-10-23 18:09:05.437 [info] Getting sessions for all scopes...
2025-10-23 18:09:05.437 [info] Got 2 sessions for ...
2025-10-23 18:09:05.438 [info] Getting sessions for read:user,repo,user:email,workflow...
2025-10-23 18:09:05.438 [info] Got 1 sessions for read:user,repo,user:email,workflow...
2025-10-23 18:09:06.008 [info] Getting sessions for all scopes...
2025-10-23 18:09:06.008 [info] Got 2 sessions for ...
2025-10-23 18:09:06.008 [info] Getting sessions for all scopes...
2025-10-23 18:09:06.008 [info] Got 2 sessions for ...
2025-10-23 18:09:06.009 [info] Getting sessions for read:user,repo,user:email,workflow...
2025-10-23 18:09:06.009 [info] Got 1 sessions for read:user,repo,user:email,workflow...
