2025-10-23 17:43:15.274 [info] [aebc6443-996d-45c2-90f0-388ff96faa56] Native Broker is only available on Windows and macOS
2025-10-23 17:43:15.290 [info] [getSessions] [all] starting
2025-10-23 17:43:15.290 [info] [getSessions] [all] returned 0 session(s)
2025-10-23 17:43:15.290 [info] [getSessions] [all] starting
2025-10-23 17:43:15.290 [info] [getSessions] [all] returned 0 session(s)
2025-10-23 17:43:15.290 [info] [getSessions] [all] starting
2025-10-23 17:43:15.290 [info] [getSessions] [all] returned 0 session(s)
2025-10-23 17:43:15.290 [info] [getSessions] [all] starting
2025-10-23 17:43:15.290 [info] [getSessions] [all] returned 0 session(s)
2025-10-23 17:43:15.291 [info] [getSessions] [499b84ac-1321-427f-aa17-267ca6975798/.default offline_access] starting
2025-10-23 17:43:15.291 [info] [aebc6443-996d-45c2-90f0-388ff96faa56] Native Broker is only available on Windows and macOS
2025-10-23 17:43:15.381 [info] [getSessions] [499b84ac-1321-427f-aa17-267ca6975798/.default offline_access] returned 0 session(s)
2025-10-23 17:43:15.820 [info] [getSessions] [all] starting
2025-10-23 17:43:15.820 [info] [getSessions] [all] returned 0 session(s)
2025-10-23 17:43:15.907 [info] [getSessions] [499b84ac-1321-427f-aa17-267ca6975798/.default offline_access] starting
2025-10-23 17:43:15.907 [info] [getSessions] [499b84ac-1321-427f-aa17-267ca6975798/.default offline_access] returned 0 session(s)
2025-10-23 17:43:16.655 [info] [getSessions] [all] starting
2025-10-23 17:43:16.655 [info] [getSessions] [all] returned 0 session(s)
2025-10-23 18:09:06.008 [info] [getSessions] [499b84ac-1321-427f-aa17-267ca6975798/.default offline_access] starting
2025-10-23 18:09:06.008 [info] [getSessions] [499b84ac-1321-427f-aa17-267ca6975798/.default offline_access] returned 0 session(s)
