2025-07-31 20:00:45.681 [info] Extension host with pid 96355 started
2025-07-31 20:00:45.690 [info] ExtensionService#_doActivateExtension vscode.git-base, startup: true, activationEvent: '*', root cause: vscode.git
2025-07-31 20:00:45.695 [info] ExtensionService#_doActivateExtension vscode.git, startup: true, activationEvent: '*'
2025-07-31 20:00:45.732 [info] ExtensionService#_doActivateExtension vscode.github, startup: true, activationEvent: '*'
2025-07-31 20:00:45.808 [info] Eager extensions activated
2025-07-31 20:00:45.812 [info] ExtensionService#_doActivateExtension vscode.debug-auto-launch, startup: false, activationEvent: 'onStartupFinished'
2025-07-31 20:00:45.814 [info] ExtensionService#_doActivateExtension vscode.merge-conflict, startup: false, activationEvent: 'onStartupFinished'
2025-07-31 20:00:52.677 [info] Extension host terminating: renderer closed the MessagePort
2025-07-31 20:00:52.680 [info] Extension host with pid 96355 exiting with code 0
2025-07-31 20:00:53.632 [info] Extension host with pid 96424 started
2025-07-31 20:00:53.632 [info] Skipping acquiring lock for /home/usainzg/.config/VSCodium/User/workspaceStorage/2b67dde49898389819f950c5d27f5993.
2025-07-31 20:00:53.646 [info] ExtensionService#_doActivateExtension vscode.git-base, startup: true, activationEvent: '*'
2025-07-31 20:00:53.685 [info] ExtensionService#_doActivateExtension vscode.github, startup: true, activationEvent: '*'
2025-07-31 20:00:53.748 [info] Eager extensions activated
2025-07-31 20:00:53.777 [info] ExtensionService#_doActivateExtension vscode.debug-auto-launch, startup: false, activationEvent: 'onStartupFinished'
2025-07-31 20:00:53.780 [info] ExtensionService#_doActivateExtension vscode.merge-conflict, startup: false, activationEvent: 'onStartupFinished'
2025-07-31 20:00:56.928 [info] ExtensionService#_doActivateExtension vscode.git, startup: false, activationEvent: 'api', root cause: vscode.github
2025-07-31 20:00:57.064 [info] ExtensionService#_doActivateExtension vscode.emmet, startup: false, activationEvent: 'onLanguage'
2025-07-31 20:00:57.177 [info] ExtensionService#_doActivateExtension vscode.github-authentication, startup: false, activationEvent: 'onAuthenticationRequest:github'
2025-07-31 20:01:42.505 [info] ExtensionService#_doActivateExtension llvm-vs-code-extensions.vscode-clangd, startup: false, activationEvent: 'onLanguage:cpp'
2025-07-31 20:04:07.106 [info] Extension host terminating: renderer closed the MessagePort
2025-07-31 20:04:07.111 [info] Extension host with pid 96424 exiting with code 0
