2025-10-23 16:29:55.372 [info] Name: Ruff
2025-10-23 16:29:55.372 [info] Module: ruff
2025-10-23 16:29:55.372 [info] Python extension loading
2025-10-23 16:29:55.372 [info] Waiting for interpreter from python extension.
2025-10-23 16:29:55.372 [info] Python extension loaded
2025-10-23 16:29:55.372 [info] Using interpreter: /home/usainzg/Projects/glowish/.venv/bin/python
2025-10-23 16:29:55.372 [info] Workspace settings for /home/usainzg/Projects/glowish: {
    "nativeServer": "auto",
    "cwd": "/home/usainzg/Projects/glowish",
    "workspace": "file:///home/usainzg/Projects/glowish",
    "path": [],
    "ignoreStandardLibrary": true,
    "interpreter": [
        "/home/usainzg/Projects/glowish/.venv/bin/python"
    ],
    "configuration": null,
    "importStrategy": "fromEnvironment",
    "codeAction": {
        "fixViolation": {
            "enable": true
        },
        "disableRuleComment": {
            "enable": true
        }
    },
    "lint": {
        "enable": true,
        "run": "onType",
        "args": [],
        "preview": null,
        "select": null,
        "extendSelect": null,
        "ignore": null
    },
    "format": {
        "args": [],
        "preview": null,
        "backend": "internal"
    },
    "enable": true,
    "organizeImports": true,
    "fixAll": true,
    "showNotifications": "off",
    "exclude": null,
    "lineLength": null,
    "configurationPreference": "editorFirst",
    "showSyntaxErrors": true,
    "logLevel": null,
    "logFile": null
}
2025-10-23 16:29:55.372 [info] Global settings: {
    "nativeServer": "auto",
    "cwd": "/home/usainzg",
    "workspace": "/home/usainzg",
    "path": [],
    "ignoreStandardLibrary": true,
    "interpreter": [],
    "configuration": null,
    "importStrategy": "fromEnvironment",
    "codeAction": {
        "fixViolation": {
            "enable": true
        },
        "disableRuleComment": {
            "enable": true
        }
    },
    "lint": {
        "enable": true,
        "run": "onType",
        "args": []
    },
    "format": {
        "args": [],
        "backend": "internal"
    },
    "enable": true,
    "organizeImports": true,
    "fixAll": true,
    "showNotifications": "off",
    "configurationPreference": "editorFirst",
    "showSyntaxErrors": true
}
2025-10-23 16:29:55.603 [info] Falling back to bundled executable: /home/usainzg/.vscode/extensions/charliermarsh.ruff-2025.28.0-linux-x64/bundled/libs/bin/ruff
2025-10-23 16:29:55.651 [info] Resolved 'ruff.nativeServer: auto' to use the native server
2025-10-23 16:29:55.653 [info] Found Ruff 0.14.0 at /home/usainzg/.vscode/extensions/charliermarsh.ruff-2025.28.0-linux-x64/bundled/libs/bin/ruff
2025-10-23 16:29:55.653 [info] Server run command: /home/usainzg/.vscode/extensions/charliermarsh.ruff-2025.28.0-linux-x64/bundled/libs/bin/ruff server
2025-10-23 16:29:55.654 [info] Server: Start requested.
