2025-08-30 08:44:27.692 [info] /home/usainzg/.config/Code/User/settings.json closed
2025-08-30 08:44:27.794 [info] Configuration changed
2025-08-30 08:44:28.004 [info] Configuration changed
2025-08-30 08:44:28.138 [info] Configuration changed
2025-08-30 08:44:28.170 [info] Configuration changed
2025-08-30 08:44:29.001 [info] Configuration changed
2025-08-30 08:44:31.987 [info] /home/usainzg/Projects/u-sdb/src/libsdb.cpp closed
2025-08-30 08:44:31.988 [info] /home/usainzg/Projects/u-sdb/src/libsdb.cpp.git closed
2025-08-30 08:45:11.877 [info] Configuration changed
2025-08-30 08:45:21.329 [info] Configuration changed
2025-08-30 08:45:24.938 [info] Active editor: file:///home/usainzg/Projects/u-sdb/src/libsdb.cpp
2025-08-30 08:45:25.137 [info] /home/usainzg/.config/Code/User/settings.json closed
2025-08-30 08:45:29.888 [info] /home/usainzg/.config/Code/User/settings.json closed
2025-08-30 08:45:29.928 [info] Configuration changed
2025-08-30 08:45:30.297 [info] Executing :w
2025-08-30 08:45:30.341 [info] /home/usainzg/.config/Code/User/settings.json closed
2025-08-30 08:45:30.366 [info] Configuration changed
2025-08-30 08:45:31.649 [info] /home/usainzg/.config/Code/User/settings.json closed
2025-08-30 08:45:31.673 [info] Configuration changed
2025-08-30 08:45:32.743 [info] /home/usainzg/.config/Code/User/settings.json closed
2025-08-30 08:45:32.765 [info] Configuration changed
