2025-10-23 17:43:15.048 [info] Name: Ruff
2025-10-23 17:43:15.048 [info] Module: ruff
2025-10-23 17:43:15.048 [info] Python extension loading
2025-10-23 17:43:15.048 [info] Waiting for interpreter from python extension.
2025-10-23 17:43:15.445 [info] Python extension loaded
2025-10-23 17:43:15.446 [info] Using interpreter: /home/usainzg/Projects/glowish/.venv/bin/python
2025-10-23 17:43:15.448 [info] Workspace settings for /home/usainzg/Projects/glowish: {
    "nativeServer": "auto",
    "cwd": "/home/usainzg/Projects/glowish",
    "workspace": "file:///home/usainzg/Projects/glowish",
    "path": [],
    "ignoreStandardLibrary": true,
    "interpreter": [
        "/home/usainzg/Projects/glowish/.venv/bin/python"
    ],
    "configuration": null,
    "importStrategy": "fromEnvironment",
    "codeAction": {
        "fixViolation": {
            "enable": true
        },
        "disableRuleComment": {
            "enable": true
        }
    },
    "lint": {
        "enable": true,
        "run": "onType",
        "args": [],
        "preview": null,
        "select": null,
        "extendSelect": null,
        "ignore": null
    },
    "format": {
        "args": [],
        "preview": null,
        "backend": "internal"
    },
    "enable": true,
    "organizeImports": true,
    "fixAll": true,
    "showNotifications": "off",
    "exclude": null,
    "lineLength": null,
    "configurationPreference": "editorFirst",
    "showSyntaxErrors": true,
    "logLevel": null,
    "logFile": null
}
2025-10-23 17:43:15.454 [info] Global settings: {
    "nativeServer": "auto",
    "cwd": "/home/usainzg",
    "workspace": "/home/usainzg",
    "path": [],
    "ignoreStandardLibrary": true,
    "interpreter": [],
    "configuration": null,
    "importStrategy": "fromEnvironment",
    "codeAction": {
        "fixViolation": {
            "enable": true
        },
        "disableRuleComment": {
            "enable": true
        }
    },
    "lint": {
        "enable": true,
        "run": "onType",
        "args": []
    },
    "format": {
        "args": [],
        "backend": "internal"
    },
    "enable": true,
    "organizeImports": true,
    "fixAll": true,
    "showNotifications": "off",
    "configurationPreference": "editorFirst",
    "showSyntaxErrors": true
}
2025-10-23 17:43:15.741 [info] Falling back to bundled executable: /home/usainzg/.vscode/extensions/charliermarsh.ruff-2025.28.0-linux-x64/bundled/libs/bin/ruff
2025-10-23 17:43:15.753 [info] Resolved 'ruff.nativeServer: auto' to use the native server
2025-10-23 17:43:15.755 [info] Found Ruff 0.14.0 at /home/usainzg/.vscode/extensions/charliermarsh.ruff-2025.28.0-linux-x64/bundled/libs/bin/ruff
2025-10-23 17:43:15.755 [info] Server run command: /home/usainzg/.vscode/extensions/charliermarsh.ruff-2025.28.0-linux-x64/bundled/libs/bin/ruff server
2025-10-23 17:43:15.756 [info] Server: Start requested.
2025-10-23 18:14:21.445 [info] Server: Stop requested
2025-10-23 18:14:21.457 [info] Using interpreter: /home/usainzg/Projects/glowish/.venv/bin/python
2025-10-23 18:14:21.459 [info] Workspace settings for /home/usainzg/Projects/glowish: {
    "nativeServer": "auto",
    "cwd": "/home/usainzg/Projects/glowish",
    "workspace": "file:///home/usainzg/Projects/glowish",
    "path": [],
    "ignoreStandardLibrary": true,
    "interpreter": [
        "/home/usainzg/Projects/glowish/.venv/bin/python"
    ],
    "configuration": null,
    "importStrategy": "fromEnvironment",
    "codeAction": {
        "fixViolation": {
            "enable": true
        },
        "disableRuleComment": {
            "enable": true
        }
    },
    "lint": {
        "enable": true,
        "run": "onType",
        "args": [],
        "preview": null,
        "select": null,
        "extendSelect": null,
        "ignore": null
    },
    "format": {
        "args": [],
        "preview": null,
        "backend": "internal"
    },
    "enable": true,
    "organizeImports": true,
    "fixAll": true,
    "showNotifications": "off",
    "exclude": null,
    "lineLength": null,
    "configurationPreference": "editorFirst",
    "showSyntaxErrors": true,
    "logLevel": null,
    "logFile": null
}
2025-10-23 18:14:21.466 [info] Global settings: {
    "nativeServer": "auto",
    "cwd": "/home/usainzg",
    "workspace": "/home/usainzg",
    "path": [],
    "ignoreStandardLibrary": true,
    "interpreter": [],
    "configuration": null,
    "importStrategy": "fromEnvironment",
    "codeAction": {
        "fixViolation": {
            "enable": true
        },
        "disableRuleComment": {
            "enable": true
        }
    },
    "lint": {
        "enable": true,
        "run": "onType",
        "args": []
    },
    "format": {
        "args": [],
        "backend": "internal"
    },
    "enable": true,
    "organizeImports": true,
    "fixAll": true,
    "showNotifications": "off",
    "configurationPreference": "editorFirst",
    "showSyntaxErrors": true
}
2025-10-23 18:14:21.490 [info] Falling back to bundled executable: /home/usainzg/.vscode/extensions/charliermarsh.ruff-2025.28.0-linux-x64/bundled/libs/bin/ruff
2025-10-23 18:14:21.499 [info] Resolved 'ruff.nativeServer: auto' to use the native server
2025-10-23 18:14:21.501 [info] Found Ruff 0.14.0 at /home/usainzg/.vscode/extensions/charliermarsh.ruff-2025.28.0-linux-x64/bundled/libs/bin/ruff
2025-10-23 18:14:21.501 [info] Server run command: /home/usainzg/.vscode/extensions/charliermarsh.ruff-2025.28.0-linux-x64/bundled/libs/bin/ruff server
2025-10-23 18:14:21.502 [info] Server: Start requested.
