2025-08-30 08:44:27.404 [info] Reading sessions from keychain...
2025-08-30 08:44:27.404 [info] Getting sessions for all scopes...
2025-08-30 08:44:27.581 [info] Got stored sessions!
2025-08-30 08:44:27.581 [info] Got 2 verified sessions.
2025-08-30 08:44:27.581 [info] Got 2 sessions for ...
2025-08-30 08:44:27.581 [info] Getting sessions for all scopes...
2025-08-30 08:44:27.581 [info] Got 2 sessions for ...
2025-08-30 08:44:27.581 [info] Getting sessions for all scopes...
2025-08-30 08:44:27.581 [info] Got 2 sessions for ...
2025-08-30 08:44:27.581 [info] Getting sessions for all scopes...
2025-08-30 08:44:27.581 [info] Got 2 sessions for ...
2025-08-30 08:44:27.581 [info] Getting sessions for all scopes...
2025-08-30 08:44:27.581 [info] Got 2 sessions for ...
2025-08-30 08:44:27.581 [info] Getting sessions for all scopes...
2025-08-30 08:44:27.581 [info] Got 2 sessions for ...
2025-08-30 08:44:27.581 [info] Getting sessions for all scopes...
2025-08-30 08:44:27.581 [info] Got 2 sessions for ...
2025-08-30 08:44:27.649 [info] Getting sessions for all scopes...
2025-08-30 08:44:27.649 [info] Got 2 sessions for ...
2025-08-30 08:44:27.649 [info] Getting sessions for all scopes...
2025-08-30 08:44:27.649 [info] Got 2 sessions for ...
2025-08-30 08:44:27.649 [info] Getting sessions for all scopes...
2025-08-30 08:44:27.649 [info] Got 2 sessions for ...
2025-08-30 08:44:27.649 [info] Getting sessions for all scopes...
2025-08-30 08:44:27.649 [info] Got 2 sessions for ...
2025-08-30 08:44:27.649 [info] Getting sessions for all scopes...
2025-08-30 08:44:27.649 [info] Got 2 sessions for ...
2025-08-30 08:44:27.649 [info] Getting sessions for all scopes...
2025-08-30 08:44:27.649 [info] Got 2 sessions for ...
2025-08-30 08:44:27.807 [info] Getting sessions for all scopes...
2025-08-30 08:44:27.807 [info] Got 2 sessions for ...
2025-08-30 08:44:28.139 [info] Getting sessions for all scopes...
2025-08-30 08:44:28.139 [info] Got 2 sessions for ...
2025-08-30 08:44:28.460 [info] Getting sessions for read:user,repo,user:email,workflow...
2025-08-30 08:44:28.460 [info] Got 1 sessions for read:user,repo,user:email,workflow...
2025-08-30 08:44:30.344 [info] Getting sessions for all scopes...
2025-08-30 08:44:30.344 [info] Got 2 sessions for ...
2025-08-30 08:44:30.344 [info] Getting sessions for all scopes...
2025-08-30 08:44:30.344 [info] Got 2 sessions for ...
2025-08-30 08:44:30.344 [info] Getting sessions for all scopes...
2025-08-30 08:44:30.344 [info] Got 2 sessions for ...
2025-08-30 08:44:30.421 [info] Getting sessions for all scopes...
2025-08-30 08:44:30.421 [info] Got 2 sessions for ...
2025-08-30 08:44:30.421 [info] Getting sessions for all scopes...
2025-08-30 08:44:30.421 [info] Got 2 sessions for ...
2025-08-30 08:44:30.797 [info] Getting sessions for all scopes...
2025-08-30 08:44:30.797 [info] Got 2 sessions for ...
2025-08-30 08:44:30.798 [info] Getting sessions for read:user,repo,user:email,workflow...
2025-08-30 08:44:30.798 [info] Got 1 sessions for read:user,repo,user:email,workflow...
2025-08-30 08:44:30.798 [info] Getting sessions for all scopes...
2025-08-30 08:44:30.798 [info] Got 2 sessions for ...
2025-08-30 08:44:30.798 [info] Getting sessions for read:user,repo,user:email,workflow...
2025-08-30 08:44:30.798 [info] Got 1 sessions for read:user,repo,user:email,workflow...
2025-08-30 08:44:30.803 [info] Getting sessions for all scopes...
2025-08-30 08:44:30.803 [info] Got 2 sessions for ...
2025-08-30 08:44:30.804 [info] Getting sessions for read:user,repo,user:email,workflow...
2025-08-30 08:44:30.804 [info] Got 1 sessions for read:user,repo,user:email,workflow...
2025-08-30 08:44:30.892 [info] Getting sessions for all scopes...
2025-08-30 08:44:30.892 [info] Got 2 sessions for ...
2025-08-30 08:44:30.893 [info] Getting sessions for read:user,repo,user:email,workflow...
2025-08-30 08:44:30.893 [info] Got 1 sessions for read:user,repo,user:email,workflow...
2025-08-30 08:44:30.960 [info] Getting sessions for all scopes...
2025-08-30 08:44:30.960 [info] Got 2 sessions for ...
2025-08-30 08:44:30.963 [info] Getting sessions for read:user,repo,user:email,workflow...
2025-08-30 08:44:30.963 [info] Got 1 sessions for read:user,repo,user:email,workflow...
2025-08-30 08:44:31.257 [info] Getting sessions for all scopes...
2025-08-30 08:44:31.257 [info] Got 2 sessions for ...
2025-08-30 08:44:31.293 [info] Getting sessions for all scopes...
2025-08-30 08:44:31.293 [info] Got 2 sessions for ...
2025-08-30 08:44:31.293 [info] Getting sessions for read:user,repo,user:email,workflow...
2025-08-30 08:44:31.293 [info] Got 1 sessions for read:user,repo,user:email,workflow...
2025-08-30 08:44:31.813 [info] Getting sessions for all scopes...
2025-08-30 08:44:31.813 [info] Got 2 sessions for ...
2025-08-30 08:44:31.813 [info] Getting sessions for all scopes...
2025-08-30 08:44:31.813 [info] Got 2 sessions for ...
2025-08-30 08:44:31.824 [info] Getting sessions for read:user,repo,user:email,workflow...
2025-08-30 08:44:31.824 [info] Got 1 sessions for read:user,repo,user:email,workflow...
2025-08-30 08:44:31.825 [info] Getting sessions for all scopes...
2025-08-30 08:44:31.825 [info] Got 2 sessions for ...
2025-08-30 08:44:31.826 [info] Getting sessions for read:user,repo,user:email,workflow...
2025-08-30 08:44:31.826 [info] Got 1 sessions for read:user,repo,user:email,workflow...
2025-08-30 08:44:31.898 [info] Getting sessions for all scopes...
2025-08-30 08:44:31.898 [info] Got 2 sessions for ...
2025-08-30 08:44:31.898 [info] Getting sessions for all scopes...
2025-08-30 08:44:31.898 [info] Got 2 sessions for ...
2025-08-30 08:44:31.900 [info] Getting sessions for read:user,repo,user:email,workflow...
2025-08-30 08:44:31.900 [info] Got 1 sessions for read:user,repo,user:email,workflow...
2025-08-30 08:44:31.903 [info] Getting sessions for all scopes...
2025-08-30 08:44:31.903 [info] Got 2 sessions for ...
2025-08-30 08:44:31.904 [info] Getting sessions for all scopes...
2025-08-30 08:44:31.904 [info] Got 2 sessions for ...
2025-08-30 08:44:33.254 [info] Getting sessions for all scopes...
2025-08-30 08:44:33.254 [info] Got 2 sessions for ...
2025-08-30 08:44:37.740 [info] Getting sessions for all scopes...
2025-08-30 08:44:37.740 [info] Got 2 sessions for ...
2025-08-30 08:44:37.743 [info] Getting sessions for read:user,repo,user:email,workflow...
2025-08-30 08:44:37.743 [info] Got 1 sessions for read:user,repo,user:email,workflow...
2025-08-30 08:44:38.323 [info] Getting sessions for all scopes...
2025-08-30 08:44:38.323 [info] Got 2 sessions for ...
2025-08-30 08:44:38.324 [info] Getting sessions for read:user,repo,user:email,workflow...
2025-08-30 08:44:38.324 [info] Got 1 sessions for read:user,repo,user:email,workflow...
2025-08-30 08:44:38.880 [info] Getting sessions for all scopes...
2025-08-30 08:44:38.880 [info] Got 2 sessions for ...
2025-08-30 08:44:38.882 [info] Getting sessions for read:user,repo,user:email,workflow...
2025-08-30 08:44:38.882 [info] Got 1 sessions for read:user,repo,user:email,workflow...
2025-08-30 08:45:21.459 [info] Reading sessions from keychain...
2025-08-30 08:45:21.459 [info] Got stored sessions!
2025-08-30 08:45:21.459 [info] Got 2 verified sessions.
2025-08-30 08:45:21.459 [info] Getting sessions for all scopes...
2025-08-30 08:45:21.459 [info] Got 2 sessions for ...
2025-08-30 08:45:21.459 [info] Getting sessions for all scopes...
2025-08-30 08:45:21.459 [info] Got 2 sessions for ...
2025-08-30 08:45:21.459 [info] Getting sessions for all scopes...
2025-08-30 08:45:21.459 [info] Got 2 sessions for ...
2025-08-30 08:45:21.459 [info] Getting sessions for all scopes...
2025-08-30 08:45:21.459 [info] Got 2 sessions for ...
2025-08-30 08:45:21.459 [info] Getting sessions for all scopes...
2025-08-30 08:45:21.459 [info] Got 2 sessions for ...
2025-08-30 08:45:21.459 [info] Getting sessions for all scopes...
2025-08-30 08:45:21.459 [info] Got 2 sessions for ...
2025-08-30 08:45:21.459 [info] Getting sessions for all scopes...
2025-08-30 08:45:21.459 [info] Got 2 sessions for ...
2025-08-30 08:45:21.839 [info] Getting sessions for read:user,repo,user:email,workflow...
2025-08-30 08:45:21.839 [info] Got 1 sessions for read:user,repo,user:email,workflow...
2025-08-30 08:45:23.619 [info] Getting sessions for all scopes...
2025-08-30 08:45:23.619 [info] Got 2 sessions for ...
2025-08-30 08:45:23.619 [info] Getting sessions for all scopes...
2025-08-30 08:45:23.619 [info] Got 2 sessions for ...
2025-08-30 08:45:24.010 [info] Getting sessions for read:user,repo,user:email,workflow...
2025-08-30 08:45:24.010 [info] Got 1 sessions for read:user,repo,user:email,workflow...
2025-08-30 08:45:24.011 [info] Getting sessions for read:user,repo,user:email,workflow...
2025-08-30 08:45:24.011 [info] Got 1 sessions for read:user,repo,user:email,workflow...
2025-08-30 08:45:24.013 [info] Getting sessions for all scopes...
2025-08-30 08:45:24.013 [info] Got 2 sessions for ...
2025-08-30 08:45:24.106 [info] Getting sessions for read:user,repo,user:email,workflow...
2025-08-30 08:45:24.106 [info] Got 1 sessions for read:user,repo,user:email,workflow...
2025-08-30 08:45:24.107 [info] Getting sessions for all scopes...
2025-08-30 08:45:24.107 [info] Got 2 sessions for ...
2025-08-30 08:45:24.108 [info] Getting sessions for read:user,repo,user:email,workflow...
2025-08-30 08:45:24.108 [info] Got 1 sessions for read:user,repo,user:email,workflow...
2025-08-30 08:45:24.175 [info] Getting sessions for all scopes...
2025-08-30 08:45:24.175 [info] Got 2 sessions for ...
2025-08-30 08:45:24.177 [info] Getting sessions for read:user,repo,user:email,workflow...
2025-08-30 08:45:24.178 [info] Got 1 sessions for read:user,repo,user:email,workflow...
2025-08-30 08:45:24.464 [info] Getting sessions for all scopes...
2025-08-30 08:45:24.464 [info] Got 2 sessions for ...
2025-08-30 08:45:24.464 [info] Getting sessions for all scopes...
2025-08-30 08:45:24.464 [info] Got 2 sessions for ...
2025-08-30 08:45:24.465 [info] Getting sessions for read:user,repo,user:email,workflow...
2025-08-30 08:45:24.465 [info] Got 1 sessions for read:user,repo,user:email,workflow...
2025-08-30 08:45:25.128 [info] Getting sessions for all scopes...
2025-08-30 08:45:25.128 [info] Got 2 sessions for ...
2025-08-30 08:45:25.128 [info] Getting sessions for all scopes...
2025-08-30 08:45:25.128 [info] Got 2 sessions for ...
2025-08-30 08:45:25.156 [info] Getting sessions for read:user,repo,user:email,workflow...
2025-08-30 08:45:25.156 [info] Got 1 sessions for read:user,repo,user:email,workflow...
2025-08-30 08:45:25.216 [info] Getting sessions for all scopes...
2025-08-30 08:45:25.216 [info] Got 2 sessions for ...
2025-08-30 08:45:25.222 [info] Getting sessions for read:user,repo,user:email,workflow...
2025-08-30 08:45:25.222 [info] Got 1 sessions for read:user,repo,user:email,workflow...
2025-08-30 08:45:25.323 [info] Getting sessions for all scopes...
2025-08-30 08:45:25.323 [info] Got 2 sessions for ...
2025-08-30 08:45:25.337 [info] Getting sessions for all scopes...
2025-08-30 08:45:25.337 [info] Got 2 sessions for ...
2025-08-30 08:45:25.348 [info] Getting sessions for read:user,repo,user:email,workflow...
2025-08-30 08:45:25.348 [info] Got 1 sessions for read:user,repo,user:email,workflow...
2025-08-30 08:45:25.681 [info] Getting sessions for all scopes...
2025-08-30 08:45:25.681 [info] Got 2 sessions for ...
