2025-10-21 08:43:57.119 [info] Native locator: Refresh started
2025-10-21 08:43:57.138 [info] Native locator: Refresh finished in 199 ms
2025-10-21 08:43:57.237 [info] Native locator: Refresh started
2025-10-21 08:43:57.336 [info] > pyenv which python
2025-10-21 08:43:57.336 [info] cwd: .
2025-10-21 08:43:59.263 [info] Python interpreter path: /bin/python
2025-10-21 08:43:59.697 [info] Native locator: Refresh finished in 2460 ms
2025-10-21 08:44:00.961 [info] Starting Pylance language server.
2025-10-21 08:44:15.622 [info] Native locator: Refresh started
2025-10-21 08:44:15.729 [info] Native locator: Refresh started
2025-10-21 08:44:15.729 [info] Native locator: Refresh started
2025-10-21 08:44:15.868 [info] > pyenv which python
2025-10-21 08:44:15.868 [info] cwd: .
2025-10-21 08:44:15.967 [info] > python -c "import sys;print(sys.executable)"
2025-10-21 08:44:15.999 [info] Native locator: Refresh finished in 731 ms
2025-10-21 08:44:16.006 [info] > pyenv which python
2025-10-21 08:44:16.006 [info] cwd: .
2025-10-21 08:44:16.042 [info] Python interpreter path: /bin/python
2025-10-21 08:44:17.647 [info] Starting Pylance language server.
2025-10-21 08:45:59.035 [info] Discover tests for workspace name: undefined - uri: /home/usainzg/.config/Code/User/settings.json
2025-10-21 08:46:00.301 [info] Discover tests for workspace name: undefined - uri: /home/usainzg/.config/Code/User/settings.json
2025-10-21 08:49:13.202 [info] Discover tests for workspace name: undefined - uri: /home/usainzg/.config/Code/User/settings.json
2025-10-21 08:49:21.691 [info] Discover tests for workspace name: undefined - uri: /home/usainzg/.config/Code/User/settings.json
2025-10-21 08:49:22.395 [info] Discover tests for workspace name: undefined - uri: /home/usainzg/.config/Code/User/settings.json
2025-10-21 08:49:22.836 [info] Discover tests for workspace name: undefined - uri: /home/usainzg/.config/Code/User/settings.json
2025-10-21 08:50:23.036 [info] Discover tests for workspace name: undefined - uri: /home/usainzg/.config/Code/User/settings.json
2025-10-21 08:50:23.582 [info] Discover tests for workspace name: undefined - uri: /home/usainzg/.config/Code/User/settings.json
