2025-10-21 08:43:57.119 [info] Starting Python Locator /home/usainzg/.vscode/extensions/ms-python.python-2025.16.0-linux-x64/python-env-tools/bin/pet server
2025-10-21 08:43:57.133 [info] Discovered env: /bin/python
2025-10-21 08:43:57.134 [info] Discovered env: /usr/bin/python
2025-10-21 08:43:57.134 [info] Env ("/sbin/python") in Path resolved as ResolvedPythonEnv { executable: "/sbin/python", prefix: "/usr", version: "3.13.7.final.0", is64_bit: true, symlinks: Some(["/sbin/python"]) } and reported as Some(GlobalPaths)
2025-10-21 08:43:57.135 [info] Discovered env: /sbin/python
2025-10-21 08:43:57.135 [info] Env ("/sbin/python3") in Path resolved as ResolvedPythonEnv { executable: "/sbin/python3", prefix: "/usr", version: "3.13.7.final.0", is64_bit: true, symlinks: Some(["/sbin/python3"]) } and reported as Some(GlobalPaths)
2025-10-21 08:43:57.135 [info] Discovered env: /sbin/python3
2025-10-21 08:43:57.136 [info] Env ("/usr/sbin/python") in Path resolved as ResolvedPythonEnv { executable: "/usr/sbin/python", prefix: "/usr", version: "3.13.7.final.0", is64_bit: true, symlinks: Some(["/usr/sbin/python"]) } and reported as Some(GlobalPaths)
2025-10-21 08:43:57.136 [info] Discovered env: /usr/sbin/python
2025-10-21 08:43:57.136 [info] Env ("/sbin/python3.13") in Path resolved as ResolvedPythonEnv { executable: "/sbin/python3.13", prefix: "/usr", version: "3.13.7.final.0", is64_bit: true, symlinks: Some(["/sbin/python3.13"]) } and reported as Some(GlobalPaths)
2025-10-21 08:43:57.136 [info] Discovered env: /sbin/python3.13
2025-10-21 08:43:57.136 [info] Env ("/usr/sbin/python3") in Path resolved as ResolvedPythonEnv { executable: "/usr/sbin/python3", prefix: "/usr", version: "3.13.7.final.0", is64_bit: true, symlinks: Some(["/usr/sbin/python3"]) } and reported as Some(GlobalPaths)
2025-10-21 08:43:57.137 [info] Discovered env: /usr/sbin/python3
2025-10-21 08:43:57.137 [info] Env ("/usr/sbin/python3.13") in Path resolved as ResolvedPythonEnv { executable: "/usr/sbin/python3.13", prefix: "/usr", version: "3.13.7.final.0", is64_bit: true, symlinks: Some(["/usr/sbin/python3.13"]) } and reported as Some(GlobalPaths)
2025-10-21 08:43:57.137 [info] Discovered env: /usr/sbin/python3.13
2025-10-21 08:43:57.137 [info] Locator Conda took 55.080878ms
2025-10-21 08:43:57.137 [info] Locator Homebrew took 114.949µs
2025-10-21 08:43:57.137 [info] Locator LinuxGlobal took 83.782933ms
2025-10-21 08:43:57.137 [info] Locator PipEnv took 18.121µs
2025-10-21 08:43:57.137 [info] Locator Pixi took 21.106µs
2025-10-21 08:43:57.137 [info] Locator Poetry took 117.242µs
2025-10-21 08:43:57.137 [info] Locator PyEnv took 169.653µs
2025-10-21 08:43:57.137 [info] Locator Venv took 50.908µs
2025-10-21 08:43:57.137 [info] Locator VirtualEnv took 27.207µs
2025-10-21 08:43:57.137 [info] Locator VirtualEnvWrapper took 67.517µs
2025-10-21 08:43:57.137 [info] Locator GlobalVirtualEnvs took 43.966µs
2025-10-21 08:43:57.137 [info] Locator Locators took 85.561552ms
2025-10-21 08:43:57.137 [info] Locator Path took 153.736855ms
2025-10-21 08:43:57.137 [info] Locator Workspaces took 1.331163ms
2025-10-21 08:43:57.137 [info] Refresh completed in 153ms
2025-10-21 08:43:59.261 [info] Discovered env: /bin/python
2025-10-21 08:43:59.261 [info] Resolved Python Environment /bin/python
2025-10-21 08:43:59.622 [info] Discovered env: /usr/bin/python
2025-10-21 08:43:59.689 [info] Env ("/usr/sbin/python") in Path resolved as ResolvedPythonEnv { executable: "/usr/sbin/python", prefix: "/usr", version: "3.13.7.final.0", is64_bit: true, symlinks: Some(["/usr/sbin/python"]) } and reported as Some(GlobalPaths)
2025-10-21 08:43:59.694 [info] Discovered env: /usr/sbin/python
2025-10-21 08:43:59.696 [info] Env ("/sbin/python") in Path resolved as ResolvedPythonEnv { executable: "/sbin/python", prefix: "/usr", version: "3.13.7.final.0", is64_bit: true, symlinks: Some(["/sbin/python"]) } and reported as Some(GlobalPaths)
2025-10-21 08:43:59.696 [info] Discovered env: /sbin/python
2025-10-21 08:43:59.696 [info] Env ("/usr/sbin/python3") in Path resolved as ResolvedPythonEnv { executable: "/usr/sbin/python3", prefix: "/usr", version: "3.13.7.final.0", is64_bit: true, symlinks: Some(["/usr/sbin/python3"]) } and reported as Some(GlobalPaths)
2025-10-21 08:43:59.696 [info] Discovered env: /usr/sbin/python3
2025-10-21 08:43:59.697 [info] Env ("/sbin/python3") in Path resolved as ResolvedPythonEnv { executable: "/sbin/python3", prefix: "/usr", version: "3.13.7.final.0", is64_bit: true, symlinks: Some(["/sbin/python3"]) } and reported as Some(GlobalPaths)
2025-10-21 08:43:59.697 [info] Discovered env: /sbin/python3
2025-10-21 08:43:59.697 [info] Env ("/usr/sbin/python3.13") in Path resolved as ResolvedPythonEnv { executable: "/usr/sbin/python3.13", prefix: "/usr", version: "3.13.7.final.0", is64_bit: true, symlinks: Some(["/usr/sbin/python3.13"]) } and reported as Some(GlobalPaths)
2025-10-21 08:43:59.697 [info] Discovered env: /usr/sbin/python3.13
2025-10-21 08:43:59.697 [info] Env ("/sbin/python3.13") in Path resolved as ResolvedPythonEnv { executable: "/sbin/python3.13", prefix: "/usr", version: "3.13.7.final.0", is64_bit: true, symlinks: Some(["/sbin/python3.13"]) } and reported as Some(GlobalPaths)
2025-10-21 08:43:59.697 [info] Discovered env: /sbin/python3.13
2025-10-21 08:43:59.697 [info] Locator Conda took 64.226087ms
2025-10-21 08:43:59.697 [info] Locator Homebrew took 113.216µs
2025-10-21 08:43:59.697 [info] Locator LinuxGlobal took 68.491271ms
2025-10-21 08:43:59.697 [info] Locator PipEnv took 31.073µs
2025-10-21 08:43:59.697 [info] Locator Pixi took 58.391µs
2025-10-21 08:43:59.697 [info] Locator Poetry took 175.915µs
2025-10-21 08:43:59.697 [info] Locator PyEnv took 466.969µs
2025-10-21 08:43:59.697 [info] Locator Venv took 275.868µs
2025-10-21 08:43:59.697 [info] Locator VirtualEnv took 23.27µs
2025-10-21 08:43:59.697 [info] Locator VirtualEnvWrapper took 25.294µs
2025-10-21 08:43:59.697 [info] Locator GlobalVirtualEnvs took 83.795µs
2025-10-21 08:43:59.697 [info] Locator Locators took 70.003388ms
2025-10-21 08:43:59.697 [info] Locator Path took 113.14058ms
2025-10-21 08:43:59.697 [info] Locator Workspaces took 2.765918ms
2025-10-21 08:43:59.697 [info] Refresh completed in 113ms
2025-10-21 08:44:15.623 [info] Starting Python Locator /home/usainzg/.vscode/extensions/ms-python.python-2025.16.0-linux-x64/python-env-tools/bin/pet server
2025-10-21 08:44:15.984 [info] Discovered env: /bin/python
2025-10-21 08:44:15.986 [info] Env ("/sbin/python") in Path resolved as ResolvedPythonEnv { executable: "/sbin/python", prefix: "/usr", version: "3.13.7.final.0", is64_bit: true, symlinks: Some(["/sbin/python"]) } and reported as Some(GlobalPaths)
2025-10-21 08:44:15.986 [info] Discovered env: /usr/bin/python
2025-10-21 08:44:15.986 [info] Discovered env: /sbin/python
2025-10-21 08:44:15.987 [info] Env ("/sbin/python3") in Path resolved as ResolvedPythonEnv { executable: "/sbin/python3", prefix: "/usr", version: "3.13.7.final.0", is64_bit: true, symlinks: Some(["/sbin/python3"]) } and reported as Some(GlobalPaths)
2025-10-21 08:44:15.987 [info] Discovered env: /sbin/python3
2025-10-21 08:44:15.987 [info] Env ("/usr/sbin/python") in Path resolved as ResolvedPythonEnv { executable: "/usr/sbin/python", prefix: "/usr", version: "3.13.7.final.0", is64_bit: true, symlinks: Some(["/usr/sbin/python"]) } and reported as Some(GlobalPaths)
2025-10-21 08:44:15.991 [info] Discovered env: /usr/sbin/python
2025-10-21 08:44:15.998 [info] Env ("/sbin/python3.13") in Path resolved as ResolvedPythonEnv { executable: "/sbin/python3.13", prefix: "/usr", version: "3.13.7.final.0", is64_bit: true, symlinks: Some(["/sbin/python3.13"]) } and reported as Some(GlobalPaths)
2025-10-21 08:44:15.998 [info] Discovered env: /sbin/python3.13
2025-10-21 08:44:15.998 [info] Env ("/usr/sbin/python3") in Path resolved as ResolvedPythonEnv { executable: "/usr/sbin/python3", prefix: "/usr", version: "3.13.7.final.0", is64_bit: true, symlinks: Some(["/usr/sbin/python3"]) } and reported as Some(GlobalPaths)
2025-10-21 08:44:15.998 [info] Discovered env: /usr/sbin/python3
2025-10-21 08:44:15.998 [info] Env ("/usr/sbin/python3.13") in Path resolved as ResolvedPythonEnv { executable: "/usr/sbin/python3.13", prefix: "/usr", version: "3.13.7.final.0", is64_bit: true, symlinks: Some(["/usr/sbin/python3.13"]) } and reported as Some(GlobalPaths)
2025-10-21 08:44:15.998 [info] Discovered env: /usr/sbin/python3.13
2025-10-21 08:44:15.998 [info] Locator Conda took 273.574939ms
2025-10-21 08:44:15.998 [info] Locator Homebrew took 90.658µs
2025-10-21 08:44:15.998 [info] Locator LinuxGlobal took 289.917526ms
2025-10-21 08:44:15.998 [info] Locator PipEnv took 17.029µs
2025-10-21 08:44:15.998 [info] Locator Pixi took 44.047µs
2025-10-21 08:44:15.998 [info] Locator Poetry took 177.84µs
2025-10-21 08:44:15.998 [info] Locator PyEnv took 250.947µs
2025-10-21 08:44:15.998 [info] Locator Venv took 18.252µs
2025-10-21 08:44:15.998 [info] Locator VirtualEnv took 145.994µs
2025-10-21 08:44:15.998 [info] Locator VirtualEnvWrapper took 12.371µs
2025-10-21 08:44:15.998 [info] Locator GlobalVirtualEnvs took 38.176µs
2025-10-21 08:44:15.998 [info] Locator Locators took 291.152477ms
2025-10-21 08:44:15.998 [info] Locator Path took 331.137872ms
2025-10-21 08:44:15.999 [info] Locator Workspaces took 1.406559ms
2025-10-21 08:44:15.999 [info] Refresh completed in 331ms
2025-10-21 08:44:16.018 [info] Resolved Python Environment /usr/bin/python
2025-10-21 08:44:16.040 [info] Resolved Python Environment /bin/python
2025-10-21 08:45:54.450 [info] Resolved Python Environment /bin/python
2025-10-21 08:46:45.213 [info] Resolved Python Environment /bin/python
2025-10-21 08:49:35.727 [info] Resolved Python Environment /bin/python
2025-10-21 08:50:13.423 [info] Resolved Python Environment /bin/python
