2025-08-23 09:29:42.598 [info] /home/usainzg/.config/Code/User/settings.json closed
2025-08-23 09:29:42.700 [info] Configuration changed
2025-08-23 09:29:42.772 [info] Configuration changed
2025-08-23 09:29:42.925 [info] Configuration changed
2025-08-23 09:29:43.009 [info] Configuration changed
2025-08-23 09:29:43.060 [info] Configuration changed
2025-08-23 09:29:43.872 [info] Configuration changed
2025-08-23 09:29:47.748 [info] Configuration changed
2025-08-23 09:29:49.615 [info] /home/usainzg/Projects/u-sdb/include/libsdb/libsdb.hpp closed
2025-08-23 09:29:49.665 [info] Active editor: file:///home/usainzg/Projects/u-sdb/CMakeLists.txt
2025-08-23 09:29:49.708 [info] /home/usainzg/Projects/u-sdb/include/libsdb/libsdb.hpp.git closed
2025-08-23 09:29:58.420 [info] /home/usainzg/.config/Code/User/settings.json closed
2025-08-23 09:29:58.715 [info] Configuration changed
2025-08-23 09:30:40.226 [info] Configuration changed
2025-08-23 09:30:40.394 [info] /home/usainzg/.config/Code/User/settings.json closed
2025-08-23 09:30:40.413 [info] Configuration changed
2025-08-23 09:30:45.029 [info] /home/usainzg/Projects/u-sdb/CMakeLists.txt closed
2025-08-23 09:30:45.029 [info] /home/usainzg/Projects/u-sdb/CMakeLists.txt closed
2025-08-23 09:30:45.058 [info] Active editor: file:///home/usainzg/Projects/u-sdb/include/libsdb/libsdb.hpp
2025-08-23 09:30:50.490 [info] /home/usainzg/.config/Code/User/settings.json closed
2025-08-23 09:30:50.519 [info] Configuration changed
2025-08-23 09:30:50.754 [info] Executing :q
2025-08-23 09:30:50.789 [info] /home/usainzg/Projects/u-sdb/include/libsdb/libsdb.hpp closed
2025-08-23 09:30:50.790 [info] /home/usainzg/Projects/u-sdb/include/libsdb/libsdb.hpp.git closed
2025-08-23 09:30:50.791 [warning] getLineLength() called with out-of-bounds line 2
2025-08-23 09:30:50.791 [warning] getLineLength() called with out-of-bounds line 2
2025-08-23 09:30:50.830 [info] /home/usainzg/.config/Code/User/settings.json closed
2025-08-23 09:30:50.852 [info] Configuration changed
