2025-10-23 10:09:16.166 [info] Reading sessions from keychain...
2025-10-23 10:09:16.166 [info] Getting sessions for all scopes...
2025-10-23 10:09:16.166 [info] Got stored sessions!
2025-10-23 10:09:16.166 [info] Got 2 verified sessions.
2025-10-23 10:09:16.166 [info] Got 2 sessions for ...
2025-10-23 10:09:16.166 [info] Getting sessions for all scopes...
2025-10-23 10:09:16.166 [info] Got 2 sessions for ...
2025-10-23 10:09:16.166 [info] Getting sessions for all scopes...
2025-10-23 10:09:16.166 [info] Got 2 sessions for ...
2025-10-23 10:09:16.166 [info] Getting sessions for all scopes...
2025-10-23 10:09:16.166 [info] Got 2 sessions for ...
2025-10-23 10:09:16.166 [info] Getting sessions for all scopes...
2025-10-23 10:09:16.166 [info] Got 2 sessions for ...
2025-10-23 10:09:16.166 [info] Getting sessions for all scopes...
2025-10-23 10:09:16.166 [info] Got 2 sessions for ...
2025-10-23 10:09:16.166 [info] Getting sessions for all scopes...
2025-10-23 10:09:16.166 [info] Got 2 sessions for ...
2025-10-23 10:09:16.166 [info] Getting sessions for all scopes...
2025-10-23 10:09:16.166 [info] Got 2 sessions for ...
2025-10-23 10:09:16.238 [info] Getting sessions for all scopes...
2025-10-23 10:09:16.238 [info] Got 2 sessions for ...
2025-10-23 10:09:16.239 [info] Getting sessions for all scopes...
2025-10-23 10:09:16.239 [info] Got 2 sessions for ...
2025-10-23 10:09:16.239 [info] Getting sessions for all scopes...
2025-10-23 10:09:16.239 [info] Got 2 sessions for ...
2025-10-23 10:09:16.239 [info] Getting sessions for all scopes...
2025-10-23 10:09:16.239 [info] Got 2 sessions for ...
2025-10-23 10:09:16.240 [info] Getting sessions for all scopes...
2025-10-23 10:09:16.240 [info] Got 2 sessions for ...
2025-10-23 10:09:16.240 [info] Getting sessions for all scopes...
2025-10-23 10:09:16.240 [info] Got 2 sessions for ...
2025-10-23 10:09:16.311 [info] Getting sessions for all scopes...
2025-10-23 10:09:16.311 [info] Got 2 sessions for ...
2025-10-23 10:09:18.091 [info] Getting sessions for all scopes...
2025-10-23 10:09:18.091 [info] Got 2 sessions for ...
2025-10-23 10:09:18.091 [info] Getting sessions for all scopes...
2025-10-23 10:09:18.091 [info] Got 2 sessions for ...
2025-10-23 10:09:18.091 [info] Getting sessions for all scopes...
2025-10-23 10:09:18.091 [info] Got 2 sessions for ...
2025-10-23 10:09:18.120 [info] Getting sessions for all scopes...
2025-10-23 10:09:18.120 [info] Got 2 sessions for ...
2025-10-23 10:09:18.120 [info] Getting sessions for all scopes...
2025-10-23 10:09:18.120 [info] Got 2 sessions for ...
2025-10-23 10:09:18.457 [info] Getting sessions for read:user,repo,user:email,workflow...
2025-10-23 10:09:18.457 [info] Got 1 sessions for read:user,repo,user:email,workflow...
2025-10-23 10:09:18.576 [info] Getting sessions for all scopes...
2025-10-23 10:09:18.576 [info] Got 2 sessions for ...
2025-10-23 10:09:18.578 [info] FetcherService: Electron fetch failed with status: 429 
2025-10-23 10:09:18.581 [info] Getting sessions for all scopes...
2025-10-23 10:09:18.581 [info] Got 2 sessions for ...
2025-10-23 10:09:18.592 [info] Getting sessions for read:user,repo,user:email,workflow...
2025-10-23 10:09:18.592 [info] Got 1 sessions for read:user,repo,user:email,workflow...
2025-10-23 10:09:18.592 [info] Getting sessions for read:user,repo,user:email,workflow...
2025-10-23 10:09:18.592 [info] Got 1 sessions for read:user,repo,user:email,workflow...
2025-10-23 10:09:18.629 [info] Getting sessions for all scopes...
2025-10-23 10:09:18.629 [info] Got 2 sessions for ...
2025-10-23 10:09:18.994 [info] Getting sessions for all scopes...
2025-10-23 10:09:18.994 [info] Got 2 sessions for ...
2025-10-23 10:09:18.994 [info] Getting sessions for all scopes...
2025-10-23 10:09:18.994 [info] Got 2 sessions for ...
2025-10-23 10:09:19.006 [info] Getting sessions for read:user,repo,user:email,workflow...
2025-10-23 10:09:19.006 [info] Got 1 sessions for read:user,repo,user:email,workflow...
2025-10-23 10:09:19.088 [info] Getting sessions for all scopes...
2025-10-23 10:09:19.088 [info] Got 2 sessions for ...
2025-10-23 10:09:19.233 [info] FetcherService: Node fetch failed with status: 429 Too Many Requests
2025-10-23 10:09:19.454 [info] Getting sessions for all scopes...
2025-10-23 10:09:19.454 [info] Got 2 sessions for ...
2025-10-23 10:09:19.454 [info] Getting sessions for all scopes...
2025-10-23 10:09:19.454 [info] Got 2 sessions for ...
2025-10-23 10:09:19.460 [info] Getting sessions for read:user,repo,user:email,workflow...
2025-10-23 10:09:19.460 [info] Got 1 sessions for read:user,repo,user:email,workflow...
2025-10-23 10:09:19.506 [info] Getting sessions for all scopes...
2025-10-23 10:09:19.506 [info] Got 2 sessions for ...
2025-10-23 10:09:19.506 [info] Getting sessions for all scopes...
2025-10-23 10:09:19.506 [info] Got 2 sessions for ...
2025-10-23 10:09:19.508 [info] Getting sessions for all scopes...
2025-10-23 10:09:19.508 [info] Got 2 sessions for ...
2025-10-23 10:09:19.509 [info] Getting sessions for read:user,repo,user:email,workflow...
2025-10-23 10:09:19.510 [info] Got 1 sessions for read:user,repo,user:email,workflow...
2025-10-23 10:09:19.633 [info] FetcherService: Node http/s failed with status: 429 Too Many Requests
2025-10-23 10:09:24.677 [info] Getting sessions for all scopes...
2025-10-23 10:09:24.678 [info] Got 2 sessions for ...
