2025-10-21 08:43:56.892 [info] Configuration changed
2025-10-21 08:43:56.892 [info] Configuration changed
2025-10-21 08:43:57.154 [info] Configuration changed
2025-10-21 08:43:57.178 [info] Configuration changed
2025-10-21 08:43:58.490 [info] Configuration changed
2025-10-21 08:44:12.179 [info] Configuration changed
2025-10-21 08:44:15.075 [info] Configuration changed
2025-10-21 08:44:15.740 [info] Configuration changed
2025-10-21 08:44:15.775 [info] Configuration changed
2025-10-21 08:44:15.967 [info] Configuration changed
2025-10-21 08:44:20.513 [info] Active editor: file:///home/usainzg/Projects/glowish/IMPLEMENTATION_SUMMARY.md
2025-10-21 08:44:20.595 [info] /home/usainzg/.config/Code/User/settings.json closed
2025-10-21 08:45:51.580 [info] /home/usainzg/Projects/glowish/IMPLEMENTATION_SUMMARY.md closed
2025-10-21 08:45:51.581 [info] /home/usainzg/Projects/glowish/IMPLEMENTATION_SUMMARY.md.git closed
2025-10-21 08:45:54.442 [info] Active editor: file:///home/usainzg/Projects/glowish/server.py
2025-10-21 08:45:55.331 [info] /home/usainzg/Projects/glowish/server.py closed
2025-10-21 08:45:55.342 [info] Active editor: file:///home/usainzg/Projects/glowish/SCHEDULING_POLICIES.md
2025-10-21 08:45:55.356 [info] /home/usainzg/Projects/glowish/server.py.git closed
2025-10-21 08:45:58.785 [info] /home/usainzg/.config/Code/User/settings.json closed
2025-10-21 08:45:58.810 [info] Configuration changed
2025-10-21 08:46:00.051 [info] /home/usainzg/.config/Code/User/settings.json closed
2025-10-21 08:46:00.072 [info] Configuration changed
2025-10-21 08:46:42.284 [info] /home/usainzg/Projects/glowish/SCHEDULING_POLICIES.md closed
2025-10-21 08:46:42.285 [info] /home/usainzg/Projects/glowish/SCHEDULING_POLICIES.md.git closed
2025-10-21 08:46:45.204 [info] Active editor: file:///home/usainzg/Projects/glowish/test_scheduling.py
2025-10-21 08:46:55.774 [info] /home/usainzg/Projects/glowish/test_scheduling.py closed
2025-10-21 08:46:55.787 [info] Active editor: file:///home/usainzg/Projects/glowish/deps.req
2025-10-21 08:46:55.792 [info] /home/usainzg/Projects/glowish/test_scheduling.py.git closed
2025-10-21 08:49:12.952 [info] /home/usainzg/.config/Code/User/settings.json closed
2025-10-21 08:49:12.974 [info] Configuration changed
2025-10-21 08:49:21.440 [info] /home/usainzg/.config/Code/User/settings.json closed
2025-10-21 08:49:21.458 [info] Configuration changed
2025-10-21 08:49:22.143 [info] /home/usainzg/.config/Code/User/settings.json closed
2025-10-21 08:49:22.163 [info] Configuration changed
2025-10-21 08:49:22.559 [info] Executing :w
2025-10-21 08:49:22.585 [info] /home/usainzg/.config/Code/User/settings.json closed
2025-10-21 08:49:22.601 [info] Configuration changed
2025-10-21 08:49:35.719 [info] Active editor: file:///home/usainzg/Projects/glowish/README.md
2025-10-21 08:49:35.736 [info] /home/usainzg/Projects/glowish/deps.req.git closed
2025-10-21 08:50:13.412 [info] /home/usainzg/Projects/glowish/README.md closed
2025-10-21 08:50:13.414 [info] Active editor: file:///home/usainzg/Projects/glowish/deps.req
2025-10-21 08:50:13.425 [info] /home/usainzg/Projects/glowish/README.md.git closed
2025-10-21 08:50:22.786 [info] /home/usainzg/.config/Code/User/settings.json closed
2025-10-21 08:50:22.805 [info] Configuration changed
2025-10-21 08:50:23.297 [info] Executing :w
2025-10-21 08:50:23.332 [info] /home/usainzg/.config/Code/User/settings.json closed
2025-10-21 08:50:23.350 [info] Configuration changed
2025-10-21 08:50:34.216 [info] /home/usainzg/Projects/glowish/deps.req closed
2025-10-21 08:50:34.217 [info] /home/usainzg/Projects/glowish/deps.req.git closed
