[2025-09-13 09:07:34.742] [info]  Failed to add libcertd.so: Error: Command failed: /usr/bin/modutil -add "FortiClient ZTNA" -dbdir sql:/home/usainzg/.pki/nssdb -libfile /opt/forticlient/libcertd.so -force
ERROR: Failed to add module "FortiClient ZTNA". Probable cause : "/opt/forticlient/libcertd.so: cannot open shared object file: No such file or directory".

[2025-09-13 09:07:37.227] [info]  Server init() port number is 
[2025-09-13 09:07:37.228] [info]  File does not exist.
[2025-09-13 09:07:37.228] [info]  Fail to retrieve port number from file.
[2025-09-13 09:07:38.231] [info]  Server init() port number is 
[2025-09-13 09:07:38.232] [info]  Fail to retrieve port number from file.
[2025-09-13 09:07:39.234] [info]  Server init() port number is 43385
[2025-09-13 09:07:39.235] [info]  Main process - Websocket open ws://127.0.0.1:43385/websocket
[2025-09-13 09:07:39.241] [info]  WindowManager handlePossibleProtocolLauncherArgs argv=["/opt/forticlient/gui/FortiClient"]
[2025-09-13 09:07:39.242] [info]  WindowManager handleCreateMainWindow
[2025-09-13 09:07:39.256] [info]  MAIN MainWindow - createWindow Platform detected: fedora
[2025-09-13 09:07:39.277] [info]  web-contents-created contents.id=1
[2025-09-13 09:07:39.285] [info]  Saml - init
[2025-09-13 09:07:39.285] [info]  Saml - listenSamlLoginRequest
[2025-09-13 09:07:39.286] [info]  Server init() port number is 43385
[2025-09-13 09:07:39.707] [info]  Renderer process - Websocket open ws://127.0.0.1:43385/websocket
[2025-09-13 09:07:39.708] [info]  compliance configDir=/home/usainzg/.config/FortiClient/config
[2025-09-13 09:07:39.713] [info]  MAIN did-finish-load
[2025-09-13 09:07:39.714] [info]  MAIN ready-to-show
[2025-09-13 09:07:40.605] [info]  IPC_RENDERER_REQUEST.LOADED
[2025-09-13 09:07:40.605] [info]  WindowManager handleWindowLoaded
[2025-09-13 09:07:41.106] [info]  WindowManager handlePossibleProtocolLauncherArgs argv=["/opt/forticlient/gui/FortiClient"]
[2025-09-13 09:07:41.107] [info]  WindowManager handleCreateMainWindow
[2025-09-13 09:08:37.629] [info]  IPC_RENDERER_REQUEST.UNLOCK_FORTICLIENT
[2025-09-13 09:08:58.162] [info]  WindowManager WindowManager - handleWindowClosed
[2025-09-13 09:08:58.163] [info]  WindowManager WindowManager - all windows are destroyed. quit the app.
[2025-09-24 07:57:32.345] [info]  Failed to add libcertd.so: Error: Command failed: /usr/bin/modutil -add "FortiClient ZTNA" -dbdir sql:/home/usainzg/.pki/nssdb -libfile /opt/forticlient/libcertd.so -force
ERROR: Failed to add module "FortiClient ZTNA". Probable cause : "/opt/forticlient/libcertd.so: cannot open shared object file: No such file or directory".

[2025-09-24 07:57:34.802] [info]  Server init() port number is 
[2025-09-24 07:57:34.802] [info]  File does not exist.
[2025-09-24 07:57:34.802] [info]  Fail to retrieve port number from file.
[2025-09-24 07:57:35.804] [info]  Server init() port number is 
[2025-09-24 07:57:35.805] [info]  Fail to retrieve port number from file.
[2025-09-24 07:57:36.807] [info]  Server init() port number is 40321
[2025-09-24 07:57:36.808] [info]  Main process - Websocket open ws://127.0.0.1:40321/websocket
[2025-09-24 07:57:36.810] [info]  WindowManager handlePossibleProtocolLauncherArgs argv=["/opt/forticlient/gui/FortiClient"]
[2025-09-24 07:57:36.811] [info]  WindowManager handleCreateMainWindow
[2025-09-24 07:57:36.821] [info]  MAIN MainWindow - createWindow Platform detected: fedora
[2025-09-24 07:57:36.831] [info]  web-contents-created contents.id=1
[2025-09-24 07:57:36.835] [info]  Saml - init
[2025-09-24 07:57:36.836] [info]  Saml - listenSamlLoginRequest
[2025-09-24 07:57:36.836] [info]  Server init() port number is 40321
[2025-09-24 07:57:37.078] [info]  Renderer process - Websocket open ws://127.0.0.1:40321/websocket
[2025-09-24 07:57:37.079] [info]  compliance configDir=/home/usainzg/.config/FortiClient/config
[2025-09-24 07:57:37.081] [info]  MAIN did-finish-load
[2025-09-24 07:57:37.082] [info]  MAIN ready-to-show
[2025-09-24 07:57:37.697] [info]  IPC_RENDERER_REQUEST.LOADED
[2025-09-24 07:57:37.697] [info]  WindowManager handleWindowLoaded
[2025-09-24 07:57:38.198] [info]  WindowManager handlePossibleProtocolLauncherArgs argv=["/opt/forticlient/gui/FortiClient"]
[2025-09-24 07:57:38.198] [info]  WindowManager handleCreateMainWindow
[2025-09-24 07:57:51.374] [debug] Receive websocket type=FCT_VPN_CONNECTING
[2025-09-24 07:57:51.374] [info]  VpnHandler UNHANDLED {"isTrusted":true}
[2025-09-24 07:57:51.757] [debug] Receive websocket type=FCT_VPN_XAUTH_RSA
[2025-09-24 07:58:09.458] [debug] Receive websocket type=FCT_VPN_XAUTH
[2025-09-24 07:58:09.458] [info]  VpnHandler UNHANDLED {"isTrusted":true}
[2025-09-24 07:58:13.247] [debug] Receive websocket type=FCT_VPN_CONNECTED
[2025-09-24 07:58:13.285] [info]  WindowManager WindowManager - handleWindowClosed
[2025-09-24 07:58:13.286] [info]  WindowManager WindowManager - all windows are destroyed. quit the app.
[2025-09-24 12:11:42.751] [info]  Failed to add libcertd.so: Error: Command failed: /usr/bin/modutil -add "FortiClient ZTNA" -dbdir sql:/home/usainzg/.pki/nssdb -libfile /opt/forticlient/libcertd.so -force
ERROR: Failed to add module "FortiClient ZTNA". Probable cause : "/opt/forticlient/libcertd.so: cannot open shared object file: No such file or directory".

[2025-09-24 12:11:42.854] [info]  Server init() port number is 
[2025-09-24 12:11:42.855] [info]  Fail to retrieve port number from file.
[2025-09-24 12:11:43.857] [info]  Server init() port number is 40321
[2025-09-24 12:11:43.857] [info]  Main process - Websocket open ws://127.0.0.1:40321/websocket
[2025-09-24 12:11:43.861] [info]  WindowManager handlePossibleProtocolLauncherArgs argv=["/opt/forticlient/gui/FortiClient"]
[2025-09-24 12:11:43.861] [info]  WindowManager handleCreateMainWindow
[2025-09-24 12:11:43.869] [info]  MAIN MainWindow - createWindow Platform detected: fedora
[2025-09-24 12:11:43.877] [info]  web-contents-created contents.id=1
[2025-09-24 12:11:43.882] [info]  Saml - init
[2025-09-24 12:11:43.882] [info]  Saml - listenSamlLoginRequest
[2025-09-24 12:11:43.882] [info]  Server init() port number is 40321
[2025-09-24 12:11:44.116] [info]  Renderer process - Websocket open ws://127.0.0.1:40321/websocket
[2025-09-24 12:11:44.117] [info]  compliance configDir=/home/usainzg/.config/FortiClient/config
[2025-09-24 12:11:44.119] [info]  MAIN did-finish-load
[2025-09-24 12:11:44.121] [info]  MAIN ready-to-show
[2025-09-24 12:11:44.701] [info]  IPC_RENDERER_REQUEST.LOADED
[2025-09-24 12:11:44.701] [info]  WindowManager handleWindowLoaded
[2025-09-24 12:11:45.202] [info]  WindowManager handlePossibleProtocolLauncherArgs argv=["/opt/forticlient/gui/FortiClient"]
[2025-09-24 12:11:45.203] [info]  WindowManager handleCreateMainWindow
[2025-09-24 12:11:56.451] [debug] Receive websocket type=FCT_VPN_CONNECTING
[2025-09-24 12:11:56.452] [info]  VpnHandler UNHANDLED {"isTrusted":true}
[2025-09-24 12:12:11.496] [debug] Receive websocket type=FCT_VPN_DISCONNECTED
[2025-09-24 12:12:26.071] [debug] Receive websocket type=FCT_VPN_CONNECTING
[2025-09-24 12:12:26.072] [info]  VpnHandler UNHANDLED {"isTrusted":true}
[2025-09-24 12:12:41.116] [debug] Receive websocket type=FCT_VPN_DISCONNECTED
[2025-09-24 12:12:53.156] [info]  WindowManager WindowManager - handleWindowClosed
[2025-09-24 12:12:53.157] [info]  WindowManager WindowManager - all windows are destroyed. quit the app.
[2025-09-24 12:12:55.489] [info]  Failed to add libcertd.so: Error: Command failed: /usr/bin/modutil -add "FortiClient ZTNA" -dbdir sql:/home/usainzg/.pki/nssdb -libfile /opt/forticlient/libcertd.so -force
ERROR: Failed to add module "FortiClient ZTNA". Probable cause : "/opt/forticlient/libcertd.so: cannot open shared object file: No such file or directory".

[2025-09-24 12:12:55.598] [info]  Server init() port number is 
[2025-09-24 12:12:55.599] [info]  Fail to retrieve port number from file.
[2025-09-24 12:12:56.601] [info]  Server init() port number is 40321
[2025-09-24 12:12:56.602] [info]  Main process - Websocket open ws://127.0.0.1:40321/websocket
[2025-09-24 12:12:56.604] [info]  WindowManager handlePossibleProtocolLauncherArgs argv=["/opt/forticlient/gui/FortiClient"]
[2025-09-24 12:12:56.605] [info]  WindowManager handleCreateMainWindow
[2025-09-24 12:12:56.613] [info]  MAIN MainWindow - createWindow Platform detected: fedora
[2025-09-24 12:12:56.622] [info]  web-contents-created contents.id=1
[2025-09-24 12:12:56.626] [info]  Saml - init
[2025-09-24 12:12:56.627] [info]  Saml - listenSamlLoginRequest
[2025-09-24 12:12:56.627] [info]  Server init() port number is 40321
[2025-09-24 12:12:56.875] [info]  Renderer process - Websocket open ws://127.0.0.1:40321/websocket
[2025-09-24 12:12:56.876] [info]  compliance configDir=/home/usainzg/.config/FortiClient/config
[2025-09-24 12:12:56.879] [info]  MAIN did-finish-load
[2025-09-24 12:12:56.879] [info]  MAIN ready-to-show
[2025-09-24 12:12:57.461] [info]  IPC_RENDERER_REQUEST.LOADED
[2025-09-24 12:12:57.461] [info]  WindowManager handleWindowLoaded
[2025-09-24 12:12:57.962] [info]  WindowManager handlePossibleProtocolLauncherArgs argv=["/opt/forticlient/gui/FortiClient"]
[2025-09-24 12:12:57.963] [info]  WindowManager handleCreateMainWindow
[2025-09-24 12:13:09.244] [debug] Receive websocket type=FCT_VPN_CONNECTING
[2025-09-24 12:13:09.244] [info]  VpnHandler UNHANDLED {"isTrusted":true}
[2025-09-24 12:13:24.332] [debug] Receive websocket type=FCT_VPN_DISCONNECTED
[2025-09-24 12:13:36.790] [info]  IPC_RENDERER_REQUEST.UNLOCK_FORTICLIENT
[2025-09-24 12:14:06.622] [info]  WindowManager WindowManager - handleWindowClosed
[2025-09-24 12:14:06.623] [info]  WindowManager WindowManager - all windows are destroyed. quit the app.
[2025-09-24 12:28:02.155] [info]  Failed to add libcertd.so: Error: Command failed: /usr/bin/modutil -add "FortiClient ZTNA" -dbdir sql:/home/usainzg/.pki/nssdb -libfile /opt/forticlient/libcertd.so -force
ERROR: Failed to add module "FortiClient ZTNA". Probable cause : "/opt/forticlient/libcertd.so: cannot open shared object file: No such file or directory".

[2025-09-24 12:28:04.344] [info]  Server init() port number is 
[2025-09-24 12:28:04.345] [info]  File does not exist.
[2025-09-24 12:28:04.345] [info]  Fail to retrieve port number from file.
[2025-09-24 12:28:05.347] [info]  Server init() port number is 
[2025-09-24 12:28:05.347] [info]  Fail to retrieve port number from file.
[2025-09-24 12:28:06.349] [info]  Server init() port number is 40929
[2025-09-24 12:28:06.350] [info]  Main process - Websocket open ws://127.0.0.1:40929/websocket
[2025-09-24 12:28:06.353] [info]  WindowManager handlePossibleProtocolLauncherArgs argv=["/opt/forticlient/gui/FortiClient"]
[2025-09-24 12:28:06.353] [info]  WindowManager handleCreateMainWindow
[2025-09-24 12:28:06.362] [info]  MAIN MainWindow - createWindow Platform detected: fedora
[2025-09-24 12:28:06.373] [info]  web-contents-created contents.id=1
[2025-09-24 12:28:06.378] [info]  Saml - init
[2025-09-24 12:28:06.378] [info]  Saml - listenSamlLoginRequest
[2025-09-24 12:28:06.379] [info]  Server init() port number is 40929
[2025-09-24 12:28:06.623] [info]  Renderer process - Websocket open ws://127.0.0.1:40929/websocket
[2025-09-24 12:28:06.624] [info]  compliance configDir=/home/usainzg/.config/FortiClient/config
[2025-09-24 12:28:06.626] [info]  MAIN did-finish-load
[2025-09-24 12:28:06.626] [info]  MAIN ready-to-show
[2025-09-24 12:28:07.254] [info]  IPC_RENDERER_REQUEST.LOADED
[2025-09-24 12:28:07.255] [info]  WindowManager handleWindowLoaded
[2025-09-24 12:28:07.756] [info]  WindowManager handlePossibleProtocolLauncherArgs argv=["/opt/forticlient/gui/FortiClient"]
[2025-09-24 12:28:07.757] [info]  WindowManager handleCreateMainWindow
[2025-09-24 13:42:50.987] [debug] Receive websocket type=FCT_VPN_CONNECTING
[2025-09-24 13:42:50.987] [info]  VpnHandler UNHANDLED {"isTrusted":true}
[2025-09-24 13:42:51.406] [debug] Receive websocket type=FCT_VPN_XAUTH_RSA
[2025-09-24 13:43:06.342] [debug] Receive websocket type=FCT_VPN_XAUTH
[2025-09-24 13:43:06.344] [info]  VpnHandler UNHANDLED {"isTrusted":true}
[2025-09-24 13:43:10.062] [debug] Receive websocket type=FCT_VPN_CONNECTED
[2025-09-24 13:43:10.106] [info]  WindowManager WindowManager - handleWindowClosed
[2025-09-24 13:43:10.106] [info]  WindowManager WindowManager - all windows are destroyed. quit the app.
[2025-09-24 17:10:07.986] [info]  Failed to add libcertd.so: Error: Command failed: /usr/bin/modutil -add "FortiClient ZTNA" -dbdir sql:/home/usainzg/.pki/nssdb -libfile /opt/forticlient/libcertd.so -force
ERROR: Failed to add module "FortiClient ZTNA". Probable cause : "/opt/forticlient/libcertd.so: cannot open shared object file: No such file or directory".

[2025-09-24 17:10:08.093] [info]  Server init() port number is 
[2025-09-24 17:10:08.093] [info]  Fail to retrieve port number from file.
[2025-09-24 17:10:09.095] [info]  Server init() port number is 40929
[2025-09-24 17:10:09.096] [info]  Main process - Websocket open ws://127.0.0.1:40929/websocket
[2025-09-24 17:10:09.099] [info]  WindowManager handlePossibleProtocolLauncherArgs argv=["/opt/forticlient/gui/FortiClient"]
[2025-09-24 17:10:09.099] [info]  WindowManager handleCreateMainWindow
[2025-09-24 17:10:09.107] [info]  MAIN MainWindow - createWindow Platform detected: fedora
[2025-09-24 17:10:09.115] [info]  web-contents-created contents.id=1
[2025-09-24 17:10:09.120] [info]  Saml - init
[2025-09-24 17:10:09.120] [info]  Saml - listenSamlLoginRequest
[2025-09-24 17:10:09.120] [info]  Server init() port number is 40929
[2025-09-24 17:10:09.357] [info]  Renderer process - Websocket open ws://127.0.0.1:40929/websocket
[2025-09-24 17:10:09.358] [info]  compliance configDir=/home/usainzg/.config/FortiClient/config
[2025-09-24 17:10:09.361] [info]  MAIN did-finish-load
[2025-09-24 17:10:09.361] [info]  MAIN ready-to-show
[2025-09-24 17:10:10.044] [info]  IPC_RENDERER_REQUEST.LOADED
[2025-09-24 17:10:10.044] [info]  WindowManager handleWindowLoaded
[2025-09-24 17:10:10.545] [info]  WindowManager handlePossibleProtocolLauncherArgs argv=["/opt/forticlient/gui/FortiClient"]
[2025-09-24 17:10:10.546] [info]  WindowManager handleCreateMainWindow
[2025-09-24 17:10:16.507] [info]  WindowManager WindowManager - handleWindowClosed
[2025-09-24 17:10:16.508] [info]  WindowManager WindowManager - all windows are destroyed. quit the app.
[2025-09-24 17:10:19.217] [info]  Failed to add libcertd.so: Error: Command failed: /usr/bin/modutil -add "FortiClient ZTNA" -dbdir sql:/home/usainzg/.pki/nssdb -libfile /opt/forticlient/libcertd.so -force
ERROR: Failed to add module "FortiClient ZTNA". Probable cause : "/opt/forticlient/libcertd.so: cannot open shared object file: No such file or directory".

[2025-09-24 17:10:19.317] [info]  Server init() port number is 
[2025-09-24 17:10:19.318] [info]  Fail to retrieve port number from file.
[2025-09-24 17:10:20.320] [info]  Server init() port number is 40929
[2025-09-24 17:10:20.321] [info]  Main process - Websocket open ws://127.0.0.1:40929/websocket
[2025-09-24 17:10:20.324] [info]  WindowManager handlePossibleProtocolLauncherArgs argv=["/opt/forticlient/gui/FortiClient"]
[2025-09-24 17:10:20.324] [info]  WindowManager handleCreateMainWindow
[2025-09-24 17:10:20.333] [info]  MAIN MainWindow - createWindow Platform detected: fedora
[2025-09-24 17:10:20.342] [info]  web-contents-created contents.id=1
[2025-09-24 17:10:20.346] [info]  Saml - init
[2025-09-24 17:10:20.346] [info]  Saml - listenSamlLoginRequest
[2025-09-24 17:10:20.347] [info]  Server init() port number is 40929
[2025-09-24 17:10:20.574] [info]  Renderer process - Websocket open ws://127.0.0.1:40929/websocket
[2025-09-24 17:10:20.575] [info]  compliance configDir=/home/usainzg/.config/FortiClient/config
[2025-09-24 17:10:20.578] [info]  MAIN did-finish-load
[2025-09-24 17:10:20.578] [info]  MAIN ready-to-show
[2025-09-24 17:10:21.242] [info]  IPC_RENDERER_REQUEST.LOADED
[2025-09-24 17:10:21.242] [info]  WindowManager handleWindowLoaded
[2025-09-24 17:10:21.743] [info]  WindowManager handlePossibleProtocolLauncherArgs argv=["/opt/forticlient/gui/FortiClient"]
[2025-09-24 17:10:21.743] [info]  WindowManager handleCreateMainWindow
[2025-09-24 17:51:59.351] [debug] Receive websocket type=FCT_VPN_DISCONNECTED
[2025-09-24 17:52:01.063] [info]  WindowManager WindowManager - handleWindowClosed
[2025-09-24 17:52:01.063] [info]  WindowManager WindowManager - all windows are destroyed. quit the app.
[2025-09-24 17:56:43.195] [info]  Failed to add libcertd.so: Error: Command failed: /usr/bin/modutil -add "FortiClient ZTNA" -dbdir sql:/home/usainzg/.pki/nssdb -libfile /opt/forticlient/libcertd.so -force
ERROR: Failed to add module "FortiClient ZTNA". Probable cause : "/opt/forticlient/libcertd.so: cannot open shared object file: No such file or directory".

[2025-09-24 17:56:43.303] [info]  Server init() port number is 
[2025-09-24 17:56:43.303] [info]  Fail to retrieve port number from file.
[2025-09-24 17:56:44.305] [info]  Server init() port number is 40929
[2025-09-24 17:56:44.306] [info]  Main process - Websocket open ws://127.0.0.1:40929/websocket
[2025-09-24 17:56:44.309] [info]  WindowManager handlePossibleProtocolLauncherArgs argv=["/opt/forticlient/gui/FortiClient"]
[2025-09-24 17:56:44.309] [info]  WindowManager handleCreateMainWindow
[2025-09-24 17:56:44.317] [info]  MAIN MainWindow - createWindow Platform detected: fedora
[2025-09-24 17:56:44.325] [info]  web-contents-created contents.id=1
[2025-09-24 17:56:44.329] [info]  Saml - init
[2025-09-24 17:56:44.330] [info]  Saml - listenSamlLoginRequest
[2025-09-24 17:56:44.330] [info]  Server init() port number is 40929
[2025-09-24 17:56:44.576] [info]  Renderer process - Websocket open ws://127.0.0.1:40929/websocket
[2025-09-24 17:56:44.577] [info]  compliance configDir=/home/usainzg/.config/FortiClient/config
[2025-09-24 17:56:44.579] [info]  MAIN did-finish-load
[2025-09-24 17:56:44.580] [info]  MAIN ready-to-show
[2025-09-24 17:56:45.338] [info]  IPC_RENDERER_REQUEST.LOADED
[2025-09-24 17:56:45.338] [info]  WindowManager handleWindowLoaded
[2025-09-24 17:56:45.839] [info]  WindowManager handlePossibleProtocolLauncherArgs argv=["/opt/forticlient/gui/FortiClient"]
[2025-09-24 17:56:45.840] [info]  WindowManager handleCreateMainWindow
[2025-09-24 17:56:46.699] [info]  WindowManager WindowManager - handleWindowClosed
[2025-09-24 17:56:46.699] [info]  WindowManager WindowManager - all windows are destroyed. quit the app.
