2025-07-31 20:00:45.803 [info] [main] Log level: Info
2025-07-31 20:00:45.803 [info] [main] Validating found git in: "git"
2025-07-31 20:00:45.803 [info] [main] Using git "2.50.1" from "git"
2025-07-31 20:00:45.803 [info] [Model][doInitialScan] Initial repository scan started
2025-07-31 20:00:45.803 [info] [Model][doInitialScan] Initial repository scan completed - repositories (0), closed repositories (0), parent repositories (0), unsafe repositories (0)
2025-07-31 20:00:57.009 [info] [main] Log level: Info
2025-07-31 20:00:57.009 [info] [main] Validating found git in: "git"
2025-07-31 20:00:57.009 [info] [main] Using git "2.50.1" from "git"
2025-07-31 20:00:57.009 [info] [Model][doInitialScan] Initial repository scan started
2025-07-31 20:00:57.009 [info] > git rev-parse --show-toplevel [7ms]
2025-07-31 20:00:57.018 [info] > git rev-parse --git-dir --git-common-dir [1ms]
2025-07-31 20:00:57.027 [info] [Model][openRepository] Opened repository (path): /home/usainzg/Projects/topoly-distmem
2025-07-31 20:00:57.027 [info] [Model][openRepository] Opened repository (real path): /home/usainzg/Projects/topoly-distmem
2025-07-31 20:00:57.045 [info] > git config --get commit.template [7ms]
2025-07-31 20:00:57.045 [info] > git rev-parse --show-toplevel [2ms]
2025-07-31 20:00:57.063 [info] > git for-each-ref --format=%(refname)%00%(upstream:short)%00%(objectname)%00%(upstream:track)%00%(upstream:remotename)%00%(upstream:remoteref) refs/heads/main refs/remotes/main [12ms]
2025-07-31 20:00:57.085 [warning] [Git][revParse] Unable to read file: ENOENT: no such file or directory, open '/home/usainzg/Projects/topoly-distmem/.git/refs/remotes/origin/main'
2025-07-31 20:00:57.089 [info] > git rev-parse --show-toplevel [27ms]
2025-07-31 20:00:57.105 [info] > git rev-parse refs/remotes/origin/main [20ms]
2025-07-31 20:00:57.118 [info] > git status -z -uall [8ms]
2025-07-31 20:00:57.119 [info] > git rev-parse --show-toplevel [16ms]
2025-07-31 20:00:57.128 [info] > git for-each-ref --sort -committerdate --format %(refname)%00%(objectname)%00%(*objectname) [11ms]
2025-07-31 20:00:57.158 [info] > git for-each-ref --format=%(refname)%00%(upstream:short)%00%(objectname)%00%(upstream:track)%00%(upstream:remotename)%00%(upstream:remoteref) refs/heads/main refs/remotes/main [13ms]
2025-07-31 20:00:57.165 [info] > git rev-parse --show-toplevel [38ms]
2025-07-31 20:00:57.172 [info] > git config --get --local branch.main.vscode-merge-base [6ms]
2025-07-31 20:00:57.172 [warning] [Git][config] git config failed: Failed to execute git
2025-07-31 20:00:57.176 [info] > git config --get commit.template [23ms]
2025-07-31 20:00:57.177 [info] > git rev-parse --show-toplevel [6ms]
2025-07-31 20:00:57.202 [info] > git reflog main --grep-reflog=branch: Created from *. [25ms]
2025-07-31 20:00:57.209 [info] > git symbolic-ref --short refs/remotes/origin/HEAD [3ms]
2025-07-31 20:00:57.213 [info] > git rev-parse --show-toplevel [12ms]
2025-07-31 20:00:57.213 [info] > git for-each-ref --format=%(refname)%00%(upstream:short)%00%(objectname)%00%(upstream:track)%00%(upstream:remotename)%00%(upstream:remoteref) refs/heads/main refs/remotes/main [17ms]
2025-07-31 20:00:57.222 [warning] [Git][revParse] Unable to read file: ENOENT: no such file or directory, open '/home/usainzg/Projects/topoly-distmem/.git/refs/remotes/origin/main'
2025-07-31 20:00:57.224 [info] > git rev-parse refs/remotes/origin/main [2ms]
2025-07-31 20:00:57.233 [info] > git rev-parse --show-toplevel [15ms]
2025-07-31 20:00:57.234 [info] [Model][doInitialScan] Initial repository scan completed - repositories (1), closed repositories (0), parent repositories (0), unsafe repositories (0)
2025-07-31 20:00:57.234 [info] > git for-each-ref --format=%(refname)%00%(upstream:short)%00%(objectname)%00%(upstream:track)%00%(upstream:remotename)%00%(upstream:remoteref) refs/heads/origin/main refs/remotes/origin/main [21ms]
2025-07-31 20:00:57.240 [info] > git status -z -uall [12ms]
2025-07-31 20:00:57.240 [info] > git for-each-ref --sort -committerdate --format %(refname)%00%(objectname)%00%(*objectname) [7ms]
2025-07-31 20:00:57.243 [info] > git config --add --local branch.main.vscode-merge-base origin/main [5ms]
2025-07-31 20:00:57.255 [info] > git config --get commit.template [5ms]
2025-07-31 20:00:57.255 [info] > git for-each-ref --format=%(refname)%00%(upstream:short)%00%(objectname)%00%(upstream:track)%00%(upstream:remotename)%00%(upstream:remoteref) refs/heads/main refs/remotes/main [1ms]
2025-07-31 20:00:57.259 [warning] [Git][revParse] Unable to read file: ENOENT: no such file or directory, open '/home/usainzg/Projects/topoly-distmem/.git/refs/remotes/origin/main'
2025-07-31 20:00:57.260 [info] > git rev-parse refs/remotes/origin/main [1ms]
2025-07-31 20:00:57.268 [info] > git status -z -uall [5ms]
2025-07-31 20:00:57.269 [info] > git for-each-ref --sort -committerdate --format %(refname)%00%(objectname)%00%(*objectname) [2ms]
2025-07-31 20:00:57.281 [info] > git merge-base refs/heads/main refs/remotes/origin/main [5ms]
2025-07-31 20:00:57.286 [info] > git diff --name-status -z --diff-filter=ADMR f1520f74cc265017f9e3c6c5667e86095d3a0611...refs/remotes/origin/main [1ms]
2025-07-31 20:00:57.287 [info] > git merge-base refs/heads/main refs/remotes/origin/main [7ms]
2025-07-31 20:00:57.293 [info] > git diff --name-status -z --diff-filter=ADMR f1520f74cc265017f9e3c6c5667e86095d3a0611...refs/remotes/origin/main [1ms]
2025-07-31 20:00:57.572 [info] > git check-ignore -v -z --stdin [2ms]
2025-07-31 20:00:57.778 [info] > git rev-parse --show-toplevel [1ms]
2025-07-31 20:00:58.332 [info] > git config --get commit.template [5ms]
2025-07-31 20:00:58.334 [info] > git for-each-ref --format=%(refname)%00%(upstream:short)%00%(objectname)%00%(upstream:track)%00%(upstream:remotename)%00%(upstream:remoteref) refs/heads/main refs/remotes/main [2ms]
2025-07-31 20:00:58.338 [warning] [Git][revParse] Unable to read file: ENOENT: no such file or directory, open '/home/usainzg/Projects/topoly-distmem/.git/refs/remotes/origin/main'
2025-07-31 20:00:58.338 [info] > git rev-parse refs/remotes/origin/main [0ms]
2025-07-31 20:00:58.347 [info] > git status -z -uall [5ms]
2025-07-31 20:00:58.348 [info] > git for-each-ref --sort -committerdate --format %(refname)%00%(objectname)%00%(*objectname) [1ms]
2025-07-31 20:00:58.858 [info] > git rev-parse --show-toplevel [1ms]
2025-07-31 20:01:14.078 [info] > git check-ignore -v -z --stdin [1ms]
2025-07-31 20:01:15.619 [info] > git check-ignore -v -z --stdin [2ms]
2025-07-31 20:01:16.556 [info] > git check-ignore -v -z --stdin [2ms]
2025-07-31 20:01:17.486 [info] > git show --textconv :lib/Transform/Affine/AffineDistributeToMPI.cpp [9ms]
2025-07-31 20:01:17.487 [info] > git ls-files --stage -- lib/Transform/Affine/AffineDistributeToMPI.cpp [2ms]
2025-07-31 20:01:17.493 [info] > git cat-file -s c5ea3a619c55e919d17127285fde5269e47dbe47 [1ms]
