2025-10-23 18:36:23.689 [info] [main] Log level: Info
2025-10-23 18:36:23.689 [info] [main] Validating found git in: "git"
2025-10-23 18:36:23.689 [info] [main] Using git "2.51.1" from "git"
2025-10-23 18:36:23.689 [info] [Model][doInitialScan] Initial repository scan started
2025-10-23 18:36:23.689 [info] > git rev-parse --show-toplevel [10ms]
2025-10-23 18:36:23.689 [info] > git rev-parse --git-dir --git-common-dir --show-superproject-working-tree [1ms]
2025-10-23 18:36:23.689 [info] [Model][openRepository] Opened repository (path): /home/usainzg/Projects/glowish
2025-10-23 18:36:23.689 [info] [Model][openRepository] Opened repository (real path): /home/usainzg/Projects/glowish
2025-10-23 18:36:23.689 [info] [Model][openRepository] Opened repository (kind): repository
2025-10-23 18:36:23.689 [info] > git rev-parse --show-toplevel [24ms]
2025-10-23 18:36:23.689 [info] > git config --get commit.template [27ms]
2025-10-23 18:36:23.689 [info] > git rev-parse --show-toplevel [15ms]
2025-10-23 18:36:23.695 [info] > git for-each-ref --format=%(refname)%00%(upstream:short)%00%(objectname)%00%(upstream:track)%00%(upstream:remotename)%00%(upstream:remoteref) refs/heads/main refs/remotes/main [1566ms]
2025-10-23 18:36:23.753 [info] > git check-ignore -v -z --stdin [52ms]
2025-10-23 18:36:23.753 [info] > git rev-parse --show-toplevel [59ms]
2025-10-23 18:36:23.807 [info] > git rev-parse --show-toplevel [44ms]
2025-10-23 18:36:23.943 [info] > git status -z -uall [119ms]
2025-10-23 18:36:23.943 [info] > git rev-parse --show-toplevel [16ms]
2025-10-23 18:36:23.943 [info] > git for-each-ref --sort -committerdate --format %(refname)%00%(objectname)%00%(*objectname) [114ms]
2025-10-23 18:36:24.145 [info] > git for-each-ref --format=%(refname)%00%(upstream:short)%00%(objectname)%00%(upstream:track)%00%(upstream:remotename)%00%(upstream:remoteref) refs/heads/main refs/remotes/main [188ms]
2025-10-23 18:36:24.157 [info] > git config --get --local branch.main.vscode-merge-base [5ms]
2025-10-23 18:36:24.164 [info] > git config --get commit.template [20ms]
2025-10-23 18:36:24.164 [info] > git rev-parse --show-toplevel [26ms]
2025-10-23 18:36:24.174 [info] > git for-each-ref --format=%(refname)%00%(upstream:short)%00%(objectname)%00%(upstream:track)%00%(upstream:remotename)%00%(upstream:remoteref) refs/heads/origin/main refs/remotes/origin/main [10ms]
2025-10-23 18:36:24.201 [info] > git merge-base refs/heads/main refs/remotes/origin/main [20ms]
2025-10-23 18:36:24.208 [info] > git rev-parse --show-toplevel [34ms]
2025-10-23 18:36:24.215 [info] > git diff --name-status -z --diff-filter=ADMR b97ad5169b889f88275326acbe82551b087ed357...refs/remotes/origin/main [8ms]
2025-10-23 18:36:24.216 [info] > git for-each-ref --format=%(refname)%00%(upstream:short)%00%(objectname)%00%(upstream:track)%00%(upstream:remotename)%00%(upstream:remoteref) refs/heads/main refs/remotes/main [16ms]
2025-10-23 18:36:24.217 [info] > git rev-parse --show-toplevel [3ms]
2025-10-23 18:36:24.218 [info] [Model][doInitialScan] Initial repository scan completed - repositories (1), closed repositories (0), parent repositories (0), unsafe repositories (0)
2025-10-23 18:36:24.232 [info] > git show --textconv :custom_strategies/GLow_strategy.py [8ms]
2025-10-23 18:36:24.232 [info] > git ls-files --stage -- custom_strategies/GLow_strategy.py [3ms]
2025-10-23 18:36:24.240 [info] > git cat-file -s 0801aee6677ff7eb6b08e307466907ef72436d8f [2ms]
2025-10-23 18:36:24.260 [info] > git status -z -uall [11ms]
2025-10-23 18:36:24.260 [info] > git for-each-ref --sort -committerdate --format %(refname)%00%(objectname)%00%(*objectname) [3ms]
2025-10-23 18:36:24.366 [info] > git blame --root --incremental b97ad5169b889f88275326acbe82551b087ed357 -- custom_strategies/GLow_strategy.py [17ms]
2025-10-23 18:37:01.969 [info] > git config --get commit.template [1ms]
2025-10-23 18:37:01.976 [info] > git for-each-ref --format=%(refname)%00%(upstream:short)%00%(objectname)%00%(upstream:track)%00%(upstream:remotename)%00%(upstream:remoteref) refs/heads/main refs/remotes/main [1ms]
2025-10-23 18:37:01.989 [info] > git status -z -uall [7ms]
2025-10-23 18:37:01.989 [info] > git for-each-ref --sort -committerdate --format %(refname)%00%(objectname)%00%(*objectname) [1ms]
2025-10-23 18:37:04.884 [info] > git check-ignore -v -z --stdin [1ms]
2025-10-23 18:37:07.003 [info] > git config --get commit.template [1ms]
2025-10-23 18:37:07.009 [info] > git for-each-ref --format=%(refname)%00%(upstream:short)%00%(objectname)%00%(upstream:track)%00%(upstream:remotename)%00%(upstream:remoteref) refs/heads/main refs/remotes/main [1ms]
2025-10-23 18:37:07.021 [info] > git status -z -uall [7ms]
2025-10-23 18:37:07.022 [info] > git for-each-ref --sort -committerdate --format %(refname)%00%(objectname)%00%(*objectname) [1ms]
2025-10-23 18:37:10.258 [info] > git show --textconv :deps.req [8ms]
2025-10-23 18:37:10.259 [info] > git ls-files --stage -- deps.req [2ms]
2025-10-23 18:37:10.268 [info] > git cat-file -s 8e04395d261d8bcec4c279a45f618cc5ad7aa7a8 [1ms]
2025-10-23 18:37:14.865 [info] > git show --textconv :custom_strategies/GLow_strategy.py [9ms]
2025-10-23 18:37:14.866 [info] > git ls-files --stage -- custom_strategies/GLow_strategy.py [2ms]
2025-10-23 18:37:14.875 [info] > git cat-file -s 0801aee6677ff7eb6b08e307466907ef72436d8f [1ms]
2025-10-23 18:37:15.185 [info] > git check-ignore -v -z --stdin [1ms]
2025-10-23 18:37:15.723 [info] > git config --get commit.template [6ms]
2025-10-23 18:37:15.723 [info] > git for-each-ref --format=%(refname)%00%(upstream:short)%00%(objectname)%00%(upstream:track)%00%(upstream:remotename)%00%(upstream:remoteref) refs/heads/main refs/remotes/main [1ms]
2025-10-23 18:37:15.740 [info] > git status -z -uall [9ms]
2025-10-23 18:37:15.741 [info] > git for-each-ref --sort -committerdate --format %(refname)%00%(objectname)%00%(*objectname) [1ms]
2025-10-23 18:37:17.411 [info] > git check-ignore -v -z --stdin [1ms]
2025-10-23 18:37:25.144 [info] > git config --get commit.template [1ms]
2025-10-23 18:37:25.151 [info] > git for-each-ref --format=%(refname)%00%(upstream:short)%00%(objectname)%00%(upstream:track)%00%(upstream:remotename)%00%(upstream:remoteref) refs/heads/main refs/remotes/main [1ms]
2025-10-23 18:37:25.165 [info] > git status -z -uall [8ms]
2025-10-23 18:37:25.165 [info] > git for-each-ref --sort -committerdate --format %(refname)%00%(objectname)%00%(*objectname) [1ms]
2025-10-23 18:40:08.635 [info] > git show --textconv :custom_strategies/GLow_strategy.py [9ms]
2025-10-23 18:40:08.636 [info] > git ls-files --stage -- custom_strategies/GLow_strategy.py [2ms]
2025-10-23 18:40:08.643 [info] > git cat-file -s 0801aee6677ff7eb6b08e307466907ef72436d8f [1ms]
2025-10-23 18:40:09.996 [info] > git show --textconv :hydra_main.py [8ms]
2025-10-23 18:40:09.997 [info] > git ls-files --stage -- hydra_main.py [1ms]
2025-10-23 18:40:10.006 [info] > git cat-file -s c037369f6648b79d4d0429325c3755b3e7ac1e1b [1ms]
2025-10-23 18:40:10.022 [info] > git blame --root --incremental b97ad5169b889f88275326acbe82551b087ed357 -- hydra_main.py [3ms]
2025-10-23 18:40:12.163 [info] > git check-ignore -v -z --stdin [1ms]
2025-10-23 18:46:54.950 [info] > git check-ignore -v -z --stdin [1ms]
2025-10-23 18:47:01.841 [info] > git show --textconv :GAME_THEORY_IMPLEMENTATION_SUMMARY.md [21ms]
2025-10-23 18:47:01.847 [info] > git ls-files --stage -- GAME_THEORY_IMPLEMENTATION_SUMMARY.md [7ms]
2025-10-23 18:47:01.897 [info] > git cat-file -s de29072abfaf09b4a67c2f122a7df3920203ab45 [41ms]
2025-10-23 19:02:09.361 [info] > git blame --root --incremental b97ad5169b889f88275326acbe82551b087ed357 -- GAME_THEORY_IMPLEMENTATION_SUMMARY.md [1ms]
2025-10-23 19:06:03.239 [info] > git show --textconv :demo_game_theory_scheduling.py [8ms]
2025-10-23 19:06:03.240 [info] > git ls-files --stage -- demo_game_theory_scheduling.py [2ms]
2025-10-23 19:06:03.247 [info] > git cat-file -s 12df767051f362f6146aa523e942df3efac671c0 [0ms]
2025-10-23 19:06:33.198 [info] > git config --get commit.template [8ms]
2025-10-23 19:06:33.198 [info] > git for-each-ref --format=%(refname)%00%(upstream:short)%00%(objectname)%00%(upstream:track)%00%(upstream:remotename)%00%(upstream:remoteref) refs/heads/main refs/remotes/main [1ms]
2025-10-23 19:06:33.212 [info] > git status -z -uall [6ms]
2025-10-23 19:06:33.213 [info] > git for-each-ref --sort -committerdate --format %(refname)%00%(objectname)%00%(*objectname) [1ms]
2025-10-23 19:06:45.552 [info] > git config --get commit.template [8ms]
2025-10-23 19:06:45.553 [info] > git for-each-ref --format=%(refname)%00%(upstream:short)%00%(objectname)%00%(upstream:track)%00%(upstream:remotename)%00%(upstream:remoteref) refs/heads/main refs/remotes/main [2ms]
2025-10-23 19:06:45.565 [info] > git status -z -uall [6ms]
2025-10-23 19:06:45.566 [info] > git for-each-ref --sort -committerdate --format %(refname)%00%(objectname)%00%(*objectname) [1ms]
2025-10-23 19:06:53.298 [info] > git config --get commit.template [7ms]
2025-10-23 19:06:53.298 [info] > git for-each-ref --format=%(refname)%00%(upstream:short)%00%(objectname)%00%(upstream:track)%00%(upstream:remotename)%00%(upstream:remoteref) refs/heads/main refs/remotes/main [1ms]
2025-10-23 19:06:53.311 [info] > git status -z -uall [7ms]
2025-10-23 19:06:53.311 [info] > git for-each-ref --sort -committerdate --format %(refname)%00%(objectname)%00%(*objectname) [1ms]
2025-10-23 19:07:36.900 [info] > git blame --root --incremental b97ad5169b889f88275326acbe82551b087ed357 -- demo_game_theory_scheduling.py [2ms]
2025-10-23 19:07:39.035 [info] > git show --textconv :topology_metrics.py [6ms]
2025-10-23 19:07:39.036 [info] > git ls-files --stage -- topology_metrics.py [1ms]
2025-10-23 19:07:39.043 [info] > git cat-file -s f8de03d50c159e95de48cf36981a926437e3c3e7 [1ms]
2025-10-23 19:07:39.068 [info] > git blame --root --incremental b97ad5169b889f88275326acbe82551b087ed357 -- topology_metrics.py [3ms]
2025-10-23 19:08:46.343 [info] > git show --textconv :test_topology_scheduling.py [7ms]
2025-10-23 19:08:46.344 [info] > git ls-files --stage -- test_topology_scheduling.py [1ms]
2025-10-23 19:08:46.351 [info] > git cat-file -s 0ebfd9366afde87d98b877f3ea093472fa201163 [0ms]
2025-10-23 19:08:49.660 [info] > git show --textconv :demo_topology_metrics.py [7ms]
2025-10-23 19:08:49.660 [info] > git ls-files --stage -- demo_topology_metrics.py [1ms]
2025-10-23 19:08:49.668 [info] > git cat-file -s 93de511fe9f74f83b36b46bf4046de4bd6563d7d [1ms]
2025-10-23 19:08:56.401 [info] > git blame --root --incremental b97ad5169b889f88275326acbe82551b087ed357 -- demo_topology_metrics.py [3ms]
2025-10-23 19:08:57.757 [info] > git show --textconv :topology_metrics.py [8ms]
2025-10-23 19:08:57.758 [info] > git ls-files --stage -- topology_metrics.py [2ms]
2025-10-23 19:08:57.766 [info] > git cat-file -s f8de03d50c159e95de48cf36981a926437e3c3e7 [1ms]
2025-10-23 19:09:19.650 [info] > git show --textconv :demo_topology_metrics.py [8ms]
2025-10-23 19:09:19.651 [info] > git ls-files --stage -- demo_topology_metrics.py [1ms]
2025-10-23 19:09:19.659 [info] > git cat-file -s 93de511fe9f74f83b36b46bf4046de4bd6563d7d [2ms]
2025-10-23 19:09:21.275 [info] > git show --textconv :demo_game_theory_scheduling.py [7ms]
2025-10-23 19:09:21.276 [info] > git ls-files --stage -- demo_game_theory_scheduling.py [2ms]
2025-10-23 19:09:21.284 [info] > git cat-file -s 12df767051f362f6146aa523e942df3efac671c0 [0ms]
2025-10-23 19:09:23.719 [info] > git show --textconv :DECENTRALIZED_SCHEDULING_SUMMARY.md [7ms]
2025-10-23 19:09:23.720 [info] > git ls-files --stage -- DECENTRALIZED_SCHEDULING_SUMMARY.md [2ms]
2025-10-23 19:09:23.728 [info] > git cat-file -s 81158c512973fa42a12e332cd764a919433152f2 [1ms]
2025-10-23 19:09:30.550 [info] > git check-ignore -v -z --stdin [1ms]
2025-10-23 19:09:31.751 [info] > git check-ignore -v -z --stdin [1ms]
2025-10-23 19:09:39.037 [info] > git show --textconv :generate_topology_cli.py [8ms]
2025-10-23 19:09:39.038 [info] > git ls-files --stage -- generate_topology_cli.py [2ms]
2025-10-23 19:09:39.045 [info] > git cat-file -s 04448e51e7b9f0adab5cee533d4f02af16cd437d [1ms]
2025-10-23 19:09:42.669 [info] > git show --textconv :example_topology_usage.py [7ms]
2025-10-23 19:09:42.669 [info] > git ls-files --stage -- example_topology_usage.py [1ms]
2025-10-23 19:09:42.678 [info] > git cat-file -s 3140da903c154ec58e82ea29235830e830c1ff5f [1ms]
2025-10-23 19:10:11.088 [info] > git config --get commit.template [1ms]
2025-10-23 19:10:11.096 [info] > git for-each-ref --format=%(refname)%00%(upstream:short)%00%(objectname)%00%(upstream:track)%00%(upstream:remotename)%00%(upstream:remoteref) refs/heads/main refs/remotes/main [1ms]
2025-10-23 19:10:11.108 [info] > git status -z -uall [6ms]
2025-10-23 19:10:11.109 [info] > git for-each-ref --sort -committerdate --format %(refname)%00%(objectname)%00%(*objectname) [2ms]
2025-10-23 19:10:35.286 [info] > git blame --root --incremental b97ad5169b889f88275326acbe82551b087ed357 -- example_topology_usage.py [1ms]
2025-10-23 19:10:45.346 [info] > git show --textconv :GAME_THEORY_USAGE_EXAMPLES.md [8ms]
2025-10-23 19:10:45.347 [info] > git ls-files --stage -- GAME_THEORY_USAGE_EXAMPLES.md [1ms]
2025-10-23 19:10:45.355 [info] > git cat-file -s 211d9028e7dd52b444146ad50df8ed4ae2ea3f52 [1ms]
2025-10-23 19:10:52.130 [info] > git show --textconv :GAME_THEORY_HEAD_SELECTION.md [8ms]
2025-10-23 19:10:52.131 [info] > git ls-files --stage -- GAME_THEORY_HEAD_SELECTION.md [2ms]
2025-10-23 19:10:52.138 [info] > git cat-file -s b3d824a4b15902160669aaac91ebdef39c0813af [1ms]
2025-10-23 19:10:52.155 [info] > git blame --root --incremental b97ad5169b889f88275326acbe82551b087ed357 -- GAME_THEORY_HEAD_SELECTION.md [1ms]
2025-10-23 19:11:26.204 [info] > git show --textconv :test_scheduling.py [8ms]
2025-10-23 19:11:26.205 [info] > git ls-files --stage -- test_scheduling.py [1ms]
2025-10-23 19:11:26.213 [info] > git cat-file -s accf3b2c3f4b689d2cc26f5484f674587a306d8c [2ms]
2025-10-23 19:11:41.682 [info] > git show --textconv :custom_strategies/GLow_strategy.py [8ms]
2025-10-23 19:11:41.682 [info] > git ls-files --stage -- custom_strategies/GLow_strategy.py [1ms]
2025-10-23 19:11:41.689 [info] > git cat-file -s 0801aee6677ff7eb6b08e307466907ef72436d8f [1ms]
2025-10-23 19:13:24.892 [info] > git show --textconv :flwr_lib_modifications/aggregate.py [9ms]
2025-10-23 19:13:24.892 [info] > git ls-files --stage -- flwr_lib_modifications/aggregate.py [1ms]
2025-10-23 19:13:24.902 [info] > git cat-file -s efe2d3f68a2d25bb01e565b3ac539dfc767ba59e [1ms]
2025-10-23 19:13:58.948 [info] > git show --textconv :flwr_lib_modifications/aggregate.py [8ms]
2025-10-23 19:13:58.949 [info] > git ls-files --stage -- flwr_lib_modifications/aggregate.py [1ms]
2025-10-23 19:13:58.956 [info] > git cat-file -s efe2d3f68a2d25bb01e565b3ac539dfc767ba59e [1ms]
2025-10-23 19:14:04.029 [info] > git check-ignore -v -z --stdin [1ms]
2025-10-23 19:14:08.770 [info] > git check-ignore -v -z --stdin [1ms]
2025-10-23 19:14:10.095 [info] > git check-ignore -v -z --stdin [1ms]
2025-10-23 19:14:11.696 [info] > git check-ignore -v -z --stdin [3ms]
2025-10-23 19:14:12.460 [info] > git check-ignore -v -z --stdin [1ms]
2025-10-23 19:14:22.924 [info] > git check-ignore -v -z --stdin [1ms]
2025-10-23 19:14:24.918 [info] > git check-ignore -v -z --stdin [2ms]
2025-10-23 19:14:27.077 [info] > git check-ignore -v -z --stdin [0ms]
2025-10-23 19:14:28.701 [info] > git check-ignore -v -z --stdin [1ms]
2025-10-23 19:14:38.625 [info] > git check-ignore -v -z --stdin [1ms]
2025-10-23 19:14:41.195 [info] > git show --textconv :.venv/lib/python3.11/site-packages/flwr/server/strategy/aggregate.py [7ms]
2025-10-23 19:14:41.204 [info] > git ls-files --stage -- .venv/lib/python3.11/site-packages/flwr/server/strategy/aggregate.py [10ms]
2025-10-23 19:14:41.211 [info] > git hash-object -t tree /dev/null [8ms]
2025-10-23 19:14:41.211 [warning] [GitFileSystemProvider][readFile] File not found - git:/home/usainzg/Projects/glowish/.venv/lib/python3.11/site-packages/flwr/server/strategy/aggregate.py.git?%7B%22path%22%3A%22%2Fhome%2Fusainzg%2FProjects%2Fglowish%2F.venv%2Flib%2Fpython3.11%2Fsite-packages%2Fflwr%2Fserver%2Fstrategy%2Faggregate.py%22%2C%22ref%22%3A%22%22%7D
2025-10-23 19:14:41.214 [info] > git hash-object -t tree /dev/null [4ms]
2025-10-23 19:14:41.214 [warning] [GitFileSystemProvider][stat] File not found - git:/home/usainzg/Projects/glowish/.venv/lib/python3.11/site-packages/flwr/server/strategy/aggregate.py.git?%7B%22path%22%3A%22%2Fhome%2Fusainzg%2FProjects%2Fglowish%2F.venv%2Flib%2Fpython3.11%2Fsite-packages%2Fflwr%2Fserver%2Fstrategy%2Faggregate.py%22%2C%22ref%22%3A%22%22%7D
2025-10-23 19:14:41.520 [info] > git check-ignore -v -z --stdin [1ms]
2025-10-23 19:14:43.943 [info] > git show --textconv :flwr_lib_modifications/aggregate.py [8ms]
2025-10-23 19:14:43.944 [info] > git ls-files --stage -- flwr_lib_modifications/aggregate.py [2ms]
2025-10-23 19:14:43.952 [info] > git cat-file -s efe2d3f68a2d25bb01e565b3ac539dfc767ba59e [1ms]
2025-10-23 19:14:44.269 [info] > git check-ignore -v -z --stdin [1ms]
2025-10-23 19:15:01.509 [info] > git check-ignore -v -z --stdin [1ms]
2025-10-23 19:15:25.900 [info] > git config --get commit.template [1ms]
2025-10-23 19:15:25.908 [info] > git for-each-ref --format=%(refname)%00%(upstream:short)%00%(objectname)%00%(upstream:track)%00%(upstream:remotename)%00%(upstream:remoteref) refs/heads/main refs/remotes/main [1ms]
2025-10-23 19:15:25.922 [info] > git status -z -uall [7ms]
2025-10-23 19:15:25.923 [info] > git for-each-ref --sort -committerdate --format %(refname)%00%(objectname)%00%(*objectname) [2ms]
2025-10-23 19:21:04.031 [info] > git show --textconv :test_topology_logic.py [8ms]
2025-10-23 19:21:04.031 [info] > git ls-files --stage -- test_topology_logic.py [1ms]
2025-10-23 19:21:04.039 [info] > git cat-file -s c3ec090e5e1d25aed5eacb0a4429ea90449b0039 [1ms]
2025-10-23 19:21:42.833 [info] > git show --textconv :test_topology_generator.py [9ms]
2025-10-23 19:21:42.834 [info] > git ls-files --stage -- test_topology_generator.py [1ms]
2025-10-23 19:21:42.841 [info] > git cat-file -s e33d4bff1434a4538efc50b57fe504c8b262f1fb [1ms]
2025-10-23 19:22:49.095 [info] > git show --textconv :SCHEDULING_POLICIES.md [9ms]
2025-10-23 19:22:49.096 [info] > git ls-files --stage -- SCHEDULING_POLICIES.md [1ms]
2025-10-23 19:22:49.103 [info] > git cat-file -s 6c91081bd0c9e24f72796b7fcccabcc2261fe3d4 [1ms]
2025-10-23 19:22:49.121 [info] > git blame --root --incremental b97ad5169b889f88275326acbe82551b087ed357 -- SCHEDULING_POLICIES.md [2ms]
2025-10-23 19:25:53.899 [info] > git show --textconv :topology_generator.py [9ms]
2025-10-23 19:25:53.900 [info] > git ls-files --stage -- topology_generator.py [1ms]
2025-10-23 19:25:53.906 [info] > git cat-file -s f3387bbcaa9033f167501ac56e3278e02a2ca106 [1ms]
2025-10-23 19:26:03.808 [info] > git blame --root --incremental b97ad5169b889f88275326acbe82551b087ed357 -- topology_generator.py [1ms]
2025-10-23 19:26:16.631 [info] > git check-ignore -v -z --stdin [0ms]
2025-10-23 19:26:18.703 [info] > git check-ignore -v -z --stdin [1ms]
2025-10-23 19:26:41.097 [info] > git show --textconv :server.py [7ms]
2025-10-23 19:26:41.097 [info] > git ls-files --stage -- server.py [1ms]
2025-10-23 19:26:41.106 [info] > git cat-file -s 0fcb4e2b6d5ec3ee66fff61eb385bf8007f81638 [0ms]
2025-10-23 19:26:47.964 [info] > git show --textconv :QUICKSTART_TOPOLOGY.md [8ms]
2025-10-23 19:26:47.965 [info] > git ls-files --stage -- QUICKSTART_TOPOLOGY.md [1ms]
2025-10-23 19:26:47.972 [info] > git cat-file -s 700ceebaa7572ddcf722518c79aac29c941852f5 [1ms]
2025-10-23 19:26:47.985 [info] > git blame --root --incremental b97ad5169b889f88275326acbe82551b087ed357 -- QUICKSTART_TOPOLOGY.md [1ms]
